(x0,y0,x1,y1,x2,y2,obs)
0:(2,1,0,0,1,0,0)
1:(1,2,1,0,1,1,4)
2:(1,0,1,0,2,2,5)
3:(2,0,1,0,0,1,1)
4:(1,1,1,1,0,0,5)
5:(2,2,2,1,0,0,4)
6:(0,0,2,2,1,1,0)
7:(1,2,2,0,1,0,0)
8:(2,0,2,0,0,0,5)
9:(1,1,2,1,1,0,11)
10:(0,1,2,1,0,1,5)
11:(0,2,2,2,2,0,0)
12:(2,2,0,0,1,2,1)
13:(2,1,2,0,0,1,4)
14:(1,2,2,2,0,2,6)
15:(2,0,2,2,0,0,0)
16:(0,0,0,1,2,2,3)
17:(0,1,1,0,0,1,5)
18:(0,2,1,0,0,0,0)
19:(0,0,2,0,0,1,3)
20:(1,0,0,0,0,2,1)
21:(0,1,2,0,0,0,4)
22:(1,1,0,0,1,2,3)
23:(0,2,1,2,2,2,2)
24:(0,0,1,2,0,0,5)
25:(1,2,0,2,2,0,1)
26:(1,0,1,1,1,1,3)
27:(0,1,1,1,1,1,2)
28:(2,0,0,2,1,2,0)
29:(1,1,1,0,2,2,4)
30:(0,2,1,2,0,2,12)
31:(2,2,1,1,0,2,0)
32:(0,0,2,1,1,1,0)
33:(2,1,0,2,2,1,5)
34:(1,2,1,0,2,1,0)
35:(2,0,1,1,1,2,0)
36:(1,1,2,2,0,1,1)
37:(0,2,2,2,0,1,4)
38:(2,2,0,1,1,0,0)
39:(2,1,1,1,2,2,7)
40:(2,0,2,1,1,1,3)
41:(2,2,0,2,0,0,0)
42:(2,1,2,1,2,1,5)
43:(0,1,0,2,1,0,3)
44:(0,2,0,2,0,0,5)
45:(0,0,0,1,1,2,3)
46:(1,0,0,1,0,2,0)
47:(0,1,0,1,2,0,5)
48:(1,1,0,1,1,0,8)
49:(0,2,0,1,1,0,4)
50:(0,0,1,1,0,0,5)
51:(1,2,0,0,0,1,0)
52:(1,0,0,1,2,2,0)
53:(0,1,1,0,2,0,0)
54:(2,0,0,1,1,2,0)
55:(1,1,1,1,2,0,5)
56:(0,2,1,1,0,2,5)
57:(2,2,1,2,0,0,1)
58:(2,1,0,1,2,0,4)
59:(1,2,1,1,2,1,4)
60:(1,0,2,0,0,1,2)
61:(2,0,1,0,1,2,1)
62:(1,1,1,2,1,0,13)
63:(0,2,2,1,0,1,4)
64:(2,2,1,2,2,0,1)
65:(2,1,1,1,0,1,1)
66:(1,2,1,2,2,2,12)
67:(2,0,2,0,1,1,5)
68:(1,0,2,1,1,2,0)
69:(2,2,0,2,2,1,4)
70:(1,2,2,1,2,1,0)
71:(0,0,0,0,1,2,5)
72:(2,1,0,2,0,0,0)
73:(0,1,0,0,0,0,4)
74:(2,2,2,1,2,0,4)
75:(1,1,0,1,0,2,1)
76:(0,2,0,0,2,1,0)
77:(0,0,2,0,1,2,0)
78:(1,2,0,1,0,1,0)
79:(1,0,0,2,1,1,3)
80:(0,1,2,0,1,1,2)
81:(2,0,0,0,0,1,0)
82:(1,1,0,1,2,2,1)
83:(0,2,1,0,2,0,0)
84:(2,1,0,0,1,1,1)
85:(1,2,0,2,0,2,1)
86:(1,0,2,0,2,0,2)
87:(2,0,1,0,0,0,1)
88:(1,1,2,1,0,0,2)
89:(2,2,2,0,1,1,0)
90:(2,1,1,0,2,1,5)
91:(2,1,1,0,1,1,1)
92:(1,2,2,0,2,2,2)
93:(2,0,2,0,2,1,14)
94:(1,0,2,2,1,2,0)
95:(1,1,2,1,2,0,2)
96:(0,1,2,2,1,2,0)
97:(2,2,0,0,0,0,0)
98:(2,1,2,0,0,2,4)
99:(1,2,2,2,2,1,2)
100:(0,0,1,0,0,1,10)
101:(2,1,2,1,1,2,5)
102:(0,1,0,2,2,1,3)
103:(2,2,2,2,1,1,5)
104:(0,2,1,0,1,0,0)
105:(0,0,1,2,1,2,0)
106:(1,0,1,0,1,1,14)
107:(0,1,1,2,2,0,0)
108:(1,1,0,2,2,0,0)
109:(0,2,2,0,0,2,5)
110:(0,0,1,1,1,1,0)
111:(1,2,1,0,0,2,1)
112:(1,0,1,1,0,1,3)
113:(2,0,0,2,0,0,0)
114:(1,1,1,1,0,2,5)
115:(2,2,1,0,2,0,0)
116:(0,0,2,2,2,0,0)
117:(1,2,1,1,1,0,4)
118:(2,0,1,2,2,1,3)
119:(1,1,2,2,1,1,5)
120:(0,1,2,1,2,1,0)
121:(0,2,2,2,1,1,0)
122:(2,2,0,0,2,1,4)
123:(2,1,1,2,1,1,1)
124:(1,2,2,2,0,0,2)
125:(2,0,2,2,2,0,5)
126:(0,0,0,2,0,1,3)
127:(0,1,0,2,0,0,13)
128:(0,2,0,2,2,1,5)
129:(0,0,0,1,0,0,14)
130:(2,1,0,1,2,1,5)
131:(1,0,0,0,1,1,7)
132:(0,1,1,2,2,1,0)
133:(1,1,0,0,2,1,2)
134:(0,2,1,2,2,0,2)
135:(0,0,1,2,0,2,0)
136:(1,2,0,0,2,0,0)
137:(1,0,1,1,2,0,10)
138:(0,1,1,2,0,1,5)
139:(2,0,0,2,1,0,1)
140:(1,1,1,2,0,0,3)
141:(0,2,1,2,0,0,2)
142:(2,2,1,1,1,1,0)
143:(0,0,2,1,2,0,0)
144:(1,2,1,0,1,2,5)
145:(1,0,1,2,1,0,5)
146:(2,0,1,2,0,2,0)
147:(1,1,2,2,1,0,4)
148:(0,2,2,1,2,2,0)
149:(2,2,0,1,1,2,1)
150:(2,1,1,2,0,1,0)
151:(2,1,1,0,0,2,0)
152:(2,0,2,1,0,2,3)
153:(1,0,2,1,0,2,0)
154:(2,2,0,2,0,2,0)
155:(0,2,0,1,2,1,4)
156:(0,0,0,0,0,0,5)
157:(2,1,2,2,0,2,3)
158:(1,0,0,1,1,1,3)
159:(0,1,0,1,1,1,12)
160:(2,2,2,1,0,1,4)
161:(1,1,0,1,1,2,7)
162:(0,2,0,1,0,1,4)
163:(0,0,1,1,0,2,0)
164:(1,2,0,1,2,0,0)
165:(1,0,0,2,0,1,0)
166:(0,1,1,1,1,0,2)
167:(2,0,0,1,1,0,1)
168:(1,1,0,2,0,2,0)
169:(0,2,1,1,0,0,0)
170:(2,2,1,2,0,2,1)
171:(2,1,0,1,0,0,0)
172:(1,2,1,1,1,2,15)
173:(1,0,2,0,1,0,12)
174:(2,0,1,1,0,2,0)
175:(1,1,1,2,1,2,3)
176:(0,1,2,2,2,2,0)
177:(2,2,1,2,2,2,9)
178:(2,1,1,1,1,0,1)
179:(1,2,1,2,2,0,5)
180:(2,1,0,0,1,2,0)
181:(2,0,2,0,0,2,5)
182:(1,0,2,1,2,1,0)
183:(0,1,2,2,0,2,3)
184:(2,2,1,0,0,0,0)
185:(2,1,2,0,2,1,15)
186:(1,2,2,1,1,2,5)
187:(0,0,0,0,2,1,5)
188:(0,1,0,0,2,0,4)
189:(2,2,2,1,2,2,15)
190:(0,2,0,0,1,2,2)
191:(0,0,2,0,2,1,0)
192:(2,1,0,2,1,1,1)
193:(1,2,0,0,2,2,2)
194:(1,0,0,2,2,0,2)
195:(0,1,2,0,0,2,3)
196:(2,0,0,0,2,1,3)
197:(1,1,0,2,0,1,1)
198:(0,2,2,1,0,0,0)
199:(2,1,0,0,2,0,4)
200:(1,2,0,2,0,0,1)
201:(1,0,2,0,2,2,2)
202:(2,0,0,2,2,1,3)
203:(1,1,2,0,1,0,4)
204:(2,2,2,0,2,0,0)
205:(0,0,2,2,0,1,3)
206:(1,2,2,0,2,0,0)
207:(2,0,1,2,2,0,5)
208:(1,0,2,2,2,1,0)
209:(1,1,2,1,2,2,2)
210:(0,1,2,1,1,1,2)
211:(2,2,0,0,0,2,0)
212:(2,1,2,0,1,1,8)
213:(1,2,2,2,1,2,12)
214:(0,0,1,0,1,0,2)
215:(0,1,1,0,1,1,2)
216:(2,2,2,2,2,0,5)
217:(0,2,1,0,0,1,4)
218:(0,0,1,2,2,1,0)
219:(2,1,2,2,0,0,3)
220:(1,0,0,0,0,1,1)
221:(0,1,1,2,1,1,2)
222:(1,1,0,2,2,2,0)
223:(0,2,2,0,0,0,0)
224:(0,0,1,1,2,0,0)
225:(1,2,1,0,0,0,0)
226:(1,0,1,1,1,0,14)
227:(0,1,1,1,2,1,2)
228:(2,0,0,1,2,1,3)
229:(1,1,1,0,1,2,13)
230:(0,2,2,2,2,2,0)
231:(2,2,1,0,2,2,5)
232:(0,0,2,1,0,1,3)
233:(1,2,1,1,0,1,4)
234:(2,0,1,1,2,0,5)
235:(1,1,2,2,2,0,0)
236:(0,1,2,1,1,2,0)
237:(0,2,2,2,0,2,5)
238:(2,2,0,1,0,0,0)
239:(2,1,1,2,2,0,4)
240:(2,0,2,2,1,1,0)
241:(0,0,0,2,1,0,2)
242:(1,2,2,2,2,2,2)
243:(0,1,0,1,2,1,5)
244:(0,2,0,2,1,2,12)
245:(0,0,0,1,0,2,3)
246:(1,0,0,0,2,0,6)
247:(0,1,0,1,0,1,5)
248:(1,1,0,0,0,1,1)
249:(0,2,1,2,1,1,2)
250:(0,0,1,0,2,0,2)
251:(2,1,0,2,0,2,0)
252:(1,2,0,0,1,1,4)
253:(1,0,1,1,2,2,3)
254:(0,1,1,1,2,2,2)
255:(2,0,0,1,0,2,0)
256:(1,1,1,2,0,2,3)
257:(0,2,1,1,2,1,0)
258:(2,2,1,1,2,0,0)
259:(0,0,2,1,2,2,0)
260:(1,2,1,2,0,1,5)
261:(1,0,1,2,1,2,0)
262:(2,0,1,2,0,0,0)
263:(1,1,1,2,2,2,3)
264:(2,1,2,2,1,2,3)
265:(0,2,2,1,2,0,0)
266:(2,2,1,2,1,0,1)
267:(2,1,1,1,1,1,1)
268:(2,0,2,1,2,2,3)
269:(1,0,2,1,1,1,3)
270:(2,2,0,2,1,1,0)
271:(0,0,0,0,0,2,5)
272:(1,0,0,1,2,0,2)
273:(0,1,0,0,1,0,4)
274:(2,2,2,1,1,0,4)
275:(1,1,0,0,2,2,0)
276:(0,2,0,0,2,2,0)
277:(0,0,2,0,0,2,0)
278:(1,2,0,1,1,1,4)
279:(1,0,0,2,1,0,5)
280:(0,1,1,1,0,1,12)
281:(2,0,0,0,0,2,0)
282:(1,1,0,2,1,1,5)
283:(0,2,1,0,2,1,0)
284:(2,1,0,1,0,2,0)
285:(1,2,0,2,1,2,9)
286:(1,0,2,0,1,2,2)
287:(2,0,1,1,0,0,0)
288:(1,1,2,0,2,0,0)
289:(2,2,2,0,0,1,0)
290:(2,1,1,0,2,0,4)
291:(1,2,1,2,1,1,15)
292:(2,0,2,0,2,2,5)
293:(1,0,2,2,0,0,1)
294:(0,1,2,2,0,0,4)
295:(2,2,1,0,0,2,0)
296:(2,1,2,1,0,0,5)
297:(1,2,2,1,1,0,0)
298:(2,0,2,2,2,2,0)
299:(0,0,0,2,2,1,0)
300:(0,1,0,0,1,1,11)
301:(2,2,2,2,0,1,5)
302:(0,2,0,0,1,0,0)
303:(0,0,2,1,0,0,5)
304:(1,0,0,2,2,2,0)
305:(0,1,2,0,2,2,0)
306:(2,0,0,0,1,2,0)
307:(1,1,1,0,0,2,4)
308:(0,2,2,0,2,1,0)
309:(2,1,0,0,0,0,0)
310:(2,1,0,2,2,2,3)
311:(1,2,0,1,2,1,0)
312:(1,0,1,0,1,2,5)
313:(2,0,1,0,1,1,1)
314:(1,1,2,0,1,2,3)
315:(2,2,2,0,2,2,5)
316:(0,0,2,2,1,0,2)
317:(1,2,2,0,1,1,4)
318:(2,0,1,2,1,1,0)
319:(1,1,2,1,0,2,2)
320:(0,1,2,1,0,2,3)
321:(2,2,0,0,1,1,0)
322:(2,1,1,2,2,1,5)
323:(1,2,2,2,1,0,2)
324:(2,0,2,2,1,0,1)
325:(0,0,0,1,2,1,3)
326:(0,1,1,0,0,2,3)
327:(2,1,2,1,1,1,9)
328:(0,2,0,2,2,2,5)
329:(0,0,2,0,0,0,5)
330:(1,0,0,0,1,0,9)
331:(2,1,2,2,2,0,13)
332:(0,1,2,0,0,1,5)
333:(1,1,0,0,1,1,5)
334:(0,2,1,2,2,1,2)
335:(0,0,1,1,2,2,0)
336:(1,2,0,2,2,1,1)
337:(1,0,1,1,1,2,3)
338:(0,1,1,1,1,2,2)
339:(2,0,0,2,1,1,0)
340:(1,1,1,0,2,1,11)
341:(0,2,1,2,0,1,11)
342:(2,2,1,1,0,1,0)
343:(0,0,2,1,1,0,2)
344:(1,2,1,0,2,2,2)
345:(2,0,1,1,1,1,0)
346:(1,1,2,2,0,0,0)
347:(0,2,2,2,0,0,0)
348:(2,2,0,1,0,2,0)
349:(2,1,1,2,0,0,0)
350:(2,0,2,1,1,0,7)
351:(2,2,0,1,2,2,5)
352:(0,0,0,2,1,2,0)
353:(0,1,0,2,1,1,10)
354:(0,2,0,2,1,0,5)
355:(0,0,0,1,1,1,3)
356:(1,0,0,0,2,2,1)
357:(0,1,0,0,2,2,4)
358:(1,1,0,0,1,0,4)
359:(0,2,0,1,2,0,4)
360:(0,0,1,0,2,2,2)
361:(1,2,0,0,0,2,1)
362:(1,0,1,2,0,1,0)
363:(0,1,1,0,2,1,0)
364:(2,0,0,1,0,0,0)
365:(1,1,1,1,1,2,14)
366:(0,2,1,1,1,2,2)
367:(2,2,1,1,2,2,5)
368:(2,1,0,1,1,0,0)
369:(2,1,0,2,2,0,4)
370:(1,2,1,1,2,2,11)
371:(1,0,1,2,2,1,0)
372:(2,0,1,0,2,2,1)
373:(1,1,2,0,0,1,1)
374:(0,2,2,1,1,1,0)
375:(2,2,1,2,1,2,1)
376:(2,1,1,1,2,0,8)
377:(1,2,2,0,0,0,0)
378:(2,0,2,1,2,0,14)
379:(1,0,2,1,2,0,2)
380:(2,2,0,2,2,0,0)
381:(1,2,2,1,2,2,2)
382:(0,0,0,0,1,1,5)
383:(0,1,0,0,0,1,15)
384:(2,2,2,1,1,2,8)
385:(1,1,0,1,0,1,1)
386:(0,2,0,0,2,0,0)
387:(0,0,2,0,1,1,0)
388:(1,2,0,1,0,2,1)
389:(1,0,0,2,1,2,0)
390:(0,1,2,0,1,2,0)
391:(2,0,0,0,0,0,0)
392:(1,1,0,1,2,1,6)
393:(0,2,1,0,1,2,2)
394:(0,0,2,2,2,2,0)
395:(1,2,0,2,1,0,1)
396:(1,0,2,0,2,1,2)
397:(2,0,0,2,2,2,0)
398:(1,1,2,0,2,2,0)
399:(2,2,2,0,1,0,0)
400:(2,1,1,0,2,2,3)
401:(1,2,2,1,0,0,0)
402:(2,1,2,2,2,2,3)
403:(2,0,2,0,2,0,5)
404:(1,0,2,2,0,2,0)
405:(1,1,2,1,1,2,10)
406:(0,1,2,2,2,0,0)
407:(2,2,1,0,1,1,0)
408:(2,1,2,0,1,0,4)
409:(1,2,2,1,0,1,0)
410:(1,0,2,2,2,2,0)
411:(0,0,1,0,0,0,12)
412:(0,1,0,2,2,2,3)
413:(2,2,2,2,1,0,5)
414:(0,2,0,0,0,1,4)
415:(0,0,1,2,1,1,0)
416:(1,0,1,0,0,1,5)
417:(0,1,2,0,2,0,0)
418:(1,1,1,0,1,1,15)
419:(0,2,2,0,1,2,2)
420:(2,1,0,0,0,2,0)
421:(1,2,1,0,1,0,0)
422:(1,0,1,0,2,1,5)
423:(2,0,1,0,0,2,1)
424:(1,1,1,1,0,1,9)
425:(2,2,1,0,1,2,1)
426:(0,0,2,2,1,2,0)
427:(2,1,1,0,1,0,0)
428:(1,2,2,0,0,2,1)
429:(2,0,2,0,0,1,5)
430:(1,1,2,1,1,1,12)
431:(0,1,2,1,2,2,0)
432:(0,2,2,2,2,1,0)
433:(2,2,0,0,2,0,0)
434:(2,1,2,0,0,0,4)
435:(1,2,2,2,0,1,2)
436:(2,0,2,2,0,1,0)
437:(0,0,0,2,0,0,5)
438:(2,1,2,1,2,2,14)
439:(0,1,0,2,0,1,14)
440:(0,2,0,2,2,0,5)
441:(0,0,0,0,2,2,5)
442:(1,0,0,0,1,2,1)
443:(0,1,1,2,2,2,0)
444:(1,1,0,0,2,0,0)
445:(0,2,1,2,1,2,2)
446:(0,0,1,2,0,1,3)
447:(1,2,0,0,2,1,0)
448:(1,0,1,1,2,1,3)
449:(0,1,1,2,0,2,3)
450:(2,0,0,2,0,2,0)
451:(1,1,1,1,2,2,5)
452:(0,2,1,1,2,2,0)
453:(2,2,1,1,1,0,0)
454:(0,0,2,1,1,2,0)
455:(1,2,1,0,2,0,0)
456:(1,0,1,2,1,1,3)
457:(2,0,1,2,0,1,0)
458:(1,1,2,2,0,2,0)
459:(0,2,2,1,2,1,0)
460:(2,2,0,1,1,1,0)
461:(2,1,1,2,0,2,0)
462:(2,0,2,1,0,1,3)
463:(1,1,2,2,2,2,0)
464:(2,2,0,2,0,1,0)
465:(2,1,2,1,0,1,5)
466:(2,1,2,2,2,1,14)
467:(0,1,0,2,0,2,3)
468:(0,2,0,2,0,1,15)
469:(0,0,0,1,2,0,3)
470:(2,1,0,2,0,1,0)
471:(1,0,0,1,0,1,0)
472:(0,1,0,1,1,2,5)
473:(1,1,0,1,1,1,9)
474:(0,2,0,1,1,1,4)
475:(0,0,1,1,0,1,3)
476:(1,2,0,0,0,0,0)
477:(1,0,0,1,2,1,0)
478:(0,1,1,0,1,2,0)
479:(2,0,0,1,2,0,5)
480:(1,1,1,1,2,1,12)
481:(0,2,1,1,1,0,0)
482:(2,2,1,2,0,1,1)
483:(2,1,0,1,1,2,0)
484:(1,2,1,1,2,0,4)
485:(1,0,2,0,0,0,6)
486:(2,0,1,0,2,0,9)
487:(1,1,1,2,1,1,14)
488:(0,2,2,1,0,2,5)
489:(2,2,1,2,2,1,8)
490:(2,1,1,1,0,0,1)
491:(2,1,1,0,0,1,0)
492:(1,2,1,2,2,1,5)
493:(2,0,2,0,1,2,5)
494:(1,0,2,1,2,2,0)
495:(0,1,2,2,1,0,0)
496:(2,2,0,2,2,2,5)
497:(1,2,2,1,2,0,0)
498:(0,0,0,0,2,0,5)
499:(2,1,2,1,2,0,15)
500:(0,1,0,0,2,1,4)
501:(2,2,2,1,2,1,4)
502:(0,2,0,0,1,1,0)
503:(0,0,2,0,2,0,0)
504:(1,2,0,1,0,0,0)
505:(1,0,0,2,2,1,0)
506:(0,1,2,0,1,0,0)
507:(2,0,0,0,2,0,5)
508:(1,1,0,2,0,0,0)
509:(0,2,2,0,2,2,0)
510:(2,1,0,0,2,1,5)
511:(1,2,0,2,0,1,1)
512:(1,0,2,1,0,0,1)
513:(2,0,0,2,2,0,5)
514:(1,1,2,0,0,2,0)
515:(2,2,2,0,1,2,1)
516:(0,0,2,2,0,0,5)
517:(1,2,2,0,2,1,0)
518:(2,0,1,2,1,2,0)
519:(1,0,2,2,1,1,3)
520:(1,1,2,1,2,1,2)
521:(0,1,2,2,1,1,2)
522:(2,2,0,0,0,1,0)
523:(2,1,2,0,1,2,4)
524:(1,2,2,2,2,0,2)
525:(0,0,1,0,0,2,2)
526:(0,1,0,2,2,0,3)
527:(2,2,2,2,1,2,9)
528:(0,2,1,0,1,1,0)
529:(0,0,1,2,2,0,0)
530:(2,1,0,1,2,2,3)
531:(1,0,1,0,1,0,5)
532:(0,1,1,2,1,2,0)
533:(1,1,0,2,2,1,2)
534:(0,2,2,0,1,0,0)
535:(0,0,1,1,1,2,0)
536:(1,2,1,0,0,1,0)
537:(1,0,1,1,0,0,7)
538:(2,0,0,2,0,1,0)
539:(1,1,1,1,1,0,15)
540:(2,2,1,0,2,1,4)
541:(0,0,2,2,2,1,0)
542:(1,2,1,1,0,2,8)
543:(2,0,1,2,2,2,0)
544:(1,1,2,2,1,2,3)
545:(0,1,2,1,2,0,0)
546:(0,2,2,2,1,2,2)
547:(2,2,0,0,2,2,5)
548:(2,1,1,2,1,0,0)
549:(2,0,2,2,2,1,3)
550:(0,0,0,2,0,2,0)
551:(0,1,0,1,2,2,5)
552:(0,2,0,2,1,1,5)
553:(0,0,0,1,0,1,3)
554:(2,1,2,2,1,0,3)
555:(1,0,0,0,2,1,1)
556:(0,1,0,1,0,2,14)
557:(1,1,0,0,0,0,0)
558:(0,2,1,2,1,0,2)
559:(0,0,1,0,1,2,2)
560:(1,2,0,0,1,2,5)
561:(1,0,1,2,0,0,1)
562:(0,1,1,2,0,0,4)
563:(2,0,0,1,0,1,0)
564:(1,1,1,2,0,1,7)
565:(0,2,1,1,2,0,0)
566:(2,2,1,1,1,2,1)
567:(0,0,2,1,2,1,0)
568:(1,2,1,2,0,2,9)
569:(1,0,1,2,2,0,2)
570:(2,0,1,1,2,2,0)
571:(1,1,1,2,2,1,10)
572:(0,2,2,1,1,2,2)
573:(2,2,0,1,2,0,0)
574:(2,1,1,1,1,2,1)
575:(2,0,2,1,2,1,3)
576:(1,0,2,1,0,1,0)
577:(2,2,0,2,1,0,0)
578:(0,2,0,1,2,2,4)
579:(0,0,0,0,0,1,14)
580:(1,0,0,1,1,0,5)
581:(0,1,0,1,1,0,5)
582:(2,2,2,1,0,2,4)
583:(1,1,0,1,2,0,1)
584:(0,2,0,1,0,2,15)
585:(0,0,1,1,1,0,2)
586:(2,1,0,2,1,2,0)
587:(1,2,0,1,1,2,5)
588:(1,0,0,2,0,0,1)
589:(0,1,1,1,0,2,10)
590:(2,0,0,1,1,1,0)
591:(1,1,0,2,1,0,4)
592:(0,2,1,1,0,1,4)
593:(2,1,0,0,2,2,3)
594:(1,2,1,1,1,1,4)
595:(1,0,2,0,0,2,2)
596:(2,0,1,1,1,0,1)
597:(1,1,1,2,2,0,3)
598:(2,1,2,1,0,2,5)
599:(2,2,2,0,0,0,0)
600:(2,1,1,1,0,2,1)
601:(1,2,1,2,1,2,5)
602:(2,1,2,2,1,1,7)
603:(2,0,2,0,1,0,9)
604:(1,0,2,2,0,1,0)
605:(0,1,2,2,0,1,5)
606:(2,2,1,0,0,1,0)
607:(2,1,2,0,2,0,4)
608:(1,2,2,1,1,1,4)
609:(0,0,0,2,2,0,0)
610:(0,1,0,0,1,2,4)
611:(2,2,2,2,0,0,5)
612:(0,2,0,0,0,2,5)
613:(0,0,2,0,2,2,0)
614:(2,1,2,2,0,1,3)
615:(1,0,1,0,0,0,9)
616:(0,1,2,1,0,0,4)
617:(2,0,0,0,1,1,0)
618:(1,1,1,0,0,1,8)
619:(0,2,2,0,2,0,0)
620:(2,1,0,0,0,1,0)
621:(1,2,0,1,2,2,2)
622:(1,0,1,0,2,0,12)
623:(2,0,1,0,1,0,1)
624:(1,1,2,0,1,1,5)
625:(2,2,2,0,2,1,4)
626:(0,0,2,2,0,2,0)
627:(1,2,2,0,1,2,5)
628:(2,0,1,2,1,0,1)
629:(1,0,2,2,2,0,2)
630:(1,1,2,1,0,1,6)
631:(0,1,2,1,1,0,0)
632:(2,2,0,0,1,0,0)
633:(2,1,1,2,2,2,3)
634:(1,2,2,2,1,1,11)
635:(2,0,2,2,0,2,0)
636:(0,0,1,0,1,1,2)
637:(0,1,1,0,1,0,0)
638:(2,2,2,2,2,1,15)
639:(0,2,1,0,0,2,5)
640:(0,0,1,2,2,2,0)
641:(1,0,0,0,0,0,1)
642:(0,1,1,2,1,0,0)
643:(1,1,1,0,0,0,4)
644:(0,2,2,0,0,1,4)
645:(0,0,1,1,2,1,0)
646:(2,1,0,2,1,0,0)
647:(1,2,0,2,2,2,6)
648:(1,0,1,1,0,2,3)
649:(0,1,1,1,2,0,2)
650:(2,0,0,1,2,2,0)
651:(1,1,1,0,2,0,4)
652:(2,2,1,1,0,0,0)
653:(0,0,2,1,0,2,0)
654:(1,2,1,1,0,0,4)
655:(2,0,1,1,2,1,3)
656:(1,1,2,2,2,1,2)
657:(0,2,2,2,1,0,0)
658:(2,2,0,1,0,1,0)
659:(2,1,1,2,1,2,0)
660:(2,1,2,1,1,0,5)
661:(2,0,2,2,1,2,0)
662:(2,2,0,1,2,1,4)
663:(0,0,0,2,1,1,0)
664:(0,1,0,2,1,2,3)
665:(0,2,0,2,0,2,5)
666:(0,0,0,1,1,0,10)
667:(1,0,0,1,0,0,1)
668:(0,1,0,1,0,0,15)
669:(1,1,0,0,0,2,0)
670:(0,2,0,1,1,2,11)
671:(0,0,1,0,2,1,2)
672:(1,2,0,0,1,0,0)
673:(1,0,1,2,0,2,0)
674:(0,1,1,0,2,2,0)
675:(2,0,0,0,2,2,0)
676:(1,1,1,1,1,1,5)
677:(0,2,1,1,1,1,0)
678:(2,2,1,1,2,1,4)
679:(2,1,0,1,1,1,1)
680:(1,2,1,2,0,0,5)
681:(1,0,1,2,2,2,0)
682:(2,0,1,0,2,1,7)
683:(1,1,2,0,0,0,0)
684:(0,2,2,1,1,0,0)
685:(2,2,1,2,1,1,1)
686:(2,1,1,1,2,1,9)
687:(1,2,2,0,0,1,0)
688:(2,0,2,1,1,2,3)
689:(1,0,2,1,1,0,5)
690:(2,2,0,2,1,2,1)
691:(0,0,0,0,1,0,12)
692:(1,0,0,1,1,2,0)
693:(0,1,0,0,0,2,13)
694:(2,2,2,1,1,1,4)
695:(1,1,0,1,0,0,1)
696:(0,2,0,1,0,0,4)
697:(0,0,2,0,1,0,2)
698:(1,2,0,1,1,0,0)
699:(1,0,0,2,0,2,0)
700:(0,1,1,1,0,0,11)
701:(2,0,0,0,1,0,1)
702:(1,1,0,2,1,2,3)
703:(0,2,1,0,2,2,0)
704:(2,1,0,1,0,1,0)
705:(2,1,1,0,0,0,0)
706:(1,2,0,2,1,1,8)
707:(1,0,2,0,1,1,10)
708:(2,0,1,1,0,1,0)
709:(1,1,2,0,2,1,2)
710:(2,2,2,0,0,2,0)
711:(2,1,1,0,1,2,0)
712:(1,2,1,2,1,0,5)
713:(2,0,2,1,0,0,3)
714:(1,0,2,2,1,0,5)
715:(0,1,2,2,2,1,0)
716:(2,2,1,0,1,0,0)
717:(2,1,2,0,2,2,13)
718:(1,2,2,1,0,2,1)
719:(0,0,0,2,2,2,0)
720:(0,1,1,0,0,0,4)
721:(2,2,2,2,0,2,5)
722:(0,2,0,0,0,0,0)
723:(0,0,1,2,1,0,2)
724:(1,0,1,0,0,2,5)
725:(0,1,2,0,2,1,0)
726:(2,2,2,2,2,2,5)
727:(1,1,1,0,1,0,4)
728:(0,2,2,0,1,1,0)
