(x0,y0,x1,y1,x2,y2,obs)
0:(2,1,0,0,1,0,1)
1:(1,2,1,0,1,1,0)
2:(1,0,1,0,2,2,1)
3:(2,0,1,0,0,1,1)
4:(1,1,1,1,0,0,1)
5:(2,2,2,1,0,0,1)
6:(0,0,2,2,1,1,1)
7:(1,2,2,0,1,0,1)
8:(2,0,2,0,0,0,1)
9:(1,1,2,1,1,0,0)
10:(0,1,2,1,0,1,0)
11:(0,2,2,2,2,0,1)
12:(2,2,0,0,1,2,0)
13:(2,1,2,0,0,1,1)
14:(1,2,2,2,0,2,0)
15:(2,0,2,2,0,0,1)
16:(0,0,0,1,2,2,1)
17:(0,1,1,0,0,1,0)
18:(0,2,1,0,0,0,1)
19:(0,0,2,0,0,1,0)
20:(1,0,0,0,0,2,1)
21:(0,1,2,0,0,0,0)
22:(1,1,0,0,1,2,0)
23:(0,2,1,2,2,2,1)
24:(0,0,1,2,0,0,0)
25:(1,2,0,2,2,0,1)
26:(1,0,1,1,1,1,0)
27:(0,1,1,1,1,1,0)
28:(2,0,0,2,1,2,1)
29:(1,1,1,0,2,2,1)
30:(0,2,1,2,0,2,0)
31:(2,2,1,1,0,2,1)
32:(0,0,2,1,1,1,1)
33:(2,1,0,2,2,1,0)
34:(1,2,1,0,2,1,1)
35:(2,0,1,1,1,2,1)
36:(1,1,2,2,0,1,0)
37:(0,2,2,2,0,1,0)
38:(2,2,0,1,1,0,1)
39:(2,1,1,1,2,2,0)
40:(2,0,2,1,1,1,1)
41:(2,2,0,2,0,0,1)
42:(2,1,2,1,2,1,0)
43:(0,1,0,2,1,0,1)
44:(0,2,0,2,0,0,1)
45:(0,0,0,1,1,2,1)
46:(1,0,0,1,0,2,1)
47:(0,1,0,1,2,0,1)
48:(1,1,0,1,1,0,0)
49:(0,2,0,1,1,0,1)
50:(0,0,1,1,0,0,0)
51:(1,2,0,0,0,1,1)
52:(1,0,0,1,2,2,1)
53:(0,1,1,0,2,0,1)
54:(2,0,0,1,1,2,1)
55:(1,1,1,1,2,0,1)
56:(0,2,1,1,0,2,0)
57:(2,2,1,2,0,0,1)
58:(2,1,0,1,2,0,0)
59:(1,2,1,1,2,1,1)
60:(1,0,2,0,0,1,1)
61:(2,0,1,0,1,2,1)
62:(1,1,1,2,1,0,0)
63:(0,2,2,1,0,1,0)
64:(2,2,1,2,2,0,1)
65:(2,1,1,1,0,1,1)
66:(1,2,1,2,2,2,0)
67:(2,0,2,0,1,1,1)
68:(1,0,2,1,1,2,1)
69:(2,2,0,2,2,1,0)
70:(1,2,2,1,2,1,1)
71:(0,0,0,0,1,2,1)
72:(2,1,0,2,0,0,1)
73:(0,1,0,0,0,0,0)
74:(2,2,2,1,2,0,1)
75:(1,1,0,1,0,2,1)
76:(0,2,0,0,2,1,1)
77:(0,0,2,0,1,2,1)
78:(1,2,0,1,0,1,1)
79:(1,0,0,2,1,1,0)
80:(0,1,2,0,1,1,0)
81:(2,0,0,0,0,1,1)
82:(1,1,0,1,2,2,1)
83:(0,2,1,0,2,0,1)
84:(2,1,0,0,1,1,0)
85:(1,2,0,2,0,2,0)
86:(1,0,2,0,2,0,0)
87:(2,0,1,0,0,0,1)
88:(1,1,2,1,0,0,1)
89:(2,2,2,0,1,1,1)
90:(2,1,1,0,2,1,0)
91:(2,1,1,0,1,1,0)
92:(1,2,2,0,2,2,0)
93:(2,0,2,0,2,1,0)
94:(1,0,2,2,1,2,1)
95:(1,1,2,1,2,0,1)
96:(0,1,2,2,1,2,1)
97:(2,2,0,0,0,0,1)
98:(2,1,2,0,0,2,1)
99:(1,2,2,2,2,1,1)
100:(0,0,1,0,0,1,0)
101:(2,1,2,1,1,2,1)
102:(0,1,0,2,2,1,1)
103:(2,2,2,2,1,1,1)
104:(0,2,1,0,1,0,1)
105:(0,0,1,2,1,2,1)
106:(1,0,1,0,1,1,0)
107:(0,1,1,2,2,0,1)
108:(1,1,0,2,2,0,1)
109:(0,2,2,0,0,2,0)
110:(0,0,1,1,1,1,1)
111:(1,2,1,0,0,2,0)
112:(1,0,1,1,0,1,1)
113:(2,0,0,2,0,0,1)
114:(1,1,1,1,0,2,1)
115:(2,2,1,0,2,0,1)
116:(0,0,2,2,2,0,1)
117:(1,2,1,1,1,0,1)
118:(2,0,1,2,2,1,0)
119:(1,1,2,2,1,1,0)
120:(0,1,2,1,2,1,1)
121:(0,2,2,2,1,1,1)
122:(2,2,0,0,2,1,0)
123:(2,1,1,2,1,1,0)
124:(1,2,2,2,0,0,1)
125:(2,0,2,2,2,0,0)
126:(0,0,0,2,0,1,0)
127:(0,1,0,2,0,0,0)
128:(0,2,0,2,2,1,1)
129:(0,0,0,1,0,0,0)
130:(2,1,0,1,2,1,0)
131:(1,0,0,0,1,1,0)
132:(0,1,1,2,2,1,1)
133:(1,1,0,0,2,1,0)
134:(0,2,1,2,2,0,1)
135:(0,0,1,2,0,2,1)
136:(1,2,0,0,2,0,1)
137:(1,0,1,1,2,0,0)
138:(0,1,1,2,0,1,0)
139:(2,0,0,2,1,0,0)
140:(1,1,1,2,0,0,1)
141:(0,2,1,2,0,0,1)
142:(2,2,1,1,1,1,1)
143:(0,0,2,1,2,0,1)
144:(1,2,1,0,1,2,0)
145:(1,0,1,2,1,0,0)
146:(2,0,1,2,0,2,1)
147:(1,1,2,2,1,0,0)
148:(0,2,2,1,2,2,1)
149:(2,2,0,1,1,2,0)
150:(2,1,1,2,0,1,1)
151:(2,1,1,0,0,2,1)
152:(2,0,2,1,0,2,1)
153:(1,0,2,1,0,2,1)
154:(2,2,0,2,0,2,1)
155:(0,2,0,1,2,1,1)
156:(0,0,0,0,0,0,0)
157:(2,1,2,2,0,2,1)
158:(1,0,0,1,1,1,0)
159:(0,1,0,1,1,1,0)
160:(2,2,2,1,0,1,1)
161:(1,1,0,1,1,2,0)
162:(0,2,0,1,0,1,0)
163:(0,0,1,1,0,2,1)
164:(1,2,0,1,2,0,1)
165:(1,0,0,2,0,1,1)
166:(0,1,1,1,1,0,1)
167:(2,0,0,1,1,0,0)
168:(1,1,0,2,0,2,1)
169:(0,2,1,1,0,0,1)
170:(2,2,1,2,0,2,1)
171:(2,1,0,1,0,0,1)
172:(1,2,1,1,1,2,0)
173:(1,0,2,0,1,0,0)
174:(2,0,1,1,0,2,1)
175:(1,1,1,2,1,2,0)
176:(0,1,2,2,2,2,1)
177:(2,2,1,2,2,2,0)
178:(2,1,1,1,1,0,1)
179:(1,2,1,2,2,0,1)
180:(2,1,0,0,1,2,1)
181:(2,0,2,0,0,2,1)
182:(1,0,2,1,2,1,1)
183:(0,1,2,2,0,2,0)
184:(2,2,1,0,0,0,1)
185:(2,1,2,0,2,1,0)
186:(1,2,2,1,1,2,0)
187:(0,0,0,0,2,1,1)
188:(0,1,0,0,2,0,1)
189:(2,2,2,1,2,2,0)
190:(0,2,0,0,1,2,0)
191:(0,0,2,0,2,1,1)
192:(2,1,0,2,1,1,0)
193:(1,2,0,0,2,2,0)
194:(1,0,0,2,2,0,0)
195:(0,1,2,0,0,2,0)
196:(2,0,0,0,2,1,0)
197:(1,1,0,2,0,1,0)
198:(0,2,2,1,0,0,1)
199:(2,1,0,0,2,0,0)
200:(1,2,0,2,0,0,1)
201:(1,0,2,0,2,2,1)
202:(2,0,0,2,2,1,0)
203:(1,1,2,0,1,0,0)
204:(2,2,2,0,2,0,1)
205:(0,0,2,2,0,1,0)
206:(1,2,2,0,2,0,1)
207:(2,0,1,2,2,0,0)
208:(1,0,2,2,2,1,1)
209:(1,1,2,1,2,2,1)
210:(0,1,2,1,1,1,0)
211:(2,2,0,0,0,2,1)
212:(2,1,2,0,1,1,0)
213:(1,2,2,2,1,2,0)
214:(0,0,1,0,1,0,0)
215:(0,1,1,0,1,1,0)
216:(2,2,2,2,2,0,1)
217:(0,2,1,0,0,1,0)
218:(0,0,1,2,2,1,1)
219:(2,1,2,2,0,0,1)
220:(1,0,0,0,0,1,1)
221:(0,1,1,2,1,1,0)
222:(1,1,0,2,2,2,1)
223:(0,2,2,0,0,0,1)
224:(0,0,1,1,2,0,1)
225:(1,2,1,0,0,0,1)
226:(1,0,1,1,1,0,0)
227:(0,1,1,1,2,1,1)
228:(2,0,0,1,2,1,0)
229:(1,1,1,0,1,2,0)
230:(0,2,2,2,2,2,1)
231:(2,2,1,0,2,2,0)
232:(0,0,2,1,0,1,0)
233:(1,2,1,1,0,1,1)
234:(2,0,1,1,2,0,0)
235:(1,1,2,2,2,0,1)
236:(0,1,2,1,1,2,1)
237:(0,2,2,2,0,2,0)
238:(2,2,0,1,0,0,1)
239:(2,1,1,2,2,0,0)
240:(2,0,2,2,1,1,1)
241:(0,0,0,2,1,0,0)
242:(1,2,2,2,2,2,0)
243:(0,1,0,1,2,1,1)
244:(0,2,0,2,1,2,0)
245:(0,0,0,1,0,2,1)
246:(1,0,0,0,2,0,0)
247:(0,1,0,1,0,1,0)
248:(1,1,0,0,0,1,0)
249:(0,2,1,2,1,1,1)
250:(0,0,1,0,2,0,1)
251:(2,1,0,2,0,2,1)
252:(1,2,0,0,1,1,0)
253:(1,0,1,1,2,2,1)
254:(0,1,1,1,2,2,1)
255:(2,0,0,1,0,2,1)
256:(1,1,1,2,0,2,1)
257:(0,2,1,1,2,1,1)
258:(2,2,1,1,2,0,1)
259:(0,0,2,1,2,2,1)
260:(1,2,1,2,0,1,1)
261:(1,0,1,2,1,2,1)
262:(2,0,1,2,0,0,1)
263:(1,1,1,2,2,2,1)
264:(2,1,2,2,1,2,1)
265:(0,2,2,1,2,0,1)
266:(2,2,1,2,1,0,1)
267:(2,1,1,1,1,1,0)
268:(2,0,2,1,2,2,1)
269:(1,0,2,1,1,1,0)
270:(2,2,0,2,1,1,1)
271:(0,0,0,0,0,2,1)
272:(1,0,0,1,2,0,0)
273:(0,1,0,0,1,0,1)
274:(2,2,2,1,1,0,1)
275:(1,1,0,0,2,2,1)
276:(0,2,0,0,2,2,1)
277:(0,0,2,0,0,2,1)
278:(1,2,0,1,1,1,0)
279:(1,0,0,2,1,0,0)
280:(0,1,1,1,0,1,0)
281:(2,0,0,0,0,2,1)
282:(1,1,0,2,1,1,0)
283:(0,2,1,0,2,1,1)
284:(2,1,0,1,0,2,1)
285:(1,2,0,2,1,2,0)
286:(1,0,2,0,1,2,1)
287:(2,0,1,1,0,0,1)
288:(1,1,2,0,2,0,1)
289:(2,2,2,0,0,1,1)
290:(2,1,1,0,2,0,0)
291:(1,2,1,2,1,1,0)
292:(2,0,2,0,2,2,1)
293:(1,0,2,2,0,0,0)
294:(0,1,2,2,0,0,0)
295:(2,2,1,0,0,2,1)
296:(2,1,2,1,0,0,1)
297:(1,2,2,1,1,0,1)
298:(2,0,2,2,2,2,1)
299:(0,0,0,2,2,1,1)
300:(0,1,0,0,1,1,0)
301:(2,2,2,2,0,1,1)
302:(0,2,0,0,1,0,1)
303:(0,0,2,1,0,0,0)
304:(1,0,0,2,2,2,1)
305:(0,1,2,0,2,2,1)
306:(2,0,0,0,1,2,1)
307:(1,1,1,0,0,2,1)
308:(0,2,2,0,2,1,1)
309:(2,1,0,0,0,0,1)
310:(2,1,0,2,2,2,0)
311:(1,2,0,1,2,1,1)
312:(1,0,1,0,1,2,1)
313:(2,0,1,0,1,1,1)
314:(1,1,2,0,1,2,0)
315:(2,2,2,0,2,2,0)
316:(0,0,2,2,1,0,0)
317:(1,2,2,0,1,1,0)
318:(2,0,1,2,1,1,1)
319:(1,1,2,1,0,2,1)
320:(0,1,2,1,0,2,0)
321:(2,2,0,0,1,1,1)
322:(2,1,1,2,2,1,0)
323:(1,2,2,2,1,0,1)
324:(2,0,2,2,1,0,0)
325:(0,0,0,1,2,1,1)
326:(0,1,1,0,0,2,0)
327:(2,1,2,1,1,1,0)
328:(0,2,0,2,2,2,1)
329:(0,0,2,0,0,0,0)
330:(1,0,0,0,1,0,0)
331:(2,1,2,2,2,0,0)
332:(0,1,2,0,0,1,0)
333:(1,1,0,0,1,1,0)
334:(0,2,1,2,2,1,1)
335:(0,0,1,1,2,2,1)
336:(1,2,0,2,2,1,1)
337:(1,0,1,1,1,2,1)
338:(0,1,1,1,1,2,1)
339:(2,0,0,2,1,1,1)
340:(1,1,1,0,2,1,0)
341:(0,2,1,2,0,1,0)
342:(2,2,1,1,0,1,1)
343:(0,0,2,1,1,0,0)
344:(1,2,1,0,2,2,0)
345:(2,0,1,1,1,1,1)
346:(1,1,2,2,0,0,1)
347:(0,2,2,2,0,0,1)
348:(2,2,0,1,0,2,1)
349:(2,1,1,2,0,0,1)
350:(2,0,2,1,1,0,0)
351:(2,2,0,1,2,2,0)
352:(0,0,0,2,1,2,1)
353:(0,1,0,2,1,1,0)
354:(0,2,0,2,1,0,1)
355:(0,0,0,1,1,1,1)
356:(1,0,0,0,2,2,1)
357:(0,1,0,0,2,2,1)
358:(1,1,0,0,1,0,0)
359:(0,2,0,1,2,0,1)
360:(0,0,1,0,2,2,1)
361:(1,2,0,0,0,2,0)
362:(1,0,1,2,0,1,1)
363:(0,1,1,0,2,1,1)
364:(2,0,0,1,0,0,1)
365:(1,1,1,1,1,2,0)
366:(0,2,1,1,1,2,0)
367:(2,2,1,1,2,2,0)
368:(2,1,0,1,1,0,1)
369:(2,1,0,2,2,0,0)
370:(1,2,1,1,2,2,0)
371:(1,0,1,2,2,1,1)
372:(2,0,1,0,2,2,1)
373:(1,1,2,0,0,1,0)
374:(0,2,2,1,1,1,1)
375:(2,2,1,2,1,2,0)
376:(2,1,1,1,2,0,0)
377:(1,2,2,0,0,0,1)
378:(2,0,2,1,2,0,0)
379:(1,0,2,1,2,0,0)
380:(2,2,0,2,2,0,1)
381:(1,2,2,1,2,2,0)
382:(0,0,0,0,1,1,1)
383:(0,1,0,0,0,1,0)
384:(2,2,2,1,1,2,0)
385:(1,1,0,1,0,1,0)
386:(0,2,0,0,2,0,1)
387:(0,0,2,0,1,1,1)
388:(1,2,0,1,0,2,0)
389:(1,0,0,2,1,2,1)
390:(0,1,2,0,1,2,1)
391:(2,0,0,0,0,0,1)
392:(1,1,0,1,2,1,0)
393:(0,2,1,0,1,2,0)
394:(0,0,2,2,2,2,1)
395:(1,2,0,2,1,0,1)
396:(1,0,2,0,2,1,1)
397:(2,0,0,2,2,2,1)
398:(1,1,2,0,2,2,1)
399:(2,2,2,0,1,0,1)
400:(2,1,1,0,2,2,0)
401:(1,2,2,1,0,0,1)
402:(2,1,2,2,2,2,0)
403:(2,0,2,0,2,0,0)
404:(1,0,2,2,0,2,1)
405:(1,1,2,1,1,2,0)
406:(0,1,2,2,2,0,1)
407:(2,2,1,0,1,1,1)
408:(2,1,2,0,1,0,1)
409:(1,2,2,1,0,1,1)
410:(1,0,2,2,2,2,1)
411:(0,0,1,0,0,0,0)
412:(0,1,0,2,2,2,1)
413:(2,2,2,2,1,0,1)
414:(0,2,0,0,0,1,0)
415:(0,0,1,2,1,1,1)
416:(1,0,1,0,0,1,1)
417:(0,1,2,0,2,0,1)
418:(1,1,1,0,1,1,0)
419:(0,2,2,0,1,2,0)
420:(2,1,0,0,0,2,1)
421:(1,2,1,0,1,0,1)
422:(1,0,1,0,2,1,1)
423:(2,0,1,0,0,2,1)
424:(1,1,1,1,0,1,0)
425:(2,2,1,0,1,2,0)
426:(0,0,2,2,1,2,1)
427:(2,1,1,0,1,0,1)
428:(1,2,2,0,0,2,0)
429:(2,0,2,0,0,1,1)
430:(1,1,2,1,1,1,0)
431:(0,1,2,1,2,2,1)
432:(0,2,2,2,2,1,1)
433:(2,2,0,0,2,0,1)
434:(2,1,2,0,0,0,1)
435:(1,2,2,2,0,1,1)
436:(2,0,2,2,0,1,1)
437:(0,0,0,2,0,0,0)
438:(2,1,2,1,2,2,0)
439:(0,1,0,2,0,1,0)
440:(0,2,0,2,2,0,1)
441:(0,0,0,0,2,2,1)
442:(1,0,0,0,1,2,1)
443:(0,1,1,2,2,2,1)
444:(1,1,0,0,2,0,1)
445:(0,2,1,2,1,2,0)
446:(0,0,1,2,0,1,0)
447:(1,2,0,0,2,1,1)
448:(1,0,1,1,2,1,1)
449:(0,1,1,2,0,2,0)
450:(2,0,0,2,0,2,1)
451:(1,1,1,1,2,2,1)
452:(0,2,1,1,2,2,1)
453:(2,2,1,1,1,0,1)
454:(0,0,2,1,1,2,1)
455:(1,2,1,0,2,0,1)
456:(1,0,1,2,1,1,0)
457:(2,0,1,2,0,1,1)
458:(1,1,2,2,0,2,1)
459:(0,2,2,1,2,1,1)
460:(2,2,0,1,1,1,1)
461:(2,1,1,2,0,2,1)
462:(2,0,2,1,0,1,1)
463:(1,1,2,2,2,2,1)
464:(2,2,0,2,0,1,1)
465:(2,1,2,1,0,1,1)
466:(2,1,2,2,2,1,0)
467:(0,1,0,2,0,2,0)
468:(0,2,0,2,0,1,0)
469:(0,0,0,1,2,0,1)
470:(2,1,0,2,0,1,1)
471:(1,0,0,1,0,1,1)
472:(0,1,0,1,1,2,1)
473:(1,1,0,1,1,1,0)
474:(0,2,0,1,1,1,1)
475:(0,0,1,1,0,1,0)
476:(1,2,0,0,0,0,1)
477:(1,0,0,1,2,1,1)
478:(0,1,1,0,1,2,1)
479:(2,0,0,1,2,0,0)
480:(1,1,1,1,2,1,0)
481:(0,2,1,1,1,0,1)
482:(2,2,1,2,0,1,1)
483:(2,1,0,1,1,2,1)
484:(1,2,1,1,2,0,1)
485:(1,0,2,0,0,0,0)
486:(2,0,1,0,2,0,0)
487:(1,1,1,2,1,1,0)
488:(0,2,2,1,0,2,0)
489:(2,2,1,2,2,1,0)
490:(2,1,1,1,0,0,1)
491:(2,1,1,0,0,1,1)
492:(1,2,1,2,2,1,1)
493:(2,0,2,0,1,2,1)
494:(1,0,2,1,2,2,1)
495:(0,1,2,2,1,0,1)
496:(2,2,0,2,2,2,0)
497:(1,2,2,1,2,0,1)
498:(0,0,0,0,2,0,1)
499:(2,1,2,1,2,0,0)
500:(0,1,0,0,2,1,1)
501:(2,2,2,1,2,1,0)
502:(0,2,0,0,1,1,1)
503:(0,0,2,0,2,0,1)
504:(1,2,0,1,0,0,1)
505:(1,0,0,2,2,1,1)
506:(0,1,2,0,1,0,1)
507:(2,0,0,0,2,0,0)
508:(1,1,0,2,0,0,1)
509:(0,2,2,0,2,2,1)
510:(2,1,0,0,2,1,0)
511:(1,2,0,2,0,1,1)
512:(1,0,2,1,0,0,0)
513:(2,0,0,2,2,0,0)
514:(1,1,2,0,0,2,1)
515:(2,2,2,0,1,2,0)
516:(0,0,2,2,0,0,0)
517:(1,2,2,0,2,1,1)
518:(2,0,1,2,1,2,1)
519:(1,0,2,2,1,1,0)
520:(1,1,2,1,2,1,0)
521:(0,1,2,2,1,1,0)
522:(2,2,0,0,0,1,1)
523:(2,1,2,0,1,2,1)
524:(1,2,2,2,2,0,1)
525:(0,0,1,0,0,2,1)
526:(0,1,0,2,2,0,1)
527:(2,2,2,2,1,2,0)
528:(0,2,1,0,1,1,1)
529:(0,0,1,2,2,0,1)
530:(2,1,0,1,2,2,0)
531:(1,0,1,0,1,0,0)
532:(0,1,1,2,1,2,1)
533:(1,1,0,2,2,1,0)
534:(0,2,2,0,1,0,1)
535:(0,0,1,1,1,2,1)
536:(1,2,1,0,0,1,1)
537:(1,0,1,1,0,0,0)
538:(2,0,0,2,0,1,1)
539:(1,1,1,1,1,0,0)
540:(2,2,1,0,2,1,0)
541:(0,0,2,2,2,1,1)
542:(1,2,1,1,0,2,0)
543:(2,0,1,2,2,2,1)
544:(1,1,2,2,1,2,0)
545:(0,1,2,1,2,0,1)
546:(0,2,2,2,1,2,0)
547:(2,2,0,0,2,2,0)
548:(2,1,1,2,1,0,1)
549:(2,0,2,2,2,1,0)
550:(0,0,0,2,0,2,1)
551:(0,1,0,1,2,2,1)
552:(0,2,0,2,1,1,1)
553:(0,0,0,1,0,1,0)
554:(2,1,2,2,1,0,1)
555:(1,0,0,0,2,1,1)
556:(0,1,0,1,0,2,0)
557:(1,1,0,0,0,0,1)
558:(0,2,1,2,1,0,1)
559:(0,0,1,0,1,2,1)
560:(1,2,0,0,1,2,0)
561:(1,0,1,2,0,0,0)
562:(0,1,1,2,0,0,0)
563:(2,0,0,1,0,1,1)
564:(1,1,1,2,0,1,0)
565:(0,2,1,1,2,0,1)
566:(2,2,1,1,1,2,0)
567:(0,0,2,1,2,1,1)
568:(1,2,1,2,0,2,0)
569:(1,0,1,2,2,0,0)
570:(2,0,1,1,2,2,1)
571:(1,1,1,2,2,1,0)
572:(0,2,2,1,1,2,0)
573:(2,2,0,1,2,0,1)
574:(2,1,1,1,1,2,1)
575:(2,0,2,1,2,1,0)
576:(1,0,2,1,0,1,1)
577:(2,2,0,2,1,0,1)
578:(0,2,0,1,2,2,1)
579:(0,0,0,0,0,1,0)
580:(1,0,0,1,1,0,0)
581:(0,1,0,1,1,0,1)
582:(2,2,2,1,0,2,1)
583:(1,1,0,1,2,0,1)
584:(0,2,0,1,0,2,0)
585:(0,0,1,1,1,0,0)
586:(2,1,0,2,1,2,1)
587:(1,2,0,1,1,2,0)
588:(1,0,0,2,0,0,0)
589:(0,1,1,1,0,2,0)
590:(2,0,0,1,1,1,1)
591:(1,1,0,2,1,0,0)
592:(0,2,1,1,0,1,0)
593:(2,1,0,0,2,2,0)
594:(1,2,1,1,1,1,0)
595:(1,0,2,0,0,2,1)
596:(2,0,1,1,1,0,0)
597:(1,1,1,2,2,0,1)
598:(2,1,2,1,0,2,1)
599:(2,2,2,0,0,0,1)
600:(2,1,1,1,0,2,1)
601:(1,2,1,2,1,2,0)
602:(2,1,2,2,1,1,0)
603:(2,0,2,0,1,0,0)
604:(1,0,2,2,0,1,1)
605:(0,1,2,2,0,1,0)
606:(2,2,1,0,0,1,1)
607:(2,1,2,0,2,0,0)
608:(1,2,2,1,1,1,0)
609:(0,0,0,2,2,0,1)
610:(0,1,0,0,1,2,1)
611:(2,2,2,2,0,0,1)
612:(0,2,0,0,0,2,0)
613:(0,0,2,0,2,2,1)
614:(2,1,2,2,0,1,1)
615:(1,0,1,0,0,0,0)
616:(0,1,2,1,0,0,0)
617:(2,0,0,0,1,1,1)
618:(1,1,1,0,0,1,0)
619:(0,2,2,0,2,0,1)
620:(2,1,0,0,0,1,1)
621:(1,2,0,1,2,2,0)
622:(1,0,1,0,2,0,0)
623:(2,0,1,0,1,0,0)
624:(1,1,2,0,1,1,0)
625:(2,2,2,0,2,1,0)
626:(0,0,2,2,0,2,1)
627:(1,2,2,0,1,2,0)
628:(2,0,1,2,1,0,0)
629:(1,0,2,2,2,0,0)
630:(1,1,2,1,0,1,0)
631:(0,1,2,1,1,0,1)
632:(2,2,0,0,1,0,1)
633:(2,1,1,2,2,2,0)
634:(1,2,2,2,1,1,0)
635:(2,0,2,2,0,2,1)
636:(0,0,1,0,1,1,1)
637:(0,1,1,0,1,0,1)
638:(2,2,2,2,2,1,0)
639:(0,2,1,0,0,2,0)
640:(0,0,1,2,2,2,1)
641:(1,0,0,0,0,0,0)
642:(0,1,1,2,1,0,1)
643:(1,1,1,0,0,0,1)
644:(0,2,2,0,0,1,0)
645:(0,0,1,1,2,1,1)
646:(2,1,0,2,1,0,1)
647:(1,2,0,2,2,2,0)
648:(1,0,1,1,0,2,1)
649:(0,1,1,1,2,0,1)
650:(2,0,0,1,2,2,1)
651:(1,1,1,0,2,0,1)
652:(2,2,1,1,0,0,1)
653:(0,0,2,1,0,2,1)
654:(1,2,1,1,0,0,1)
655:(2,0,1,1,2,1,0)
656:(1,1,2,2,2,1,0)
657:(0,2,2,2,1,0,1)
658:(2,2,0,1,0,1,1)
659:(2,1,1,2,1,2,1)
660:(2,1,2,1,1,0,1)
661:(2,0,2,2,1,2,1)
662:(2,2,0,1,2,1,0)
663:(0,0,0,2,1,1,1)
664:(0,1,0,2,1,2,1)
665:(0,2,0,2,0,2,0)
666:(0,0,0,1,1,0,0)
667:(1,0,0,1,0,0,0)
668:(0,1,0,1,0,0,0)
669:(1,1,0,0,0,2,1)
670:(0,2,0,1,1,2,0)
671:(0,0,1,0,2,1,1)
672:(1,2,0,0,1,0,1)
673:(1,0,1,2,0,2,1)
674:(0,1,1,0,2,2,1)
675:(2,0,0,0,2,2,1)
676:(1,1,1,1,1,1,0)
677:(0,2,1,1,1,1,1)
678:(2,2,1,1,2,1,0)
679:(2,1,0,1,1,1,0)
680:(1,2,1,2,0,0,1)
681:(1,0,1,2,2,2,1)
682:(2,0,1,0,2,1,0)
683:(1,1,2,0,0,0,1)
684:(0,2,2,1,1,0,1)
685:(2,2,1,2,1,1,1)
686:(2,1,1,1,2,1,0)
687:(1,2,2,0,0,1,1)
688:(2,0,2,1,1,2,1)
689:(1,0,2,1,1,0,0)
690:(2,2,0,2,1,2,0)
691:(0,0,0,0,1,0,0)
692:(1,0,0,1,1,2,1)
693:(0,1,0,0,0,2,0)
694:(2,2,2,1,1,1,1)
695:(1,1,0,1,0,0,1)
696:(0,2,0,1,0,0,1)
697:(0,0,2,0,1,0,0)
698:(1,2,0,1,1,0,1)
699:(1,0,0,2,0,2,1)
700:(0,1,1,1,0,0,0)
701:(2,0,0,0,1,0,0)
702:(1,1,0,2,1,2,0)
703:(0,2,1,0,2,2,1)
704:(2,1,0,1,0,1,1)
705:(2,1,1,0,0,0,1)
706:(1,2,0,2,1,1,0)
707:(1,0,2,0,1,1,0)
708:(2,0,1,1,0,1,1)
709:(1,1,2,0,2,1,0)
710:(2,2,2,0,0,2,1)
711:(2,1,1,0,1,2,1)
712:(1,2,1,2,1,0,1)
713:(2,0,2,1,0,0,1)
714:(1,0,2,2,1,0,0)
715:(0,1,2,2,2,1,1)
716:(2,2,1,0,1,0,1)
717:(2,1,2,0,2,2,0)
718:(1,2,2,1,0,2,0)
719:(0,0,0,2,2,2,1)
720:(0,1,1,0,0,0,0)
721:(2,2,2,2,0,2,1)
722:(0,2,0,0,0,0,1)
723:(0,0,1,2,1,0,0)
724:(1,0,1,0,0,2,1)
725:(0,1,2,0,2,1,1)
726:(2,2,2,2,2,2,0)
727:(1,1,1,0,1,0,0)
728:(0,2,2,0,1,1,1)
