(x0,y0,x1,y1,x2,y2,obs)
0:(3,1,1,2,3,0,0)
1:(3,2,1,0,2,2,0)
2:(0,0,2,2,3,3,1)
3:(0,1,3,1,1,3,1)
4:(0,2,3,1,3,3,1)
5:(0,3,2,2,2,2,1)
6:(1,0,0,2,1,0,0)
7:(1,1,2,3,0,2,1)
8:(2,0,0,3,3,3,1)
9:(1,3,0,1,2,1,1)
10:(2,3,1,1,2,2,0)
11:(0,1,1,0,0,0,0)
12:(0,2,1,0,3,2,1)
13:(1,0,3,0,2,3,1)
14:(1,1,3,0,0,3,1)
15:(1,2,3,1,0,3,1)
16:(2,0,2,0,3,2,1)
17:(1,3,2,2,3,2,1)
18:(2,2,2,1,3,2,0)
19:(2,1,1,1,1,0,1)
20:(3,0,0,3,2,3,1)
21:(3,1,2,0,0,3,1)
22:(3,3,0,1,3,2,0)
23:(2,2,2,2,2,2,0)
24:(1,1,1,1,1,0,0)
25:(1,2,1,2,0,2,0)
26:(2,2,1,2,0,1,1)
27:(3,0,2,0,2,2,1)
28:(3,1,0,1,1,0,1)
29:(3,2,2,2,0,2,1)
30:(3,3,2,0,3,3,0)
31:(0,0,0,3,1,3,1)
32:(0,1,2,3,3,3,1)
33:(2,3,0,2,0,3,1)
34:(0,3,0,0,0,2,0)
35:(2,0,1,1,1,3,1)
36:(2,1,1,3,3,3,1)
37:(3,1,1,2,1,1,1)
38:(3,2,1,0,3,1,0)
39:(0,0,2,2,1,2,1)
40:(0,1,0,2,2,0,1)
41:(0,2,3,1,1,2,0)
42:(0,3,2,1,0,3,0)
43:(1,0,0,2,0,3,1)
44:(1,1,2,3,2,3,1)
45:(2,0,0,2,1,2,1)
46:(1,3,0,1,1,2,0)
47:(2,1,2,3,1,3,1)
48:(2,3,1,1,0,3,1)
49:(0,1,1,1,2,1,1)
50:(0,2,1,0,2,1,1)
51:(1,0,2,3,0,2,1)
52:(1,1,3,0,3,0,1)
53:(1,2,3,0,2,2,0)
54:(2,0,2,3,1,1,1)
55:(1,3,2,2,1,3,0)
56:(2,2,2,1,2,1,0)
57:(2,3,2,2,0,0,1)
58:(3,0,0,3,0,2,1)
59:(3,1,2,3,3,0,0)
60:(3,3,1,2,1,3,1)
61:(1,1,1,1,3,1,1)
62:(1,2,1,2,1,1,0)
63:(2,1,3,1,2,2,0)
64:(3,0,2,0,0,1,1)
65:(3,1,0,0,3,1,0)
66:(3,2,2,2,1,1,1)
67:(3,3,2,1,1,0,1)
68:(0,0,0,0,3,2,1)
69:(0,1,2,3,0,0,0)
70:(0,3,0,0,2,3,1)
71:(2,0,1,1,3,2,1)
72:(3,2,1,1,1,0,1)
73:(0,0,2,3,3,1,1)
74:(0,1,0,2,0,1,0)
75:(0,2,3,1,0,1,0)
76:(0,3,2,1,2,0,1)
77:(1,0,0,2,2,2,1)
78:(1,1,2,2,1,0,0)
79:(2,0,0,2,3,1,1)
80:(1,3,0,0,3,3,1)
81:(2,1,3,3,3,1,0)
82:(2,3,1,0,2,0,1)
83:(3,0,1,1,2,2,1)
84:(0,1,1,1,0,2,0)
85:(0,2,1,0,0,0,1)
86:(1,0,2,3,2,1,1)
87:(1,1,0,3,1,1,0)
88:(1,2,3,0,3,1,1)
89:(2,0,2,3,3,0,0)
90:(1,3,2,1,3,0,1)
91:(2,2,2,0,0,0,1)
92:(2,3,3,1,2,1,1)
93:(3,0,0,2,2,1,1)
94:(3,1,2,3,1,1,1)
95:(3,3,1,2,3,0,1)
96:(1,1,1,0,1,2,0)
97:(1,2,1,1,3,0,1)
98:(2,2,0,1,0,3,1)
99:(2,1,0,0,0,0,1)
100:(3,0,2,3,2,0,0)
101:(3,1,0,0,1,2,1)
102:(3,2,2,2,3,0,1)
103:(3,3,2,1,3,1,1)
104:(0,0,0,0,1,1,1)
105:(0,1,2,0,2,1,1)
106:(0,3,1,3,0,0,1)
107:(2,0,1,0,1,1,1)
108:(2,3,2,2,2,3,0)
109:(3,2,1,1,3,3,0)
110:(0,0,2,3,1,0,0)
111:(0,1,0,3,2,2,1)
112:(0,2,2,2,2,0,1)
113:(0,3,2,0,0,1,1)
114:(1,0,0,1,0,1,1)
115:(1,1,2,2,3,1,1)
116:(2,0,3,1,1,0,0)
117:(1,3,0,0,1,0,1)
118:(2,1,0,2,2,3,1)
119:(3,0,1,1,0,1,1)
120:(0,2,1,1,2,3,1)
121:(1,0,2,2,0,0,0)
122:(1,1,0,3,3,2,1)
123:(1,2,3,0,1,0,1)
124:(2,0,2,2,0,3,1)
125:(1,3,2,1,1,1,1)
126:(2,2,2,0,2,3,0)
127:(2,3,3,1,3,2,1)
128:(3,0,0,2,0,0,1)
129:(3,1,2,2,3,2,0)
130:(3,3,1,3,1,1,1)
131:(0,0,1,2,3,1,1)
132:(1,1,1,0,3,3,1)
133:(1,2,1,1,1,3,0)
134:(2,2,0,1,2,2,0)
135:(2,1,1,0,3,2,1)
136:(3,0,2,3,1,3,1)
137:(3,1,0,3,3,3,1)
138:(3,2,2,3,1,3,1)
139:(3,3,2,1,2,2,1)
140:(0,0,0,1,3,0,1)
141:(0,1,2,0,0,2,0)
142:(0,3,1,3,2,1,1)
143:(2,0,1,0,3,0,0)
144:(2,1,2,0,1,2,1)
145:(3,2,0,2,1,2,1)
146:(0,0,2,0,2,3,1)
147:(0,1,0,3,0,3,1)
148:(0,2,2,2,0,3,0)
149:(0,3,2,0,1,2,1)
150:(1,0,0,1,2,0,0)
151:(1,1,2,1,1,2,0)
152:(2,0,3,1,2,3,1)
153:(1,3,1,3,3,1,1)
154:(2,3,1,0,1,2,1)
155:(3,0,1,0,2,0,0)
156:(0,2,1,1,0,2,0)
157:(1,0,2,2,3,3,1)
158:(1,1,0,2,1,3,1)
159:(1,2,2,3,3,3,1)
160:(2,0,2,2,2,2,1)
161:(1,3,2,1,0,2,1)
162:(2,1,2,2,2,1,0)
163:(2,3,3,1,1,3,0)
164:(3,0,3,1,3,3,1)
165:(3,1,2,2,1,3,1)
166:(3,3,1,3,0,2,1)
167:(0,0,1,2,1,0,0)
168:(1,1,1,0,2,0,1)
169:(1,2,1,0,3,2,1)
170:(2,2,0,0,1,1,1)
171:(3,0,2,2,3,2,1)
172:(3,1,0,3,2,0,1)
173:(3,2,2,3,3,2,0)
174:(3,3,3,2,0,3,1)
175:(0,0,0,1,0,3,1)
176:(0,1,2,1,2,3,1)
177:(0,3,1,3,3,2,1)
178:(1,0,1,3,0,0,0)
179:(2,0,1,3,0,3,1)
180:(2,1,3,0,3,0,1)
181:(3,2,0,2,2,1,1)
182:(0,0,2,0,0,2,1)
183:(0,1,0,3,1,0,1)
184:(0,2,2,3,2,2,1)
185:(0,3,2,0,3,3,1)
186:(1,0,0,0,1,3,1)
187:(1,1,2,1,3,3,1)
188:(2,0,3,0,0,2,1)
189:(1,3,1,3,2,2,1)
190:(2,3,1,3,3,3,0)
191:(3,0,1,0,1,3,1)
192:(0,2,0,2,3,1,1)
193:(1,0,2,1,1,2,1)
194:(1,1,0,2,0,0,1)
195:(1,2,2,3,1,2,0)
196:(1,3,2,0,2,3,0)
197:(2,2,2,3,3,1,1)
198:(2,1,0,1,1,3,1)
199:(2,3,3,0,3,0,1)
200:(3,0,3,1,1,2,1)
201:(3,1,2,2,0,0,1)
202:(2,2,1,0,3,0,1)
203:(3,3,1,3,2,3,0)
204:(0,0,1,3,2,3,1)
205:(1,2,1,0,0,1,1)
206:(2,2,0,0,3,0,1)
207:(3,0,2,2,1,1,1)
208:(3,1,0,3,0,1,1)
209:(3,2,2,0,0,1,1)
210:(3,3,3,2,2,0,1)
211:(0,0,3,2,2,2,1)
212:(0,1,2,1,3,0,1)
213:(0,3,1,2,1,3,0)
214:(1,0,1,3,3,3,1)
215:(3,3,3,1,0,1,1)
216:(2,0,1,3,2,2,1)
217:(2,1,0,3,2,2,0)
218:(3,2,0,3,0,0,1)
219:(2,2,2,0,2,0,1)
220:(0,0,2,1,2,1,1)
221:(0,1,0,0,3,1,1)
222:(0,2,2,3,1,1,1)
223:(0,3,3,3,1,0,1)
224:(1,0,0,0,3,2,1)
225:(1,1,2,1,2,0,1)
226:(2,0,3,0,2,1,0)
227:(1,3,1,3,0,3,0)
228:(2,2,3,1,1,1,1)
229:(2,3,1,3,1,0,1)
230:(3,0,1,3,3,2,1)
231:(0,2,0,2,1,0,1)
232:(1,0,2,1,3,1,1)
233:(1,1,0,2,2,1,0)
234:(1,2,2,2,2,1,1)
235:(1,3,2,0,0,0,1)
236:(2,2,2,2,1,0,1)
237:(2,1,1,1,3,1,0)
238:(3,0,3,0,3,1,0)
239:(3,1,3,1,2,1,0)
240:(3,3,1,0,0,0,1)
241:(0,0,1,3,0,2,1)
242:(1,2,0,3,2,0,1)
243:(2,1,2,1,1,1,0)
244:(2,2,0,3,1,3,1)
245:(3,1,0,2,2,2,1)
246:(3,2,2,0,2,0,1)
247:(3,3,3,3,0,1,1)
248:(0,0,3,2,0,1,0)
249:(0,1,2,1,1,1,0)
250:(0,3,1,2,3,0,1)
251:(1,0,1,2,1,2,1)
252:(2,0,1,2,0,1,1)
253:(2,3,0,1,3,0,1)
254:(2,1,1,2,0,0,1)
255:(3,2,0,3,2,3,1)
256:(0,0,2,1,0,0,0)
257:(0,1,0,0,1,2,1)
258:(0,2,2,0,3,0,1)
259:(0,3,3,3,3,1,1)
260:(1,0,3,3,1,1,0)
261:(1,1,2,0,0,1,0)
262:(2,0,3,3,0,0,1)
263:(1,3,1,2,2,0,1)
264:(2,1,2,3,2,0,0)
265:(2,3,1,2,3,1,1)
266:(3,0,1,3,1,1,1)
267:(0,2,0,3,3,3,1)
268:(1,0,2,0,1,0,0)
269:(1,1,0,1,0,2,1)
270:(1,2,2,2,0,0,1)
271:(1,3,3,3,2,1,1)
272:(2,2,2,2,3,3,1)
273:(2,3,3,3,2,2,0)
274:(3,0,3,0,1,0,1)
275:(3,1,3,1,0,2,1)
276:(3,2,3,2,0,0,1)
277:(3,3,1,0,2,1,1)
278:(0,0,1,0,2,1,1)
279:(1,2,0,3,0,3,1)
280:(2,1,3,0,0,3,1)
281:(3,1,0,2,0,3,1)
282:(3,2,2,1,0,3,1)
283:(3,3,3,3,3,2,0)
284:(0,0,3,3,2,0,1)
285:(0,1,3,2,3,2,1)
286:(0,3,1,1,1,1,1)
287:(1,0,1,2,3,1,1)
288:(2,0,1,2,2,0,0)
289:(2,3,0,1,1,1,1)
290:(3,2,0,0,0,2,1)
291:(0,0,2,1,1,3,1)
292:(0,1,0,1,3,3,1)
293:(0,2,2,0,1,3,1)
294:(0,3,3,2,0,2,0)
295:(1,0,3,3,3,0,1)
296:(1,1,2,0,2,2,1)
297:(2,0,3,3,1,3,1)
298:(1,3,1,2,0,1,1)
299:(2,2,3,0,1,3,1)
300:(2,1,3,2,1,2,1)
301:(2,3,1,2,0,2,1)
302:(3,0,1,2,3,0,0)
303:(3,3,0,2,0,1,1)
304:(0,2,0,3,1,2,0)
305:(1,0,2,0,0,3,1)
306:(1,1,0,1,2,3,1)
307:(1,2,2,1,2,3,1)
308:(1,3,3,3,1,2,0)
309:(2,2,1,1,1,2,0)
310:(2,3,3,3,0,3,1)
311:(3,0,3,0,0,3,1)
312:(3,1,3,0,2,3,1)
313:(3,2,3,2,2,3,1)
314:(3,3,1,1,1,2,1)
315:(0,0,1,0,0,0,0)
316:(1,2,0,2,2,2,0)
317:(2,2,0,3,2,1,0)
318:(2,1,0,0,2,1,0)
319:(3,1,1,1,3,0,0)
320:(3,2,2,1,2,2,0)
321:(3,3,3,0,1,3,1)
322:(0,0,3,3,3,3,1)
323:(0,1,3,2,1,3,1)
324:(0,2,3,2,3,3,1)
325:(0,3,1,1,2,2,1)
326:(1,0,1,1,1,0,0)
327:(2,0,1,2,3,3,1)
328:(2,3,0,0,2,2,0)
329:(3,2,0,0,1,1,1)
330:(0,1,0,1,0,0,0)
331:(0,2,2,1,3,2,1)
332:(0,3,3,2,2,3,1)
333:(1,0,3,3,2,3,1)
334:(1,1,3,3,0,3,1)
335:(2,0,3,3,3,2,1)
336:(1,3,1,1,3,2,1)
337:(2,2,3,0,3,2,0)
338:(2,1,0,2,3,0,1)
339:(3,0,1,2,2,3,1)
340:(3,3,0,2,3,2,0)
341:(0,2,0,3,0,1,0)
342:(1,0,2,0,2,2,1)
343:(1,1,0,0,1,0,0)
344:(1,2,2,1,0,2,0)
345:(1,3,3,2,3,3,1)
346:(2,2,1,1,0,1,1)
347:(2,3,3,2,2,0,1)
348:(3,0,3,3,2,2,1)
349:(3,1,3,0,1,0,1)
350:(3,2,3,3,0,2,1)
351:(3,3,1,1,3,3,0)
352:(0,0,1,0,1,3,1)
353:(0,3,0,3,0,2,0)
354:(1,2,0,2,3,1,1)
355:(2,3,0,0,3,3,0)
356:(2,2,0,2,0,0,1)
357:(2,3,2,3,3,3,0)
358:(2,1,1,3,1,3,1)
359:(3,1,1,1,1,1,1)
360:(3,2,2,1,3,1,0)
361:(3,3,3,0,3,0,1)
362:(0,0,3,3,1,2,1)
363:(0,1,3,3,2,0,1)
364:(0,2,3,2,1,2,0)
365:(0,3,1,0,0,3,0)
366:(1,0,1,1,0,3,1)
367:(2,0,0,1,1,2,1)
368:(2,1,2,0,3,3,1)
369:(3,3,3,3,1,1,1)
370:(2,3,0,0,0,3,1)
371:(3,2,0,0,3,0,1)
372:(0,1,1,2,2,1,1)
373:(0,2,2,1,2,1,1)
374:(0,3,3,1,0,0,1)
375:(1,0,3,2,0,2,1)
376:(1,1,3,3,3,0,1)
377:(1,2,3,3,2,2,0)
378:(2,0,3,2,1,1,1)
379:(1,3,1,1,1,3,0)
380:(2,2,3,0,2,1,0)
381:(2,3,2,1,0,0,1)
382:(3,0,1,2,0,2,1)
383:(3,3,0,3,1,3,1)
384:(2,2,1,2,2,0,1)
385:(0,2,0,0,2,0,1)
386:(1,1,0,0,3,1,1)
387:(1,2,2,1,1,1,0)
388:(1,3,3,2,1,0,1)
389:(2,1,3,1,0,2,1)
390:(2,3,3,2,0,1,1)
391:(3,0,3,3,0,1,1)
392:(3,1,3,3,3,1,0)
393:(3,2,3,3,1,1,1)
394:(3,3,2,2,1,0,1)
395:(0,0,1,1,3,2,1)
396:(0,3,0,3,2,3,1)
397:(1,2,0,2,1,0,1)
398:(2,2,0,2,2,3,0)
399:(3,1,1,0,3,2,0)
400:(3,2,1,2,1,0,1)
401:(3,3,3,1,1,1,1)
402:(0,0,3,0,3,1,1)
403:(0,1,3,3,0,1,0)
404:(0,2,3,2,0,1,0)
405:(0,3,1,0,2,0,1)
406:(1,0,1,1,2,2,1)
407:(2,0,0,1,3,1,1)
408:(1,3,0,3,3,3,1)
409:(2,1,3,3,1,1,0)
410:(2,3,0,3,2,0,1)
411:(3,2,0,1,1,3,1)
412:(0,1,1,2,0,2,0)
413:(0,2,2,1,0,0,1)
414:(0,3,3,1,2,1,1)
415:(1,0,3,2,2,1,1)
416:(1,1,3,2,1,1,0)
417:(1,2,3,3,3,1,1)
418:(2,0,3,2,3,0,0)
419:(1,3,1,0,3,0,1)
420:(2,2,3,3,0,0,1)
421:(2,3,2,0,2,1,1)
422:(3,0,0,1,2,1,1)
423:(3,3,0,3,3,0,1)
424:(0,2,0,0,0,3,0)
425:(1,1,1,3,1,2,0)
426:(1,2,2,0,3,0,1)
427:(1,3,3,1,3,1,1)
428:(2,2,1,0,0,3,1)
429:(2,1,0,1,2,0,0)
430:(2,3,3,2,1,2,1)
431:(3,0,3,2,2,0,0)
432:(3,1,3,3,1,2,1)
433:(3,2,3,3,3,0,1)
434:(2,2,2,1,1,2,0)
435:(0,0,1,1,1,1,1)
436:(0,3,0,2,0,0,1)
437:(1,2,0,1,3,3,1)
438:(3,1,1,0,1,3,1)
439:(3,2,1,2,3,3,0)
440:(3,3,3,1,0,2,1)
441:(0,0,3,0,1,0,0)
442:(0,1,3,0,2,2,1)
443:(0,2,3,3,2,0,1)
444:(0,3,2,3,0,1,1)
445:(1,0,1,0,0,1,1)
446:(2,0,0,0,1,0,0)
447:(1,3,0,3,1,0,1)
448:(2,1,0,2,0,3,1)
449:(3,2,0,1,3,2,0)
450:(0,1,1,3,2,3,1)
451:(0,2,1,2,2,3,1)
452:(0,3,3,1,3,2,1)
453:(1,0,3,1,0,0,0)
454:(1,1,3,2,3,2,1)
455:(1,2,3,3,1,0,1)
456:(2,0,2,1,0,3,1)
457:(1,3,1,0,1,1,1)
458:(2,2,3,3,2,3,0)
459:(2,3,2,0,3,2,1)
460:(3,0,0,1,0,0,1)
461:(3,1,2,1,3,2,0)
462:(3,3,0,0,1,1,1)
463:(0,2,0,1,2,2,1)
464:(1,1,1,3,3,3,1)
465:(1,2,2,0,1,3,0)
466:(1,3,3,1,2,2,1)
467:(2,2,1,0,2,2,0)
468:(2,1,1,0,1,2,1)
469:(3,0,3,2,1,3,1)
470:(3,1,3,2,3,3,1)
471:(3,2,3,0,1,3,1)
472:(3,3,2,2,2,2,1)
473:(0,0,0,2,3,0,1)
474:(0,3,0,2,2,1,1)
475:(1,2,0,1,1,2,0)
476:(2,1,2,1,3,2,1)
477:(2,3,3,2,3,1,1)
478:(3,1,1,0,0,0,1)
479:(3,2,1,3,1,2,1)
480:(3,3,3,1,2,3,0)
481:(0,0,3,1,2,3,1)
482:(0,1,3,0,0,3,1)
483:(0,2,3,3,0,3,0)
484:(0,3,2,3,1,2,1)
485:(1,0,1,0,2,0,0)
486:(2,0,0,0,2,3,1)
487:(1,3,0,2,3,1,1)
488:(2,3,0,3,1,2,1)
489:(2,1,1,2,2,1,0)
490:(0,1,1,3,3,0,1)
491:(0,2,1,2,0,2,0)
492:(0,3,3,0,1,3,0)
493:(1,0,3,1,3,3,1)
494:(1,1,3,1,1,3,1)
495:(1,2,3,2,3,3,1)
496:(2,0,2,1,2,2,1)
497:(1,3,1,0,0,2,1)
498:(2,1,2,2,0,1,1)
499:(2,3,2,0,1,3,0)
500:(3,0,0,0,3,3,1)
501:(3,1,2,1,1,3,1)
502:(3,3,0,0,0,2,1)
503:(0,2,0,1,1,1,1)
504:(1,1,1,3,2,0,1)
505:(1,2,1,3,3,2,1)
506:(1,3,3,1,0,3,0)
507:(2,2,1,3,1,1,1)
508:(3,0,2,1,3,2,1)
509:(3,1,3,2,2,0,1)
510:(3,2,3,0,3,2,0)
511:(3,3,2,3,0,3,1)
512:(0,0,0,2,0,3,1)
513:(0,1,2,2,2,3,1)
514:(0,3,0,2,3,2,1)
515:(1,2,0,0,2,1,1)
516:(2,1,3,0,1,0,1)
517:(3,1,1,3,2,1,0)
518:(3,2,1,3,2,1,1)
519:(0,0,3,1,0,2,1)
520:(0,1,3,0,1,0,1)
521:(0,2,3,0,2,2,1)
522:(0,3,2,3,3,3,1)
523:(1,0,0,3,1,3,1)
524:(2,0,0,3,0,2,1)
525:(1,3,0,2,2,2,1)
526:(2,3,1,2,3,3,0)
527:(2,3,0,2,3,3,0)
528:(2,2,0,3,3,2,0)
529:(0,1,1,3,1,1,0)
530:(0,2,1,3,3,1,1)
531:(0,3,3,0,3,0,1)
532:(1,0,3,0,1,2,1)
533:(1,1,3,1,0,0,1)
534:(1,2,3,2,1,2,0)
535:(2,0,2,0,0,1,1)
536:(1,3,2,3,2,3,0)
537:(2,2,3,2,3,1,1)
538:(2,1,3,2,3,3,1)
539:(2,3,2,3,3,0,1)
540:(3,0,0,0,1,2,1)
541:(3,1,2,1,0,0,1)
542:(3,3,0,0,2,3,0)
543:(1,1,1,2,0,1,0)
544:(1,2,1,3,0,1,1)
545:(1,3,3,0,2,0,1)
546:(2,2,1,3,3,0,1)
547:(3,0,2,1,1,1,1)
548:(3,1,3,2,0,1,1)
549:(3,2,3,1,0,1,1)
550:(3,3,2,0,2,1,1)
551:(3,3,2,3,2,0,1)
552:(0,0,0,3,2,2,1)
553:(0,1,2,2,3,0,1)
554:(0,3,0,1,1,3,0)
555:(1,2,0,0,0,0,1)
556:(2,1,0,3,0,2,1)
557:(3,1,1,3,0,2,1)
558:(3,2,1,0,0,0,1)
559:(0,0,2,2,2,1,1)
560:(0,1,3,1,3,1,1)
561:(0,2,3,0,1,1,1)
562:(0,3,2,2,1,0,1)
563:(1,0,0,3,3,2,1)
564:(2,0,0,3,2,1,0)
565:(1,3,0,2,0,3,0)
566:(2,3,0,2,1,0,1)
567:(0,1,1,0,3,2,1)
568:(0,2,1,3,1,0,1)
569:(1,0,3,0,3,1,1)
570:(1,1,3,1,2,1,0)
571:(1,2,3,1,2,1,1)
572:(2,0,2,0,2,0,0)
573:(1,3,2,3,0,0,1)
574:(2,2,2,1,1,0,1)
575:(2,1,1,1,1,1,0)
576:(3,0,0,3,3,1,0)
577:(3,1,2,0,2,1,0)
578:(3,3,0,1,0,0,1)
579:(1,1,1,2,2,2,1)
580:(1,2,1,2,2,0,1)
581:(1,3,3,0,0,1,1)
582:(2,2,1,2,1,3,1)
583:(3,0,2,0,3,0,0)
584:(3,1,0,1,2,2,1)
585:(3,2,3,1,2,0,1)
586:(3,3,2,0,0,1,1)
587:(0,0,0,3,0,1,0)
588:(0,1,2,2,1,1,0)
589:(0,3,0,1,3,0,1)
590:(2,0,1,1,0,1,1)
591:(2,2,1,1,1,0,1)
592:(2,1,1,3,2,0,0)
593:(3,1,1,2,2,3,1)
594:(3,2,1,0,2,3,1)
595:(0,0,2,2,0,0,0)
596:(0,1,3,1,1,2,1)
597:(0,2,3,1,3,0,1)
598:(0,3,2,2,3,1,1)
599:(1,0,0,2,1,1,0)
600:(1,1,2,3,0,1,0)
601:(2,0,0,2,0,0,1)
602:(1,3,0,1,2,0,1)
603:(2,1,2,3,0,0,1)
604:(2,3,1,1,3,1,1)
605:(0,1,1,0,1,3,1)
606:(0,2,1,0,3,3,1)
607:(1,0,2,3,1,0,0)
608:(1,1,3,0,0,2,1)
609:(1,2,3,1,0,0,1)
610:(2,0,2,0,3,3,1)
611:(1,3,2,2,2,1,1)
612:(2,2,2,1,3,3,1)
613:(2,3,2,2,2,2,0)
614:(3,0,0,3,1,0,1)
615:(3,1,2,0,0,2,1)
616:(3,3,0,1,2,1,1)
617:(1,1,1,1,0,3,1)
618:(1,2,1,2,0,3,1)
619:(2,1,3,1,2,3,1)
620:(3,0,2,0,2,3,1)
621:(3,1,0,1,0,3,1)
622:(3,2,2,2,0,3,1)
623:(3,3,2,0,3,2,0)
624:(0,0,0,0,2,0,1)
625:(0,1,2,3,3,2,1)
626:(0,3,0,0,1,1,1)
627:(2,0,1,1,2,0,0)
628:(3,1,1,2,1,0,1)
629:(3,2,1,1,0,2,1)
630:(0,0,2,2,1,3,1)
631:(0,1,0,2,3,3,1)
632:(0,2,3,1,1,3,1)
633:(0,3,2,1,0,2,0)
634:(1,0,0,2,3,0,1)
635:(1,1,2,3,2,2,1)
636:(2,0,0,2,1,3,1)
637:(1,3,0,1,0,1,1)
638:(2,1,3,3,3,2,1)
639:(2,3,1,1,0,2,1)
640:(3,0,1,1,3,0,0)
641:(2,2,3,3,1,0,1)
642:(0,1,1,1,2,0,1)
643:(0,2,1,0,1,2,0)
644:(1,0,2,3,0,3,1)
645:(1,1,3,0,2,3,1)
646:(1,2,3,0,2,3,1)
647:(2,0,2,3,1,2,1)
648:(1,3,2,2,1,2,0)
649:(2,2,2,0,1,2,0)
650:(2,3,2,2,0,3,1)
651:(3,0,0,3,0,3,1)
652:(3,1,2,3,2,3,1)
653:(3,3,1,2,1,2,1)
654:(1,1,1,1,3,0,1)
655:(1,2,1,1,2,2,0)
656:(2,2,1,2,2,1,0)
657:(2,1,0,0,0,1,1)
658:(3,0,2,0,0,2,1)
659:(3,1,0,0,3,0,0)
660:(3,2,2,2,2,2,0)
661:(3,3,2,1,1,3,1)
662:(0,0,0,0,3,3,1)
663:(0,1,2,3,1,3,1)
664:(0,3,0,0,2,2,1)
665:(2,0,1,1,3,3,1)
666:(3,2,1,1,1,1,1)
667:(0,0,2,3,3,2,1)
668:(0,1,0,2,0,0,0)
669:(0,2,2,2,3,2,1)
670:(0,3,2,1,2,3,1)
671:(1,0,0,2,2,3,1)
672:(1,1,2,2,0,3,1)
673:(2,0,0,2,3,2,1)
674:(1,3,0,0,3,2,1)
675:(2,1,0,2,1,0,1)
676:(3,0,1,1,2,3,1)
677:(0,1,1,1,0,1,0)
678:(0,2,1,0,0,1,0)
679:(1,0,2,3,2,2,1)
680:(1,1,0,3,1,0,0)
681:(1,2,3,0,0,2,0)
682:(2,0,2,3,3,1,1)
683:(1,3,2,1,3,3,1)
684:(2,2,2,0,0,1,1)
685:(2,3,3,0,3,3,0)
686:(2,3,3,1,2,0,1)
687:(3,0,0,2,2,2,1)
688:(3,1,2,3,1,0,1)
689:(3,3,1,2,3,3,0)
690:(1,1,1,0,1,1,0)
691:(1,2,1,1,3,1,1)
692:(2,2,0,1,0,0,1)
693:(2,1,1,0,3,3,1)
694:(3,0,2,3,2,1,1)
695:(3,1,0,0,1,1,1)
696:(3,2,2,2,3,1,0)
697:(3,3,2,1,3,0,1)
698:(0,0,0,0,1,2,1)
699:(0,1,2,0,2,0,1)
700:(0,3,1,3,0,3,0)
701:(2,0,1,0,1,2,1)
702:(2,1,2,0,1,3,1)
703:(3,2,1,1,3,0,1)
704:(0,0,2,3,1,1,1)
705:(0,1,0,3,2,1,1)
706:(0,2,2,2,2,1,1)
707:(0,3,2,0,0,0,1)
708:(1,0,0,1,0,2,1)
709:(1,1,2,2,3,0,1)
710:(2,0,3,1,1,1,1)
711:(1,3,0,0,1,3,0)
712:(2,3,1,0,0,0,1)
713:(3,0,1,1,0,2,1)
714:(0,2,1,1,2,0,1)
715:(1,0,2,2,0,1,1)
716:(1,1,0,3,3,1,1)
717:(1,2,3,0,1,1,0)
718:(2,0,2,2,1,0,0)
719:(1,3,2,1,1,0,1)
720:(2,1,2,2,2,2,0)
721:(2,3,3,1,0,1,1)
722:(3,0,0,2,0,1,1)
723:(3,1,2,2,3,1,0)
724:(3,3,1,3,1,0,1)
725:(0,0,1,2,3,2,1)
726:(1,1,1,0,3,2,1)
727:(1,2,1,1,1,0,1)
728:(2,3,1,0,0,1,1)
729:(2,2,0,1,2,3,0)
730:(3,0,2,3,0,0,1)
731:(3,1,0,3,3,2,0)
732:(3,2,2,3,1,0,1)
733:(3,3,3,2,1,1,1)
734:(0,0,0,1,3,1,1)
735:(0,1,2,0,0,1,0)
736:(0,3,1,3,2,0,1)
737:(2,0,1,0,3,1,1)
738:(2,1,3,0,3,1,0)
739:(3,2,0,2,1,3,1)
740:(0,0,2,0,3,0,1)
741:(0,1,0,3,0,2,0)
742:(0,2,2,2,0,0,1)
743:(0,3,2,0,2,1,1)
744:(1,0,0,1,2,1,1)
745:(1,1,2,1,1,1,0)
746:(2,0,3,1,3,0,0)
747:(1,3,1,3,3,0,1)
748:(2,3,1,3,2,1,1)
749:(3,0,1,0,2,1,1)
750:(0,2,1,1,0,3,0)
751:(1,0,2,2,2,0,0)
752:(1,1,0,2,1,2,0)
753:(1,2,2,3,3,0,1)
754:(2,0,2,2,2,3,1)
755:(1,3,2,0,3,1,1)
756:(2,2,2,3,0,3,1)
757:(2,1,0,1,0,0,1)
758:(2,3,3,1,1,2,1)
759:(3,0,3,1,2,0,0)
760:(3,1,2,2,1,2,1)
761:(3,3,1,3,3,1,1)
762:(0,0,1,2,1,1,1)
763:(1,2,1,0,3,3,1)
764:(2,2,0,0,0,2,1)
765:(3,0,2,2,3,3,1)
766:(3,1,0,3,1,3,1)
767:(2,3,1,1,1,1,1)
768:(3,3,3,2,0,2,1)
769:(0,0,0,1,1,0,0)
770:(0,1,2,1,2,2,1)
771:(0,3,1,2,0,1,1)
772:(1,0,1,3,0,1,1)
773:(2,0,1,3,1,0,0)
774:(2,1,0,3,2,3,1)
775:(3,2,0,2,3,2,0)
776:(0,0,2,0,0,3,1)
777:(0,1,0,0,2,3,1)
778:(0,2,2,3,2,3,1)
779:(0,3,2,0,3,2,1)
780:(1,0,0,0,0,0,0)
781:(1,1,2,1,3,2,1)
782:(2,0,3,0,0,3,1)
783:(1,3,1,3,1,1,1)
784:(2,3,1,3,3,2,1)
785:(3,0,1,0,0,0,1)
786:(0,2,0,2,2,2,1)
787:(1,0,2,1,1,3,1)
788:(1,1,0,2,3,3,1)
789:(1,2,2,3,1,3,0)
790:(1,3,2,0,2,2,1)
791:(2,2,2,3,2,2,0)
792:(2,1,1,1,3,2,1)
793:(3,0,3,1,1,3,1)
794:(3,1,3,1,3,3,1)
795:(3,3,1,3,2,2,1)
796:(0,0,1,3,3,0,1)
797:(1,2,1,0,1,2,0)
798:(2,1,2,1,1,2,1)
799:(2,2,0,0,3,1,1)
800:(3,0,2,2,1,2,1)
801:(3,1,0,3,0,0,1)
802:(3,2,2,0,1,2,1)
803:(3,3,3,2,2,3,0)
804:(0,0,3,2,2,3,1)
805:(0,1,2,1,0,3,1)
806:(0,3,1,2,1,2,1)
807:(1,0,1,3,2,0,0)
808:(2,0,1,3,2,3,1)
809:(2,1,1,2,0,1,1)
810:(3,2,0,3,0,1,1)
811:(0,0,2,1,2,2,1)
812:(0,1,0,0,3,0,1)
813:(0,2,2,3,0,2,0)
814:(0,3,3,3,1,3,0)
815:(1,0,0,0,3,3,1)
816:(1,1,2,0,1,3,1)
817:(2,0,3,0,2,2,1)
818:(1,3,1,3,0,2,1)
819:(2,1,2,3,2,1,0)
820:(2,3,1,3,1,3,0)
821:(3,0,1,3,3,3,1)
822:(0,2,0,2,1,1,1)
823:(1,0,2,1,3,2,1)
824:(1,1,0,2,2,0,1)
825:(1,2,2,2,3,2,1)
826:(1,3,2,0,0,3,0)
827:(2,2,2,2,1,1,1)
828:(2,3,3,0,1,0,1)
829:(3,0,3,0,3,2,1)
830:(3,1,3,1,2,0,1)
831:(3,3,1,0,0,3,1)
832:(0,0,1,3,0,3,1)
833:(1,2,0,3,2,1,1)
834:(2,1,3,1,3,0,1)
835:(3,1,0,2,2,1,0)
836:(3,2,2,0,2,1,1)
837:(2,2,3,1,0,2,1)
838:(3,3,3,3,0,0,1)
839:(0,0,3,2,0,2,1)
840:(0,1,2,1,1,0,1)
841:(0,3,1,2,3,3,1)
842:(1,0,1,2,1,3,1)
843:(2,0,1,2,0,2,1)
844:(2,3,0,1,3,3,0)
845:(3,2,0,3,2,0,1)
846:(0,0,2,1,0,1,0)
847:(0,1,0,0,1,1,0)
848:(0,2,2,0,3,1,1)
849:(0,3,3,3,3,0,1)
850:(1,0,3,3,1,2,1)
851:(1,1,2,0,0,0,1)
852:(2,0,3,3,0,1,1)
853:(1,3,1,2,2,3,0)
854:(2,2,3,1,3,1,1)
855:(2,1,3,2,1,3,1)
856:(2,3,1,2,3,0,1)
857:(3,0,1,3,1,2,1)
858:(0,2,0,3,3,0,1)
859:(1,0,2,0,1,1,0)
860:(1,1,0,1,0,1,0)
861:(1,2,2,2,0,1,1)
862:(1,3,3,3,2,0,1)
863:(2,2,2,2,3,0,1)
864:(2,3,3,3,3,1,1)
865:(3,0,3,0,1,1,1)
866:(3,1,3,1,0,1,1)
867:(3,2,3,2,0,1,1)
868:(3,3,1,0,2,0,1)
869:(0,0,1,0,2,2,1)
870:(1,2,0,3,0,0,1)
871:(2,2,0,3,3,3,1)
872:(2,1,0,0,2,2,0)
873:(3,1,0,2,0,2,1)
874:(3,2,2,1,0,0,1)
875:(3,3,3,3,2,1,1)
876:(0,0,3,3,2,1,1)
877:(0,1,3,2,3,1,1)
878:(3,3,0,3,2,1,1)
879:(0,3,1,1,1,0,1)
880:(1,0,1,2,3,2,1)
881:(2,0,1,2,2,1,0)
882:(2,3,2,2,0,1,1)
883:(2,3,0,1,1,0,1)
884:(3,2,0,0,0,3,1)
885:(0,1,0,1,3,2,1)
886:(0,2,2,0,1,0,1)
887:(0,3,3,2,1,1,1)
888:(1,0,3,3,3,1,1)
889:(1,1,2,0,2,1,0)
890:(2,0,3,3,2,0,0)
891:(1,3,1,2,0,0,1)
892:(2,2,3,0,1,0,1)
893:(2,1,0,2,3,1,0)
894:(3,0,1,2,3,1,0)
895:(3,3,0,2,0,0,1)
896:(0,2,0,3,1,3,1)
897:(1,0,2,0,3,0,1)
898:(1,1,0,1,2,2,1)
899:(1,2,2,1,2,0,1)
900:(1,3,3,3,0,1,1)
901:(2,2,1,1,1,3,1)
902:(2,3,3,3,0,2,1)
903:(3,0,3,3,3,0,0)
904:(3,1,3,0,2,2,1)
905:(3,2,3,2,2,0,1)
906:(3,3,1,1,0,1,1)
907:(0,0,1,0,0,1,0)
908:(1,2,0,2,2,3,1)
909:(2,2,0,2,1,2,0)
910:(2,1,1,3,0,0,1)
911:(3,1,1,1,2,3,1)
912:(3,2,2,1,2,3,1)
913:(3,3,3,0,1,2,1)
914:(0,0,3,3,0,0,0)
915:(0,1,3,2,1,2,1)
916:(0,2,3,2,3,0,1)
917:(0,3,1,1,3,1,1)
918:(1,0,1,1,1,1,0)
919:(2,0,0,1,0,0,1)
920:(2,1,2,0,2,0,0)
921:(2,3,0,0,3,1,1)
922:(3,2,0,0,2,2,0)
923:(0,1,0,1,1,3,1)
924:(0,2,2,1,3,3,1)
925:(0,3,3,2,2,2,1)
926:(1,0,3,2,1,0,0)
927:(1,1,3,3,0,2,1)
928:(2,0,3,3,3,3,1)
929:(1,3,1,1,2,1,1)
930:(2,2,3,0,3,3,1)
931:(2,2,1,0,0,2,1)
932:(2,3,2,1,2,2,0)
933:(3,0,1,2,1,0,1)
934:(3,3,0,2,2,1,1)
935:(0,2,0,0,3,2,1)
936:(1,0,2,0,2,3,1)
937:(1,1,0,0,0,3,1)
938:(1,2,2,1,0,3,1)
939:(1,3,3,2,3,2,1)
940:(2,1,3,1,0,3,1)
941:(2,3,3,2,2,3,0)
942:(3,0,3,3,2,3,1)
943:(3,1,3,0,0,3,1)
944:(3,2,3,3,0,3,1)
945:(3,3,1,1,3,2,0)
946:(0,0,1,1,2,0,1)
947:(0,3,0,3,1,1,1)
948:(1,2,0,2,0,2,0)
949:(2,2,0,2,0,1,1)
950:(3,1,1,1,1,0,1)
951:(3,2,1,2,0,2,1)
952:(3,3,3,0,3,3,0)
953:(0,0,3,3,1,3,1)
954:(0,1,3,3,3,3,1)
955:(0,2,3,2,1,3,1)
956:(0,3,1,0,0,2,0)
957:(1,0,1,1,3,0,1)
958:(2,0,0,1,1,3,1)
959:(2,1,3,3,1,2,1)
960:(2,3,0,0,0,2,1)
961:(3,2,0,0,3,1,0)
962:(0,1,1,2,2,0,1)
963:(0,2,2,1,1,2,0)
964:(0,3,3,1,0,3,0)
965:(1,0,3,2,0,3,1)
966:(1,1,3,3,2,3,1)
967:(1,2,3,3,2,3,1)
968:(2,0,3,2,1,2,1)
969:(1,3,1,1,1,2,0)
970:(2,2,3,3,1,2,0)
971:(2,3,2,1,0,3,1)
972:(3,0,1,2,0,3,1)
973:(3,3,0,3,1,2,1)
974:(0,2,0,0,2,1,1)
975:(1,1,0,0,3,0,1)
976:(1,2,2,0,2,2,0)
977:(1,3,3,2,1,3,0)
978:(2,2,1,1,2,1,0)
979:(2,1,0,1,2,1,0)
980:(2,3,3,2,0,0,1)
981:(3,0,3,3,0,2,1)
982:(3,1,3,3,3,0,0)
983:(3,2,3,3,2,2,0)
984:(3,3,2,2,1,3,1)
985:(0,0,1,1,3,3,1)
986:(0,3,0,3,2,2,1)
987:(1,2,0,2,1,1,0)
988:(2,2,0,2,2,0,1)
989:(3,1,1,0,3,1,0)
990:(3,2,1,2,1,1,1)
991:(3,3,3,1,1,0,1)
992:(0,0,3,0,3,2,1)
993:(0,1,3,3,0,0,0)
994:(0,2,3,3,3,2,1)
995:(0,3,1,0,2,3,1)
996:(1,0,1,1,2,3,1)
997:(2,0,0,1,3,2,1)
998:(1,3,0,3,3,2,1)
999:(2,1,0,3,3,0,1)
1000:(3,2,0,1,1,0,1)
1001:(2,2,2,3,0,2,1)
1002:(0,1,1,2,0,1,0)
1003:(0,2,2,1,0,1,0)
1004:(0,3,3,1,2,0,1)
1005:(1,0,3,2,2,2,1)
1006:(1,1,3,2,1,0,0)
1007:(1,2,3,3,0,2,0)
1008:(2,0,3,2,3,1,1)
1009:(1,3,1,0,3,3,1)
1010:(2,2,3,3,0,1,1)
1011:(2,3,2,0,2,0,1)
1012:(3,0,0,1,2,2,1)
1013:(3,3,0,3,3,3,0)
1014:(0,2,0,0,0,0,1)
1015:(1,1,1,3,1,1,0)
1016:(1,2,2,0,3,1,1)
1017:(1,3,3,1,3,0,1)
1018:(2,2,1,0,0,0,1)
1019:(2,1,1,0,1,3,1)
1020:(3,0,3,2,2,1,1)
1021:(3,1,3,3,1,1,1)
1022:(2,2,0,0,2,2,0)
1023:(3,3,2,2,3,0,1)
1024:(0,0,1,1,1,2,1)
1025:(0,3,0,2,0,3,0)
1026:(1,2,0,1,3,0,1)
1027:(2,1,2,1,3,3,1)
1028:(3,1,1,0,1,2,1)
1029:(3,2,1,2,3,0,1)
1030:(3,3,3,1,3,1,1)
1031:(0,0,3,0,1,1,1)
1032:(0,1,3,0,2,1,1)
1033:(0,2,3,3,2,1,1)
1034:(0,3,2,3,0,0,1)
1035:(1,0,1,0,0,2,1)
1036:(2,0,0,0,1,1,1)
1037:(1,3,0,3,1,3,0)
1038:(2,3,0,3,0,0,1)
1039:(2,1,1,2,2,2,0)
1040:(3,2,0,1,3,3,0)
1041:(0,1,1,3,2,2,1)
1042:(0,2,1,2,2,0,1)
1043:(0,3,3,0,0,1,1)
1044:(1,0,3,1,0,1,1)
1045:(1,1,3,2,3,1,1)
1046:(1,2,3,3,1,1,0)
1047:(2,0,2,1,1,0,0)
1048:(1,3,1,0,1,0,1)
1049:(2,1,2,2,0,2,1)
1050:(2,3,2,0,0,1,1)
1051:(3,0,0,1,0,1,1)
1052:(3,1,2,1,3,1,0)
1053:(3,3,0,0,1,0,1)
1054:(0,2,0,1,2,3,1)
1055:(1,1,1,3,3,2,1)
1056:(1,2,2,0,1,0,1)
1057:(1,3,3,1,1,1,1)
1058:(2,2,1,0,2,3,0)
1059:(3,0,3,2,0,0,1)
1060:(3,1,3,2,3,2,0)
1061:(3,2,3,0,1,0,1)
1062:(3,3,2,3,1,1,1)
1063:(0,0,0,2,3,1,1)
1064:(0,3,0,2,2,0,1)
1065:(1,2,0,1,1,3,0)
1066:(2,1,3,0,1,1,0)
1067:(3,1,1,3,3,3,1)
1068:(3,2,1,3,1,3,1)
1069:(3,3,3,1,2,2,1)
1070:(0,0,3,1,3,0,1)
1071:(0,1,3,0,0,2,0)
1072:(0,2,3,3,0,0,1)
1073:(0,3,2,3,2,1,1)
1074:(1,0,1,0,2,1,1)
1075:(2,0,0,0,3,0,0)
1076:(1,3,0,2,3,0,1)
1077:(2,3,0,2,2,1,1)
1078:(0,1,1,3,0,3,1)
1079:(0,2,1,2,0,3,0)
1080:(0,3,3,0,1,2,1)
1081:(1,0,3,1,2,0,0)
1082:(1,1,3,1,1,2,0)
1083:(1,2,3,2,3,0,1)
1084:(2,0,2,1,2,3,1)
1085:(1,3,2,3,3,1,1)
1086:(2,2,3,2,0,3,1)
1087:(2,1,3,2,2,0,0)
1088:(2,3,2,0,1,2,1)
1089:(3,0,0,0,2,0,0)
1090:(3,1,2,1,1,2,1)
1091:(3,3,0,0,3,1,1)
1092:(0,2,0,1,0,2,0)
1093:(1,1,1,2,1,3,1)
1094:(1,2,1,3,3,3,1)
1095:(1,3,3,1,0,2,1)
1096:(2,2,1,3,0,2,1)
1097:(3,0,2,1,3,3,1)
1098:(3,1,3,2,1,3,1)
1099:(3,2,3,0,3,3,0)
1100:(3,3,2,3,0,2,1)
1101:(0,0,0,2,1,0,0)
1102:(0,1,2,2,2,2,1)
1103:(0,3,0,1,0,1,1)
1104:(1,2,0,0,3,2,1)
1105:(2,1,0,3,0,3,1)
1106:(3,1,1,3,2,0,1)
1107:(3,2,1,3,3,2,0)
1108:(0,0,3,1,0,3,1)
1109:(0,1,3,1,2,3,1)
1110:(0,2,3,0,2,3,1)
1111:(0,3,2,3,3,2,1)
1112:(1,0,0,3,0,0,0)
1113:(2,0,0,3,0,3,1)
1114:(1,3,0,2,1,1,1)
1115:(2,3,0,2,3,2,1)
1116:(0,1,1,3,1,0,1)
1117:(0,2,1,3,2,2,1)
1118:(0,3,3,0,3,3,1)
1119:(1,0,3,0,1,3,1)
1120:(1,1,3,1,3,3,1)
1121:(1,2,3,2,1,3,0)
1122:(2,0,2,0,0,2,1)
1123:(1,3,2,3,2,2,1)
1124:(2,2,3,2,2,2,0)
1125:(2,1,1,1,1,2,1)
1126:(3,0,0,0,1,3,1)
1127:(3,1,2,0,3,3,1)
1128:(3,3,0,0,2,2,1)
1129:(1,1,1,2,0,0,1)
1130:(1,2,1,3,1,2,0)
1131:(1,3,3,0,2,3,0)
1132:(2,2,1,3,3,1,1)
1133:(3,0,2,1,1,2,1)
1134:(3,1,3,2,0,0,1)
1135:(3,2,3,1,1,2,1)
1136:(3,3,2,3,2,3,0)
1137:(0,0,0,3,2,3,1)
1138:(0,1,2,2,0,3,1)
1139:(0,3,0,1,1,2,1)
1140:(1,2,0,0,0,1,1)
1141:(2,3,0,0,1,1,1)
1142:(2,1,1,3,2,1,0)
1143:(3,1,1,3,0,1,1)
1144:(3,2,1,0,0,1,1)
1145:(0,0,2,2,2,2,1)
1146:(0,1,3,1,3,0,1)
1147:(0,2,3,0,0,2,0)
1148:(0,3,2,2,1,3,0)
1149:(1,0,0,3,3,3,1)
1150:(1,1,2,3,1,3,1)
1151:(2,0,0,3,2,2,1)
1152:(1,3,0,2,0,2,1)
1153:(2,1,2,3,0,1,1)
1154:(2,3,0,2,1,3,0)
1155:(0,1,1,0,3,1,1)
1156:(0,2,1,3,1,1,1)
1157:(1,0,3,0,3,2,1)
1158:(1,1,3,1,2,0,1)
1159:(1,2,3,1,3,2,1)
1160:(2,0,2,0,2,1,0)
1161:(1,3,2,3,0,3,0)
1162:(2,2,2,1,1,1,1)
1163:(2,3,2,3,1,0,1)
1164:(3,0,0,3,3,2,1)
1165:(3,1,2,0,2,0,1)
1166:(3,3,0,1,0,3,1)
1167:(2,2,0,1,0,2,1)
1168:(1,1,1,2,2,1,0)
1169:(1,2,1,2,2,1,1)
1170:(1,3,3,0,0,0,1)
1171:(2,1,3,1,1,0,1)
1172:(3,0,2,0,3,1,0)
1173:(3,1,0,1,2,1,0)
1174:(3,2,3,1,2,1,1)
1175:(3,3,2,0,0,0,1)
1176:(0,0,0,3,0,2,1)
1177:(0,1,2,2,1,0,1)
1178:(0,3,0,1,3,3,1)
1179:(2,0,1,1,0,2,1)
1180:(3,1,1,2,2,2,1)
1181:(3,2,1,0,2,0,1)
1182:(0,0,2,2,0,1,0)
1183:(0,1,3,1,1,1,0)
1184:(0,2,3,1,3,1,1)
1185:(0,3,2,2,3,0,1)
1186:(1,0,0,2,1,2,1)
1187:(1,1,2,3,0,0,1)
1188:(2,0,0,2,0,1,1)
1189:(1,3,0,1,2,3,0)
1190:(2,1,3,3,3,3,1)
1191:(2,3,1,1,3,0,1)
1192:(0,1,1,0,1,2,1)
1193:(0,2,1,0,3,0,1)
1194:(1,0,2,3,1,1,0)
1195:(1,1,3,0,0,1,0)
1196:(1,2,3,1,0,1,1)
1197:(2,0,2,3,0,0,1)
1198:(1,3,2,2,2,0,1)
1199:(2,2,2,1,3,0,1)
1200:(2,3,2,2,3,1,1)
1201:(3,0,0,3,1,1,1)
1202:(3,1,2,0,0,1,1)
1203:(3,3,0,1,2,0,1)
1204:(1,1,1,1,0,2,1)
1205:(1,2,1,2,0,0,1)
1206:(2,2,1,2,3,3,1)
1207:(2,1,0,0,0,2,1)
1208:(3,0,2,0,1,0,1)
1209:(3,1,0,1,0,2,1)
1210:(3,2,2,2,0,0,1)
1211:(2,2,2,1,0,0,1)
1212:(0,0,0,0,2,1,1)
1213:(0,1,2,3,3,1,1)
1214:(0,3,0,0,1,0,1)
1215:(2,0,1,1,2,1,0)
1216:(3,1,1,2,0,3,1)
1217:(3,2,1,1,0,3,1)
1218:(0,0,2,3,2,0,1)
1219:(0,1,0,2,3,2,1)
1220:(0,2,3,1,1,0,1)
1221:(0,3,2,1,1,1,1)
1222:(1,0,0,2,3,1,1)
1223:(1,1,2,3,2,1,0)
1224:(2,0,0,2,2,0,0)
1225:(1,3,0,1,0,0,1)
1226:(2,1,0,2,1,1,0)
1227:(3,0,1,1,3,1,0)
1228:(0,1,1,1,3,3,1)
1229:(0,2,1,0,1,3,1)
1230:(1,0,2,3,3,0,1)
1231:(1,1,3,0,2,2,1)
1232:(1,2,3,0,2,0,1)
1233:(2,0,2,3,1,3,1)
1234:(1,3,2,2,0,1,1)
1235:(2,2,2,0,1,3,1)
1236:(2,3,2,2,0,2,1)
1237:(3,0,0,2,3,0,0)
1238:(3,1,2,3,2,2,1)
1239:(3,3,1,2,0,1,1)
1240:(1,1,1,1,2,3,1)
1241:(1,2,1,1,2,3,1)
1242:(2,2,0,1,1,2,0)
1243:(2,1,1,0,2,0,0)
1244:(3,0,2,0,0,3,1)
1245:(3,1,0,0,2,3,1)
1246:(3,2,2,2,2,3,1)
1247:(3,3,2,1,1,2,1)
1248:(0,0,0,0,0,0,0)
1249:(0,1,2,3,1,2,1)
1250:(0,3,0,0,3,1,1)
1251:(2,0,1,0,0,0,1)
1252:(2,1,2,0,0,0,1)
1253:(2,3,3,2,0,3,1)
1254:(3,2,1,1,2,2,0)
1255:(0,0,2,3,3,3,1)
1256:(0,1,0,2,1,3,1)
1257:(0,2,2,2,3,3,1)
1258:(0,3,2,1,2,2,1)
1259:(1,0,0,1,1,0,0)
1260:(1,1,2,2,0,2,1)
1261:(2,0,0,2,3,3,1)
1262:(1,3,0,0,2,1,1)
1263:(2,3,1,0,2,2,0)
1264:(3,0,1,1,1,0,1)
1265:(0,1,1,1,0,0,0)
1266:(0,2,1,1,3,2,1)
1267:(1,0,2,3,2,3,1)
1268:(1,1,0,3,0,3,1)
1269:(1,2,3,0,0,3,1)
1270:(2,0,2,3,3,2,1)
1271:(1,3,2,1,3,2,1)
1272:(2,1,2,2,2,3,1)
1273:(2,3,3,1,2,3,0)
1274:(3,0,0,2,2,3,1)
1275:(3,1,2,3,0,3,1)
1276:(3,3,1,2,3,2,0)
1277:(0,0,1,2,2,0,1)
1278:(1,1,1,0,1,0,0)
1279:(1,2,1,1,0,2,0)
1280:(2,2,0,1,0,1,1)
1281:(3,0,2,3,2,2,1)
1282:(3,1,0,0,1,0,1)
1283:(3,2,2,3,0,2,1)
1284:(3,3,2,1,3,3,0)
1285:(0,0,0,0,1,3,1)
1286:(0,1,2,0,3,3,1)
1287:(0,3,1,3,0,2,0)
1288:(2,0,1,0,1,3,1)
1289:(2,1,3,0,3,2,1)
1290:(3,2,1,1,3,1,0)
1291:(0,0,2,3,1,2,1)
1292:(0,1,0,3,2,0,1)
1293:(0,2,2,2,1,2,0)
1294:(0,3,2,0,0,3,0)
1295:(1,0,0,1,0,3,1)
1296:(1,1,2,2,2,3,1)
1297:(2,0,3,1,1,2,1)
1298:(1,3,0,0,1,2,0)
1299:(2,3,1,2,1,1,1)
1300:(2,2,0,0,0,0,1)
1301:(3,0,1,1,0,3,1)
1302:(0,2,1,1,2,1,1)
1303:(1,0,2,2,0,2,1)
1304:(1,1,0,3,3,0,1)
1305:(1,2,2,3,2,2,0)
1306:(2,0,2,2,1,1,1)
1307:(1,3,2,1,1,3,0)
1308:(2,2,2,0,2,1,0)
1309:(2,1,0,1,0,1,1)
1310:(2,3,3,1,0,0,1)
1311:(3,0,0,2,0,2,1)
1312:(3,1,2,2,3,0,0)
1313:(3,3,1,3,1,3,1)
1314:(0,0,1,2,3,3,1)
1315:(1,1,1,0,3,1,1)
1316:(1,2,1,1,1,1,0)
1317:(2,2,0,1,2,0,1)
1318:(3,0,2,3,0,1,1)
1319:(3,1,0,3,3,1,0)
1320:(3,2,2,3,1,1,1)
1321:(3,3,3,2,1,0,1)
1322:(0,0,0,1,3,2,1)
1323:(0,1,2,0,0,0,0)
1324:(0,3,1,3,2,3,1)
1325:(2,0,1,0,3,2,1)
1326:(2,1,0,3,1,0,1)
1327:(3,2,0,2,1,0,1)
1328:(0,0,2,0,3,1,1)
1329:(0,1,0,3,0,1,0)
1330:(0,2,2,2,0,1,0)
1331:(3,3,0,0,3,3,0)
1332:(0,3,2,0,2,0,1)
1333:(1,0,0,1,2,2,1)
1334:(1,1,2,1,1,0,0)
1335:(2,0,3,1,3,1,1)
1336:(1,3,1,3,3,3,1)
1337:(2,3,1,3,2,0,1)
1338:(3,0,1,0,2,2,1)
1339:(0,2,1,1,0,0,1)
1340:(1,0,2,2,2,1,1)
1341:(1,1,0,2,1,1,0)
1342:(1,2,2,3,3,1,1)
1343:(2,0,2,2,3,0,0)
1344:(1,3,2,0,3,0,1)
1345:(2,2,2,3,0,0,1)
1346:(2,1,1,1,3,3,1)
1347:(3,0,3,1,2,1,1)
1348:(3,1,2,2,1,1,1)
1349:(3,3,1,3,3,0,1)
1350:(0,0,1,2,1,2,1)
1351:(1,2,1,0,3,0,1)
1352:(2,1,2,1,1,3,1)
1353:(2,2,0,0,0,3,1)
1354:(3,0,2,2,2,0,0)
1355:(3,1,0,3,1,2,1)
1356:(3,2,2,3,3,0,1)
1357:(3,3,3,2,3,1,1)
1358:(0,0,0,1,1,1,1)
1359:(0,1,2,1,2,1,1)
1360:(0,3,1,2,0,0,1)
1361:(1,0,1,3,0,2,1)
1362:(2,0,1,3,1,1,1)
1363:(2,1,1,2,0,2,1)
1364:(3,2,0,2,3,3,0)
1365:(0,0,2,0,1,0,0)
1366:(0,1,0,0,2,2,1)
1367:(0,2,2,3,2,0,1)
1368:(0,3,3,3,0,1,1)
1369:(1,0,0,0,0,1,1)
1370:(1,1,2,1,3,1,1)
1371:(2,0,3,0,1,0,0)
1372:(1,3,1,3,1,0,1)
1373:(2,1,2,3,2,2,0)
1374:(2,3,1,3,0,1,1)
1375:(3,0,1,0,0,1,1)
1376:(0,2,0,2,2,3,1)
1377:(1,0,2,1,0,0,0)
1378:(1,1,0,2,3,2,1)
1379:(1,2,2,3,1,0,1)
1380:(1,3,2,0,1,1,1)
1381:(2,2,2,3,2,3,0)
1382:(2,3,3,0,3,2,1)
1383:(3,0,3,1,0,0,1)
1384:(3,1,3,1,3,2,0)
1385:(3,3,1,0,1,1,1)
1386:(0,0,1,3,3,1,1)
1387:(1,2,1,0,1,3,0)
1388:(2,1,3,1,3,1,0)
1389:(3,0,2,2,1,3,1)
1390:(3,1,0,2,3,3,1)
1391:(3,2,2,0,1,3,1)
1392:(3,3,3,2,2,2,1)
1393:(0,0,3,2,3,0,1)
1394:(0,1,2,1,0,2,0)
1395:(0,3,1,2,2,1,1)
1396:(1,0,1,3,2,1,1)
1397:(2,0,1,3,3,0,0)
1398:(2,3,0,1,2,1,1)
1399:(3,2,0,3,1,2,1)
1400:(0,0,2,1,2,3,1)
1401:(0,1,0,0,0,3,1)
1402:(0,2,2,3,0,3,0)
1403:(0,3,3,3,1,2,1)
1404:(1,0,0,0,2,0,0)
1405:(1,1,2,0,1,2,0)
1406:(2,0,3,0,2,3,1)
1407:(1,3,1,2,3,1,1)
1408:(2,2,3,1,0,3,1)
1409:(2,1,3,2,0,0,1)
1410:(2,3,1,3,1,2,1)
1411:(3,0,1,3,2,0,0)
1412:(2,2,3,3,3,2,0)
1413:(0,2,0,2,0,2,0)
1414:(1,0,2,1,3,3,1)
1415:(1,1,0,1,1,3,1)
1416:(1,2,2,2,3,3,1)
1417:(1,3,2,0,0,2,1)
1418:(2,2,2,2,0,2,1)
1419:(2,3,3,0,1,3,0)
1420:(3,0,3,0,3,3,1)
1421:(3,1,3,1,1,3,1)
1422:(3,3,1,0,0,2,1)
1423:(0,0,1,3,1,0,0)
1424:(1,2,0,3,3,2,1)
1425:(2,2,0,3,1,1,1)
1426:(2,1,0,0,2,3,1)
1427:(3,1,0,2,2,0,1)
1428:(3,2,2,0,3,2,0)
1429:(3,3,3,3,0,3,1)
1430:(0,0,3,2,0,3,1)
1431:(0,1,3,2,2,3,1)
1432:(0,3,1,2,3,2,1)
1433:(1,0,1,2,0,0,0)
1434:(2,0,1,2,0,3,1)
1435:(2,3,0,1,3,2,1)
1436:(3,2,0,3,2,1,1)
1437:(0,0,2,1,0,2,1)
1438:(0,1,0,0,1,0,1)
1439:(0,2,2,0,2,2,1)
1440:(0,3,3,3,3,3,1)
1441:(1,0,3,3,1,3,1)
1442:(1,1,2,0,3,3,1)
1443:(2,0,3,3,0,2,1)
1444:(1,3,1,2,2,2,1)
1445:(2,2,3,1,2,2,0)
1446:(2,1,0,2,3,2,1)
1447:(3,0,1,3,1,3,1)
1448:(0,2,0,3,3,1,1)
1449:(3,3,1,2,1,1,1)
1450:(1,0,2,0,1,2,1)
1451:(1,1,0,1,0,0,1)
1452:(1,2,2,2,1,2,0)
1453:(1,3,3,3,2,3,0)
1454:(2,2,2,2,3,1,1)
1455:(2,3,3,0,1,1,1)
1456:(2,3,3,3,3,0,1)
1457:(3,0,3,0,1,2,1)
1458:(3,1,3,1,0,0,1)
1459:(3,2,3,2,1,2,1)
1460:(3,3,1,0,2,3,0)
1461:(0,0,1,0,2,3,1)
1462:(1,2,0,3,0,1,1)
1463:(2,2,0,3,3,0,1)
1464:(2,1,1,3,0,1,1)
1465:(3,1,0,2,0,1,1)
1466:(3,2,2,1,0,1,1)
1467:(3,3,3,3,2,0,1)
1468:(0,0,3,3,2,2,1)
1469:(0,1,3,2,3,0,1)
1470:(0,3,1,1,1,3,0)
1471:(1,0,1,2,3,3,1)
1472:(2,0,1,2,2,2,1)
1473:(2,1,2,0,2,1,0)
1474:(2,3,0,1,1,3,0)
1475:(3,2,0,0,0,0,1)
1476:(2,3,2,3,2,1,1)
1477:(0,1,0,1,3,1,1)
1478:(0,2,2,0,1,1,1)
1479:(0,3,3,2,1,0,1)
1480:(1,0,3,3,3,2,1)
1481:(1,1,2,0,2,0,1)
1482:(2,0,3,3,2,1,0)
1483:(1,3,1,2,0,3,0)
1484:(2,2,3,0,1,1,1)
1485:(2,3,1,2,1,0,1)
1486:(3,0,1,2,3,2,1)
1487:(3,3,0,2,0,3,1)
1488:(0,2,0,3,1,0,1)
1489:(1,0,2,0,3,1,1)
1490:(1,1,0,1,2,1,0)
1491:(1,2,2,1,2,1,1)
1492:(1,3,3,3,0,0,1)
1493:(2,1,2,2,3,0,1)
1494:(2,3,3,3,1,1,1)
1495:(3,0,3,3,3,1,0)
1496:(3,1,3,0,2,1,0)
1497:(3,2,3,2,2,1,1)
1498:(3,3,1,1,0,0,1)
1499:(0,0,1,0,0,2,1)
1500:(1,2,0,2,2,0,1)
1501:(2,3,1,0,1,3,0)
1502:(2,2,0,2,1,3,1)
1503:(3,1,1,1,2,2,1)
1504:(3,2,2,1,2,0,1)
1505:(3,3,3,0,0,1,1)
1506:(0,0,3,3,0,1,0)
1507:(0,1,3,2,1,1,0)
1508:(0,2,3,2,3,1,1)
1509:(0,3,1,1,3,0,1)
1510:(1,0,1,1,1,2,1)
1511:(2,0,0,1,0,1,1)
1512:(2,1,3,3,1,3,1)
1513:(2,3,0,0,3,0,1)
1514:(3,2,0,0,2,3,1)
1515:(0,1,0,1,1,2,1)
1516:(0,2,2,1,3,0,1)
1517:(0,3,3,2,3,1,1)
1518:(1,0,3,2,1,1,0)
1519:(1,1,3,3,0,1,0)
1520:(2,0,3,2,0,0,1)
1521:(1,3,1,1,2,0,1)
1522:(2,2,3,0,3,0,1)
1523:(2,3,2,1,3,1,1)
1524:(3,0,1,2,1,1,1)
1525:(3,3,0,2,2,0,1)
1526:(0,2,0,0,3,3,1)
1527:(1,1,0,0,0,2,1)
1528:(1,2,2,1,0,0,1)
1529:(1,3,3,2,2,1,1)
1530:(2,2,1,1,3,3,1)
1531:(2,1,0,1,2,2,0)
1532:(2,3,3,2,2,2,0)
1533:(3,0,3,3,1,0,1)
1534:(3,1,3,0,0,2,1)
1535:(3,2,3,3,0,0,1)
1536:(3,3,1,1,2,1,1)
1537:(0,0,1,1,2,1,1)
1538:(0,3,0,3,1,0,1)
1539:(1,2,0,2,0,3,1)
1540:(2,2,0,2,3,2,0)
1541:(3,1,1,1,0,3,1)
1542:(3,2,1,2,0,3,1)
1543:(3,3,3,0,3,2,0)
1544:(0,0,3,0,2,0,1)
1545:(0,1,3,3,3,2,1)
1546:(0,2,3,2,1,0,1)
1547:(0,3,1,0,1,1,1)
1548:(1,0,1,1,3,1,1)
1549:(2,0,0,1,2,0,0)
1550:(2,1,0,3,3,1,0)
1551:(2,3,1,1,2,1,1)
1552:(3,2,0,1,0,2,1)
1553:(0,1,1,2,3,3,1)
1554:(0,2,2,1,1,3,1)
1555:(0,3,3,1,0,2,0)
1556:(1,0,3,2,3,0,1)
1557:(1,1,3,3,2,2,1)
1558:(1,2,3,3,2,0,1)
1559:(2,0,3,2,1,3,1)
1560:(1,3,1,1,0,1,1)
1561:(2,2,3,3,1,3,1)
1562:(2,3,2,1,0,2,1)
1563:(3,0,0,1,3,0,0)
1564:(3,3,0,3,0,1,1)
1565:(0,2,0,0,1,2,0)
1566:(1,1,0,0,2,3,1)
1567:(1,2,2,0,2,3,1)
1568:(1,3,3,2,1,2,0)
1569:(2,2,1,0,1,2,0)
1570:(2,1,1,0,0,0,1)
1571:(3,0,3,3,0,3,1)
1572:(3,1,3,3,2,3,1)
1573:(3,2,3,3,2,3,1)
1574:(3,3,2,2,1,2,1)
1575:(0,0,1,1,0,0,0)
1576:(0,3,0,3,3,1,1)
1577:(1,2,0,1,2,2,0)
1578:(2,1,2,1,2,0,0)
1579:(2,2,0,2,2,1,0)
1580:(3,1,1,0,3,0,0)
1581:(3,2,1,2,2,2,0)
1582:(3,3,3,1,1,3,1)
1583:(0,0,3,0,3,3,1)
1584:(0,1,3,3,1,3,1)
1585:(0,2,3,3,3,3,1)
1586:(0,3,1,0,2,2,1)
1587:(1,0,1,0,1,0,0)
1588:(2,0,0,1,3,3,1)
1589:(1,3,0,3,2,1,1)
1590:(2,3,0,3,2,2,0)
1591:(2,1,1,2,2,3,1)
1592:(3,2,0,1,1,1,1)
1593:(0,1,1,2,0,0,0)
1594:(0,2,1,2,3,2,1)
1595:(0,3,3,1,2,3,1)
1596:(1,0,3,2,2,3,1)
1597:(1,1,3,2,0,3,1)
1598:(1,2,3,3,0,3,1)
1599:(2,0,3,2,3,2,1)
1600:(1,3,1,0,3,2,1)
1601:(2,1,2,2,0,3,1)
1602:(2,3,2,0,2,3,0)
1603:(3,0,0,1,2,3,1)
1604:(3,3,0,3,3,2,0)
1605:(0,2,0,0,0,1,0)
1606:(1,1,1,3,1,0,0)
1607:(1,2,2,0,0,2,0)
1608:(1,3,3,1,3,3,1)
1609:(2,2,1,0,0,1,1)
1610:(3,0,3,2,2,2,1)
1611:(3,1,3,3,1,0,1)
1612:(3,2,3,0,0,2,1)
1613:(3,3,2,2,3,3,0)
1614:(0,0,1,1,1,3,1)
1615:(0,3,0,2,0,2,0)
1616:(1,2,0,1,3,1,1)
1617:(2,1,3,0,1,2,1)
1618:(3,1,1,0,1,1,1)
1619:(3,2,1,2,3,1,0)
1620:(2,2,3,1,3,0,1)
1621:(3,3,3,1,3,0,1)
1622:(0,0,3,0,1,2,1)
1623:(0,1,3,0,2,0,1)
1624:(0,2,3,3,1,2,0)
1625:(0,3,2,3,0,3,0)
1626:(1,0,1,0,0,3,1)
1627:(2,0,0,0,1,2,1)
1628:(1,3,0,3,1,2,0)
1629:(2,3,0,3,0,3,1)
1630:(3,2,0,1,3,0,1)
1631:(0,1,1,3,2,1,1)
1632:(0,2,1,2,2,1,1)
1633:(0,3,3,0,0,0,1)
1634:(1,0,3,1,0,2,1)
1635:(1,1,3,2,3,0,1)
1636:(1,2,3,2,2,2,0)
1637:(2,0,2,1,1,1,1)
1638:(1,3,1,0,1,3,0)
1639:(2,2,3,3,2,1,0)
1640:(2,1,3,2,2,1,0)
1641:(2,3,2,0,0,0,1)
1642:(3,0,0,1,0,2,1)
1643:(3,1,2,1,3,0,0)
1644:(3,3,0,0,1,3,1)
1645:(0,2,0,1,2,0,1)
1646:(1,1,1,3,3,1,1)
1647:(1,2,2,0,1,1,0)
1648:(1,3,3,1,1,0,1)
1649:(2,2,1,0,2,0,1)
1650:(3,0,3,2,0,1,1)
1651:(3,1,3,2,3,1,0)
1652:(3,2,3,0,1,1,1)
1653:(3,3,2,3,1,0,1)
1654:(0,0,0,2,3,2,1)
1655:(0,3,0,2,2,3,1)
1656:(1,2,0,1,1,0,1)
1657:(2,1,0,0,3,0,1)
1658:(3,1,1,3,3,2,0)
1659:(3,2,1,3,1,0,1)
1660:(0,0,3,1,3,1,1)
1661:(0,1,3,0,0,1,0)
1662:(0,2,3,3,0,1,0)
1663:(0,3,2,3,2,0,1)
1664:(1,0,1,0,2,2,1)
1665:(2,0,0,0,3,1,1)
1666:(1,3,0,2,3,3,1)
1667:(2,3,2,2,1,3,0)
1668:(2,3,0,2,2,0,1)
1669:(0,1,1,3,0,2,0)
1670:(0,2,1,2,0,0,1)
1671:(0,3,3,0,2,1,1)
1672:(1,0,3,1,2,1,1)
1673:(1,1,3,1,1,1,0)
1674:(1,2,3,2,3,1,1)
1675:(2,0,2,1,3,0,0)
1676:(1,3,2,3,3,0,1)
1677:(2,2,3,2,0,0,1)
1678:(2,1,1,1,1,3,1)
1679:(3,0,0,0,2,1,1)
1680:(3,1,2,1,1,1,1)
1681:(3,3,0,0,3,0,1)
1682:(0,2,0,1,0,3,0)
1683:(1,1,1,2,1,2,0)
1684:(1,2,1,3,3,0,1)
1685:(1,3,3,0,3,1,1)
1686:(2,2,1,3,0,3,1)
1687:(3,0,2,1,2,0,0)
1688:(3,1,3,2,1,2,1)
1689:(3,2,3,0,3,0,1)
1690:(3,3,1,0,0,1,1)
1691:(3,3,2,3,3,1,1)
1692:(0,0,0,2,1,1,1)
1693:(0,1,2,2,2,1,1)
1694:(0,3,0,1,0,0,1)
1695:(1,2,0,0,3,3,1)
1696:(2,1,1,3,2,2,0)
1697:(3,1,1,3,1,3,1)
1698:(3,2,1,3,3,3,0)
1699:(0,0,3,1,1,0,0)
1700:(0,1,3,1,2,2,1)
1701:(0,2,3,0,2,0,1)
1702:(0,3,2,2,0,1,1)
1703:(1,0,0,3,0,1,1)
1704:(2,0,0,3,1,0,0)
1705:(1,3,0,2,1,0,1)
1706:(2,1,2,3,0,2,1)
1707:(2,3,0,2,0,1,1)
1708:(0,1,1,0,2,3,1)
1709:(0,2,1,3,2,3,1)
1710:(0,3,3,0,3,2,1)
1711:(1,0,3,0,0,0,0)
1712:(1,1,3,1,3,2,1)
1713:(1,2,3,2,1,0,1)
1714:(2,0,2,0,0,3,1)
1715:(1,3,2,3,1,1,1)
1716:(2,2,3,2,2,3,0)
1717:(2,3,2,3,3,2,1)
1718:(3,0,0,0,0,0,1)
1719:(3,1,2,0,3,2,0)
1720:(3,3,0,1,1,1,1)
1721:(1,1,1,2,3,3,1)
1722:(1,2,1,3,1,3,0)
1723:(1,3,3,0,2,2,1)
1724:(2,1,3,1,1,1,0)
1725:(3,0,2,1,1,3,1)
1726:(3,1,0,1,3,3,1)
1727:(3,2,3,1,1,3,1)
1728:(3,3,2,3,2,2,1)
1729:(0,0,0,3,3,0,1)
1730:(0,1,2,2,0,2,0)
1731:(0,3,0,1,2,1,1)
1732:(1,2,0,0,1,2,0)
1733:(2,2,1,3,0,0,1)
1734:(3,1,1,3,0,0,1)
1735:(3,2,1,0,1,2,1)
1736:(0,0,2,2,2,3,1)
1737:(0,1,3,1,0,3,1)
1738:(0,2,3,0,0,3,0)
1739:(0,3,2,2,1,2,1)
1740:(1,0,0,3,2,0,0)
1741:(1,1,2,3,1,2,0)
1742:(2,0,0,3,2,3,1)
1743:(1,3,0,1,3,1,1)
1744:(2,1,3,3,2,0,0)
1745:(2,3,0,2,1,2,1)
1746:(0,1,1,0,3,0,1)
1747:(0,2,1,3,0,2,0)
1748:(1,0,3,0,3,3,1)
1749:(1,1,3,0,1,3,1)
1750:(1,2,3,1,3,3,1)
1751:(2,0,2,0,2,2,1)
1752:(1,3,2,3,0,2,1)
1753:(2,2,2,1,0,2,1)
1754:(2,3,2,3,1,3,0)
1755:(3,0,0,3,3,3,1)
1756:(3,1,2,0,1,3,1)
1757:(3,3,0,1,0,2,1)
1758:(1,1,1,2,2,0,1)
1759:(1,2,1,2,3,2,1)
1760:(1,3,3,0,0,3,0)
1761:(2,2,1,2,1,1,1)
1762:(2,1,0,0,0,3,1)
1763:(3,0,2,0,3,2,1)
1764:(3,1,0,1,2,0,1)
1765:(3,2,3,1,3,2,0)
1766:(3,3,2,0,0,3,1)
1767:(0,0,0,3,0,3,1)
1768:(0,1,2,3,2,3,1)
1769:(0,3,0,1,3,2,1)
1770:(2,0,1,1,0,3,1)
1771:(3,1,1,2,2,1,0)
1772:(3,2,1,0,2,1,1)
1773:(0,0,2,2,0,2,1)
1774:(0,1,3,1,1,0,1)
1775:(0,2,3,1,2,2,1)
1776:(0,3,2,2,3,3,1)
1777:(1,0,0,2,1,3,1)
1778:(1,1,2,3,3,3,1)
1779:(2,0,0,2,0,2,1)
1780:(1,3,0,1,2,2,1)
1781:(2,1,0,2,1,2,1)
1782:(2,2,2,3,3,0,1)
1783:(0,1,1,0,1,1,0)
1784:(0,2,1,0,3,1,1)
1785:(1,0,2,3,1,2,1)
1786:(1,1,3,0,0,0,1)
1787:(1,2,3,1,1,2,0)
1788:(2,0,2,3,0,1,1)
1789:(1,3,2,2,2,3,0)
1790:(2,2,2,1,3,1,1)
1791:(2,3,2,2,3,0,1)
1792:(3,0,0,3,1,2,1)
1793:(3,1,2,0,0,0,1)
1794:(3,3,0,1,2,3,0)
1795:(1,1,1,1,0,1,0)
1796:(1,2,1,2,0,1,1)
1797:(2,2,1,2,3,0,1)
1798:(2,1,1,0,2,1,0)
1799:(3,0,2,0,1,1,1)
1800:(3,1,0,1,0,1,1)
1801:(3,2,2,2,0,1,1)
1802:(3,3,2,0,2,0,1)
1803:(0,0,0,0,2,2,1)
1804:(0,1,2,3,3,0,1)
1805:(0,3,0,0,1,3,0)
1806:(2,0,1,1,2,2,1)
1807:(2,1,2,0,0,1,1)
1808:(3,1,1,2,0,2,1)
1809:(3,2,1,1,0,0,1)
1810:(0,0,2,3,2,1,1)
1811:(0,1,0,2,3,1,1)
1812:(0,2,3,1,1,1,1)
1813:(0,3,2,1,1,0,1)
1814:(1,0,0,2,3,2,1)
1815:(1,1,2,3,2,0,1)
1816:(2,0,0,2,2,1,0)
1817:(1,3,0,1,0,3,0)
1818:(2,3,1,1,1,0,1)
1819:(2,1,1,2,3,0,1)
1820:(0,1,1,1,3,2,1)
1821:(0,2,1,0,1,0,1)
1822:(1,0,2,3,3,1,1)
1823:(1,1,3,0,2,1,0)
1824:(1,2,3,0,2,1,1)
1825:(2,0,2,3,2,0,0)
1826:(1,3,2,2,0,0,1)
1827:(2,1,2,2,1,0,1)
1828:(2,3,2,2,1,1,1)
1829:(3,0,0,2,3,1,0)
1830:(3,1,2,3,2,1,0)
1831:(3,3,1,2,0,0,1)
1832:(1,1,1,1,2,2,1)
1833:(1,2,1,1,2,0,1)
1834:(2,2,0,1,1,3,1)
1835:(3,0,2,3,3,0,0)
1836:(3,1,0,0,2,2,1)
1837:(3,2,2,2,2,0,1)
1838:(3,3,2,1,0,1,1)
1839:(0,0,0,0,0,1,0)
1840:(0,1,2,3,1,1,0)
1841:(0,3,0,0,3,0,1)
1842:(2,0,1,0,0,1,1)
1843:(2,1,3,0,3,3,1)
1844:(3,2,1,1,2,3,1)
1845:(0,0,2,3,0,0,0)
1846:(0,1,0,2,1,2,1)
1847:(0,2,2,2,3,0,1)
1848:(0,3,2,1,3,1,1)
1849:(1,0,0,1,1,1,0)
1850:(1,1,2,2,0,1,0)
1851:(2,0,3,1,0,0,1)
1852:(1,3,0,0,2,0,1)
1853:(2,3,1,0,3,1,1)
1854:(3,0,1,1,1,1,1)
1855:(0,1,1,1,1,3,1)
1856:(0,2,1,1,3,3,1)
1857:(1,0,2,2,1,0,0)
1858:(1,1,0,3,0,2,1)
1859:(1,2,3,0,0,0,1)
1860:(2,0,2,3,3,3,1)
1861:(1,3,2,1,2,1,1)
1862:(2,2,2,0,3,3,1)
1863:(2,1,0,1,0,2,1)
1864:(2,3,3,1,2,2,0)
1865:(2,3,2,1,0,1,1)
1866:(3,1,2,3,0,2,1)
1867:(3,3,1,2,2,1,1)
1868:(0,0,1,2,2,1,1)
1869:(1,1,1,0,0,3,1)
1870:(1,2,1,1,0,3,1)
1871:(2,2,0,1,3,2,0)
1872:(3,0,2,3,2,3,1)
1873:(3,1,0,0,0,3,1)
1874:(3,2,2,3,0,3,1)
1875:(3,3,2,1,3,2,0)
1876:(0,0,0,1,2,0,1)
1877:(0,1,2,0,3,2,1)
1878:(0,3,1,3,1,1,1)
1879:(2,0,1,0,2,0,0)
1880:(2,1,0,3,1,1,0)
1881:(3,2,0,2,0,2,1)
1882:(0,0,2,3,1,3,1)
1883:(0,1,0,3,3,3,1)
1884:(0,2,2,2,1,3,1)
1885:(0,3,2,0,0,2,0)
1886:(1,0,0,1,3,0,1)
1887:(1,1,2,2,2,2,1)
1888:(2,0,3,1,1,3,1)
1889:(1,3,0,0,0,1,1)
1890:(2,3,1,0,0,2,1)
1891:(3,0,1,0,3,0,0)
1892:(0,2,1,1,1,2,0)
1893:(1,0,2,2,0,3,1)
1894:(1,1,0,3,2,3,1)
1895:(1,2,2,3,2,3,1)
1896:(2,0,2,2,1,2,1)
1897:(1,3,2,1,1,2,0)
1898:(2,2,2,3,1,2,0)
1899:(2,1,1,1,2,0,0)
1900:(3,0,0,2,0,3,1)
1901:(3,1,2,2,2,3,1)
1902:(3,3,1,3,1,2,1)
1903:(0,0,1,2,0,0,0)
1904:(1,1,1,0,3,0,1)
1905:(1,2,1,0,2,2,0)
1906:(2,1,2,1,0,0,1)
1907:(2,2,0,1,2,1,0)
1908:(3,0,2,3,0,2,1)
1909:(3,1,0,3,3,0,0)
1910:(3,2,2,3,2,2,0)
1911:(3,3,3,2,1,3,1)
1912:(0,0,0,1,3,3,1)
1913:(0,1,2,0,1,3,1)
1914:(0,3,1,3,2,2,1)
1915:(1,0,1,3,1,0,0)
1916:(2,0,1,0,3,3,1)
1917:(2,3,0,3,2,3,0)
1918:(2,1,1,2,0,3,1)
1919:(3,2,0,2,1,1,1)
1920:(0,0,2,0,3,2,1)
1921:(0,1,0,3,0,0,0)
1922:(0,2,2,3,3,2,1)
1923:(0,3,2,0,2,3,1)
1924:(1,0,0,1,2,3,1)
1925:(1,1,2,1,0,3,1)
1926:(2,0,3,1,3,2,1)
1927:(1,3,1,3,3,2,1)
1928:(2,1,2,3,2,3,1)
1929:(2,3,1,3,2,3,0)
1930:(3,0,1,0,2,3,1)
1931:(0,2,1,1,0,1,0)
1932:(1,0,2,2,2,2,1)
1933:(1,1,0,2,1,0,0)
1934:(1,2,2,3,0,2,0)
1935:(2,0,2,2,3,1,1)
1936:(1,3,2,0,3,3,1)
1937:(2,2,2,3,0,1,1)
1938:(2,2,0,3,2,0,1)
1939:(2,3,3,0,2,0,1)
1940:(3,0,3,1,2,2,1)
1941:(3,1,2,2,1,0,1)
1942:(3,3,1,3,3,3,0)
1943:(0,0,1,2,1,3,1)
1944:(2,2,0,1,3,0,1)
1945:(1,2,1,0,3,1,1)
1946:(2,1,3,1,3,2,1)
1947:(3,0,2,2,2,1,1)
1948:(3,1,0,3,1,1,1)
1949:(3,2,2,3,3,1,0)
1950:(3,3,3,2,3,0,1)
1951:(0,0,0,1,1,2,1)
1952:(0,1,2,1,2,0,1)
1953:(0,3,1,2,0,3,0)
1954:(1,0,1,3,0,3,1)
1955:(2,0,1,3,1,2,1)
1956:(3,2,0,2,3,0,1)
1957:(0,0,2,0,1,1,1)
1958:(0,1,0,0,2,1,1)
1959:(0,2,2,3,2,1,1)
1960:(0,3,3,3,0,0,1)
1961:(1,0,0,0,0,2,1)
1962:(1,1,2,1,3,0,1)
1963:(2,0,3,0,1,1,1)
1964:(1,3,1,3,1,3,0)
1965:(2,1,3,2,0,1,1)
1966:(2,3,1,3,0,0,1)
1967:(3,0,1,0,0,2,1)
1968:(0,2,0,2,2,0,1)
1969:(1,0,2,1,0,1,1)
1970:(1,1,0,2,3,1,1)
1971:(1,2,2,3,1,1,0)
1972:(1,3,2,0,1,0,1)
1973:(2,2,2,3,2,0,1)
1974:(2,3,3,0,0,1,1)
1975:(3,0,3,1,0,1,1)
1976:(3,1,3,1,3,1,0)
1977:(3,3,1,0,1,0,1)
1978:(0,0,1,3,3,2,1)
1979:(1,2,1,0,1,0,1)
1980:(2,2,0,0,2,3,0)
1981:(2,1,0,0,1,0,1)
1982:(3,0,2,2,0,0,1)
1983:(3,1,0,2,3,2,0)
1984:(3,2,2,0,1,0,1)
1985:(2,2,2,1,2,2,0)
1986:(0,0,3,2,3,1,1)
1987:(0,1,2,1,0,1,0)
1988:(0,3,1,2,2,0,1)
1989:(1,0,1,3,2,2,1)
1990:(2,0,1,3,3,1,1)
1991:(2,3,0,1,2,0,1)
1992:(3,2,0,3,1,3,1)
1993:(0,0,2,1,3,0,1)
1994:(0,1,0,0,0,2,0)
1995:(0,2,2,3,0,0,1)
1996:(0,3,3,3,2,1,1)
1997:(1,0,0,0,2,1,1)
1998:(1,1,2,0,1,1,0)
1999:(2,0,3,0,3,0,0)
2000:(1,3,1,2,3,0,1)
2001:(2,2,3,1,0,0,1)
2002:(2,1,0,2,3,3,1)
2003:(3,0,1,3,2,1,1)
2004:(0,2,0,2,0,3,0)
2005:(1,0,2,1,2,0,0)
2006:(1,1,0,1,1,2,0)
2007:(1,2,2,2,3,0,1)
2008:(1,3,3,3,3,1,1)
2009:(2,2,2,2,0,3,1)
2010:(2,3,3,0,1,2,1)
2011:(3,0,3,0,2,0,0)
2012:(3,1,3,1,1,2,1)
2013:(3,3,1,0,3,1,1)
2014:(0,0,1,3,1,1,1)
2015:(1,2,0,3,3,3,1)
2016:(2,2,0,3,0,2,1)
2017:(2,1,1,3,0,2,1)
2018:(3,1,0,2,1,3,1)
2019:(3,2,2,0,3,3,0)
2020:(3,3,3,3,0,2,1)
2021:(0,0,3,2,1,0,0)
2022:(0,1,3,2,2,2,1)
2023:(0,3,1,1,0,1,1)
2024:(1,0,1,2,0,1,1)
2025:(2,0,1,2,1,0,0)
2026:(2,1,2,0,2,2,0)
2027:(2,3,0,1,0,1,1)
2028:(3,2,0,3,3,2,0)
2029:(0,0,2,1,0,3,1)
2030:(0,1,0,1,2,3,1)
2031:(0,2,2,0,2,3,1)
2032:(0,3,3,3,3,2,1)
2033:(1,0,3,3,0,0,0)
2034:(1,1,2,0,3,2,1)
2035:(2,0,3,3,0,3,1)
2036:(1,3,1,2,1,1,1)
2037:(2,2,3,1,2,3,0)
2038:(3,2,3,3,3,1,0)
2039:(2,3,1,2,3,2,1)
2040:(3,0,1,3,0,0,1)
2041:(3,3,0,2,1,1,1)
2042:(0,2,0,3,2,2,1)
2043:(1,0,2,0,1,3,1)
2044:(1,1,0,1,3,3,1)
2045:(1,2,2,2,1,3,0)
2046:(1,3,3,3,2,2,1)
2047:(2,1,2,2,3,1,0)
2048:(2,3,3,3,3,3,0)
2049:(3,0,3,0,1,3,1)
2050:(3,1,3,0,3,3,1)
2051:(3,2,3,2,1,3,1)
2052:(3,3,1,0,2,2,1)
2053:(0,0,1,0,3,0,1)
2054:(1,2,0,3,1,2,0)
2055:(2,2,0,3,3,1,1)
2056:(3,1,0,2,0,0,1)
2057:(3,2,2,1,1,2,1)
2058:(3,3,3,3,2,3,0)
2059:(0,0,3,3,2,3,1)
2060:(0,1,3,2,0,3,1)
2061:(0,3,1,1,1,2,1)
2062:(1,0,1,2,2,0,0)
2063:(2,0,1,2,2,3,1)
2064:(2,1,3,3,0,0,1)
2065:(2,3,0,1,1,2,1)
2066:(3,2,0,0,0,1,1)
2067:(0,1,0,1,3,0,1)
2068:(0,2,2,0,0,2,0)
2069:(0,3,3,2,1,3,0)
2070:(1,0,3,3,3,3,1)
2071:(1,1,3,3,1,3,1)
2072:(2,0,3,3,2,2,1)
2073:(1,3,1,2,0,2,1)
2074:(2,2,3,0,0,2,1)
2075:(2,3,1,2,1,3,0)
2076:(3,0,1,2,3,3,1)
2077:(3,3,0,2,0,2,1)
2078:(0,2,0,3,1,1,1)
2079:(1,0,2,0,3,2,1)
2080:(1,1,0,1,2,0,1)
2081:(1,2,2,1,3,2,1)
2082:(1,3,3,3,0,3,0)
2083:(2,2,1,1,1,1,1)
2084:(2,1,0,1,2,3,1)
2085:(2,3,3,3,1,0,1)
2086:(3,0,3,3,3,2,1)
2087:(3,1,3,0,2,0,1)
2088:(3,2,3,2,3,2,0)
2089:(3,3,1,1,0,3,1)
2090:(0,0,1,0,0,3,1)
2091:(1,2,0,2,2,1,1)
2092:(2,2,0,2,1,0,1)
2093:(3,1,1,1,2,1,0)
2094:(3,2,2,1,2,1,1)
2095:(3,3,3,0,0,0,1)
2096:(0,0,3,3,0,2,1)
2097:(0,1,3,2,1,0,1)
2098:(0,2,3,2,2,2,1)
2099:(0,3,1,1,3,3,1)
2100:(1,0,1,1,1,3,1)
2101:(2,0,0,1,0,2,1)
2102:(2,1,0,3,3,2,1)
2103:(3,2,0,0,2,0,1)
2104:(0,1,0,1,1,1,0)
2105:(0,2,2,1,3,1,1)
2106:(0,3,3,2,3,0,1)
2107:(1,0,3,2,1,2,1)
2108:(1,1,3,3,0,0,1)
2109:(2,0,3,2,0,1,1)
2110:(1,3,1,1,2,3,0)
2111:(2,2,3,0,3,1,1)
2112:(2,3,2,1,3,0,1)
2113:(3,0,1,2,1,2,1)
2114:(3,3,0,2,2,3,0)
2115:(0,2,0,0,3,0,1)
2116:(1,1,0,0,0,1,0)
2117:(1,2,2,1,0,1,1)
2118:(2,3,0,1,3,1,1)
2119:(1,3,3,2,2,0,1)
2120:(2,2,1,1,3,0,1)
2121:(2,1,1,0,0,1,1)
2122:(3,0,3,3,1,1,1)
2123:(3,1,3,0,0,1,1)
2124:(3,2,3,3,0,1,1)
2125:(3,3,1,1,2,0,1)
2126:(0,0,1,1,2,2,1)
2127:(0,3,0,3,1,3,0)
2128:(1,2,0,2,0,0,1)
2129:(2,1,2,1,2,1,0)
2130:(2,2,0,2,3,3,1)
2131:(3,1,1,1,0,2,1)
2132:(3,2,1,2,0,0,1)
2133:(3,3,3,0,2,1,1)
2134:(0,0,3,0,2,1,1)
2135:(0,1,3,3,3,1,1)
2136:(0,2,3,2,1,1,1)
2137:(0,3,1,0,1,0,1)
2138:(1,0,1,1,3,2,1)
2139:(2,0,0,1,2,1,0)
2140:(2,3,0,0,1,0,1)
2141:(2,1,1,2,1,0,1)
2142:(3,2,0,1,0,3,1)
2143:(2,2,1,3,2,2,0)
2144:(0,1,1,2,3,2,1)
2145:(0,2,2,1,1,0,1)
2146:(0,3,3,1,1,1,1)
2147:(1,0,3,2,3,1,1)
2148:(1,1,3,3,2,1,0)
2149:(1,2,3,3,2,1,1)
2150:(2,0,3,2,2,0,0)
2151:(1,3,1,1,0,0,1)
2152:(2,1,2,3,3,0,1)
2153:(2,3,2,1,1,1,1)
2154:(3,0,0,1,3,1,0)
2155:(3,3,0,3,0,0,1)
2156:(0,2,0,0,1,3,1)
2157:(1,1,0,0,2,2,1)
2158:(1,2,2,0,2,0,1)
2159:(1,3,3,2,0,1,1)
2160:(2,2,1,0,1,3,1)
2161:(2,3,3,2,0,2,1)
2162:(3,0,3,2,3,0,0)
2163:(3,1,3,3,2,2,1)
2164:(3,2,3,3,2,0,1)
2165:(3,3,2,2,0,1,1)
2166:(0,0,1,1,0,1,0)
2167:(0,3,0,3,3,0,1)
2168:(1,2,0,1,2,3,1)
2169:(2,1,3,0,1,3,1)
2170:(3,1,1,0,2,3,1)
2171:(3,2,1,2,2,3,1)
2172:(3,3,3,1,1,2,1)
2173:(0,0,3,0,0,0,0)
2174:(0,1,3,3,1,2,1)
2175:(0,2,3,3,3,0,1)
2176:(0,3,1,0,3,1,1)
2177:(1,0,1,0,1,1,0)
2178:(2,0,0,0,0,0,1)
2179:(1,3,0,3,2,0,1)
2180:(2,3,0,3,3,1,1)
2181:(3,2,0,1,2,2,0)
2182:(0,1,1,2,1,3,1)
2183:(0,2,1,2,3,3,1)
2184:(0,3,3,1,2,2,1)
2185:(1,0,3,1,1,0,0)
2186:(1,1,3,2,0,2,1)
2187:(1,2,3,3,0,0,1)
2188:(2,0,3,2,3,3,1)
2189:(1,3,1,0,2,1,1)
2190:(2,2,3,3,3,3,1)
2191:(2,1,3,2,2,2,0)
2192:(2,3,2,0,2,2,0)
2193:(3,0,0,1,1,0,1)
2194:(2,2,3,3,2,0,1)
2195:(0,2,0,1,3,2,1)
2196:(1,1,1,3,0,3,1)
2197:(1,2,2,0,0,3,1)
2198:(1,3,3,1,3,2,1)
2199:(2,2,1,0,3,2,0)
2200:(3,0,3,2,2,3,1)
2201:(3,1,3,3,0,3,1)
2202:(3,2,3,0,0,3,1)
2203:(3,3,2,2,3,2,0)
2204:(0,0,0,2,2,0,1)
2205:(0,3,0,2,1,1,1)
2206:(1,2,0,1,0,2,0)
2207:(2,1,0,0,3,1,0)
2208:(3,1,1,0,1,0,1)
2209:(3,2,1,3,0,2,1)
2210:(3,3,3,1,3,3,0)
2211:(0,0,3,0,1,3,1)
2212:(0,1,3,0,3,3,1)
2213:(0,2,3,3,1,3,1)
2214:(0,3,2,3,0,2,0)
2215:(1,0,1,0,3,0,1)
2216:(2,0,0,0,1,3,1)
2217:(1,3,0,3,0,1,1)
2218:(2,3,0,3,0,2,1)
2219:(3,2,0,1,3,1,0)
2220:(0,1,1,3,2,0,1)
2221:(0,2,1,2,1,2,0)
2222:(0,3,3,0,0,3,0)
2223:(1,0,3,1,0,3,1)
2224:(1,1,3,2,2,3,1)
2225:(1,2,3,2,2,3,1)
2226:(2,0,2,1,1,2,1)
2227:(1,3,1,0,1,2,0)
2228:(2,2,3,2,1,2,0)
2229:(2,1,1,1,0,0,1)
2230:(3,0,0,1,0,3,1)
2231:(3,1,2,1,2,3,1)
2232:(3,3,0,0,1,2,1)
2233:(0,2,0,1,2,1,1)
2234:(1,1,1,3,3,0,1)
2235:(1,2,1,3,2,2,0)
2236:(1,3,3,1,1,3,0)
2237:(2,2,1,0,2,1,0)
2238:(2,3,3,3,2,3,0)
2239:(3,0,3,2,0,2,1)
2240:(3,1,3,2,3,0,0)
2241:(3,2,3,0,2,2,0)
2242:(3,3,2,3,1,3,1)
2243:(0,0,0,2,3,3,1)
2244:(0,3,0,2,2,2,1)
2245:(1,2,0,1,1,1,0)
2246:(2,1,1,3,2,3,1)
2247:(3,1,1,3,3,1,0)
2248:(3,2,1,3,1,1,1)
2249:(0,0,3,1,3,2,1)
2250:(0,1,3,0,0,0,0)
2251:(0,2,3,0,3,2,1)
2252:(0,3,2,3,2,3,1)
2253:(1,0,1,0,2,3,1)
2254:(2,0,0,0,3,2,1)
2255:(1,3,0,2,3,2,1)
2256:(2,1,2,3,0,3,1)
2257:(2,3,0,2,2,3,0)
2258:(0,1,1,3,0,1,0)
2259:(0,2,1,2,0,1,0)
2260:(0,3,3,0,2,0,1)
2261:(1,0,3,1,2,2,1)
2262:(1,1,3,1,1,0,0)
2263:(1,2,3,2,0,2,0)
2264:(2,0,2,1,3,1,1)
2265:(1,3,2,3,3,3,1)
2266:(2,2,3,2,0,1,1)
2267:(2,3,2,3,2,0,1)
2268:(3,0,0,0,2,2,1)
2269:(3,1,2,1,1,0,1)
2270:(2,3,0,3,1,3,0)
2271:(0,2,0,1,0,0,1)
2272:(1,1,1,2,1,1,0)
2273:(1,2,1,3,3,1,1)
2274:(1,3,3,0,3,0,1)
2275:(2,1,3,1,1,2,1)
2276:(3,0,2,1,2,1,1)
2277:(3,1,3,2,1,1,1)
2278:(3,2,3,0,3,1,0)
2279:(3,3,2,3,3,0,1)
2280:(0,0,0,2,1,2,1)
2281:(0,1,2,2,2,0,1)
2282:(0,3,0,1,0,3,0)
2283:(1,2,0,0,3,0,1)
2284:(2,3,1,3,3,1,1)
2285:(3,1,1,3,1,2,1)
2286:(3,2,1,3,3,0,1)
2287:(0,0,3,1,1,1,1)
2288:(0,1,3,1,2,1,1)
2289:(0,2,3,0,2,1,1)
2290:(0,3,2,2,0,0,1)
2291:(1,0,0,3,0,2,1)
2292:(2,0,0,3,1,1,1)
2293:(1,3,0,2,1,3,0)
2294:(2,1,3,3,2,1,0)
2295:(2,3,0,2,0,0,1)
2296:(0,1,1,0,2,2,1)
2297:(0,2,1,3,2,0,1)
2298:(1,0,3,0,0,1,1)
2299:(1,1,3,1,3,1,1)
2300:(1,2,3,2,1,1,0)
2301:(2,0,2,0,1,0,0)
2302:(1,3,2,3,1,0,1)
2303:(2,2,3,2,2,0,1)
2304:(2,3,2,3,0,1,1)
2305:(3,0,0,0,0,1,1)
2306:(3,1,2,0,3,1,0)
2307:(3,3,0,1,1,0,1)
2308:(2,3,0,2,3,1,1)
2309:(1,1,1,2,3,2,1)
2310:(1,2,1,3,1,0,1)
2311:(1,3,3,0,1,1,1)
2312:(2,2,1,3,2,3,0)
2313:(2,1,0,1,3,0,1)
2314:(3,0,2,1,0,0,1)
2315:(3,1,0,1,3,2,0)
2316:(3,2,3,1,1,0,1)
2317:(3,3,2,0,1,1,1)
2318:(0,0,0,3,3,1,1)
2319:(0,1,2,2,0,1,0)
2320:(0,3,0,1,2,0,1)
2321:(1,2,0,0,1,3,0)
2322:(3,1,1,2,3,3,1)
2323:(3,2,1,0,1,3,1)
2324:(0,0,2,2,3,0,1)
2325:(0,1,3,1,0,2,0)
2326:(0,2,3,0,0,0,1)
2327:(0,3,2,2,2,1,1)
2328:(1,0,0,3,2,1,1)
2329:(1,1,2,3,1,1,0)
2330:(2,0,0,3,3,0,0)
2331:(1,3,0,1,3,0,1)
2332:(2,1,0,2,1,3,1)
2333:(0,1,1,0,0,3,1)
2334:(0,2,1,3,0,3,0)
2335:(1,0,3,0,2,0,0)
2336:(1,1,3,0,1,2,0)
2337:(1,2,3,1,3,0,1)
2338:(2,0,2,0,2,3,1)
2339:(1,3,2,2,3,1,1)
2340:(2,2,2,1,0,3,1)
2341:(2,3,2,3,1,2,1)
2342:(3,0,0,3,2,0,0)
2343:(3,1,2,0,1,2,1)
2344:(3,3,0,1,3,1,1)
2345:(1,1,1,1,1,3,1)
2346:(1,2,1,2,3,3,1)
2347:(1,3,3,0,0,2,1)
2348:(2,2,1,2,0,2,1)
2349:(2,1,1,0,2,2,0)
2350:(3,0,2,0,3,3,1)
2351:(3,1,0,1,1,3,1)
2352:(3,2,3,1,3,3,0)
2353:(3,3,2,0,0,2,1)
2354:(0,0,0,3,1,0,0)
2355:(0,1,2,3,2,2,1)
2356:(0,3,0,0,0,1,1)
2357:(2,0,1,1,1,0,0)
2358:(2,1,2,0,0,2,1)
2359:(3,1,1,2,2,0,1)
2360:(3,2,1,0,3,2,0)
2361:(0,0,2,2,0,3,1)
2362:(0,1,0,2,2,3,1)
2363:(0,2,3,1,2,3,1)
2364:(0,3,2,2,3,2,1)
2365:(1,0,0,2,0,0,0)
2366:(1,1,2,3,3,2,1)
2367:(2,0,0,2,0,3,1)
2368:(1,3,0,1,1,1,1)
2369:(2,3,1,1,3,2,1)
2370:(2,1,1,2,3,1,0)
2371:(0,1,1,0,1,0,1)
2372:(0,2,1,0,2,2,1)
2373:(1,0,2,3,1,3,1)
2374:(1,1,3,0,3,3,1)
2375:(1,2,3,1,1,3,0)
2376:(2,0,2,3,0,2,1)
2377:(1,3,2,2,2,2,1)
2378:(2,1,2,2,1,1,0)
2379:(2,3,2,2,3,3,0)
2380:(3,0,0,3,1,3,1)
2381:(3,1,2,3,3,3,1)
2382:(3,3,0,1,2,2,1)
2383:(1,1,1,1,0,0,1)
2384:(1,2,1,2,1,2,0)
2385:(2,3,1,0,3,0,1)
2386:(2,2,1,2,3,1,1)
2387:(3,0,2,0,1,2,1)
2388:(3,1,0,1,0,0,1)
2389:(3,2,2,2,1,2,1)
2390:(3,3,2,0,2,3,0)
2391:(0,0,0,0,2,3,1)
2392:(0,1,2,3,0,3,1)
2393:(0,3,0,0,1,2,1)
2394:(2,0,1,1,2,3,1)
2395:(2,1,3,0,2,0,0)
2396:(3,1,1,2,0,1,1)
2397:(3,2,1,1,0,1,1)
2398:(2,2,3,0,1,2,0)
2399:(0,0,2,3,2,2,1)
2400:(0,1,0,2,3,0,1)
2401:(0,2,3,1,0,2,0)
2402:(0,3,2,1,1,3,0)
2403:(1,0,0,2,3,3,1)
2404:(1,1,2,2,1,3,1)
2405:(2,0,0,2,2,2,1)
2406:(1,3,0,1,0,2,1)
2407:(2,3,1,1,1,3,0)
2408:(3,0,1,1,3,3,1)
2409:(0,1,1,1,3,1,1)
2410:(0,2,1,0,1,1,1)
2411:(1,0,2,3,3,2,1)
2412:(1,1,3,0,2,0,1)
2413:(1,2,3,0,3,2,1)
2414:(2,0,2,3,2,1,0)
2415:(1,3,2,2,0,3,0)
2416:(2,2,2,0,1,1,1)
2417:(2,1,0,1,0,3,1)
2418:(2,3,2,2,1,0,1)
2419:(3,0,0,2,3,2,1)
2420:(3,1,2,3,2,0,1)
2421:(3,3,1,2,0,3,1)
2422:(1,1,1,1,2,1,0)
2423:(1,2,1,1,2,1,1)
2424:(2,2,0,1,1,0,1)
2425:(3,0,2,3,3,1,0)
2426:(3,1,0,0,2,1,0)
2427:(3,2,2,2,2,1,1)
2428:(3,3,2,1,0,0,1)
2429:(0,0,0,0,0,2,1)
2430:(0,1,2,3,1,0,1)
2431:(0,3,0,0,3,3,1)
2432:(2,0,1,0,0,2,1)
2433:(2,1,0,3,1,2,1)
2434:(3,2,1,1,2,0,1)
2435:(0,0,2,3,0,1,0)
2436:(0,1,0,2,1,1,0)
2437:(0,2,2,2,3,1,1)
2438:(0,3,2,1,3,0,1)
2439:(1,0,0,1,1,2,1)
2440:(1,1,2,2,0,0,1)
2441:(2,0,3,1,0,1,1)
2442:(1,3,0,0,2,3,0)
2443:(2,3,3,1,3,1,1)
2444:(2,2,1,1,2,0,1)
2445:(3,0,1,1,1,2,1)
2446:(0,1,1,1,1,2,1)
2447:(0,2,1,1,3,0,1)
2448:(1,0,2,2,1,1,0)
2449:(1,1,0,3,0,1,0)
2450:(1,2,3,0,0,1,1)
2451:(2,0,2,2,0,0,1)
2452:(1,3,2,1,2,0,1)
2453:(2,2,2,0,3,0,1)
2454:(2,1,1,1,2,1,0)
2455:(3,0,0,2,1,1,1)
2456:(3,1,2,3,0,1,1)
2457:(3,3,1,2,2,0,1)
2458:(0,0,1,2,2,2,1)
2459:(1,1,1,0,0,2,1)
2460:(1,2,1,1,0,0,1)
2461:(2,1,2,1,0,1,1)
2462:(2,2,0,1,3,3,1)
2463:(3,0,2,3,1,0,1)
2464:(3,1,0,0,0,2,1)
2465:(3,2,2,3,0,0,1)
2466:(3,3,2,1,2,1,1)
2467:(0,0,0,1,2,1,1)
2468:(0,1,2,0,3,1,1)
2469:(0,3,1,3,1,0,1)
2470:(2,0,1,0,2,1,0)
2471:(2,1,1,3,3,0,1)
2472:(3,2,0,2,0,3,1)
2473:(0,0,2,0,2,0,1)
2474:(0,1,0,3,3,2,1)
2475:(0,2,2,2,1,0,1)
2476:(0,3,2,0,1,1,1)
2477:(1,0,0,1,3,1,1)
2478:(1,1,2,2,2,1,0)
2479:(2,0,3,1,2,0,0)
2480:(1,3,0,0,0,0,1)
2481:(2,1,2,3,1,0,1)
2482:(2,3,1,0,1,1,1)
2483:(3,0,1,0,3,1,0)
2484:(0,2,1,1,1,3,1)
2485:(1,0,2,2,3,0,1)
2486:(1,1,0,3,2,2,1)
2487:(1,2,2,3,2,0,1)
2488:(2,0,2,2,1,3,1)
2489:(1,3,2,1,0,1,1)
2490:(2,2,2,3,1,3,1)
2491:(2,3,3,1,0,2,1)
2492:(3,0,3,1,3,0,0)
2493:(3,1,2,2,2,2,1)
2494:(3,3,1,3,0,1,1)
2495:(0,0,1,2,0,1,0)
2496:(1,1,1,0,2,3,1)
2497:(1,2,1,0,2,3,1)
2498:(2,1,3,1,3,3,1)
2499:(3,0,2,3,0,3,1)
2500:(3,1,0,3,2,3,1)
2501:(3,2,2,3,2,3,1)
2502:(3,3,3,2,1,2,1)
2503:(0,0,0,1,0,0,0)
2504:(0,1,2,0,1,2,1)
2505:(0,3,1,3,3,1,1)
2506:(1,0,1,3,1,1,0)
2507:(2,0,1,3,0,0,1)
2508:(3,2,0,2,2,2,0)
2509:(0,0,2,0,3,3,1)
2510:(0,1,0,3,1,3,1)
2511:(0,2,2,3,3,3,1)
2512:(0,3,2,0,2,2,1)
2513:(1,0,0,0,1,0,0)
2514:(1,1,2,1,0,2,1)
2515:(2,0,3,1,3,3,1)
2516:(1,3,1,3,2,1,1)
2517:(2,1,3,2,0,2,1)
2518:(2,3,1,3,2,2,0)
2519:(3,0,1,0,1,0,1)
2520:(0,2,0,2,3,2,1)
2521:(1,0,2,2,2,3,1)
2522:(1,1,0,2,0,3,1)
2523:(1,2,2,3,0,3,1)
2524:(2,0,2,2,3,2,1)
2525:(1,3,2,0,3,2,1)
2526:(2,2,2,3,3,2,0)
2527:(2,3,3,0,2,3,0)
2528:(3,0,3,1,2,3,1)
2529:(3,1,2,2,0,3,1)
2530:(3,3,1,3,3,2,0)
2531:(0,0,1,3,2,0,1)
2532:(1,2,1,0,0,2,0)
2533:(2,2,0,0,0,1,1)
2534:(2,1,0,0,1,1,0)
2535:(3,0,2,2,2,2,1)
2536:(3,1,0,3,1,0,1)
2537:(3,2,2,0,0,2,1)
2538:(3,3,3,2,3,3,0)
2539:(0,0,0,1,1,3,1)
2540:(0,1,2,1,3,3,1)
2541:(0,3,1,2,0,2,0)
2542:(1,0,1,3,3,0,1)
2543:(2,0,1,3,1,3,1)
2544:(3,2,0,2,3,1,0)
2545:(0,0,2,0,1,2,1)
2546:(0,1,0,0,2,0,1)
2547:(0,2,2,3,1,2,0)
2548:(0,3,3,3,0,3,0)
2549:(1,0,0,0,0,3,1)
2550:(1,1,2,1,2,3,1)
2551:(2,0,3,0,1,2,1)
2552:(1,3,1,3,1,2,0)
2553:(2,2,3,1,1,2,0)
2554:(2,1,0,2,2,0,0)
2555:(3,0,1,0,0,3,1)
2556:(2,2,2,2,1,2,0)
2557:(0,2,0,2,2,1,1)
2558:(1,0,2,1,0,2,1)
2559:(1,1,0,2,3,0,1)
2560:(1,2,2,2,2,2,0)
2561:(1,3,2,0,1,3,0)
2562:(2,2,2,3,2,1,0)
2563:(2,3,3,0,0,0,1)
2564:(3,0,3,1,0,2,1)
2565:(3,1,3,1,3,0,0)
2566:(3,3,1,0,1,3,1)
2567:(0,0,1,3,3,3,1)
2568:(1,2,1,0,1,1,0)
2569:(2,2,0,0,2,0,1)
2570:(2,1,1,3,0,3,1)
2571:(3,0,2,2,0,1,1)
2572:(3,1,0,2,3,1,0)
2573:(3,2,2,0,1,1,1)
2574:(3,3,3,3,1,0,1)
2575:(0,0,3,2,3,2,1)
2576:(0,1,2,1,0,0,0)
2577:(0,3,1,2,2,3,1)
2578:(1,0,1,3,2,3,1)
2579:(2,0,1,3,3,2,1)
2580:(2,1,2,0,2,3,1)
2581:(2,3,0,1,2,3,0)
2582:(3,2,0,3,1,0,1)
2583:(0,0,2,1,3,1,1)
2584:(0,1,0,0,0,1,0)
2585:(0,2,2,3,0,1,0)
2586:(0,3,3,3,2,0,1)
2587:(1,0,0,0,2,2,1)
2588:(1,1,2,0,1,0,0)
2589:(2,0,3,0,3,1,1)
2590:(1,3,1,2,3,3,1)
2591:(2,2,3,1,0,1,1)
2592:(2,3,1,2,2,0,1)
2593:(3,0,1,3,2,2,1)
2594:(0,2,0,2,0,0,1)
2595:(3,3,2,2,3,1,1)
2596:(1,0,2,1,2,1,1)
2597:(1,1,0,1,1,1,0)
2598:(1,2,2,2,3,1,1)
2599:(2,3,2,0,0,3,1)
2600:(1,3,3,3,3,0,1)
2601:(2,1,2,2,3,2,1)
2602:(2,3,3,3,2,1,1)
2603:(3,0,3,0,2,1,1)
2604:(3,1,3,1,1,1,1)
2605:(3,3,1,0,3,0,1)
2606:(0,0,1,3,1,2,1)
2607:(1,2,0,3,3,0,1)
2608:(2,2,0,3,0,3,1)
2609:(3,1,0,2,1,2,1)
2610:(3,2,2,0,3,0,1)
2611:(3,3,3,3,3,1,1)
2612:(0,0,3,2,1,1,1)
2613:(0,1,3,2,2,1,1)
2614:(0,3,1,1,0,0,1)
2615:(1,0,1,2,0,2,1)
2616:(2,0,1,2,1,1,1)
2617:(2,1,3,3,0,1,1)
2618:(2,3,0,1,0,0,1)
2619:(3,2,0,3,3,3,0)
2620:(0,0,2,1,1,0,0)
2621:(0,1,0,1,2,2,1)
2622:(0,2,2,0,2,0,1)
2623:(0,3,3,2,0,1,1)
2624:(1,0,3,3,0,1,1)
2625:(1,1,2,0,3,1,1)
2626:(2,0,3,3,1,0,0)
2627:(1,3,1,2,1,0,1)
2628:(2,2,3,1,2,0,1)
2629:(2,3,1,2,0,1,1)
2630:(3,0,1,3,0,1,1)
2631:(3,3,0,2,1,0,1)
2632:(0,2,0,3,2,3,1)
2633:(1,0,2,0,0,0,0)
2634:(1,1,0,1,3,2,1)
2635:(1,2,2,2,1,0,1)
2636:(1,3,3,3,1,1,1)
2637:(2,2,2,2,2,3,0)
2638:(2,1,0,1,1,0,1)
2639:(2,3,3,3,3,2,1)
2640:(3,0,3,0,0,0,1)
2641:(3,1,3,0,3,2,0)
2642:(3,2,3,2,1,0,1)
2643:(3,3,1,1,1,1,1)
2644:(0,0,1,0,3,1,1)
2645:(3,2,2,3,3,3,0)
2646:(3,2,2,0,0,0,1)
2647:(1,2,0,3,1,3,0)
2648:(2,2,0,3,2,2,0)
2649:(3,1,1,1,3,3,1)
2650:(3,2,2,1,1,3,1)
2651:(3,3,3,3,2,2,1)
2652:(0,0,3,3,3,0,1)
2653:(0,1,3,2,0,2,0)
2654:(0,3,1,1,2,1,1)
2655:(1,0,1,2,2,1,1)
2656:(2,0,1,2,3,0,0)
2657:(2,1,0,3,3,3,1)
2658:(3,2,0,0,1,2,1)
2659:(0,1,0,1,0,3,1)
2660:(0,2,2,0,0,3,0)
2661:(0,3,3,2,1,2,1)
2662:(1,0,3,3,2,0,0)
2663:(1,1,3,3,1,2,0)
2664:(2,0,3,3,2,3,1)
2665:(1,3,1,1,3,1,1)
2666:(2,2,3,0,0,3,1)
2667:(2,3,1,2,1,2,1)
2668:(3,0,1,2,2,0,0)
2669:(3,3,0,2,3,1,1)
2670:(0,2,0,3,0,2,0)
2671:(1,0,2,0,3,3,1)
2672:(1,1,0,0,1,3,1)
2673:(1,2,2,1,3,3,1)
2674:(1,3,3,3,0,2,1)
2675:(2,2,1,1,0,2,1)
2676:(2,1,1,0,0,2,1)
2677:(3,0,3,3,3,3,1)
2678:(3,1,3,0,1,3,1)
2679:(3,2,3,2,3,3,0)
2680:(3,3,1,1,0,2,1)
2681:(0,0,1,0,1,0,0)
2682:(0,3,0,3,0,1,1)
2683:(1,2,0,2,3,2,1)
2684:(2,1,2,1,2,2,0)
2685:(2,2,0,2,1,1,1)
2686:(3,1,1,1,2,0,1)
2687:(3,2,2,1,3,2,0)
2688:(3,3,3,0,0,3,1)
2689:(0,0,3,3,0,3,1)
2690:(0,1,3,3,2,3,1)
2691:(0,2,3,2,2,3,1)
2692:(0,3,1,1,3,2,1)
2693:(1,0,1,1,0,0,0)
2694:(2,0,0,1,0,3,1)
2695:(2,3,0,3,0,1,1)
2696:(2,3,0,0,3,2,1)
2697:(2,1,1,2,1,1,0)
2698:(3,2,0,0,2,1,1)
2699:(0,1,0,1,1,0,1)
2700:(0,2,2,1,2,2,1)
2701:(0,3,3,2,3,3,1)
2702:(1,0,3,2,1,3,1)
2703:(1,1,3,3,3,3,1)
2704:(2,0,3,2,0,2,1)
2705:(1,3,1,1,2,2,1)
2706:(2,1,2,3,3,1,0)
2707:(2,3,2,1,3,3,0)
2708:(3,0,1,2,1,3,1)
2709:(3,3,0,2,2,2,1)
2710:(0,2,0,0,3,1,1)
2711:(1,1,0,0,0,0,1)
2712:(1,2,2,1,1,2,0)
2713:(1,3,3,2,2,3,0)
2714:(2,2,1,1,3,1,1)
2715:(2,3,3,2,3,0,1)
2716:(3,0,3,3,1,2,1)
2717:(3,1,3,0,0,0,1)
2718:(3,0,1,1,3,2,1)
2719:(3,3,1,1,2,3,0)
2720:(0,0,1,1,2,3,1)
2721:(2,2,0,0,1,2,0)
2722:(0,3,0,3,1,2,1)
2723:(1,2,0,2,0,1,1)
2724:(2,1,3,0,0,0,1)
2725:(3,1,1,1,0,1,1)
2726:(3,2,1,2,0,1,1)
2727:(3,3,3,0,2,0,1)
2728:(0,0,3,0,2,2,1)
2729:(0,1,3,3,3,0,1)
2730:(0,2,3,2,0,2,0)
2731:(0,3,1,0,1,3,0)
2732:(1,0,1,1,3,3,1)
2733:(2,0,0,1,2,2,1)
2734:(2,3,0,0,1,3,0)
2735:(3,2,0,1,0,0,1)
2736:(0,1,1,2,3,1,1)
2737:(0,2,2,1,1,1,1)
2738:(0,3,3,1,1,0,1)
2739:(1,0,3,2,3,2,1)
2740:(1,1,3,3,2,0,1)
2741:(1,2,3,3,3,2,1)
2742:(2,0,3,2,2,1,0)
2743:(1,3,1,1,0,3,0)
2744:(2,2,3,3,1,1,1)
2745:(2,1,3,2,2,3,1)
2746:(2,3,2,1,1,0,1)
2747:(3,0,0,1,3,2,1)
2748:(3,3,0,3,0,3,1)
2749:(0,2,0,0,1,0,1)
2750:(1,1,0,0,2,1,0)
2751:(1,2,2,0,2,1,1)
2752:(1,3,3,2,0,0,1)
2753:(2,2,1,0,1,0,1)
2754:(2,3,3,2,1,1,1)
2755:(3,0,3,2,3,1,0)
2756:(3,1,3,3,2,1,0)
2757:(3,2,3,3,2,1,1)
2758:(3,3,2,2,0,0,1)
2759:(0,0,1,1,0,2,1)
2760:(0,3,0,3,3,3,1)
2761:(1,2,0,1,2,0,1)
2762:(2,1,0,0,3,2,1)
2763:(3,1,1,0,2,2,1)
2764:(3,2,1,2,2,0,1)
2765:(2,2,2,0,1,0,1)
2766:(0,0,3,0,0,1,0)
2767:(0,1,3,3,1,1,0)
2768:(0,2,3,3,3,1,1)
2769:(0,3,1,0,3,0,1)
2770:(1,0,1,0,1,2,1)
2771:(2,0,0,0,0,1,1)
2772:(1,3,0,3,2,3,0)
2773:(2,3,0,3,3,0,1)
2774:(3,2,0,1,2,3,1)
2775:(0,1,1,2,1,2,1)
2776:(0,2,1,2,3,0,1)
2777:(2,2,0,2,3,0,1)
2778:(0,3,3,1,3,1,1)
2779:(1,0,3,1,1,1,0)
2780:(1,1,3,2,0,1,0)
2781:(1,2,3,3,0,1,1)
2782:(2,0,2,1,0,0,1)
2783:(1,3,1,0,2,0,1)
2784:(2,2,3,3,3,0,1)
2785:(2,1,1,1,0,1,1)
2786:(3,0,0,1,1,1,1)
2787:(3,3,0,3,2,0,1)
2788:(0,2,0,1,3,3,1)
2789:(1,1,1,3,0,2,1)
2790:(1,2,2,0,0,0,1)
2791:(1,3,3,1,2,1,1)
2792:(2,2,1,0,3,3,1)
2793:(3,0,3,2,1,0,1)
2794:(3,1,3,3,0,2,1)
2795:(3,2,3,0,0,0,1)
2796:(3,3,2,2,2,1,1)
2797:(0,0,0,2,2,1,1)
2798:(0,3,0,2,1,0,1)
2799:(1,2,0,1,0,3,1)
2800:(2,3,2,1,1,3,0)
2801:(2,1,1,3,1,0,1)
2802:(3,1,1,0,0,3,1)
2803:(3,2,1,3,0,3,1)
2804:(3,3,3,1,3,2,0)
2805:(0,0,3,1,2,0,1)
2806:(0,1,3,0,3,2,1)
2807:(0,2,3,3,1,0,1)
2808:(0,3,2,3,1,1,1)
2809:(1,0,1,0,3,1,1)
2810:(2,0,0,0,2,0,0)
2811:(1,3,0,3,0,0,1)
2812:(2,1,2,0,3,0,1)
2813:(2,3,0,3,1,1,1)
2814:(0,1,1,3,3,3,1)
2815:(0,2,1,2,1,3,1)
2816:(0,3,3,0,0,2,0)
2817:(1,0,3,1,3,0,1)
2818:(1,1,3,2,2,2,1)
2819:(1,2,3,2,2,0,1)
2820:(2,0,2,1,1,3,1)
2821:(1,3,1,0,0,1,1)
2822:(2,2,3,2,1,3,1)
2823:(2,3,2,0,0,2,1)
2824:(3,0,0,0,3,0,0)
2825:(3,1,2,1,2,2,1)
2826:(3,3,0,0,0,1,1)
2827:(0,2,0,1,1,2,0)
2828:(1,1,1,3,2,3,1)
2829:(1,2,1,3,2,3,1)
2830:(1,3,3,1,1,2,0)
2831:(2,1,3,1,1,3,1)
2832:(3,0,3,2,0,3,1)
2833:(3,1,3,2,2,3,1)
2834:(3,2,3,0,2,3,1)
2835:(3,3,2,3,1,2,1)
2836:(0,0,0,2,0,0,0)
2837:(0,3,0,2,3,1,1)
2838:(1,2,0,0,2,2,0)
2839:(3,1,1,3,3,0,0)
2840:(3,2,1,3,2,2,0)
2841:(0,0,3,1,3,3,1)
2842:(0,1,3,0,1,3,1)
2843:(0,2,3,0,3,3,1)
2844:(0,3,2,3,2,2,1)
2845:(1,0,0,3,1,0,0)
2846:(2,0,0,0,3,3,1)
2847:(1,3,0,2,2,1,1)
2848:(2,1,3,3,2,2,0)
2849:(2,3,0,2,2,2,0)
2850:(0,1,1,3,0,0,0)
2851:(0,2,1,3,3,2,1)
2852:(0,3,3,0,2,3,1)
2853:(1,0,3,1,2,3,1)
2854:(1,1,3,1,0,3,1)
2855:(1,2,3,2,0,3,1)
2856:(2,0,2,1,3,2,1)
2857:(1,3,2,3,3,2,1)
2858:(2,2,3,2,3,2,0)
2859:(2,3,2,3,2,3,0)
2860:(3,0,0,0,2,3,1)
2861:(3,1,2,1,0,3,1)
2862:(3,3,0,0,3,2,0)
2863:(0,2,0,1,0,1,0)
2864:(1,1,1,2,1,0,0)
2865:(1,2,1,3,0,2,0)
2866:(1,3,3,0,3,3,1)
2867:(2,2,1,3,0,1,1)
2868:(2,1,0,1,3,1,0)
2869:(3,0,2,1,2,2,1)
2870:(3,1,3,2,1,0,1)
2871:(3,2,3,1,0,2,1)
2872:(3,3,2,3,3,3,0)
2873:(0,0,0,2,1,3,1)
2874:(0,1,2,2,3,3,1)
2875:(0,3,0,1,0,2,0)
2876:(1,2,0,0,3,1,1)
2877:(3,1,1,3,1,1,1)
2878:(3,2,1,3,3,1,0)
2879:(0,0,3,1,1,2,1)
2880:(0,1,3,1,2,0,1)
2881:(0,2,3,0,1,2,0)
2882:(0,3,2,2,0,3,0)
2883:(1,0,0,3,0,3,1)
2884:(2,0,0,3,1,2,1)
2885:(1,3,0,2,1,2,0)
2886:(2,1,0,2,0,0,1)
2887:(0,1,1,0,2,1,1)
2888:(0,2,1,3,2,1,1)
2889:(1,0,3,0,0,2,1)
2890:(1,1,3,1,3,0,1)
2891:(1,2,3,1,2,2,0)
2892:(2,0,2,0,1,1,1)
2893:(1,3,2,3,1,3,0)
2894:(2,2,3,2,2,1,0)
2895:(2,3,2,3,0,0,1)
2896:(3,0,0,0,0,2,1)
2897:(3,1,2,0,3,0,0)
2898:(3,3,0,1,1,3,1)
2899:(1,1,1,2,3,1,1)
2900:(1,2,1,3,1,1,0)
2901:(2,3,0,1,0,3,1)
2902:(1,3,3,0,1,0,1)
2903:(2,2,1,3,2,0,1)
2904:(2,1,1,0,2,3,1)
2905:(3,0,2,1,0,1,1)
2906:(3,1,0,1,3,1,0)
2907:(3,2,3,1,1,1,1)
2908:(3,3,2,0,1,0,1)
2909:(0,0,0,3,3,2,1)
2910:(0,1,2,2,0,0,0)
2911:(0,3,0,1,2,3,1)
2912:(1,2,0,0,1,0,1)
2913:(2,1,2,0,0,3,1)
2914:(3,1,1,2,3,2,0)
2915:(3,2,1,0,1,0,1)
2916:(0,0,2,2,3,1,1)
2917:(0,1,3,1,0,1,0)
2918:(0,2,3,0,0,1,0)
2919:(0,3,2,2,2,0,1)
2920:(1,0,0,3,2,2,1)
2921:(1,1,2,3,1,0,0)
2922:(2,0,0,3,3,1,1)
2923:(1,3,0,1,3,3,1)
2924:(2,3,1,1,2,0,1)
2925:(2,1,1,2,3,2,1)
2926:(2,2,1,2,1,0,1)
2927:(0,1,1,0,0,2,0)
2928:(0,2,1,3,0,0,1)
2929:(1,0,3,0,2,1,1)
2930:(1,1,3,0,1,1,0)
2931:(1,2,3,1,3,1,1)
2932:(2,0,2,0,3,0,0)
2933:(1,3,2,2,3,0,1)
2934:(2,1,2,2,1,2,1)
2935:(2,3,2,2,2,1,1)
2936:(3,0,0,3,2,1,1)
2937:(3,1,2,0,1,1,1)
2938:(3,3,0,1,3,0,1)
2939:(1,1,1,1,1,2,0)
2940:(1,2,1,2,3,0,1)
2941:(2,2,1,2,0,3,1)
2942:(3,0,2,0,2,0,0)
2943:(3,1,0,1,1,2,1)
2944:(3,2,3,1,3,0,1)
2945:(3,3,2,0,3,1,1)
2946:(0,0,0,3,1,1,1)
2947:(0,1,2,3,2,1,1)
2948:(0,3,0,0,0,0,1)
2949:(2,0,1,1,1,1,1)
2950:(2,1,3,0,2,1,0)
2951:(3,1,1,2,1,3,1)
2952:(3,2,1,0,3,3,0)
2953:(0,0,2,2,1,0,0)
2954:(0,1,0,2,2,2,1)
2955:(0,2,3,1,2,0,1)
2956:(0,3,2,1,0,1,1)
2957:(1,0,0,2,0,1,1)
2958:(1,1,2,3,3,1,1)
2959:(2,0,0,2,1,0,0)
2960:(1,3,0,1,1,0,1)
2961:(2,3,1,1,0,1,1)
2962:(0,1,1,1,2,3,1)
2963:(0,2,1,0,2,3,1)
2964:(1,0,2,3,0,0,0)
2965:(1,1,3,0,3,2,1)
2966:(1,2,3,1,1,0,1)
2967:(2,0,2,3,0,3,1)
2968:(1,3,2,2,1,1,1)
2969:(2,2,2,1,2,3,0)
2970:(2,1,3,2,3,0,1)
2971:(2,3,2,2,3,2,1)
2972:(3,0,0,3,0,0,1)
2973:(3,1,2,3,3,2,0)
2974:(2,2,3,2,0,2,1)
2975:(1,1,1,1,3,3,1)
2976:(1,2,1,2,1,3,0)
2977:(2,2,1,2,2,2,0)
2978:(3,0,2,0,1,3,1)
2979:(3,1,0,0,3,3,1)
2980:(3,2,2,2,1,3,1)
2981:(3,3,2,0,2,2,1)
2982:(0,0,0,0,3,0,1)
2983:(0,1,2,3,0,2,0)
2984:(2,3,2,1,2,3,0)
2985:(0,3,0,0,2,1,1)
2986:(2,0,1,1,3,0,0)
2987:(2,1,0,3,1,3,1)
2988:(3,1,1,2,0,0,1)
2989:(3,2,1,1,1,2,1)
2990:(0,0,2,3,2,3,1)
2991:(0,1,0,2,0,3,1)
2992:(0,2,3,1,0,3,0)
2993:(0,3,2,1,1,2,1)
2994:(1,0,0,2,2,0,0)
2995:(1,1,2,2,1,2,0)
2996:(2,0,0,2,2,3,1)
2997:(1,3,0,0,3,1,1)
2998:(2,3,1,1,1,2,1)
2999:(3,0,1,1,2,0,0)
3000:(3,0,0,2,1,0,1)
3001:(0,1,1,1,3,0,1)
3002:(0,2,1,0,0,2,0)
3003:(1,0,2,3,3,3,1)
3004:(1,1,0,3,1,3,1)
3005:(1,2,3,0,3,3,1)
3006:(2,0,2,3,2,2,1)
3007:(1,3,2,2,0,2,1)
3008:(2,2,2,0,0,2,1)
3009:(2,1,1,1,2,2,0)
3010:(3,0,0,2,3,3,1)
3011:(3,1,2,3,1,3,1)
3012:(3,3,1,2,0,2,1)
3013:(1,1,1,1,2,0,1)
3014:(1,2,1,1,3,2,1)
3015:(2,1,2,1,0,2,1)
3016:(2,2,0,1,1,1,1)
3017:(2,3,3,3,0,1,1)
3018:(3,0,2,3,3,2,1)
3019:(3,1,0,0,2,0,1)
3020:(3,2,2,2,3,2,0)
3021:(3,3,2,1,0,3,1)
3022:(0,0,0,0,0,3,1)
3023:(0,1,2,0,2,3,1)
3024:(0,3,0,0,3,2,1)
3025:(2,0,1,0,0,3,1)
3026:(2,1,1,3,3,1,0)
3027:(3,2,1,1,2,1,1)
3028:(0,0,2,3,0,2,1)
3029:(0,1,0,2,1,0,1)
3030:(0,2,2,2,2,2,1)
3031:(0,3,2,1,3,3,1)
3032:(1,0,0,1,1,3,1)
3033:(1,1,2,2,3,3,1)
3034:(2,0,3,1,0,2,1)
3035:(1,3,0,0,2,2,1)
3036:(2,1,2,3,1,1,0)
3037:(2,3,1,0,3,3,0)
3038:(3,0,1,1,1,3,1)
3039:(0,1,1,1,1,1,0)
3040:(0,2,1,1,3,1,1)
3041:(1,0,2,2,1,2,1)
3042:(1,1,0,3,0,0,1)
3043:(1,2,3,0,1,2,0)
3044:(2,0,2,2,0,1,1)
3045:(1,3,2,1,2,3,0)
3046:(2,2,2,0,3,1,1)
3047:(2,3,3,1,3,0,1)
3048:(3,0,0,2,1,2,1)
3049:(3,1,2,3,0,0,1)
3050:(3,3,1,2,2,3,0)
3051:(0,0,1,2,2,3,1)
3052:(1,1,1,0,0,1,0)
3053:(1,2,1,1,0,1,1)
3054:(2,1,3,1,2,0,0)
3055:(3,0,2,3,1,1,1)
3056:(3,1,0,0,0,1,1)
3057:(3,2,2,3,0,1,1)
3058:(3,3,2,1,2,0,1)
3059:(0,0,0,1,2,2,1)
3060:(0,1,2,0,3,0,1)
3061:(0,3,1,3,1,3,0)
3062:(2,0,1,0,2,2,1)
3063:(2,3,1,3,0,3,1)
3064:(3,2,0,2,0,0,1)
3065:(0,0,2,0,2,1,1)
3066:(0,1,0,3,3,1,1)
3067:(0,2,2,2,1,1,1)
3068:(0,3,2,0,1,0,1)
3069:(1,0,0,1,3,2,1)
3070:(1,1,2,2,2,0,1)
3071:(2,0,3,1,2,1,0)
3072:(1,3,0,0,0,3,0)
3073:(2,1,3,2,0,3,1)
3074:(2,3,1,0,1,0,1)
3075:(3,0,1,0,3,2,1)
3076:(0,2,1,1,1,0,1)
3077:(1,0,2,2,3,1,1)
3078:(1,1,0,3,2,1,0)
3079:(1,2,2,3,2,1,1)
3080:(2,0,2,2,2,0,0)
3081:(1,3,2,1,0,0,1)
3082:(2,2,2,3,1,0,1)
3083:(2,3,3,1,1,1,1)
3084:(3,0,3,1,3,1,0)
3085:(3,1,2,2,2,1,0)
3086:(3,3,1,3,0,0,1)
3087:(0,0,1,2,0,2,1)
3088:(1,1,1,0,2,2,1)
3089:(1,2,1,0,2,0,1)
3090:(2,2,0,0,1,3,1)
3091:(2,1,0,0,1,2,1)
3092:(3,0,2,2,3,0,0)
3093:(3,1,0,3,2,2,1)
3094:(3,2,2,3,2,0,1)
3095:(3,3,3,2,0,1,1)
3096:(0,0,0,1,0,1,0)
3097:(0,1,2,0,1,1,0)
3098:(0,3,1,3,3,0,1)
3099:(1,0,1,3,1,2,1)
3100:(2,0,1,3,0,1,1)
3101:(2,2,1,1,2,3,0)
3102:(3,2,0,2,2,3,1)
3103:(0,0,2,0,0,0,0)
3104:(0,1,0,3,1,2,1)
3105:(0,2,2,3,3,0,1)
3106:(0,3,2,0,3,1,1)
3107:(1,0,0,0,1,1,0)
3108:(1,1,2,1,0,1,0)
3109:(2,0,3,0,0,0,1)
3110:(1,3,1,3,2,0,1)
3111:(2,1,0,2,2,1,0)
3112:(3,0,1,0,1,1,1)
3113:(0,2,0,2,3,3,1)
3114:(1,0,2,1,1,0,0)
3115:(1,1,0,2,0,2,1)
3116:(1,2,2,3,0,0,1)
3117:(2,0,2,2,3,3,1)
3118:(1,3,2,0,2,1,1)
3119:(2,2,2,3,3,3,1)
3120:(2,3,3,0,2,2,0)
3121:(3,0,3,1,1,0,1)
3122:(3,1,2,2,0,2,1)
3123:(3,3,1,3,2,1,1)
3124:(0,0,1,3,2,1,1)
3125:(1,2,1,0,0,3,1)
3126:(2,2,0,0,3,2,0)
3127:(2,1,1,0,3,0,1)
3128:(3,0,2,2,2,3,1)
3129:(3,1,0,3,0,3,1)
3130:(3,2,2,0,0,3,1)
3131:(3,3,3,2,3,2,0)
3132:(0,0,3,2,2,0,1)
3133:(0,1,2,1,3,2,1)
3134:(0,3,1,2,1,1,1)
3135:(1,0,1,3,3,1,1)
3136:(2,0,1,3,2,0,0)
3137:(2,1,2,0,1,0,1)
3138:(3,2,0,3,0,2,1)
3139:(0,0,2,0,1,3,1)
3140:(0,1,0,0,3,3,1)
3141:(0,2,2,3,1,3,1)
3142:(0,3,3,3,0,2,0)
3143:(1,0,0,0,3,0,1)
3144:(1,1,2,1,2,2,1)
3145:(2,0,3,0,1,3,1)
3146:(1,3,1,3,0,1,1)
3147:(2,2,3,1,1,3,1)
3148:(2,3,1,3,0,2,1)
3149:(3,0,1,3,3,0,0)
3150:(0,2,0,2,1,2,0)
3151:(1,0,2,1,0,3,1)
3152:(1,1,0,2,2,3,1)
3153:(1,2,2,2,2,3,1)
3154:(1,3,2,0,1,2,0)
3155:(2,1,2,2,3,3,1)
3156:(2,3,3,0,0,3,1)
3157:(3,0,3,1,0,3,1)
3158:(3,1,3,1,2,3,1)
3159:(2,2,0,3,1,0,1)
3160:(3,3,1,0,1,2,1)
3161:(0,0,1,3,0,0,0)
3162:(1,2,0,3,2,2,0)
3163:(2,2,0,0,2,1,0)
3164:(3,0,2,2,0,2,1)
3165:(3,1,0,2,3,0,0)
3166:(3,2,2,0,2,2,0)
3167:(3,3,3,3,1,3,1)
3168:(0,0,3,2,3,3,1)
3169:(0,1,2,1,1,3,1)
3170:(0,3,1,2,2,2,1)
3171:(1,0,1,2,1,0,0)
3172:(2,0,1,3,3,3,1)
3173:(2,1,3,3,0,2,1)
3174:(2,3,0,1,2,2,0)
3175:(3,2,0,3,1,1,1)
3176:(2,2,3,0,0,0,1)
3177:(0,0,2,1,3,2,1)
3178:(0,1,0,0,0,0,0)
3179:(0,2,2,0,3,2,1)
3180:(0,3,3,3,2,3,1)
3181:(1,0,0,0,2,3,1)
3182:(1,1,2,0,0,3,1)
3183:(2,2,1,3,1,2,0)
3184:(2,0,3,0,3,2,1)
3185:(1,3,1,2,3,2,1)
3186:(2,2,3,1,3,2,0)
3187:(2,3,1,2,2,3,0)
3188:(3,0,1,3,2,3,1)
3189:(0,2,0,2,0,1,0)
3190:(1,0,2,1,2,2,1)
3191:(1,1,0,1,1,0,0)
3192:(1,2,2,2,0,2,0)
3193:(1,3,3,3,3,3,1)
3194:(2,2,2,2,0,1,1)
3195:(2,1,0,1,1,1,0)
3196:(2,3,3,3,2,0,1)
3197:(3,0,3,0,2,2,1)
3198:(3,1,3,1,1,0,1)
3199:(3,2,3,2,0,2,1)
3200:(3,3,1,0,3,3,0)
3201:(0,0,1,3,1,3,1)
3202:(1,2,0,3,3,1,1)
3203:(2,2,0,3,0,0,1)
3204:(3,1,0,2,1,1,1)
3205:(3,2,2,0,3,1,0)
3206:(3,3,3,3,3,0,1)
3207:(0,0,3,2,1,2,1)
3208:(0,1,3,2,2,0,1)
3209:(0,3,1,1,0,3,0)
3210:(1,0,1,2,0,3,1)
3211:(2,0,1,2,1,2,1)
3212:(2,1,0,3,2,0,0)
3213:(3,2,0,3,3,0,1)
3214:(0,0,2,1,1,1,1)
3215:(0,1,0,1,2,1,1)
3216:(0,2,2,0,2,1,1)
3217:(0,3,3,2,0,0,1)
3218:(1,0,3,3,0,2,1)
3219:(1,1,2,0,3,0,1)
3220:(2,0,3,3,1,1,1)
3221:(1,3,1,2,1,3,0)
3222:(2,2,3,1,2,1,0)
3223:(2,3,3,1,0,3,1)
3224:(2,3,1,2,0,0,1)
3225:(3,0,1,3,0,2,1)
3226:(3,3,0,2,1,3,1)
3227:(0,2,0,3,2,0,1)
3228:(2,3,1,1,3,3,0)
3229:(1,0,2,0,0,1,1)
3230:(1,1,0,1,3,1,1)
3231:(1,2,2,2,1,1,0)
3232:(1,3,3,3,1,0,1)
3233:(2,2,2,2,2,0,1)
3234:(2,1,1,0,0,3,1)
3235:(3,0,3,0,0,1,1)
3236:(3,1,3,0,3,1,0)
3237:(3,2,3,2,1,1,1)
3238:(3,3,1,1,1,0,1)
3239:(0,0,1,0,3,2,1)
3240:(1,2,0,3,1,0,1)
3241:(2,1,2,1,2,3,1)
3242:(2,2,0,3,2,3,0)
3243:(3,1,1,1,3,2,0)
3244:(3,2,2,1,1,0,1)
3245:(3,3,3,0,1,1,1)
3246:(0,0,3,3,3,1,1)
3247:(0,1,3,2,0,1,0)
3248:(0,3,1,1,2,0,1)
3249:(1,0,1,2,2,2,1)
3250:(2,0,1,2,3,1,1)
3251:(2,3,0,0,2,0,1)
3252:(2,1,1,2,1,2,1)
3253:(3,2,0,0,1,3,1)
3254:(0,1,0,1,0,2,0)
3255:(0,2,2,0,0,0,1)
3256:(0,3,3,2,2,1,1)
3257:(1,0,3,3,2,1,1)
3258:(1,1,3,3,1,1,0)
3259:(2,0,3,3,3,0,0)
3260:(1,3,1,1,3,0,1)
3261:(2,1,2,3,3,2,1)
3262:(2,3,2,1,2,1,1)
3263:(3,0,1,2,2,1,1)
3264:(3,3,0,2,3,0,1)
3265:(0,2,0,3,0,3,0)
3266:(1,0,2,0,2,0,0)
3267:(1,1,0,0,1,2,0)
3268:(1,2,2,1,3,0,1)
3269:(1,3,3,2,3,1,1)
3270:(2,2,1,1,0,3,1)
3271:(2,3,3,3,1,2,1)
3272:(3,0,3,3,2,0,0)
3273:(3,1,3,0,1,2,1)
3274:(3,2,3,2,3,0,1)
3275:(3,3,1,1,3,1,1)
3276:(0,0,1,0,1,1,1)
3277:(0,3,0,3,0,0,1)
3278:(1,2,0,2,3,3,1)
3279:(2,1,3,0,0,1,1)
3280:(3,1,1,1,1,3,1)
3281:(3,2,2,1,3,3,0)
3282:(3,3,3,0,0,2,1)
3283:(0,0,3,3,1,0,0)
3284:(0,1,3,3,2,2,1)
3285:(0,2,3,2,2,0,1)
3286:(0,3,1,0,0,1,1)
3287:(1,0,1,1,0,1,1)
3288:(2,0,0,1,1,0,0)
3289:(2,3,0,0,0,1,1)
3290:(3,2,0,0,3,2,0)
3291:(0,1,1,2,2,3,1)
3292:(0,2,2,1,2,3,1)
3293:(0,3,3,2,3,2,1)
3294:(1,0,3,2,0,0,0)
3295:(1,1,3,3,3,2,1)
3296:(2,0,3,2,0,3,1)
3297:(1,3,1,1,1,1,1)
3298:(2,2,3,0,2,3,0)
3299:(2,1,3,2,1,0,1)
3300:(2,3,2,1,3,2,1)
3301:(3,0,1,2,0,0,1)
3302:(3,3,0,3,1,1,1)
3303:(0,2,0,0,2,2,1)
3304:(1,1,0,0,3,3,1)
3305:(1,2,2,1,1,3,0)
3306:(1,3,3,2,2,2,1)
3307:(2,2,1,1,2,2,0)
3308:(2,3,3,2,3,3,0)
3309:(3,0,3,3,1,3,1)
3310:(3,1,3,3,3,3,1)
3311:(3,2,3,3,1,3,1)
3312:(3,3,1,1,2,2,1)
3313:(0,0,1,1,3,0,1)
3314:(0,3,0,3,2,1,1)
3315:(1,2,0,2,1,2,0)
3316:(2,2,0,2,3,1,1)
3317:(2,1,0,0,3,3,1)
3318:(3,1,1,1,0,0,1)
3319:(3,2,1,2,1,2,1)
3320:(3,3,3,0,2,3,0)
3321:(0,0,3,0,2,3,1)
3322:(0,1,3,3,0,3,1)
3323:(0,2,3,2,0,3,0)
3324:(0,3,1,0,1,2,1)
3325:(1,0,1,1,2,0,0)
3326:(2,0,0,1,2,3,1)
3327:(1,3,0,3,3,1,1)
3328:(2,3,0,0,1,2,1)
3329:(3,2,0,1,0,1,1)
3330:(0,1,1,2,3,0,1)
3331:(0,2,2,1,0,2,0)
3332:(0,3,3,1,1,3,0)
3333:(1,0,3,2,3,3,1)
3334:(1,1,3,2,1,3,1)
3335:(1,2,3,3,3,3,1)
3336:(2,0,3,2,2,2,1)
3337:(1,3,1,1,0,2,1)
3338:(2,2,3,3,0,2,1)
3339:(2,1,1,1,0,2,1)
3340:(3,0,0,1,3,3,1)
3341:(3,3,0,3,0,2,1)
3342:(2,2,2,2,0,0,1)
3343:(0,2,0,0,1,1,1)
3344:(1,1,0,0,2,0,1)
3345:(1,2,2,0,3,2,1)
3346:(1,3,3,2,0,3,0)
3347:(2,2,1,0,1,1,1)
3348:(2,3,3,2,1,0,1)
3349:(3,0,3,2,3,2,1)
3350:(3,1,3,3,2,0,1)
3351:(3,2,3,3,3,2,0)
3352:(3,3,2,2,0,3,1)
3353:(0,0,1,1,0,3,1)
3354:(0,3,0,3,3,2,1)
3355:(1,2,0,1,2,1,1)
3356:(2,1,1,3,1,1,0)
3357:(3,1,1,0,2,1,0)
3358:(3,2,1,2,2,1,1)
3359:(3,3,3,1,0,0,1)
3360:(0,0,3,0,0,2,1)
3361:(0,1,3,3,1,0,1)
3362:(0,2,3,3,2,2,1)
3363:(0,3,1,0,3,3,1)
3364:(1,0,1,0,1,3,1)
3365:(2,0,0,0,0,2,1)
3366:(1,3,0,3,2,2,1)
3367:(2,1,2,0,3,1,0)
3368:(2,3,0,3,3,3,0)
3369:(3,2,0,1,2,0,1)
3370:(0,1,1,2,1,1,0)
3371:(0,2,1,2,3,1,1)
3372:(0,3,3,1,3,0,1)
3373:(1,0,3,1,1,2,1)
3374:(1,1,3,2,0,0,1)
3375:(1,2,3,3,1,2,0)
3376:(2,0,2,1,0,1,1)
3377:(1,3,1,0,2,3,0)
3378:(2,2,3,3,3,1,1)
3379:(2,3,2,0,3,0,1)
3380:(3,0,0,1,1,2,1)
3381:(3,3,0,3,2,3,0)
3382:(0,2,0,1,3,0,1)
3383:(1,1,1,3,0,1,0)
3384:(1,2,2,0,0,1,1)
3385:(1,3,3,1,2,0,1)
3386:(2,1,3,1,0,0,1)
3387:(3,0,3,2,1,1,1)
3388:(3,1,3,3,0,1,1)
3389:(3,2,3,0,0,1,1)
3390:(3,3,2,2,2,0,1)
3391:(0,0,0,2,2,2,1)
3392:(0,3,0,2,1,3,0)
3393:(1,2,0,1,0,0,1)
3394:(3,1,1,0,0,2,1)
3395:(3,2,1,3,0,0,1)
3396:(3,3,3,1,2,1,1)
3397:(0,0,3,1,2,1,1)
3398:(0,1,3,0,3,1,1)
3399:(0,2,3,3,1,1,1)
3400:(0,3,2,3,1,0,1)
3401:(1,0,1,0,3,2,1)
3402:(2,0,0,0,2,1,0)
3403:(1,3,0,3,0,3,0)
3404:(2,1,3,3,2,3,1)
3405:(2,3,0,3,1,0,1)
3406:(0,1,1,3,3,2,1)
3407:(0,2,1,2,1,0,1)
3408:(0,3,3,0,1,1,1)
3409:(1,0,3,1,3,1,1)
3410:(1,1,3,2,2,1,0)
3411:(1,2,3,2,2,1,1)
3412:(2,0,2,1,2,0,0)
3413:(1,3,1,0,0,0,1)
3414:(2,2,3,2,1,0,1)
3415:(2,3,2,0,1,1,1)
3416:(3,0,0,0,3,1,0)
3417:(3,1,2,1,2,1,0)
3418:(3,3,0,0,0,0,1)
3419:(0,2,0,1,1,3,1)
3420:(1,1,1,3,2,2,1)
3421:(1,2,1,3,2,0,1)
3422:(1,3,3,1,0,1,1)
3423:(2,2,1,3,1,3,1)
3424:(2,1,0,1,3,2,1)
3425:(3,0,2,1,3,0,0)
3426:(3,1,3,2,2,2,1)
3427:(3,2,3,0,2,0,1)
3428:(3,3,2,3,0,1,1)
3429:(0,0,0,2,0,1,0)
3430:(0,3,0,2,3,0,1)
3431:(1,2,0,0,2,3,1)
3432:(2,3,2,3,1,1,1)
3433:(3,1,1,3,2,3,1)
3434:(3,2,1,3,2,3,1)
3435:(0,0,3,1,0,0,0)
3436:(0,1,3,0,1,2,1)
3437:(0,2,3,0,3,0,1)
3438:(0,3,2,3,3,1,1)
3439:(1,0,0,3,1,1,0)
3440:(2,0,0,3,0,0,1)
3441:(1,3,0,2,2,0,1)
3442:(2,1,0,2,0,1,1)
3443:(0,1,1,3,1,3,1)
3444:(0,2,1,3,3,3,1)
3445:(0,3,3,0,2,2,1)
3446:(1,0,3,0,1,0,0)
3447:(1,1,3,1,0,2,1)
3448:(1,2,3,2,0,0,1)
3449:(2,0,2,1,3,3,1)
3450:(1,3,2,3,2,1,1)
3451:(2,2,3,2,3,3,1)
3452:(2,3,2,3,2,2,0)
3453:(3,0,0,0,1,0,1)
3454:(3,1,2,1,0,2,1)
3455:(3,3,0,0,2,1,1)
3456:(1,1,1,2,0,3,1)
3457:(1,2,1,3,0,3,1)
3458:(1,3,3,0,3,2,1)
3459:(2,2,1,3,3,2,0)
3460:(2,1,1,0,1,0,1)
3461:(3,0,2,1,2,3,1)
3462:(3,1,3,2,0,3,1)
3463:(3,2,3,1,0,3,1)
3464:(3,3,2,3,3,2,0)
3465:(0,0,0,3,2,0,1)
3466:(0,1,2,2,3,2,1)
3467:(0,3,0,1,1,1,1)
3468:(1,2,0,0,0,2,0)
3469:(2,1,2,1,3,0,1)
3470:(3,1,1,3,1,0,1)
3471:(3,2,1,0,0,2,1)
3472:(0,0,3,1,1,3,1)
3473:(0,1,3,1,3,3,1)
3474:(0,2,3,0,1,3,1)
3475:(0,3,2,2,0,2,0)
3476:(1,0,0,3,3,0,1)
3477:(2,0,0,3,1,3,1)
3478:(1,3,0,2,0,1,1)
3479:(2,3,0,2,0,2,1)
3480:(2,1,1,2,3,3,1)
3481:(0,1,1,0,2,0,1)
3482:(0,2,1,3,1,2,0)
3483:(1,0,3,0,0,3,1)
3484:(1,1,3,1,2,3,1)
3485:(1,2,3,1,2,3,1)
3486:(2,0,2,0,1,2,1)
3487:(1,3,2,3,1,2,0)
3488:(2,1,2,2,1,3,1)
3489:(2,3,2,3,0,3,1)
3490:(3,0,0,0,0,3,1)
3491:(3,1,2,0,2,3,1)
3492:(3,3,0,1,1,2,1)
3493:(1,1,1,2,3,0,1)
3494:(1,2,1,2,2,2,0)
3495:(1,3,3,0,1,3,0)
3496:(2,2,1,3,2,1,0)
3497:(3,0,2,1,0,2,1)
3498:(3,1,0,1,3,0,0)
3499:(3,2,3,1,2,2,0)
3500:(3,3,2,0,1,3,1)
3501:(0,0,0,3,3,3,1)
3502:(0,1,2,2,1,3,1)
3503:(0,3,0,1,2,2,1)
3504:(1,2,0,0,1,1,0)
3505:(2,1,3,0,2,2,0)
3506:(3,1,1,2,3,1,0)
3507:(3,2,1,0,1,1,1)
3508:(0,0,2,2,3,2,1)
3509:(0,1,3,1,0,0,0)
3510:(0,2,3,1,3,2,1)
3511:(0,3,2,2,2,3,1)
3512:(1,0,0,3,2,3,1)
3513:(1,1,2,3,0,3,1)
3514:(2,0,0,3,3,2,1)
3515:(1,3,0,1,3,2,1)
3516:(2,3,1,1,2,3,0)
3517:(0,1,1,0,0,1,0)
3518:(0,2,1,3,0,1,0)
3519:(1,0,3,0,2,2,1)
3520:(1,1,3,0,1,0,0)
3521:(1,2,3,1,0,2,0)
3522:(2,0,2,0,3,1,1)
3523:(1,3,2,2,3,3,1)
3524:(2,2,2,1,0,1,1)
3525:(2,1,3,2,3,1,0)
3526:(2,3,2,2,2,0,1)
3527:(3,0,0,3,2,2,1)
3528:(3,1,2,0,1,0,1)
3529:(3,3,0,1,3,3,0)
3530:(1,1,1,1,1,1,0)
3531:(1,2,1,2,3,1,1)
3532:(2,2,1,2,0,0,1)
3533:(3,0,2,0,2,1,1)
3534:(3,1,0,1,1,1,1)
3535:(3,2,3,1,3,1,0)
3536:(3,3,2,0,3,0,1)
3537:(0,0,0,3,1,2,1)
3538:(0,1,2,3,2,0,1)
3539:(0,3,0,0,0,3,0)
3540:(2,0,1,1,1,2,1)
3541:(2,1,0,3,0,0,1)
3542:(3,1,1,2,1,2,1)
3543:(3,2,1,0,3,0,1)
3544:(2,2,2,0,3,2,0)
3545:(0,0,2,2,1,1,1)
3546:(0,1,0,2,2,1,1)
3547:(0,2,3,1,2,1,1)
3548:(0,3,2,1,0,0,1)
3549:(1,0,0,2,0,2,1)
3550:(1,1,2,3,3,0,1)
3551:(2,0,0,2,1,1,1)
3552:(1,3,0,1,1,3,0)
3553:(2,3,1,1,0,0,1)
3554:(0,1,1,1,2,2,1)
3555:(0,2,1,0,2,0,1)
3556:(1,0,2,3,0,1,1)
3557:(1,1,3,0,3,1,1)
3558:(1,2,3,1,1,1,0)
3559:(2,0,2,3,1,0,0)
3560:(1,3,2,2,1,0,1)
3561:(2,2,2,1,2,0,1)
3562:(2,1,1,1,2,3,1)
3563:(3,0,0,3,0,1,1)
3564:(3,1,2,3,3,1,0)
3565:(3,3,1,2,1,0,1)
3566:(2,2,1,1,3,2,0)
3567:(1,1,1,1,3,2,1)
3568:(1,2,1,2,1,0,1)
3569:(2,1,2,1,0,3,1)
3570:(2,2,1,2,2,3,0)
3571:(3,0,2,0,0,0,1)
3572:(3,1,0,0,3,2,0)
3573:(3,2,2,2,1,0,1)
3574:(3,3,2,1,1,1,1)
3575:(0,0,0,0,3,1,1)
3576:(0,1,2,3,0,1,0)
3577:(0,3,0,0,2,0,1)
3578:(2,0,1,1,3,1,1)
3579:(2,1,1,3,3,2,1)
3580:(3,2,1,1,1,3,1)
3581:(0,0,2,3,3,0,1)
3582:(0,1,0,2,0,2,0)
3583:(0,2,3,1,0,0,1)
3584:(0,3,2,1,2,1,1)
3585:(1,0,0,2,2,1,1)
3586:(1,1,2,2,1,1,0)
3587:(2,0,0,2,3,0,0)
3588:(1,3,0,0,3,0,1)
3589:(2,1,2,3,1,2,1)
3590:(2,3,1,0,2,1,1)
3591:(3,0,1,1,2,1,1)
3592:(0,1,1,1,0,3,1)
3593:(0,2,1,0,0,3,0)
3594:(1,0,2,3,2,0,0)
3595:(1,1,0,3,1,2,0)
3596:(1,2,3,0,3,0,1)
3597:(2,0,2,3,2,3,1)
3598:(1,3,2,1,3,1,1)
3599:(2,2,2,0,0,3,1)
3600:(2,3,2,2,1,2,1)
3601:(3,0,0,2,2,0,0)
3602:(3,1,2,3,1,2,1)
3603:(3,3,1,2,3,1,1)
3604:(1,1,1,0,1,3,1)
3605:(1,2,1,1,3,3,1)
3606:(2,1,3,1,2,1,0)
3607:(3,0,2,3,3,3,1)
3608:(3,1,0,0,1,3,1)
3609:(3,2,2,2,3,3,0)
3610:(3,3,2,1,0,2,1)
3611:(0,0,0,0,1,0,0)
3612:(0,1,2,0,2,2,1)
3613:(0,3,1,3,0,1,1)
3614:(2,0,1,0,1,0,0)
3615:(3,2,1,1,3,2,0)
3616:(0,0,2,3,0,3,1)
3617:(0,1,0,3,2,3,1)
3618:(0,2,2,2,2,3,1)
3619:(0,3,2,1,3,2,1)
3620:(1,0,0,1,0,0,0)
3621:(1,1,2,2,3,2,1)
3622:(2,0,3,1,0,3,1)
3623:(1,3,0,0,1,1,1)
3624:(2,1,3,3,3,0,1)
3625:(2,3,1,0,3,2,1)
3626:(3,0,1,1,0,0,1)
3627:(0,1,1,1,1,0,1)
3628:(0,2,1,1,2,2,1)
3629:(1,0,2,2,1,3,1)
3630:(1,1,0,3,3,3,1)
3631:(1,2,3,0,1,3,0)
3632:(2,0,2,2,0,2,1)
3633:(1,3,2,1,2,2,1)
3634:(2,2,2,0,2,2,0)
3635:(2,3,3,1,3,3,0)
3636:(3,0,0,2,1,3,1)
3637:(3,1,2,2,3,3,1)
3638:(3,3,1,2,2,2,1)
3639:(0,0,1,2,3,0,1)
3640:(1,1,1,0,0,0,1)
3641:(1,2,1,1,1,2,0)
3642:(2,2,0,1,3,1,1)
3643:(2,1,0,0,1,3,1)
3644:(3,0,2,3,1,2,1)
3645:(3,1,0,0,0,0,1)
3646:(3,2,2,3,1,2,1)
3647:(3,3,2,1,2,3,0)
3648:(0,0,0,1,2,3,1)
3649:(0,1,2,0,0,3,1)
3650:(0,3,1,3,1,2,1)
3651:(2,0,1,0,2,3,1)
3652:(3,2,0,2,0,1,1)
3653:(0,0,2,0,2,2,1)
3654:(0,1,0,3,3,0,1)
3655:(0,2,2,2,0,2,0)
3656:(0,3,2,0,1,3,0)
3657:(1,0,0,1,3,3,1)
3658:(1,1,2,1,1,3,1)
3659:(2,0,3,1,2,2,1)
3660:(1,3,0,0,0,2,1)
3661:(2,1,0,2,2,2,0)
3662:(3,0,1,0,3,3,1)
3663:(0,2,1,1,1,1,1)
3664:(1,0,2,2,3,2,1)
3665:(1,1,0,3,2,0,1)
3666:(1,2,2,3,3,2,1)
3667:(2,0,2,2,2,1,0)
3668:(1,3,2,1,0,3,0)
3669:(2,2,2,3,1,1,1)
3670:(2,3,3,1,1,0,1)
3671:(3,0,3,1,3,2,1)
3672:(3,1,2,2,2,0,1)
3673:(3,3,1,3,0,3,1)
3674:(0,0,1,2,0,3,1)
3675:(1,1,1,0,2,1,0)
3676:(1,2,1,0,2,1,1)
3677:(2,3,0,0,2,1,1)
3678:(2,2,0,0,1,0,1)
3679:(2,1,1,0,3,1,0)
3680:(3,0,2,2,3,1,0)
3681:(3,1,0,3,2,1,0)
3682:(3,2,2,3,2,1,1)
3683:(3,3,3,2,0,0,1)
3684:(0,0,0,1,0,2,1)
3685:(0,1,2,0,1,0,1)
3686:(0,3,1,3,3,3,1)
3687:(1,0,1,3,1,3,1)
3688:(2,0,1,3,0,2,1)
3689:(2,1,2,0,1,1,0)
3690:(3,2,0,2,2,0,1)
3691:(0,0,2,0,0,1,0)
3692:(0,1,0,3,1,1,0)
3693:(0,2,2,3,3,1,1)
3694:(0,3,2,0,3,0,1)
3695:(1,0,0,0,1,2,1)
3696:(1,1,2,1,0,0,1)
3697:(2,0,3,0,0,1,1)
3698:(1,3,1,3,2,3,0)
3699:(2,3,1,3,3,0,1)
3700:(3,0,1,0,1,2,1)
3701:(2,2,1,2,3,2,0)
3702:(0,2,0,2,3,0,1)
3703:(1,0,2,1,1,1,0)
3704:(1,1,0,2,0,1,0)
3705:(1,2,2,3,0,1,1)
3706:(1,3,2,0,2,0,1)
3707:(2,1,2,2,2,0,0)
3708:(2,3,3,0,3,1,1)
3709:(3,0,3,1,1,1,1)
3710:(3,1,2,2,0,1,1)
3711:(3,3,1,3,2,0,1)
3712:(0,0,1,3,2,2,1)
3713:(1,2,1,0,0,0,1)
3714:(2,3,1,0,0,3,1)
3715:(2,2,0,0,3,3,1)
3716:(3,0,2,2,1,0,1)
3717:(3,1,0,3,0,2,1)
3718:(2,3,2,0,3,1,1)
3719:(3,3,3,2,2,1,1)
3720:(0,0,3,2,2,1,1)
3721:(0,1,2,1,3,1,1)
3722:(0,3,1,2,1,0,1)
3723:(1,0,1,3,3,2,1)
3724:(2,0,1,3,2,1,0)
3725:(2,1,3,3,0,3,1)
3726:(3,2,0,3,0,3,1)
3727:(0,0,2,1,2,0,1)
3728:(0,1,0,0,3,2,1)
3729:(0,2,2,3,1,0,1)
3730:(0,3,3,3,1,1,1)
3731:(1,0,0,0,3,1,1)
3732:(1,1,2,1,2,1,0)
3733:(2,0,3,0,2,0,0)
3734:(1,3,1,3,0,0,1)
3735:(2,2,3,1,1,0,1)
3736:(2,3,1,3,1,1,1)
3737:(3,0,1,3,3,1,0)
3738:(0,2,0,2,1,3,1)
3739:(1,0,2,1,3,0,1)
3740:(1,1,0,2,2,2,1)
3741:(1,2,2,2,2,0,1)
3742:(2,3,1,0,2,3,0)
3743:(1,3,2,0,0,1,1)
3744:(2,2,2,2,1,3,1)
3745:(2,1,0,1,1,2,1)
3746:(2,3,3,0,0,2,1)
3747:(3,0,3,0,3,0,0)
3748:(3,1,3,1,2,2,1)
3749:(2,2,3,2,3,0,1)
3750:(0,0,1,3,0,1,0)
3751:(1,2,0,3,2,3,1)
3752:(2,2,0,3,1,2,0)
3753:(3,0,2,2,0,3,1)
3754:(3,1,0,2,2,3,1)
3755:(3,2,2,0,2,3,1)
3756:(3,3,3,3,1,2,1)
3757:(0,0,3,2,0,0,0)
3758:(0,1,2,1,1,2,1)
3759:(0,3,1,2,3,1,1)
3760:(1,0,1,2,1,1,0)
3761:(2,0,1,2,0,0,1)
3762:(2,1,0,3,2,1,0)
3763:(3,2,0,3,2,2,0)
3764:(0,0,2,1,3,3,1)
3765:(0,1,0,0,1,3,1)
3766:(0,2,2,0,3,3,1)
3767:(0,3,3,3,2,2,1)
3768:(1,0,3,3,1,0,0)
3769:(1,1,2,0,0,2,1)
3770:(2,0,3,0,3,3,1)
3771:(1,3,1,2,2,1,1)
3772:(2,2,3,1,3,3,1)
3773:(2,3,1,2,2,2,0)
3774:(3,0,1,3,1,0,1)
3775:(0,2,0,3,3,2,1)
3776:(1,0,2,1,2,3,1)
3777:(1,1,0,1,0,3,1)
3778:(1,2,2,2,0,3,1)
3779:(1,3,3,3,3,2,1)
3780:(2,2,2,2,3,2,0)
3781:(2,1,1,1,3,0,1)
3782:(3,0,3,0,2,3,1)
3783:(3,1,3,1,0,3,1)
3784:(3,2,3,2,0,3,1)
3785:(3,3,1,0,3,2,0)
3786:(0,0,1,0,2,0,1)
3787:(1,2,0,3,0,2,0)
3788:(2,1,2,1,1,0,1)
3789:(2,2,0,3,0,1,1)
3790:(2,3,3,3,1,3,0)
3791:(3,1,0,2,1,0,1)
3792:(3,2,2,1,0,2,1)
3793:(3,3,3,3,3,3,0)
3794:(0,0,3,2,1,3,1)
3795:(0,1,3,2,3,3,1)
3796:(0,3,1,1,0,2,0)
3797:(1,0,1,2,3,0,1)
3798:(2,0,1,2,1,3,1)
3799:(2,3,0,1,0,2,1)
3800:(2,1,1,2,1,3,1)
3801:(3,2,0,3,3,1,0)
3802:(0,0,2,1,1,2,1)
3803:(0,1,0,1,2,0,1)
3804:(0,2,2,0,1,2,0)
3805:(0,3,3,2,0,3,0)
3806:(1,0,3,3,0,3,1)
3807:(1,1,2,0,2,3,1)
3808:(2,0,3,3,1,2,1)
3809:(1,3,1,2,1,2,0)
3810:(2,1,2,3,3,3,1)
3811:(2,3,1,2,0,3,1)
3812:(3,0,1,3,0,3,1)
3813:(3,3,0,2,1,2,1)
3814:(0,2,0,3,2,1,1)
3815:(1,0,2,0,0,2,1)
3816:(1,1,0,1,3,0,1)
3817:(1,2,2,1,2,2,0)
3818:(1,3,3,3,1,3,0)
3819:(2,2,2,2,2,1,0)
3820:(2,3,3,3,0,0,1)
3821:(3,0,3,0,0,2,1)
3822:(3,1,3,0,3,0,0)
3823:(3,2,3,2,2,2,0)
3824:(3,3,1,1,1,3,1)
3825:(0,0,1,0,3,3,1)
3826:(1,2,0,3,1,1,0)
3827:(2,1,3,0,0,2,1)
3828:(3,1,1,1,3,1,0)
3829:(3,2,2,1,1,1,1)
3830:(3,3,3,0,1,0,1)
3831:(0,0,3,3,3,2,1)
3832:(0,1,3,2,0,0,0)
3833:(0,2,3,2,3,2,1)
3834:(0,3,1,1,2,3,1)
3835:(1,0,1,2,2,3,1)
3836:(2,0,1,2,3,2,1)
3837:(2,3,1,2,2,1,1)
3838:(2,3,0,0,2,3,0)
3839:(3,2,0,0,1,0,1)
3840:(0,1,0,1,0,1,0)
3841:(0,2,2,0,0,1,0)
3842:(0,3,3,2,2,0,1)
3843:(1,0,3,3,2,2,1)
3844:(1,1,3,3,1,0,0)
3845:(2,0,3,3,3,1,1)
3846:(1,3,1,1,3,3,1)
3847:(2,2,3,0,0,1,1)
3848:(2,1,3,2,1,1,0)
3849:(2,3,2,1,2,0,1)
3850:(3,0,1,2,2,2,1)
3851:(3,3,0,2,3,3,0)
3852:(0,2,0,3,0,0,1)
3853:(1,0,2,0,2,1,1)
3854:(1,1,0,0,1,1,0)
3855:(1,2,2,1,3,1,1)
3856:(1,3,3,2,3,0,1)
3857:(2,2,1,1,0,0,1)
3858:(2,3,3,2,2,1,1)
3859:(3,0,3,3,2,1,1)
3860:(3,1,3,0,1,1,1)
3861:(3,2,3,2,3,1,0)
3862:(3,3,1,1,3,0,1)
3863:(0,0,1,0,1,2,1)
3864:(0,3,0,3,0,3,0)
3865:(1,2,0,2,3,0,1)
3866:(2,2,0,2,0,3,1)
3867:(2,1,0,0,2,0,0)
3868:(3,1,1,1,1,2,1)
3869:(3,2,2,1,3,0,1)
3870:(3,3,3,0,3,1,1)
3871:(0,0,3,3,1,1,1)
3872:(0,1,3,3,2,1,1)
3873:(0,2,3,2,2,1,1)
3874:(0,3,1,0,0,0,1)
3875:(1,0,1,1,0,2,1)
3876:(2,0,0,1,1,1,1)
3877:(2,3,0,0,0,0,1)
3878:(3,2,0,0,3,3,0)
3879:(0,1,1,2,2,2,1)
3880:(0,2,2,1,2,0,1)
3881:(0,3,3,1,0,1,1)
3882:(1,0,3,2,0,1,1)
3883:(1,1,3,3,3,1,1)
3884:(2,0,3,2,1,0,0)
3885:(1,3,1,1,1,0,1)
3886:(2,2,3,0,2,0,1)
3887:(2,1,1,1,0,3,1)
3888:(3,0,1,2,0,1,1)
3889:(3,3,0,3,1,0,1)
3890:(0,2,0,0,2,3,1)
3891:(1,1,0,0,3,2,1)
3892:(1,2,2,1,1,0,1)
3893:(1,3,3,2,1,1,1)
3894:(2,2,0,2,0,2,1)
3895:(2,3,3,2,3,2,1)
3896:(3,0,3,3,0,0,1)
3897:(3,1,3,3,3,2,0)
3898:(3,2,3,3,1,0,1)
3899:(3,3,2,2,1,1,1)
3900:(0,0,1,1,3,1,1)
3901:(0,3,0,3,2,0,1)
3902:(1,2,0,2,1,3,0)
3903:(2,2,0,2,2,2,0)
3904:(2,1,1,3,1,2,1)
3905:(3,1,1,0,3,3,1)
3906:(3,2,1,2,1,3,1)
3907:(3,3,3,0,2,2,1)
3908:(0,0,3,0,3,0,1)
3909:(0,1,3,3,0,2,0)
3910:(0,2,3,2,0,0,1)
3911:(0,3,1,0,2,1,1)
3912:(1,0,1,1,2,1,1)
3913:(2,0,0,1,3,0,0)
3914:(1,3,0,3,3,0,1)
3915:(2,1,2,0,3,2,1)
3916:(2,3,0,3,2,1,1)
3917:(3,2,0,1,1,2,1)
3918:(0,1,1,2,0,3,1)
3919:(0,2,2,1,0,3,0)
3920:(0,3,3,1,1,2,1)
3921:(1,0,3,2,2,0,0)
3922:(1,1,3,2,1,2,0)
3923:(1,2,3,3,3,0,1)
3924:(2,0,3,2,2,3,1)
3925:(1,3,1,0,3,1,1)
3926:(2,2,3,3,0,3,1)
3927:(2,3,2,1,1,2,1)
3928:(3,0,0,1,2,0,0)
3929:(3,3,0,3,3,1,1)
3930:(0,2,0,0,0,2,0)
3931:(1,1,1,3,1,3,1)
3932:(1,2,2,0,3,3,1)
3933:(1,3,3,2,0,2,1)
3934:(2,1,3,1,0,1,1)
3935:(2,3,3,2,1,3,0)
3936:(3,0,3,2,3,3,1)
3937:(3,1,3,3,1,3,1)
3938:(3,2,3,3,3,3,0)
3939:(3,3,2,2,0,2,1)
3940:(0,0,1,1,1,0,0)
3941:(0,3,0,2,0,1,1)
3942:(1,2,0,1,3,2,1)
3943:(3,1,1,0,2,0,1)
3944:(3,2,1,2,3,2,0)
3945:(3,3,3,1,0,3,1)
3946:(0,0,3,0,0,3,1)
3947:(0,1,3,0,2,3,1)
3948:(0,2,3,3,2,3,1)
3949:(0,3,1,0,3,2,1)
3950:(1,0,1,0,0,0,0)
3951:(2,0,0,0,0,3,1)
3952:(1,3,0,3,1,1,1)
3953:(2,1,3,3,1,0,1)
3954:(2,3,0,3,3,2,1)
3955:(3,2,0,1,2,1,1)
3956:(2,2,3,0,2,2,0)
3957:(0,1,1,2,1,0,1)
3958:(0,2,1,2,2,2,1)
3959:(0,3,3,1,3,3,1)
3960:(1,0,3,1,1,3,1)
3961:(1,1,3,2,3,3,1)
3962:(1,2,3,3,1,3,0)
3963:(2,0,2,1,0,2,1)
3964:(1,3,1,0,2,2,1)
3965:(2,2,3,3,2,2,0)
3966:(2,3,2,0,3,3,0)
3967:(3,0,0,1,1,3,1)
3968:(3,1,2,1,3,3,1)
3969:(3,3,0,3,2,2,1)
3970:(0,2,0,1,3,1,1)
3971:(1,1,1,3,0,0,1)
3972:(1,2,2,0,1,2,0)
3973:(1,3,3,1,2,3,0)
3974:(2,2,1,0,3,1,1)
3975:(2,1,0,1,3,3,1)
3976:(3,0,3,2,1,2,1)
3977:(3,1,3,3,0,0,1)
3978:(3,2,3,0,1,2,1)
3979:(3,3,2,2,2,3,0)
3980:(0,0,0,2,2,3,1)
3981:(0,3,0,2,1,2,1)
3982:(1,2,0,1,0,1,1)
3983:(3,1,1,0,0,1,1)
3984:(3,2,1,3,0,1,1)
3985:(3,3,3,1,2,0,1)
3986:(0,0,3,1,2,2,1)
3987:(0,1,3,0,3,0,1)
3988:(0,2,3,3,0,2,0)
3989:(0,3,2,3,1,3,0)
3990:(1,0,1,0,3,3,1)
3991:(2,0,0,0,2,2,1)
3992:(1,3,0,3,0,2,1)
3993:(2,1,0,2,0,2,1)
3994:(0,1,1,3,3,1,1)
3995:(0,2,1,2,1,1,1)
3996:(0,3,3,0,1,0,1)
3997:(1,0,3,1,3,2,1)
3998:(1,1,3,2,2,0,1)
3999:(1,2,3,2,3,2,1)
4000:(2,0,2,1,2,1,0)
4001:(1,3,1,0,0,3,0)
4002:(2,2,3,2,1,1,1)
4003:(2,3,3,0,2,1,1)
4004:(2,3,2,0,1,0,1)
4005:(3,0,0,0,3,2,1)
4006:(3,1,2,1,2,0,1)
4007:(3,3,0,0,0,3,1)
4008:(0,2,0,1,1,0,1)
4009:(1,1,1,3,2,1,0)
4010:(1,2,1,3,2,1,1)
4011:(1,3,3,1,0,0,1)
4012:(2,2,1,3,1,0,1)
4013:(2,1,1,0,1,1,0)
4014:(3,0,2,1,3,1,0)
4015:(3,1,3,2,2,1,0)
4016:(3,2,3,0,2,1,1)
4017:(3,3,2,3,0,0,1)
4018:(0,0,0,2,0,2,1)
4019:(0,3,0,2,3,3,1)
4020:(1,2,0,0,2,0,1)
4021:(2,1,2,1,3,1,0)
4022:(3,1,1,3,2,2,1)
4023:(3,2,1,3,2,0,1)
4024:(0,0,3,1,0,1,0)
4025:(0,1,3,0,1,1,0)
4026:(0,2,3,0,3,1,1)
4027:(0,3,2,3,3,0,1)
4028:(1,0,0,3,1,2,1)
4029:(2,0,0,3,0,1,1)
4030:(1,3,0,2,2,3,0)
4031:(3,2,3,3,1,2,1)
4032:(2,3,0,2,3,0,1)
4033:(2,1,1,2,2,0,0)
4034:(0,1,1,3,1,2,1)
4035:(0,2,1,3,3,0,1)
4036:(0,3,3,0,3,1,1)
4037:(1,0,3,0,1,1,0)
4038:(1,1,3,1,0,1,0)
4039:(1,2,3,2,0,1,1)
4040:(2,0,2,0,0,0,1)
4041:(1,3,2,3,2,0,1)
4042:(2,1,2,2,0,0,1)
4043:(2,3,2,3,3,1,1)
4044:(3,0,0,0,1,1,1)
4045:(3,1,2,1,0,1,1)
4046:(3,3,0,0,2,0,1)
4047:(1,1,1,2,0,2,1)
4048:(1,2,1,3,0,0,1)
4049:(1,3,3,0,2,1,1)
4050:(2,2,1,3,3,3,1)
4051:(3,0,2,1,1,0,1)
4052:(3,1,3,2,0,2,1)
4053:(3,2,3,1,0,0,1)
4054:(3,3,2,3,2,1,1)
4055:(0,0,0,3,2,1,1)
4056:(0,1,2,2,3,1,1)
4057:(0,3,0,1,1,0,1)
4058:(1,2,0,0,0,3,1)
4059:(2,1,3,0,2,3,1)
4060:(3,1,1,3,0,3,1)
4061:(3,2,1,0,0,3,1)
4062:(0,0,2,2,2,0,1)
4063:(0,1,3,1,3,2,1)
4064:(0,2,3,0,1,0,1)
4065:(0,3,2,2,1,1,1)
4066:(1,0,0,3,3,1,1)
4067:(2,0,0,3,2,0,0)
4068:(1,3,0,2,0,0,1)
4069:(2,3,0,2,1,1,1)
4070:(0,1,1,0,3,3,1)
4071:(0,2,1,3,1,3,1)
4072:(1,0,3,0,3,0,1)
4073:(1,1,3,1,2,2,1)
4074:(1,2,3,1,2,0,1)
4075:(2,0,2,0,1,3,1)
4076:(1,3,2,3,0,1,1)
4077:(2,2,2,1,1,3,1)
4078:(2,1,3,2,3,2,1)
4079:(2,3,2,3,0,2,1)
4080:(3,0,0,3,3,0,0)
4081:(3,1,2,0,2,2,1)
4082:(3,3,0,1,0,1,1)
4083:(1,1,1,2,2,3,1)
4084:(1,2,1,2,2,3,1)
4085:(1,3,3,0,1,2,0)
4086:(2,2,1,2,1,2,0)
4087:(3,0,2,1,0,3,1)
4088:(3,1,0,1,2,3,1)
4089:(3,2,3,1,2,3,1)
4090:(3,3,2,0,1,2,1)
4091:(0,0,0,3,0,0,0)
4092:(0,1,2,2,1,2,1)
4093:(0,3,0,1,3,1,1)
4094:(2,0,1,1,0,0,1)
4095:(2,1,0,3,0,1,1)
