(x0,y0,x1,y1,obs)
0:(1,2,0,3,0)
1:(3,1,1,4,0)
2:(3,4,0,4,0)
3:(3,2,4,0,0)
4:(4,2,3,4,0)
5:(4,0,1,2,0)
6:(3,3,3,4,3)
7:(4,1,1,1,0)
8:(1,3,1,0,0)
9:(1,4,0,0,0)
10:(2,0,1,2,0)
11:(2,1,4,2,0)
12:(0,0,3,2,0)
13:(4,4,2,4,0)
14:(2,4,0,1,0)
15:(2,2,3,2,2)
16:(3,0,0,4,0)
17:(2,3,4,0,0)
18:(0,3,0,2,4)
19:(0,4,1,0,0)
20:(1,0,4,4,0)
21:(3,1,0,0,0)
22:(1,1,4,3,0)
23:(3,4,2,3,0)
24:(3,2,2,3,0)
25:(1,2,4,2,0)
26:(4,0,2,4,0)
27:(3,3,2,0,0)
28:(4,3,3,4,0)
29:(4,1,3,0,0)
30:(1,3,2,2,0)
31:(4,2,2,2,0)
32:(1,4,1,4,5)
33:(4,3,1,4,0)
34:(2,0,2,4,0)
35:(1,3,3,3,0)
36:(2,1,3,0,0)
37:(1,4,3,4,0)
38:(4,4,4,1,0)
39:(2,4,1,3,0)
40:(2,2,1,3,0)
41:(0,1,4,1,0)
42:(3,0,2,3,0)
43:(2,3,2,3,5)
44:(0,2,3,3,0)
45:(0,0,2,4,0)
46:(0,3,2,1,0)
47:(0,1,3,0,0)
48:(0,4,2,2,0)
49:(0,2,2,2,0)
50:(1,0,0,1,0)
51:(0,3,3,2,0)
52:(3,1,1,2,0)
53:(1,1,2,4,0)
54:(3,4,3,3,4)
55:(3,2,1,1,0)
56:(1,2,3,0,0)
57:(4,0,4,1,3)
58:(3,3,1,0,0)
59:(4,1,1,3,0)
60:(3,2,4,4,0)
61:(4,2,1,2,0)
62:(4,3,1,1,0)
63:(2,0,1,4,0)
64:(2,1,0,4,0)
65:(1,4,4,0,0)
66:(2,4,3,4,2)
67:(2,2,1,2,1)
68:(2,0,3,4,0)
69:(3,0,2,0,1)
70:(2,3,1,1,0)
71:(0,0,1,0,2)
72:(4,4,0,2,0)
73:(0,1,0,0,4)
74:(0,4,2,1,0)
75:(0,2,1,2,2)
76:(1,0,2,0,2)
77:(0,3,4,2,0)
78:(1,1,0,1,1)
79:(0,4,3,2,0)
80:(1,2,0,4,0)
81:(1,0,4,0,0)
82:(3,1,4,0,0)
83:(4,1,3,2,0)
84:(3,4,0,1,0)
85:(3,2,3,2,5)
86:(3,3,4,2,0)
87:(1,3,0,0,0)
88:(3,0,3,4,0)
89:(2,1,3,4,0)
90:(4,4,1,4,0)
91:(2,2,4,0,0)
92:(0,4,4,4,0)
93:(3,1,2,1,1)
94:(1,1,3,3,0)
95:(3,4,1,1,0)
96:(3,2,2,0,0)
97:(4,2,3,2,1)
98:(4,0,0,1,0)
99:(3,3,3,2,4)
100:(4,3,4,0,0)
101:(4,1,0,4,0)
102:(1,3,1,2,4)
103:(4,2,2,1,0)
104:(1,4,1,1,0)
105:(2,0,1,0,1)
106:(3,0,4,4,0)
107:(2,1,1,3,0)
108:(0,0,3,4,0)
109:(4,4,3,1,0)
110:(2,4,1,2,0)
111:(2,2,3,4,0)
112:(0,1,3,3,0)
113:(3,0,1,1,0)
114:(2,3,3,3,2)
115:(0,0,1,4,0)
116:(0,3,0,4,3)
117:(0,4,1,2,0)
118:(1,0,1,1,3)
119:(3,1,0,2,0)
120:(1,1,4,1,0)
121:(3,4,3,0,0)
122:(3,2,0,3,0)
123:(1,2,3,1,0)
124:(4,0,1,3,0)
125:(3,3,1,3,0)
126:(3,1,4,4,0)
127:(4,1,2,3,0)
128:(1,3,2,4,0)
129:(4,2,0,2,0)
130:(1,4,3,0,0)
131:(4,3,2,1,0)
132:(2,0,2,2,0)
133:(1,3,4,0,0)
134:(2,1,0,1,0)
135:(1,4,3,2,0)
136:(4,4,4,3,4)
137:(2,4,2,4,5)
138:(2,2,2,0,0)
139:(2,0,4,2,0)
140:(3,0,3,0,5)
141:(2,3,2,1,0)
142:(0,2,3,1,0)
143:(0,0,0,0,5)
144:(0,3,2,3,0)
145:(0,1,2,3,0)
146:(0,4,2,4,0)
147:(0,2,2,0,0)
148:(1,0,3,0,0)
149:(0,3,3,4,0)
150:(1,1,2,2,0)
151:(0,4,4,0,0)
152:(3,4,4,0,0)
153:(3,2,0,4,0)
154:(1,2,1,4,0)
155:(4,0,4,3,0)
156:(3,3,0,3,0)
157:(4,1,4,2,3)
158:(4,2,1,0,0)
159:(4,3,0,0,0)
160:(2,1,1,1,1)
161:(2,4,3,2,0)
162:(2,2,0,1,0)
163:(2,0,3,2,0)
164:(3,0,4,0,2)
165:(2,3,0,4,0)
166:(0,0,1,2,0)
167:(4,4,0,4,0)
168:(0,1,1,1,2)
169:(0,2,1,0,0)
170:(1,0,1,3,0)
171:(0,3,4,4,0)
172:(1,1,1,2,3)
173:(0,4,3,4,0)
174:(1,2,1,1,4)
175:(1,0,3,3,0)
176:(3,1,4,2,0)
177:(3,4,0,3,0)
178:(3,2,4,3,0)
179:(4,0,0,4,0)
180:(3,3,4,0,0)
181:(1,3,0,2,0)
182:(1,4,0,3,0)
183:(2,4,4,4,0)
184:(2,0,4,4,0)
185:(2,1,4,1,0)
186:(4,4,2,1,0)
187:(2,4,0,2,0)
188:(2,2,4,2,0)
189:(2,3,4,3,0)
190:(0,3,0,1,0)
191:(3,1,2,3,0)
192:(1,1,3,1,0)
193:(4,1,4,4,0)
194:(3,4,1,3,0)
195:(3,2,1,3,0)
196:(1,2,4,1,0)
197:(4,2,4,3,3)
198:(4,0,0,3,0)
199:(3,3,3,0,0)
200:(4,3,4,2,4)
201:(4,1,0,2,0)
202:(1,3,1,4,3)
203:(4,2,1,4,0)
204:(1,4,0,4,1)
205:(4,3,2,2,0)
206:(2,0,0,3,0)
207:(2,1,2,0,4)
208:(0,0,4,1,0)
209:(4,4,3,3,0)
210:(2,4,1,0,0)
211:(2,2,2,3,3)
212:(0,1,3,1,0)
213:(3,0,0,0,0)
214:(2,3,3,1,0)
215:(0,2,4,3,0)
216:(0,0,2,1,0)
217:(0,3,1,1,0)
218:(0,1,2,0,0)
219:(0,4,0,1,0)
220:(1,0,0,4,0)
221:(3,1,0,4,0)
222:(1,1,2,1,2)
223:(3,4,3,2,0)
224:(3,2,0,1,0)
225:(1,2,3,3,0)
226:(4,0,2,0,0)
227:(3,3,1,1,0)
228:(4,1,2,1,0)
229:(4,2,0,0,0)
230:(1,4,2,3,0)
231:(4,3,1,0,0)
232:(2,0,2,0,5)
233:(1,3,4,2,0)
234:(2,1,0,3,0)
235:(1,4,4,3,0)
236:(2,4,2,2,0)
237:(2,2,0,4,0)
238:(2,0,4,0,0)
239:(3,0,1,4,0)
240:(2,3,1,4,0)
241:(0,0,0,2,0)
242:(0,3,3,0,0)
243:(0,1,0,3,0)
244:(0,4,1,3,0)
245:(0,2,1,3,0)
246:(1,0,2,3,0)
247:(0,3,4,1,0)
248:(1,1,0,2,0)
249:(0,4,4,2,0)
250:(3,4,4,2,0)
251:(1,2,2,1,0)
252:(1,0,4,3,0)
253:(4,0,3,2,0)
254:(3,3,0,1,0)
255:(3,1,3,2,3)
256:(4,1,4,0,4)
257:(4,3,0,2,0)
258:(1,4,4,4,0)
259:(2,4,4,3,0)
260:(2,2,0,3,0)
261:(3,0,4,2,0)
262:(2,3,0,2,0)
263:(4,4,1,1,0)
264:(0,1,0,4,0)
265:(0,2,0,3,3)
266:(1,1,1,0,4)
267:(1,2,0,0,0)
268:(1,0,3,1,0)
269:(4,0,4,4,0)
270:(3,1,1,3,0)
271:(3,4,1,0,0)
272:(3,2,4,1,0)
273:(4,2,3,3,0)
274:(4,0,1,1,0)
275:(3,3,3,3,5)
276:(4,1,1,2,0)
277:(1,3,0,4,0)
278:(1,4,0,1,0)
279:(2,0,1,1,0)
280:(2,1,4,3,0)
281:(0,0,3,1,0)
282:(4,4,2,3,0)
283:(2,4,0,0,0)
284:(2,2,3,1,0)
285:(3,0,1,0,0)
286:(2,3,4,1,0)
287:(0,3,0,3,5)
288:(0,4,0,4,5)
289:(3,1,3,0,4)
290:(1,1,4,2,0)
291:(3,4,2,0,0)
292:(3,2,2,4,0)
293:(1,2,4,3,0)
294:(4,2,4,1,4)
295:(4,0,2,3,0)
296:(3,3,2,3,1)
297:(4,3,3,1,0)
298:(4,1,0,0,0)
299:(1,3,2,1,0)
300:(4,2,3,0,0)
301:(1,4,2,0,0)
302:(4,3,2,4,0)
303:(2,0,0,1,0)
304:(1,3,3,2,0)
305:(2,1,2,2,3)
306:(0,0,4,3,0)
307:(4,4,4,0,0)
308:(2,4,2,1,0)
309:(2,2,3,0,0)
310:(0,1,4,2,0)
311:(3,0,0,2,0)
312:(2,3,2,4,3)
313:(0,2,4,1,0)
314:(0,0,2,3,0)
315:(0,3,1,3,2)
316:(0,1,1,3,0)
317:(0,4,0,3,4)
318:(0,2,3,0,0)
319:(1,0,0,2,0)
320:(3,1,1,1,0)
321:(1,1,1,4,0)
322:(3,4,3,4,5)
323:(3,2,1,2,0)
324:(1,2,2,2,2)
325:(4,0,4,0,5)
326:(3,3,0,4,0)
327:(4,1,1,4,0)
328:(4,2,1,1,0)
329:(4,3,1,2,0)
330:(2,0,1,3,0)
331:(1,3,4,4,0)
332:(2,1,1,0,0)
333:(1,4,4,1,0)
334:(2,4,3,3,0)
335:(2,2,1,1,0)
336:(2,0,3,3,0)
337:(3,0,2,1,0)
338:(2,3,1,2,0)
339:(0,0,0,4,0)
340:(4,4,0,1,0)
341:(0,1,0,1,5)
342:(0,4,2,0,0)
343:(0,2,1,1,0)
344:(1,0,2,1,0)
345:(0,3,4,3,0)
346:(1,1,0,0,0)
347:(0,4,3,1,0)
348:(3,4,4,4,2)
349:(1,2,1,0,0)
350:(1,0,4,1,0)
351:(4,0,3,4,0)
352:(3,1,3,4,0)
353:(4,1,3,3,0)
354:(3,2,3,3,3)
355:(2,4,4,1,0)
356:(3,0,3,1,3)
357:(2,3,0,0,0)
358:(2,1,3,1,2)
359:(4,4,1,3,0)
360:(0,2,0,1,4)
361:(1,2,0,2,1)
362:(3,1,2,0,0)
363:(3,4,1,2,0)
364:(3,2,2,1,0)
365:(1,2,4,4,0)
366:(4,2,3,1,0)
367:(4,0,0,0,0)
368:(3,3,3,1,0)
369:(4,3,4,1,0)
370:(4,1,1,0,0)
371:(1,3,1,1,0)
372:(4,2,2,0,0)
373:(1,4,1,2,0)
374:(2,0,0,4,0)
375:(2,1,1,4,0)
376:(0,0,3,3,0)
377:(4,4,3,0,0)
378:(2,4,1,1,0)
379:(2,2,3,3,0)
380:(0,1,3,4,0)
381:(3,0,1,2,0)
382:(2,3,3,4,0)
383:(0,2,4,4,0)
384:(0,0,1,3,0)
385:(0,3,1,0,0)
386:(0,4,1,1,0)
387:(1,0,1,2,0)
388:(3,1,0,1,0)
389:(1,1,4,0,0)
390:(3,4,2,2,0)
391:(3,2,2,2,1)
392:(1,2,3,2,0)
393:(4,0,3,0,1)
394:(3,3,2,1,0)
395:(4,3,3,3,1)
396:(4,1,2,4,0)
397:(1,3,2,3,2)
398:(4,2,2,3,0)
399:(1,4,1,3,4)
400:(4,3,1,3,0)
401:(2,0,3,0,2)
402:(1,3,3,4,0)
403:(2,1,2,4,0)
404:(1,4,3,3,0)
405:(4,4,4,2,0)
406:(2,4,1,4,1)
407:(2,2,1,4,0)
408:(0,1,4,0,0)
409:(3,0,2,2,0)
410:(2,3,2,2,4)
411:(0,2,3,4,0)
412:(0,0,3,0,0)
413:(0,3,2,0,0)
414:(0,1,2,4,0)
415:(0,4,2,3,0)
416:(0,2,2,3,0)
417:(1,0,0,0,1)
418:(0,3,3,1,0)
419:(1,1,3,0,0)
420:(3,4,4,1,0)
421:(3,2,1,0,0)
422:(1,2,2,4,0)
423:(4,0,4,2,0)
424:(3,3,0,2,0)
425:(4,1,4,3,0)
426:(4,2,0,4,0)
427:(4,3,0,1,0)
428:(2,1,1,2,0)
429:(2,4,3,1,0)
430:(2,2,0,0,0)
431:(2,0,3,1,0)
432:(3,0,4,1,0)
433:(2,3,1,0,0)
434:(0,0,1,1,0)
435:(4,4,0,3,0)
436:(0,1,1,2,0)
437:(0,2,0,4,0)
438:(1,0,1,4,0)
439:(1,1,1,1,5)
440:(0,4,3,3,0)
441:(1,2,1,2,5)
442:(1,0,3,4,0)
443:(3,1,4,1,2)
444:(1,1,4,4,0)
445:(4,1,3,1,1)
446:(3,4,0,0,0)
447:(3,2,3,1,4)
448:(3,3,4,3,2)
449:(1,3,0,1,0)
450:(3,0,3,3,0)
451:(2,1,3,3,0)
452:(4,4,2,0,0)
453:(2,2,4,1,0)
454:(0,1,4,4,0)
455:(2,3,4,4,0)
456:(3,1,2,2,0)
457:(1,1,3,4,0)
458:(3,4,1,4,0)
459:(3,2,1,4,0)
460:(4,2,4,2,5)
461:(4,0,0,2,0)
462:(3,3,2,4,0)
463:(4,3,4,3,5)
464:(4,1,0,3,0)
465:(1,3,1,3,5)
466:(4,2,1,3,0)
467:(1,4,1,0,0)
468:(4,3,2,3,0)
469:(2,0,0,2,0)
470:(2,1,2,1,5)
471:(0,0,4,0,0)
472:(4,4,3,2,0)
473:(2,4,0,4,0)
474:(2,2,2,2,5)
475:(0,1,3,2,0)
476:(3,0,0,1,0)
477:(2,3,3,2,0)
478:(0,2,4,2,0)
479:(0,0,2,0,0)
480:(0,3,1,2,0)
481:(0,1,2,1,0)
482:(0,4,0,0,0)
483:(1,0,1,0,5)
484:(3,1,0,3,0)
485:(1,1,2,0,0)
486:(3,4,2,4,1)
487:(3,2,0,2,0)
488:(1,2,3,4,0)
489:(4,0,1,4,0)
490:(3,3,1,4,0)
491:(4,1,2,2,0)
492:(1,3,3,0,0)
493:(4,2,0,3,0)
494:(1,4,2,4,2)
495:(4,3,2,0,0)
496:(2,0,2,3,0)
497:(1,3,4,1,0)
498:(2,1,0,0,0)
499:(1,4,3,1,0)
500:(4,4,4,4,5)
501:(2,4,3,0,0)
502:(2,2,2,1,4)
503:(2,0,4,3,0)
504:(3,0,2,4,0)
505:(2,3,2,0,0)
506:(0,2,3,2,0)
507:(0,0,0,1,3)
508:(0,3,2,2,0)
509:(0,1,2,2,0)
510:(0,4,3,0,0)
511:(0,2,2,1,0)
512:(1,0,2,4,0)
513:(0,3,3,3,0)
514:(1,1,2,3,0)
515:(0,4,4,1,0)
516:(3,4,4,3,0)
517:(1,2,1,3,3)
518:(4,0,3,1,0)
519:(3,3,0,0,0)
520:(3,1,3,1,5)
521:(4,1,4,1,5)
522:(4,3,0,3,0)
523:(2,4,4,2,0)
524:(2,2,0,2,0)
525:(3,0,4,3,0)
526:(2,3,0,3,0)
527:(0,0,4,4,0)
528:(4,4,1,0,0)
529:(2,2,4,4,0)
530:(0,1,1,0,0)
531:(0,2,0,2,5)
532:(1,1,0,4,0)
533:(1,2,0,1,0)
534:(1,0,3,2,0)
535:(3,1,4,3,0)
536:(3,4,0,2,0)
537:(3,2,4,2,2)
538:(4,0,1,0,0)
539:(3,3,4,1,0)
540:(4,3,4,4,3)
541:(1,3,0,3,1)
542:(1,4,0,2,0)
543:(2,1,4,0,0)
544:(4,4,2,2,0)
545:(2,4,0,3,0)
546:(2,2,4,3,0)
547:(2,3,4,2,0)
548:(0,3,0,0,0)
549:(3,1,2,4,0)
550:(1,1,3,2,0)
551:(3,4,2,1,0)
552:(3,2,3,0,0)
553:(1,2,4,0,0)
554:(4,2,4,0,0)
555:(4,0,2,2,0)
556:(3,3,2,2,0)
557:(4,3,3,2,0)
558:(4,1,0,1,0)
559:(1,3,2,0,0)
560:(4,2,2,4,0)
561:(1,4,2,1,0)
562:(4,3,3,0,0)
563:(2,0,0,0,0)
564:(1,3,3,1,0)
565:(2,1,2,3,0)
566:(0,0,4,2,0)
567:(4,4,3,4,1)
568:(2,4,2,0,0)
569:(2,2,2,4,0)
570:(0,1,4,3,0)
571:(3,0,0,3,0)
572:(2,3,3,0,0)
573:(0,2,4,0,0)
574:(0,0,2,2,0)
575:(0,3,1,4,0)
576:(0,1,1,4,0)
577:(0,4,0,2,0)
578:(0,2,2,4,0)
579:(1,0,0,3,0)
580:(3,1,1,0,0)
581:(1,1,1,3,0)
582:(3,4,3,1,0)
583:(3,2,0,0,0)
584:(1,2,2,3,0)
585:(4,0,2,1,0)
586:(3,3,1,2,0)
587:(4,1,2,0,0)
588:(4,2,0,1,0)
589:(1,4,2,2,0)
590:(4,3,0,4,0)
591:(2,0,2,1,3)
592:(1,3,4,3,0)
593:(2,1,0,2,0)
594:(1,4,4,2,0)
595:(2,4,2,3,4)
596:(2,2,1,0,0)
597:(2,0,4,1,0)
598:(3,0,1,3,0)
599:(2,3,1,3,1)
600:(2,1,4,4,0)
601:(0,0,0,3,0)
602:(4,4,0,0,0)
603:(0,3,2,4,0)
604:(0,1,0,2,3)
605:(0,4,1,4,2)
606:(0,2,1,4,0)
607:(1,0,2,2,0)
608:(0,3,4,0,0)
609:(1,1,0,3,0)
610:(0,4,4,3,0)
611:(1,2,2,0,0)
612:(1,0,4,2,0)
613:(4,0,3,3,0)
614:(3,1,3,3,0)
615:(4,1,3,4,0)
616:(3,2,3,4,0)
617:(4,2,4,4,0)
618:(3,3,4,4,0)
619:(2,4,4,0,0)
620:(3,0,3,2,0)
621:(2,3,0,1,0)
622:(2,1,3,2,0)
623:(4,4,1,2,0)
624:(0,2,0,0,0)
