(x0,y0,x1,y1,x2,y2,obs)
0:(3,1,1,2,3,0,4)
1:(3,2,1,0,2,2,1)
2:(0,0,2,2,3,3,0)
3:(0,1,3,1,1,3,0)
4:(0,2,3,1,3,3,0)
5:(0,3,2,2,2,2,0)
6:(1,0,0,2,1,0,5)
7:(1,1,2,3,0,2,0)
8:(2,0,0,3,3,3,0)
9:(1,3,0,1,2,1,0)
10:(2,3,1,1,2,2,4)
11:(0,1,1,0,0,0,4)
12:(0,2,1,0,3,2,0)
13:(1,0,3,0,2,3,0)
14:(1,1,3,0,0,3,0)
15:(1,2,3,1,0,3,0)
16:(2,0,2,0,3,2,5)
17:(1,3,2,2,3,2,0)
18:(2,2,2,1,3,2,11)
19:(2,1,1,1,1,0,1)
20:(3,0,0,3,2,3,0)
21:(3,1,2,0,0,3,0)
22:(3,3,0,1,3,2,4)
23:(2,2,2,2,2,2,5)
24:(1,1,1,1,1,0,15)
25:(1,2,1,2,0,2,9)
26:(2,2,1,2,0,1,1)
27:(3,0,2,0,2,2,1)
28:(3,1,0,1,1,0,0)
29:(3,2,2,2,0,2,1)
30:(3,3,2,0,3,3,5)
31:(0,0,0,3,1,3,0)
32:(0,1,2,3,3,3,0)
33:(2,3,0,2,0,3,0)
34:(0,3,0,0,0,2,4)
35:(2,0,1,1,1,3,0)
36:(2,1,1,3,3,3,0)
37:(3,1,1,2,1,1,0)
38:(3,2,1,0,3,1,4)
39:(0,0,2,2,1,2,0)
40:(0,1,0,2,2,0,3)
41:(0,2,3,1,1,2,2)
42:(0,3,2,1,0,3,5)
43:(1,0,0,2,0,3,0)
44:(1,1,2,3,2,3,0)
45:(2,0,0,2,1,2,0)
46:(1,3,0,1,1,2,4)
47:(2,1,2,3,1,3,0)
48:(2,3,1,1,0,3,0)
49:(0,1,1,1,2,1,2)
50:(0,2,1,0,2,1,0)
51:(1,0,2,3,0,2,0)
52:(1,1,3,0,3,0,0)
53:(1,2,3,0,2,2,2)
54:(2,0,2,3,1,1,0)
55:(1,3,2,2,1,3,5)
56:(2,2,2,1,2,1,4)
57:(2,3,2,2,0,0,4)
58:(3,0,0,3,0,2,0)
59:(3,1,2,3,3,0,4)
60:(3,3,1,2,1,3,0)
61:(1,1,1,1,3,1,5)
62:(1,2,1,2,1,1,15)
63:(2,1,3,1,2,2,10)
64:(3,0,2,0,0,1,1)
65:(3,1,0,0,3,1,5)
66:(3,2,2,2,1,1,1)
67:(3,3,2,1,1,0,0)
68:(0,0,0,0,3,2,5)
69:(0,1,2,3,0,0,4)
70:(0,3,0,0,2,3,0)
71:(2,0,1,1,3,2,0)
72:(3,2,1,1,1,0,0)
73:(0,0,2,3,3,1,0)
74:(0,1,0,2,0,1,14)
75:(0,2,3,1,0,1,4)
76:(0,3,2,1,2,0,0)
77:(1,0,0,2,2,2,0)
78:(1,1,2,2,1,0,4)
79:(2,0,0,2,3,1,0)
80:(1,3,0,0,3,3,0)
81:(2,1,3,3,3,1,2)
82:(2,3,1,0,2,0,0)
83:(3,0,1,1,2,2,0)
84:(0,1,1,1,0,2,10)
85:(0,2,1,0,0,0,0)
86:(1,0,2,3,2,1,0)
87:(1,1,0,3,1,1,5)
88:(1,2,3,0,3,1,0)
89:(2,0,2,3,3,0,2)
90:(1,3,2,1,3,0,0)
91:(2,2,2,0,0,0,0)
92:(2,3,3,1,2,1,0)
93:(3,0,0,2,2,1,0)
94:(3,1,2,3,1,1,0)
95:(3,3,1,2,3,0,0)
96:(1,1,1,0,1,2,13)
97:(1,2,1,1,3,0,4)
98:(2,2,0,1,0,3,0)
99:(2,1,0,0,0,0,0)
100:(3,0,2,3,2,0,1)
101:(3,1,0,0,1,2,0)
102:(3,2,2,2,3,0,1)
103:(3,3,2,1,3,1,0)
104:(0,0,0,0,1,1,5)
105:(0,1,2,0,2,1,0)
106:(0,3,1,3,0,0,2)
107:(2,0,1,0,1,1,1)
108:(2,3,2,2,2,3,15)
109:(3,2,1,1,3,3,3)
110:(0,0,2,3,1,0,2)
111:(0,1,0,3,2,2,0)
112:(0,2,2,2,2,0,0)
113:(0,3,2,0,0,1,0)
114:(1,0,0,1,0,1,0)
115:(1,1,2,2,3,1,0)
116:(2,0,3,1,1,0,1)
117:(1,3,0,0,1,0,0)
118:(2,1,0,2,2,3,0)
119:(3,0,1,1,0,1,0)
120:(0,2,1,1,2,3,0)
121:(1,0,2,2,0,0,1)
122:(1,1,0,3,3,2,0)
123:(1,2,3,0,1,0,0)
124:(2,0,2,2,0,3,0)
125:(1,3,2,1,1,1,0)
126:(2,2,2,0,2,3,3)
127:(2,3,3,1,3,2,0)
128:(3,0,0,2,0,0,0)
129:(3,1,2,2,3,2,3)
130:(3,3,1,3,1,1,0)
131:(0,0,1,2,3,1,0)
132:(1,1,1,0,3,3,4)
133:(1,2,1,1,1,3,13)
134:(2,2,0,1,2,2,5)
135:(2,1,1,0,3,2,0)
136:(3,0,2,3,1,3,0)
137:(3,1,0,3,3,3,0)
138:(3,2,2,3,1,3,0)
139:(3,3,2,1,2,2,0)
140:(0,0,0,1,3,0,3)
141:(0,1,2,0,0,2,3)
142:(0,3,1,3,2,1,2)
143:(2,0,1,0,3,0,6)
144:(2,1,2,0,1,2,4)
145:(3,2,0,2,1,2,0)
146:(0,0,2,0,2,3,0)
147:(0,1,0,3,0,3,0)
148:(0,2,2,2,0,3,3)
149:(0,3,2,0,1,2,0)
150:(1,0,0,1,2,0,2)
151:(1,1,2,1,1,2,10)
152:(2,0,3,1,2,3,0)
153:(1,3,1,3,3,1,5)
154:(2,3,1,0,1,2,0)
155:(3,0,1,0,2,0,1)
156:(0,2,1,1,0,2,5)
157:(1,0,2,2,3,3,0)
158:(1,1,0,2,1,3,0)
159:(1,2,2,3,3,3,0)
160:(2,0,2,2,2,2,0)
161:(1,3,2,1,0,2,0)
162:(2,1,2,2,2,1,14)
163:(2,3,3,1,1,3,1)
164:(3,0,3,1,3,3,3)
165:(3,1,2,2,1,3,0)
166:(3,3,1,3,0,2,0)
167:(0,0,1,2,1,0,2)
168:(1,1,1,0,2,0,4)
169:(1,2,1,0,3,2,0)
170:(2,2,0,0,1,1,0)
171:(3,0,2,2,3,2,0)
172:(3,1,0,3,2,0,0)
173:(3,2,2,3,3,2,5)
174:(3,3,3,2,0,3,4)
175:(0,0,0,1,0,3,3)
176:(0,1,2,1,2,3,0)
177:(0,3,1,3,3,2,2)
178:(1,0,1,3,0,0,1)
179:(2,0,1,3,0,3,0)
180:(2,1,3,0,3,0,0)
181:(3,2,0,2,2,1,0)
182:(0,0,2,0,0,2,0)
183:(0,1,0,3,1,0,0)
184:(0,2,2,3,2,2,0)
185:(0,3,2,0,3,3,0)
186:(1,0,0,0,1,3,1)
187:(1,1,2,1,3,3,2)
188:(2,0,3,0,0,2,2)
189:(1,3,1,3,2,2,5)
190:(2,3,1,3,3,3,6)
191:(3,0,1,0,1,3,0)
192:(0,2,0,2,3,1,5)
193:(1,0,2,1,1,2,0)
194:(1,1,0,2,0,0,0)
195:(1,2,2,3,1,2,5)
196:(1,3,2,0,2,3,2)
197:(2,2,2,3,3,1,3)
198:(2,1,0,1,1,3,0)
199:(2,3,3,0,3,0,0)
200:(3,0,3,1,1,2,3)
201:(3,1,2,2,0,0,0)
202:(2,2,1,0,3,0,0)
203:(3,3,1,3,2,3,1)
204:(0,0,1,3,2,3,0)
205:(1,2,1,0,0,1,0)
206:(2,2,0,0,3,0,0)
207:(3,0,2,2,1,1,0)
208:(3,1,0,3,0,1,0)
209:(3,2,2,0,0,1,0)
210:(3,3,3,2,2,0,4)
211:(0,0,3,2,2,2,0)
212:(0,1,2,1,3,0,0)
213:(0,3,1,2,1,3,2)
214:(1,0,1,3,3,3,0)
215:(3,3,3,1,0,1,0)
216:(2,0,1,3,2,2,0)
217:(2,1,0,3,2,2,3)
218:(3,2,0,3,0,0,0)
219:(2,2,2,0,2,0,0)
220:(0,0,2,1,2,1,0)
221:(0,1,0,0,3,1,4)
222:(0,2,2,3,1,1,0)
223:(0,3,3,3,1,0,0)
224:(1,0,0,0,3,2,1)
225:(1,1,2,1,2,0,2)
226:(2,0,3,0,2,1,10)
227:(1,3,1,3,0,3,9)
228:(2,2,3,1,1,1,0)
229:(2,3,1,3,1,0,1)
230:(3,0,1,3,3,2,0)
231:(0,2,0,2,1,0,5)
232:(1,0,2,1,3,1,0)
233:(1,1,0,2,2,1,2)
234:(1,2,2,2,2,1,2)
235:(1,3,2,0,0,0,0)
236:(2,2,2,2,1,0,5)
237:(2,1,1,1,3,1,6)
238:(3,0,3,0,3,1,14)
239:(3,1,3,1,2,1,9)
240:(3,3,1,0,0,0,0)
241:(0,0,1,3,0,2,0)
242:(1,2,0,3,2,0,0)
243:(2,1,2,1,1,1,9)
244:(2,2,0,3,1,3,0)
245:(3,1,0,2,2,2,0)
246:(3,2,2,0,2,0,0)
247:(3,3,3,3,0,1,5)
248:(0,0,3,2,0,1,3)
249:(0,1,2,1,1,1,2)
250:(0,3,1,2,3,0,0)
251:(1,0,1,2,1,2,0)
252:(2,0,1,2,0,1,0)
253:(2,3,0,1,3,0,0)
254:(2,1,1,2,0,0,0)
255:(3,2,0,3,2,3,0)
256:(0,0,2,1,0,0,5)
257:(0,1,0,0,1,2,4)
258:(0,2,2,0,3,0,0)
259:(0,3,3,3,3,1,0)
260:(1,0,3,3,1,1,3)
261:(1,1,2,0,0,1,1)
262:(2,0,3,3,0,0,0)
263:(1,3,1,2,2,0,4)
264:(2,1,2,3,2,0,4)
265:(2,3,1,2,3,1,0)
266:(3,0,1,3,1,1,0)
267:(0,2,0,3,3,3,3)
268:(1,0,2,0,1,0,12)
269:(1,1,0,1,0,2,1)
270:(1,2,2,2,0,0,2)
271:(1,3,3,3,2,1,0)
272:(2,2,2,2,3,3,5)
273:(2,3,3,3,2,2,11)
274:(3,0,3,0,1,0,5)
275:(3,1,3,1,0,2,5)
276:(3,2,3,2,0,0,5)
277:(3,3,1,0,2,1,0)
278:(0,0,1,0,2,1,2)
279:(1,2,0,3,0,3,0)
280:(2,1,3,0,0,3,0)
281:(3,1,0,2,0,3,0)
282:(3,2,2,1,0,3,0)
283:(3,3,3,3,3,2,15)
284:(0,0,3,3,2,0,0)
285:(0,1,3,2,3,2,0)
286:(0,3,1,1,1,1,0)
287:(1,0,1,2,3,1,0)
288:(2,0,1,2,2,0,5)
289:(2,3,0,1,1,1,0)
290:(3,2,0,0,0,2,0)
291:(0,0,2,1,1,3,0)
292:(0,1,0,1,3,3,5)
293:(0,2,2,0,1,3,0)
294:(0,3,3,2,0,2,4)
295:(1,0,3,3,3,0,0)
296:(1,1,2,0,2,2,0)
297:(2,0,3,3,1,3,0)
298:(1,3,1,2,0,1,4)
299:(2,2,3,0,1,3,0)
300:(2,1,3,2,1,2,0)
301:(2,3,1,2,0,2,0)
302:(3,0,1,2,3,0,5)
303:(3,3,0,2,0,1,0)
304:(0,2,0,3,1,2,10)
305:(1,0,2,0,0,3,2)
306:(1,1,0,1,2,3,1)
307:(1,2,2,1,2,3,0)
308:(1,3,3,3,1,2,4)
309:(2,2,1,1,1,2,1)
310:(2,3,3,3,0,3,2)
311:(3,0,3,0,0,3,5)
312:(3,1,3,0,2,3,4)
313:(3,2,3,2,2,3,5)
314:(3,3,1,1,1,2,0)
315:(0,0,1,0,0,0,12)
316:(1,2,0,2,2,2,6)
317:(2,2,0,3,2,1,4)
318:(2,1,0,0,2,1,5)
319:(3,1,1,1,3,0,4)
320:(3,2,2,1,2,2,1)
321:(3,3,3,0,1,3,0)
322:(0,0,3,3,3,3,0)
323:(0,1,3,2,1,3,0)
324:(0,2,3,2,3,3,0)
325:(0,3,1,1,2,2,0)
326:(1,0,1,1,1,0,14)
327:(2,0,1,2,3,3,0)
328:(2,3,0,0,2,2,4)
329:(3,2,0,0,1,1,0)
330:(0,1,0,1,0,0,15)
331:(0,2,2,1,3,2,0)
332:(0,3,3,2,2,3,0)
333:(1,0,3,3,2,3,0)
334:(1,1,3,3,0,3,0)
335:(2,0,3,3,3,2,0)
336:(1,3,1,1,3,2,0)
337:(2,2,3,0,3,2,2)
338:(2,1,0,2,3,0,0)
339:(3,0,1,2,2,3,0)
340:(3,3,0,2,3,2,4)
341:(0,2,0,3,0,1,13)
342:(1,0,2,0,2,2,2)
343:(1,1,0,0,1,0,4)
344:(1,2,2,1,0,2,1)
345:(1,3,3,2,3,3,0)
346:(2,2,1,1,0,1,0)
347:(2,3,3,2,2,0,0)
348:(3,0,3,3,2,2,0)
349:(3,1,3,0,1,0,4)
350:(3,2,3,3,0,2,3)
351:(3,3,1,1,3,3,5)
352:(0,0,1,0,1,3,2)
353:(0,3,0,3,0,2,15)
354:(1,2,0,2,3,1,1)
355:(2,3,0,0,3,3,2)
356:(2,2,0,2,0,0,0)
357:(2,3,2,3,3,3,12)
358:(2,1,1,3,1,3,0)
359:(3,1,1,1,1,1,0)
360:(3,2,2,1,3,1,4)
361:(3,3,3,0,3,0,0)
362:(0,0,3,3,1,2,0)
363:(0,1,3,3,2,0,0)
364:(0,2,3,2,1,2,2)
365:(0,3,1,0,0,3,5)
366:(1,0,1,1,0,3,3)
367:(2,0,0,1,1,2,0)
368:(2,1,2,0,3,3,4)
369:(3,3,3,3,1,1,5)
370:(2,3,0,0,0,3,0)
371:(3,2,0,0,3,0,0)
372:(0,1,1,2,2,1,0)
373:(0,2,2,1,2,1,0)
374:(0,3,3,1,0,0,0)
375:(1,0,3,2,0,2,0)
376:(1,1,3,3,3,0,0)
377:(1,2,3,3,2,2,2)
378:(2,0,3,2,1,1,0)
379:(1,3,1,1,1,3,5)
380:(2,2,3,0,2,1,4)
381:(2,3,2,1,0,0,0)
382:(3,0,1,2,0,2,0)
383:(3,3,0,3,1,3,0)
384:(2,2,1,2,2,0,1)
385:(0,2,0,0,2,0,0)
386:(1,1,0,0,3,1,0)
387:(1,2,2,1,1,1,4)
388:(1,3,3,2,1,0,0)
389:(2,1,3,1,0,2,2)
390:(2,3,3,2,0,1,0)
391:(3,0,3,3,0,1,0)
392:(3,1,3,3,3,1,5)
393:(3,2,3,3,1,1,3)
394:(3,3,2,2,1,0,0)
395:(0,0,1,1,3,2,0)
396:(0,3,0,3,2,3,5)
397:(1,2,0,2,1,0,1)
398:(2,2,0,2,2,3,3)
399:(3,1,1,0,3,2,3)
400:(3,2,1,2,1,0,0)
401:(3,3,3,1,1,1,0)
402:(0,0,3,0,3,1,0)
403:(0,1,3,3,0,1,5)
404:(0,2,3,2,0,1,4)
405:(0,3,1,0,2,0,0)
406:(1,0,1,1,2,2,3)
407:(2,0,0,1,3,1,0)
408:(1,3,0,3,3,3,1)
409:(2,1,3,3,1,1,1)
410:(2,3,0,3,2,0,0)
411:(3,2,0,1,1,3,0)
412:(0,1,1,2,0,2,3)
413:(0,2,2,1,0,0,0)
414:(0,3,3,1,2,1,0)
415:(1,0,3,2,2,1,0)
416:(1,1,3,2,1,1,5)
417:(1,2,3,3,3,1,0)
418:(2,0,3,2,3,0,2)
419:(1,3,1,0,3,0,0)
420:(2,2,3,3,0,0,0)
421:(2,3,2,0,2,1,0)
422:(3,0,0,1,2,1,0)
423:(3,3,0,3,3,0,0)
424:(0,2,0,0,0,3,3)
425:(1,1,1,3,1,2,3)
426:(1,2,2,0,3,0,0)
427:(1,3,3,1,3,1,0)
428:(2,2,1,0,0,3,0)
429:(2,1,0,1,2,0,4)
430:(2,3,3,2,1,2,0)
431:(3,0,3,2,2,0,1)
432:(3,1,3,3,1,2,0)
433:(3,2,3,3,3,0,3)
434:(2,2,2,1,1,2,8)
435:(0,0,1,1,1,1,0)
436:(0,3,0,2,0,0,4)
437:(1,2,0,1,3,3,0)
438:(3,1,1,0,1,3,0)
439:(3,2,1,2,3,3,3)
440:(3,3,3,1,0,2,0)
441:(0,0,3,0,1,0,2)
442:(0,1,3,0,2,2,0)
443:(0,2,3,3,2,0,0)
444:(0,3,2,3,0,1,0)
445:(1,0,1,0,0,1,5)
446:(2,0,0,0,1,0,1)
447:(1,3,0,3,1,0,1)
448:(2,1,0,2,0,3,0)
449:(3,2,0,1,3,2,5)
450:(0,1,1,3,2,3,0)
451:(0,2,1,2,2,3,2)
452:(0,3,3,1,3,2,0)
453:(1,0,3,1,0,0,1)
454:(1,1,3,2,3,2,0)
455:(1,2,3,3,1,0,0)
456:(2,0,2,1,0,3,3)
457:(1,3,1,0,1,1,0)
458:(2,2,3,3,2,3,3)
459:(2,3,2,0,3,2,0)
460:(3,0,0,1,0,0,0)
461:(3,1,2,1,3,2,7)
462:(3,3,0,0,1,1,0)
463:(0,2,0,1,2,2,4)
464:(1,1,1,3,3,3,0)
465:(1,2,2,0,1,3,3)
466:(1,3,3,1,2,2,0)
467:(2,2,1,0,2,2,5)
468:(2,1,1,0,1,2,0)
469:(3,0,3,2,1,3,0)
470:(3,1,3,2,3,3,3)
471:(3,2,3,0,1,3,0)
472:(3,3,2,2,2,2,0)
473:(0,0,0,2,3,0,0)
474:(0,3,0,2,2,1,4)
475:(1,2,0,1,1,2,5)
476:(2,1,2,1,3,2,5)
477:(2,3,3,2,3,1,0)
478:(3,1,1,0,0,0,0)
479:(3,2,1,3,1,2,0)
480:(3,3,3,1,2,3,1)
481:(0,0,3,1,2,3,0)
482:(0,1,3,0,0,3,0)
483:(0,2,3,3,0,3,3)
484:(0,3,2,3,1,2,0)
485:(1,0,1,0,2,0,12)
486:(2,0,0,0,2,3,0)
487:(1,3,0,2,3,1,0)
488:(2,3,0,3,1,2,0)
489:(2,1,1,2,2,1,5)
490:(0,1,1,3,3,0,0)
491:(0,2,1,2,0,2,12)
492:(0,3,3,0,1,3,2)
493:(1,0,3,1,3,3,0)
494:(1,1,3,1,1,3,0)
495:(1,2,3,2,3,3,0)
496:(2,0,2,1,2,2,3)
497:(1,3,1,0,0,2,0)
498:(2,1,2,2,0,1,3)
499:(2,3,2,0,1,3,1)
500:(3,0,0,0,3,3,0)
501:(3,1,2,1,1,3,1)
502:(3,3,0,0,0,2,0)
503:(0,2,0,1,1,1,4)
504:(1,1,1,3,2,0,0)
505:(1,2,1,3,3,2,3)
506:(1,3,3,1,0,3,1)
507:(2,2,1,3,1,1,0)
508:(3,0,2,1,3,2,0)
509:(3,1,3,2,2,0,3)
510:(3,2,3,0,3,2,5)
511:(3,3,2,3,0,3,1)
512:(0,0,0,2,0,3,0)
513:(0,1,2,2,2,3,0)
514:(0,3,0,2,3,2,4)
515:(1,2,0,0,2,1,0)
516:(2,1,3,0,1,0,0)
517:(3,1,1,3,2,1,1)
518:(3,2,1,3,2,1,0)
519:(0,0,3,1,0,2,0)
520:(0,1,3,0,1,0,0)
521:(0,2,3,0,2,2,0)
522:(0,3,2,3,3,3,0)
523:(1,0,0,3,1,3,0)
524:(2,0,0,3,0,2,0)
525:(1,3,0,2,2,2,0)
526:(2,3,1,2,3,3,2)
527:(2,3,0,2,3,3,2)
528:(2,2,0,3,3,2,2)
529:(0,1,1,3,1,1,2)
530:(0,2,1,3,3,1,0)
531:(0,3,3,0,3,0,0)
532:(1,0,3,0,1,2,0)
533:(1,1,3,1,0,0,0)
534:(1,2,3,2,1,2,5)
535:(2,0,2,0,0,1,5)
536:(1,3,2,3,2,3,2)
537:(2,2,3,2,3,1,2)
538:(2,1,3,2,3,3,0)
539:(2,3,2,3,3,0,5)
540:(3,0,0,0,1,2,0)
541:(3,1,2,1,0,0,1)
542:(3,3,0,0,2,3,1)
543:(1,1,1,2,0,1,7)
544:(1,2,1,3,0,1,3)
545:(1,3,3,0,2,0,0)
546:(2,2,1,3,3,0,0)
547:(3,0,2,1,1,1,0)
548:(3,1,3,2,0,1,3)
549:(3,2,3,1,0,1,4)
550:(3,3,2,0,2,1,0)
551:(3,3,2,3,2,0,1)
552:(0,0,0,3,2,2,0)
553:(0,1,2,2,3,0,0)
554:(0,3,0,1,1,3,2)
555:(1,2,0,0,0,0,0)
556:(2,1,0,3,0,2,0)
557:(3,1,1,3,0,2,0)
558:(3,2,1,0,0,0,0)
559:(0,0,2,2,2,1,0)
560:(0,1,3,1,3,1,0)
561:(0,2,3,0,1,1,0)
562:(0,3,2,2,1,0,0)
563:(1,0,0,3,3,2,0)
564:(2,0,0,3,2,1,3)
565:(1,3,0,2,0,3,1)
566:(2,3,0,2,1,0,0)
567:(0,1,1,0,3,2,0)
568:(0,2,1,3,1,0,0)
569:(1,0,3,0,3,1,0)
570:(1,1,3,1,2,1,2)
571:(1,2,3,1,2,1,0)
572:(2,0,2,0,2,0,5)
573:(1,3,2,3,0,0,2)
574:(2,2,2,1,1,0,4)
575:(2,1,1,1,1,1,1)
576:(3,0,0,3,3,1,3)
577:(3,1,2,0,2,1,1)
578:(3,3,0,1,0,0,0)
579:(1,1,1,2,2,2,3)
580:(1,2,1,2,2,0,5)
581:(1,3,3,0,0,1,0)
582:(2,2,1,2,1,3,1)
583:(3,0,2,0,3,0,9)
584:(3,1,0,1,2,2,0)
585:(3,2,3,1,2,0,4)
586:(3,3,2,0,0,1,0)
587:(0,0,0,3,0,1,3)
588:(0,1,2,2,1,1,2)
589:(0,3,0,1,3,0,0)
590:(2,0,1,1,0,1,0)
591:(2,2,1,1,1,0,0)
592:(2,1,1,3,2,0,4)
593:(3,1,1,2,2,3,0)
594:(3,2,1,0,2,3,0)
595:(0,0,2,2,0,0,5)
596:(0,1,3,1,1,2,0)
597:(0,2,3,1,3,0,0)
598:(0,3,2,2,3,1,0)
599:(1,0,0,2,1,1,3)
600:(1,1,2,3,0,1,1)
601:(2,0,0,2,0,0,0)
602:(1,3,0,1,2,0,0)
603:(2,1,2,3,0,0,0)
604:(2,3,1,1,3,1,0)
605:(0,1,1,0,1,3,0)
606:(0,2,1,0,3,3,0)
607:(1,0,2,3,1,0,5)
608:(1,1,3,0,0,2,0)
609:(1,2,3,1,0,0,0)
610:(2,0,2,0,3,3,5)
611:(1,3,2,2,2,1,0)
612:(2,2,2,1,3,3,4)
613:(2,3,2,2,2,2,4)
614:(3,0,0,3,1,0,0)
615:(3,1,2,0,0,2,0)
616:(3,3,0,1,2,1,0)
617:(1,1,1,1,0,3,5)
618:(1,2,1,2,0,3,5)
619:(2,1,3,1,2,3,2)
620:(3,0,2,0,2,3,1)
621:(3,1,0,1,0,3,0)
622:(3,2,2,2,0,3,1)
623:(3,3,2,0,3,2,4)
624:(0,0,0,0,2,0,5)
625:(0,1,2,3,3,2,0)
626:(0,3,0,0,1,1,0)
627:(2,0,1,1,2,0,5)
628:(3,1,1,2,1,0,0)
629:(3,2,1,1,0,2,0)
630:(0,0,2,2,1,3,0)
631:(0,1,0,2,3,3,3)
632:(0,2,3,1,1,3,0)
633:(0,3,2,1,0,2,4)
634:(1,0,0,2,3,0,0)
635:(1,1,2,3,2,2,0)
636:(2,0,0,2,1,3,0)
637:(1,3,0,1,0,1,0)
638:(2,1,3,3,3,2,0)
639:(2,3,1,1,0,2,0)
640:(3,0,1,1,3,0,5)
641:(2,2,3,3,1,0,0)
642:(0,1,1,1,2,0,2)
643:(0,2,1,0,1,2,2)
644:(1,0,2,3,0,3,0)
645:(1,1,3,0,2,3,0)
646:(1,2,3,0,2,3,0)
647:(2,0,2,3,1,2,0)
648:(1,3,2,2,1,2,4)
649:(2,2,2,0,1,2,1)
650:(2,3,2,2,0,3,4)
651:(3,0,0,3,0,3,0)
652:(3,1,2,3,2,3,0)
653:(3,3,1,2,1,2,0)
654:(1,1,1,1,3,0,5)
655:(1,2,1,1,2,2,11)
656:(2,2,1,2,2,1,8)
657:(2,1,0,0,0,1,0)
658:(3,0,2,0,0,2,1)
659:(3,1,0,0,3,0,4)
660:(3,2,2,2,2,2,1)
661:(3,3,2,1,1,3,0)
662:(0,0,0,0,3,3,5)
663:(0,1,2,3,1,3,0)
664:(0,3,0,0,2,2,0)
665:(2,0,1,1,3,3,0)
666:(3,2,1,1,1,1,0)
667:(0,0,2,3,3,2,0)
668:(0,1,0,2,0,0,13)
669:(0,2,2,2,3,2,0)
670:(0,3,2,1,2,3,0)
671:(1,0,0,2,2,3,0)
672:(1,1,2,2,0,3,0)
673:(2,0,0,2,3,2,0)
674:(1,3,0,0,3,2,0)
675:(2,1,0,2,1,0,0)
676:(3,0,1,1,2,3,0)
677:(0,1,1,1,0,1,12)
678:(0,2,1,0,0,1,4)
679:(1,0,2,3,2,2,0)
680:(1,1,0,3,1,0,4)
681:(1,2,3,0,0,2,1)
682:(2,0,2,3,3,1,0)
683:(1,3,2,1,3,3,0)
684:(2,2,2,0,0,1,0)
685:(2,3,3,0,3,3,2)
686:(2,3,3,1,2,0,0)
687:(3,0,0,2,2,2,0)
688:(3,1,2,3,1,0,0)
689:(3,3,1,2,3,3,5)
690:(1,1,1,0,1,1,15)
691:(1,2,1,1,3,1,4)
692:(2,2,0,1,0,0,0)
693:(2,1,1,0,3,3,0)
694:(3,0,2,3,2,1,0)
695:(3,1,0,0,1,1,0)
696:(3,2,2,2,3,1,8)
697:(3,3,2,1,3,0,0)
698:(0,0,0,0,1,2,5)
699:(0,1,2,0,2,0,0)
700:(0,3,1,3,0,3,12)
701:(2,0,1,0,1,2,1)
702:(2,1,2,0,1,3,4)
703:(3,2,1,1,3,0,0)
704:(0,0,2,3,1,1,0)
705:(0,1,0,3,2,1,0)
706:(0,2,2,2,2,1,0)
707:(0,3,2,0,0,0,0)
708:(1,0,0,1,0,2,0)
709:(1,1,2,2,3,0,0)
710:(2,0,3,1,1,1,0)
711:(1,3,0,0,1,3,5)
712:(2,3,1,0,0,0,0)
713:(3,0,1,1,0,2,0)
714:(0,2,1,1,2,0,0)
715:(1,0,2,2,0,1,0)
716:(1,1,0,3,3,1,0)
717:(1,2,3,0,1,1,4)
718:(2,0,2,2,1,0,1)
719:(1,3,2,1,1,0,0)
720:(2,1,2,2,2,2,3)
721:(2,3,3,1,0,1,0)
722:(3,0,0,2,0,1,0)
723:(3,1,2,2,3,1,5)
724:(3,3,1,3,1,0,0)
725:(0,0,1,2,3,2,0)
726:(1,1,1,0,3,2,4)
727:(1,2,1,1,1,0,4)
728:(2,3,1,0,0,1,0)
729:(2,2,0,1,2,3,3)
730:(3,0,2,3,0,0,0)
731:(3,1,0,3,3,2,3)
732:(3,2,2,3,1,0,0)
733:(3,3,3,2,1,1,4)
734:(0,0,0,1,3,1,3)
735:(0,1,2,0,0,1,5)
736:(0,3,1,3,2,0,2)
737:(2,0,1,0,3,1,1)
738:(2,1,3,0,3,1,2)
739:(3,2,0,2,1,3,0)
740:(0,0,2,0,3,0,0)
741:(0,1,0,3,0,2,3)
742:(0,2,2,2,0,0,0)
743:(0,3,2,0,2,1,0)
744:(1,0,0,1,2,1,0)
745:(1,1,2,1,1,1,12)
746:(2,0,3,1,3,0,2)
747:(1,3,1,3,3,0,5)
748:(2,3,1,3,2,1,1)
749:(3,0,1,0,2,1,0)
750:(0,2,1,1,0,3,3)
751:(1,0,2,2,2,0,2)
752:(1,1,0,2,1,2,3)
753:(1,2,2,3,3,0,0)
754:(2,0,2,2,2,3,0)
755:(1,3,2,0,3,1,0)
756:(2,2,2,3,0,3,3)
757:(2,1,0,1,0,0,0)
758:(2,3,3,1,1,2,0)
759:(3,0,3,1,2,0,7)
760:(3,1,2,2,1,2,0)
761:(3,3,1,3,3,1,0)
762:(0,0,1,2,1,1,0)
763:(1,2,1,0,3,3,0)
764:(2,2,0,0,0,2,0)
765:(3,0,2,2,3,3,0)
766:(3,1,0,3,1,3,0)
767:(2,3,1,1,1,1,0)
768:(3,3,3,2,0,2,4)
769:(0,0,0,1,1,0,10)
770:(0,1,2,1,2,2,0)
771:(0,3,1,2,0,1,0)
772:(1,0,1,3,0,1,0)
773:(2,0,1,3,1,0,1)
774:(2,1,0,3,2,3,0)
775:(3,2,0,2,3,2,5)
776:(0,0,2,0,0,3,0)
777:(0,1,0,0,2,3,4)
778:(0,2,2,3,2,3,0)
779:(0,3,2,0,3,2,0)
780:(1,0,0,0,0,0,1)
781:(1,1,2,1,3,2,2)
782:(2,0,3,0,0,3,2)
783:(1,3,1,3,1,1,5)
784:(2,3,1,3,3,2,1)
785:(3,0,1,0,0,0,0)
786:(0,2,0,2,2,2,5)
787:(1,0,2,1,1,3,0)
788:(1,1,0,2,3,3,0)
789:(1,2,2,3,1,3,3)
790:(1,3,2,0,2,2,0)
791:(2,2,2,3,2,2,14)
792:(2,1,1,1,3,2,1)
793:(3,0,3,1,1,3,3)
794:(3,1,3,1,3,3,5)
795:(3,3,1,3,2,2,0)
796:(0,0,1,3,3,0,0)
797:(1,2,1,0,1,2,5)
798:(2,1,2,1,1,2,5)
799:(2,2,0,0,3,1,0)
800:(3,0,2,2,1,2,0)
801:(3,1,0,3,0,0,0)
802:(3,2,2,0,1,2,0)
803:(3,3,3,2,2,3,8)
804:(0,0,3,2,2,3,0)
805:(0,1,2,1,0,3,0)
806:(0,3,1,2,1,2,0)
807:(1,0,1,3,2,0,2)
808:(2,0,1,3,2,3,0)
809:(2,1,1,2,0,1,0)
810:(3,2,0,3,0,1,0)
811:(0,0,2,1,2,2,0)
812:(0,1,0,0,3,0,4)
813:(0,2,2,3,0,2,5)
814:(0,3,3,3,1,3,2)
815:(1,0,0,0,3,3,1)
816:(1,1,2,0,1,3,0)
817:(2,0,3,0,2,2,2)
818:(1,3,1,3,0,2,5)
819:(2,1,2,3,2,1,5)
820:(2,3,1,3,1,3,1)
821:(3,0,1,3,3,3,0)
822:(0,2,0,2,1,1,5)
823:(1,0,2,1,3,2,0)
824:(1,1,0,2,2,0,0)
825:(1,2,2,2,3,2,2)
826:(1,3,2,0,0,3,1)
827:(2,2,2,2,1,1,5)
828:(2,3,3,0,1,0,0)
829:(3,0,3,0,3,2,5)
830:(3,1,3,1,2,0,5)
831:(3,3,1,0,0,3,0)
832:(0,0,1,3,0,3,0)
833:(1,2,0,3,2,1,0)
834:(2,1,3,1,3,0,2)
835:(3,1,0,2,2,1,1)
836:(3,2,2,0,2,1,0)
837:(2,2,3,1,0,2,0)
838:(3,3,3,3,0,0,5)
839:(0,0,3,2,0,2,0)
840:(0,1,2,1,1,0,0)
841:(0,3,1,2,3,3,0)
842:(1,0,1,2,1,3,0)
843:(2,0,1,2,0,2,0)
844:(2,3,0,1,3,3,2)
845:(3,2,0,3,2,0,0)
846:(0,0,2,1,0,1,3)
847:(0,1,0,0,1,1,11)
848:(0,2,2,0,3,1,0)
849:(0,3,3,3,3,0,0)
850:(1,0,3,3,1,2,0)
851:(1,1,2,0,0,0,0)
852:(2,0,3,3,0,1,0)
853:(1,3,1,2,2,3,11)
854:(2,2,3,1,3,1,0)
855:(2,1,3,2,1,3,0)
856:(2,3,1,2,3,0,0)
857:(3,0,1,3,1,2,0)
858:(0,2,0,3,3,0,3)
859:(1,0,2,0,1,1,10)
860:(1,1,0,1,0,1,1)
861:(1,2,2,2,0,1,2)
862:(1,3,3,3,2,0,0)
863:(2,2,2,2,3,0,5)
864:(2,3,3,3,3,1,2)
865:(3,0,3,0,1,1,5)
866:(3,1,3,1,0,1,5)
867:(3,2,3,2,0,1,5)
868:(3,3,1,0,2,0,0)
869:(0,0,1,0,2,2,2)
870:(1,2,0,3,0,0,0)
871:(2,2,0,3,3,3,0)
872:(2,1,0,0,2,2,3)
873:(3,1,0,2,0,2,0)
874:(3,2,2,1,0,0,0)
875:(3,3,3,3,2,1,5)
876:(0,0,3,3,2,1,0)
877:(0,1,3,2,3,1,0)
878:(3,3,0,3,2,1,0)
879:(0,3,1,1,1,0,0)
880:(1,0,1,2,3,2,0)
881:(2,0,1,2,2,1,3)
882:(2,3,2,2,0,1,4)
883:(2,3,0,1,1,0,0)
884:(3,2,0,0,0,3,0)
885:(0,1,0,1,3,2,5)
886:(0,2,2,0,1,0,0)
887:(0,3,3,2,1,1,0)
888:(1,0,3,3,3,1,0)
889:(1,1,2,0,2,1,2)
890:(2,0,3,3,2,0,5)
891:(1,3,1,2,0,0,4)
892:(2,2,3,0,1,0,0)
893:(2,1,0,2,3,1,2)
894:(3,0,1,2,3,1,3)
895:(3,3,0,2,0,0,0)
896:(0,2,0,3,1,3,3)
897:(1,0,2,0,3,0,2)
898:(1,1,0,1,2,2,1)
899:(1,2,2,1,2,0,0)
900:(1,3,3,3,0,1,0)
901:(2,2,1,1,1,3,0)
902:(2,3,3,3,0,2,2)
903:(3,0,3,3,3,0,5)
904:(3,1,3,0,2,2,4)
905:(3,2,3,2,2,0,5)
906:(3,3,1,1,0,1,0)
907:(0,0,1,0,0,1,10)
908:(1,2,0,2,2,3,1)
909:(2,2,0,2,1,2,1)
910:(2,1,1,3,0,0,0)
911:(3,1,1,1,2,3,0)
912:(3,2,2,1,2,3,0)
913:(3,3,3,0,1,2,0)
914:(0,0,3,3,0,0,5)
915:(0,1,3,2,1,2,0)
916:(0,2,3,2,3,0,0)
917:(0,3,1,1,3,1,0)
918:(1,0,1,1,1,1,3)
919:(2,0,0,1,0,0,0)
920:(2,1,2,0,2,0,4)
921:(2,3,0,0,3,1,0)
922:(3,2,0,0,2,2,1)
923:(0,1,0,1,1,3,5)
924:(0,2,2,1,3,3,0)
925:(0,3,3,2,2,2,0)
926:(1,0,3,2,1,0,5)
927:(1,1,3,3,0,2,0)
928:(2,0,3,3,3,3,0)
929:(1,3,1,1,2,1,0)
930:(2,2,3,0,3,3,0)
931:(2,2,1,0,0,2,0)
932:(2,3,2,1,2,2,4)
933:(3,0,1,2,1,0,0)
934:(3,3,0,2,2,1,0)
935:(0,2,0,0,3,2,0)
936:(1,0,2,0,2,3,2)
937:(1,1,0,0,0,3,0)
938:(1,2,2,1,0,3,0)
939:(1,3,3,2,3,2,0)
940:(2,1,3,1,0,3,2)
941:(2,3,3,2,2,3,5)
942:(3,0,3,3,2,3,0)
943:(3,1,3,0,0,3,4)
944:(3,2,3,3,0,3,3)
945:(3,3,1,1,3,2,4)
946:(0,0,1,1,2,0,0)
947:(0,3,0,3,1,1,5)
948:(1,2,0,2,0,2,1)
949:(2,2,0,2,0,1,0)
950:(3,1,1,1,1,0,0)
951:(3,2,1,2,0,2,0)
952:(3,3,3,0,3,3,5)
953:(0,0,3,3,1,3,0)
954:(0,1,3,3,3,3,0)
955:(0,2,3,2,1,3,0)
956:(0,3,1,0,0,2,4)
957:(1,0,1,1,3,0,3)
958:(2,0,0,1,1,3,0)
959:(2,1,3,3,1,2,0)
960:(2,3,0,0,0,2,0)
961:(3,2,0,0,3,1,4)
962:(0,1,1,2,2,0,0)
963:(0,2,2,1,1,2,2)
964:(0,3,3,1,0,3,5)
965:(1,0,3,2,0,3,0)
966:(1,1,3,3,2,3,0)
967:(1,2,3,3,2,3,0)
968:(2,0,3,2,1,2,0)
969:(1,3,1,1,1,2,4)
970:(2,2,3,3,1,2,1)
971:(2,3,2,1,0,3,0)
972:(3,0,1,2,0,3,0)
973:(3,3,0,3,1,2,0)
974:(0,2,0,0,2,1,0)
975:(1,1,0,0,3,0,0)
976:(1,2,2,0,2,2,2)
977:(1,3,3,2,1,3,5)
978:(2,2,1,1,2,1,4)
979:(2,1,0,1,2,1,5)
980:(2,3,3,2,0,0,0)
981:(3,0,3,3,0,2,0)
982:(3,1,3,3,3,0,4)
983:(3,2,3,3,2,2,7)
984:(3,3,2,2,1,3,0)
985:(0,0,1,1,3,3,0)
986:(0,3,0,3,2,2,5)
987:(1,2,0,2,1,1,8)
988:(2,2,0,2,2,0,0)
989:(3,1,1,0,3,1,5)
990:(3,2,1,2,1,1,0)
991:(3,3,3,1,1,0,0)
992:(0,0,3,0,3,2,0)
993:(0,1,3,3,0,0,4)
994:(0,2,3,3,3,2,0)
995:(0,3,1,0,2,3,0)
996:(1,0,1,1,2,3,3)
997:(2,0,0,1,3,2,0)
998:(1,3,0,3,3,2,1)
999:(2,1,0,3,3,0,0)
1000:(3,2,0,1,1,0,0)
1001:(2,2,2,3,0,2,3)
1002:(0,1,1,2,0,1,5)
1003:(0,2,2,1,0,1,4)
1004:(0,3,3,1,2,0,0)
1005:(1,0,3,2,2,2,0)
1006:(1,1,3,2,1,0,4)
1007:(1,2,3,3,0,2,1)
1008:(2,0,3,2,3,1,0)
1009:(1,3,1,0,3,3,0)
1010:(2,2,3,3,0,1,0)
1011:(2,3,2,0,2,0,0)
1012:(3,0,0,1,2,2,0)
1013:(3,3,0,3,3,3,5)
1014:(0,2,0,0,0,0,0)
1015:(1,1,1,3,1,1,5)
1016:(1,2,2,0,3,1,0)
1017:(1,3,3,1,3,0,0)
1018:(2,2,1,0,0,0,0)
1019:(2,1,1,0,1,3,0)
1020:(3,0,3,2,2,1,0)
1021:(3,1,3,3,1,1,0)
1022:(2,2,0,0,2,2,5)
1023:(3,3,2,2,3,0,0)
1024:(0,0,1,1,1,2,0)
1025:(0,3,0,2,0,3,15)
1026:(1,2,0,1,3,0,0)
1027:(2,1,2,1,3,3,5)
1028:(3,1,1,0,1,2,0)
1029:(3,2,1,2,3,0,0)
1030:(3,3,3,1,3,1,0)
1031:(0,0,3,0,1,1,0)
1032:(0,1,3,0,2,1,0)
1033:(0,2,3,3,2,1,0)
1034:(0,3,2,3,0,0,0)
1035:(1,0,1,0,0,2,5)
1036:(2,0,0,0,1,1,0)
1037:(1,3,0,3,1,3,9)
1038:(2,3,0,3,0,0,0)
1039:(2,1,1,2,2,2,3)
1040:(3,2,0,1,3,3,3)
1041:(0,1,1,3,2,2,0)
1042:(0,2,1,2,2,0,2)
1043:(0,3,3,0,0,1,0)
1044:(1,0,3,1,0,1,0)
1045:(1,1,3,2,3,1,0)
1046:(1,2,3,3,1,1,4)
1047:(2,0,2,1,1,0,7)
1048:(1,3,1,0,1,0,0)
1049:(2,1,2,2,0,2,3)
1050:(2,3,2,0,0,1,0)
1051:(3,0,0,1,0,1,0)
1052:(3,1,2,1,3,1,9)
1053:(3,3,0,0,1,0,0)
1054:(0,2,0,1,2,3,4)
1055:(1,1,1,3,3,2,0)
1056:(1,2,2,0,1,0,0)
1057:(1,3,3,1,1,1,0)
1058:(2,2,1,0,2,3,3)
1059:(3,0,3,2,0,0,0)
1060:(3,1,3,2,3,2,3)
1061:(3,2,3,0,1,0,0)
1062:(3,3,2,3,1,1,1)
1063:(0,0,0,2,3,1,0)
1064:(0,3,0,2,2,0,4)
1065:(1,2,0,1,1,3,3)
1066:(2,1,3,0,1,1,1)
1067:(3,1,1,3,3,3,0)
1068:(3,2,1,3,1,3,0)
1069:(3,3,3,1,2,2,0)
1070:(0,0,3,1,3,0,0)
1071:(0,1,3,0,0,2,3)
1072:(0,2,3,3,0,0,0)
1073:(0,3,2,3,2,1,0)
1074:(1,0,1,0,2,1,5)
1075:(2,0,0,0,3,0,2)
1076:(1,3,0,2,3,0,0)
1077:(2,3,0,2,2,1,0)
1078:(0,1,1,3,0,3,0)
1079:(0,2,1,2,0,3,10)
1080:(0,3,3,0,1,2,0)
1081:(1,0,3,1,2,0,2)
1082:(1,1,3,1,1,2,3)
1083:(1,2,3,2,3,0,0)
1084:(2,0,2,1,2,3,3)
1085:(1,3,2,3,3,1,2)
1086:(2,2,3,2,0,3,2)
1087:(2,1,3,2,2,0,4)
1088:(2,3,2,0,1,2,0)
1089:(3,0,0,0,2,0,1)
1090:(3,1,2,1,1,2,1)
1091:(3,3,0,0,3,1,0)
1092:(0,2,0,1,0,2,15)
1093:(1,1,1,2,1,3,3)
1094:(1,2,1,3,3,3,3)
1095:(1,3,3,1,0,2,0)
1096:(2,2,1,3,0,2,0)
1097:(3,0,2,1,3,3,0)
1098:(3,1,3,2,1,3,3)
1099:(3,2,3,0,3,3,3)
1100:(3,3,2,3,0,2,1)
1101:(0,0,0,2,1,0,2)
1102:(0,1,2,2,2,2,0)
1103:(0,3,0,1,0,1,0)
1104:(1,2,0,0,3,2,0)
1105:(2,1,0,3,0,3,0)
1106:(3,1,1,3,2,0,0)
1107:(3,2,1,3,3,2,5)
1108:(0,0,3,1,0,3,0)
1109:(0,1,3,1,2,3,0)
1110:(0,2,3,0,2,3,0)
1111:(0,3,2,3,3,2,0)
1112:(1,0,0,3,0,0,1)
1113:(2,0,0,3,0,3,0)
1114:(1,3,0,2,1,1,0)
1115:(2,3,0,2,3,2,0)
1116:(0,1,1,3,1,0,0)
1117:(0,2,1,3,2,2,0)
1118:(0,3,3,0,3,3,0)
1119:(1,0,3,0,1,3,0)
1120:(1,1,3,1,3,3,0)
1121:(1,2,3,2,1,3,3)
1122:(2,0,2,0,0,2,5)
1123:(1,3,2,3,2,2,2)
1124:(2,2,3,2,2,2,12)
1125:(2,1,1,1,1,2,1)
1126:(3,0,0,0,1,3,0)
1127:(3,1,2,0,3,3,0)
1128:(3,3,0,0,2,2,0)
1129:(1,1,1,2,0,0,3)
1130:(1,2,1,3,1,2,14)
1131:(1,3,3,0,2,3,2)
1132:(2,2,1,3,3,1,0)
1133:(3,0,2,1,1,2,0)
1134:(3,1,3,2,0,0,3)
1135:(3,2,3,1,1,2,4)
1136:(3,3,2,3,2,3,1)
1137:(0,0,0,3,2,3,0)
1138:(0,1,2,2,0,3,0)
1139:(0,3,0,1,1,2,0)
1140:(1,2,0,0,0,1,0)
1141:(2,3,0,0,1,1,0)
1142:(2,1,1,3,2,1,5)
1143:(3,1,1,3,0,1,0)
1144:(3,2,1,0,0,1,0)
1145:(0,0,2,2,2,2,0)
1146:(0,1,3,1,3,0,0)
1147:(0,2,3,0,0,2,5)
1148:(0,3,2,2,1,3,2)
1149:(1,0,0,3,3,3,0)
1150:(1,1,2,3,1,3,0)
1151:(2,0,0,3,2,2,0)
1152:(1,3,0,2,0,2,0)
1153:(2,1,2,3,0,1,0)
1154:(2,3,0,2,1,3,1)
1155:(0,1,1,0,3,1,0)
1156:(0,2,1,3,1,1,0)
1157:(1,0,3,0,3,2,0)
1158:(1,1,3,1,2,0,0)
1159:(1,2,3,1,3,2,0)
1160:(2,0,2,0,2,1,14)
1161:(1,3,2,3,0,3,6)
1162:(2,2,2,1,1,1,4)
1163:(2,3,2,3,1,0,5)
1164:(3,0,0,3,3,2,0)
1165:(3,1,2,0,2,0,0)
1166:(3,3,0,1,0,3,0)
1167:(2,2,0,1,0,2,0)
1168:(1,1,1,2,2,1,10)
1169:(1,2,1,2,2,1,5)
1170:(1,3,3,0,0,0,0)
1171:(2,1,3,1,1,0,2)
1172:(3,0,2,0,3,1,7)
1173:(3,1,0,1,2,1,1)
1174:(3,2,3,1,2,1,4)
1175:(3,3,2,0,0,0,0)
1176:(0,0,0,3,0,2,0)
1177:(0,1,2,2,1,0,0)
1178:(0,3,0,1,3,3,0)
1179:(2,0,1,1,0,2,0)
1180:(3,1,1,2,2,2,0)
1181:(3,2,1,0,2,0,0)
1182:(0,0,2,2,0,1,3)
1183:(0,1,3,1,1,1,2)
1184:(0,2,3,1,3,1,0)
1185:(0,3,2,2,3,0,0)
1186:(1,0,0,2,1,2,0)
1187:(1,1,2,3,0,0,0)
1188:(2,0,0,2,0,1,0)
1189:(1,3,0,1,2,3,2)
1190:(2,1,3,3,3,3,0)
1191:(2,3,1,1,3,0,0)
1192:(0,1,1,0,1,2,0)
1193:(0,2,1,0,3,0,0)
1194:(1,0,2,3,1,1,3)
1195:(1,1,3,0,0,1,1)
1196:(1,2,3,1,0,1,0)
1197:(2,0,2,3,0,0,0)
1198:(1,3,2,2,2,0,0)
1199:(2,2,2,1,3,0,4)
1200:(2,3,2,2,3,1,4)
1201:(3,0,0,3,1,1,0)
1202:(3,1,2,0,0,1,0)
1203:(3,3,0,1,2,0,0)
1204:(1,1,1,1,0,2,5)
1205:(1,2,1,2,0,0,5)
1206:(2,2,1,2,3,3,1)
1207:(2,1,0,0,0,2,0)
1208:(3,0,2,0,1,0,1)
1209:(3,1,0,1,0,2,0)
1210:(3,2,2,2,0,0,1)
1211:(2,2,2,1,0,0,4)
1212:(0,0,0,0,2,1,5)
1213:(0,1,2,3,3,1,0)
1214:(0,3,0,0,1,0,0)
1215:(2,0,1,1,2,1,3)
1216:(3,1,1,2,0,3,0)
1217:(3,2,1,1,0,3,0)
1218:(0,0,2,3,2,0,0)
1219:(0,1,0,2,3,2,3)
1220:(0,2,3,1,1,0,0)
1221:(0,3,2,1,1,1,0)
1222:(1,0,0,2,3,1,0)
1223:(1,1,2,3,2,1,2)
1224:(2,0,0,2,2,0,5)
1225:(1,3,0,1,0,0,0)
1226:(2,1,0,2,1,1,1)
1227:(3,0,1,1,3,1,3)
1228:(0,1,1,1,3,3,2)
1229:(0,2,1,0,1,3,0)
1230:(1,0,2,3,3,0,0)
1231:(1,1,3,0,2,2,0)
1232:(1,2,3,0,2,0,0)
1233:(2,0,2,3,1,3,0)
1234:(1,3,2,2,0,1,0)
1235:(2,2,2,0,1,3,0)
1236:(2,3,2,2,0,2,4)
1237:(3,0,0,2,3,0,5)
1238:(3,1,2,3,2,2,0)
1239:(3,3,1,2,0,1,0)
1240:(1,1,1,1,2,3,5)
1241:(1,2,1,1,2,3,4)
1242:(2,2,0,1,1,2,1)
1243:(2,1,1,0,2,0,4)
1244:(3,0,2,0,0,3,1)
1245:(3,1,0,0,2,3,0)
1246:(3,2,2,2,2,3,1)
1247:(3,3,2,1,1,2,0)
1248:(0,0,0,0,0,0,5)
1249:(0,1,2,3,1,2,0)
1250:(0,3,0,0,3,1,0)
1251:(2,0,1,0,0,0,1)
1252:(2,1,2,0,0,0,4)
1253:(2,3,3,2,0,3,0)
1254:(3,2,1,1,2,2,1)
1255:(0,0,2,3,3,3,0)
1256:(0,1,0,2,1,3,3)
1257:(0,2,2,2,3,3,0)
1258:(0,3,2,1,2,2,0)
1259:(1,0,0,1,1,0,5)
1260:(1,1,2,2,0,2,0)
1261:(2,0,0,2,3,3,0)
1262:(1,3,0,0,2,1,0)
1263:(2,3,1,0,2,2,4)
1264:(3,0,1,1,1,0,0)
1265:(0,1,1,1,0,0,11)
1266:(0,2,1,1,3,2,0)
1267:(1,0,2,3,2,3,0)
1268:(1,1,0,3,0,3,0)
1269:(1,2,3,0,0,3,0)
1270:(2,0,2,3,3,2,0)
1271:(1,3,2,1,3,2,0)
1272:(2,1,2,2,2,3,3)
1273:(2,3,3,1,2,3,5)
1274:(3,0,0,2,2,3,0)
1275:(3,1,2,3,0,3,0)
1276:(3,3,1,2,3,2,4)
1277:(0,0,1,2,2,0,0)
1278:(1,1,1,0,1,0,4)
1279:(1,2,1,1,0,2,8)
1280:(2,2,0,1,0,1,0)
1281:(3,0,2,3,2,2,0)
1282:(3,1,0,0,1,0,0)
1283:(3,2,2,3,0,2,0)
1284:(3,3,2,1,3,3,5)
1285:(0,0,0,0,1,3,5)
1286:(0,1,2,0,3,3,0)
1287:(0,3,1,3,0,2,11)
1288:(2,0,1,0,1,3,1)
1289:(2,1,3,0,3,2,0)
1290:(3,2,1,1,3,1,4)
1291:(0,0,2,3,1,2,0)
1292:(0,1,0,3,2,0,0)
1293:(0,2,2,2,1,2,2)
1294:(0,3,2,0,0,3,5)
1295:(1,0,0,1,0,3,0)
1296:(1,1,2,2,2,3,0)
1297:(2,0,3,1,1,2,0)
1298:(1,3,0,0,1,2,4)
1299:(2,3,1,2,1,1,0)
1300:(2,2,0,0,0,0,0)
1301:(3,0,1,1,0,3,0)
1302:(0,2,1,1,2,1,0)
1303:(1,0,2,2,0,2,0)
1304:(1,1,0,3,3,0,0)
1305:(1,2,2,3,2,2,2)
1306:(2,0,2,2,1,1,0)
1307:(1,3,2,1,1,3,5)
1308:(2,2,2,0,2,1,4)
1309:(2,1,0,1,0,1,0)
1310:(2,3,3,1,0,0,0)
1311:(3,0,0,2,0,2,0)
1312:(3,1,2,2,3,0,4)
1313:(3,3,1,3,1,3,0)
1314:(0,0,1,2,3,3,0)
1315:(1,1,1,0,3,1,4)
1316:(1,2,1,1,1,1,4)
1317:(2,2,0,1,2,0,0)
1318:(3,0,2,3,0,1,0)
1319:(3,1,0,3,3,1,5)
1320:(3,2,2,3,1,1,0)
1321:(3,3,3,2,1,0,4)
1322:(0,0,0,1,3,2,3)
1323:(0,1,2,0,0,0,4)
1324:(0,3,1,3,2,3,2)
1325:(2,0,1,0,3,2,1)
1326:(2,1,0,3,1,0,0)
1327:(3,2,0,2,1,0,0)
1328:(0,0,2,0,3,1,0)
1329:(0,1,0,3,0,1,5)
1330:(0,2,2,2,0,1,4)
1331:(3,3,0,0,3,3,5)
1332:(0,3,2,0,2,0,0)
1333:(1,0,0,1,2,2,0)
1334:(1,1,2,1,1,0,11)
1335:(2,0,3,1,3,1,0)
1336:(1,3,1,3,3,3,5)
1337:(2,3,1,3,2,0,1)
1338:(3,0,1,0,2,2,0)
1339:(0,2,1,1,0,0,0)
1340:(1,0,2,2,2,1,0)
1341:(1,1,0,2,1,1,5)
1342:(1,2,2,3,3,1,0)
1343:(2,0,2,2,3,0,2)
1344:(1,3,2,0,3,0,0)
1345:(2,2,2,3,0,0,3)
1346:(2,1,1,1,3,3,1)
1347:(3,0,3,1,2,1,3)
1348:(3,1,2,2,1,1,0)
1349:(3,3,1,3,3,0,0)
1350:(0,0,1,2,1,2,0)
1351:(1,2,1,0,3,0,0)
1352:(2,1,2,1,1,3,5)
1353:(2,2,0,0,0,3,0)
1354:(3,0,2,2,2,0,1)
1355:(3,1,0,3,1,2,0)
1356:(3,2,2,3,3,0,0)
1357:(3,3,3,2,3,1,4)
1358:(0,0,0,1,1,1,3)
1359:(0,1,2,1,2,1,0)
1360:(0,3,1,2,0,0,0)
1361:(1,0,1,3,0,2,0)
1362:(2,0,1,3,1,1,0)
1363:(2,1,1,2,0,2,0)
1364:(3,2,0,2,3,3,3)
1365:(0,0,2,0,1,0,2)
1366:(0,1,0,0,2,2,4)
1367:(0,2,2,3,2,0,0)
1368:(0,3,3,3,0,1,0)
1369:(1,0,0,0,0,1,1)
1370:(1,1,2,1,3,1,2)
1371:(2,0,3,0,1,0,6)
1372:(1,3,1,3,1,0,5)
1373:(2,1,2,3,2,2,3)
1374:(2,3,1,3,0,1,1)
1375:(3,0,1,0,0,1,0)
1376:(0,2,0,2,2,3,5)
1377:(1,0,2,1,0,0,1)
1378:(1,1,0,2,3,2,0)
1379:(1,2,2,3,1,0,0)
1380:(1,3,2,0,1,1,0)
1381:(2,2,2,3,2,3,3)
1382:(2,3,3,0,3,2,0)
1383:(3,0,3,1,0,0,3)
1384:(3,1,3,1,3,2,14)
1385:(3,3,1,0,1,1,0)
1386:(0,0,1,3,3,1,0)
1387:(1,2,1,0,1,3,3)
1388:(2,1,3,1,3,1,2)
1389:(3,0,2,2,1,3,0)
1390:(3,1,0,2,3,3,0)
1391:(3,2,2,0,1,3,0)
1392:(3,3,3,2,2,2,4)
1393:(0,0,3,2,3,0,0)
1394:(0,1,2,1,0,2,3)
1395:(0,3,1,2,2,1,0)
1396:(1,0,1,3,2,1,0)
1397:(2,0,1,3,3,0,2)
1398:(2,3,0,1,2,1,0)
1399:(3,2,0,3,1,2,0)
1400:(0,0,2,1,2,3,0)
1401:(0,1,0,0,0,3,4)
1402:(0,2,2,3,0,3,3)
1403:(0,3,3,3,1,2,0)
1404:(1,0,0,0,2,0,6)
1405:(1,1,2,0,1,2,3)
1406:(2,0,3,0,2,3,2)
1407:(1,3,1,2,3,1,4)
1408:(2,2,3,1,0,3,0)
1409:(2,1,3,2,0,0,0)
1410:(2,3,1,3,1,2,1)
1411:(3,0,1,3,2,0,1)
1412:(2,2,3,3,3,2,2)
1413:(0,2,0,2,0,2,5)
1414:(1,0,2,1,3,3,0)
1415:(1,1,0,1,1,3,1)
1416:(1,2,2,2,3,3,2)
1417:(1,3,2,0,0,2,0)
1418:(2,2,2,2,0,2,5)
1419:(2,3,3,0,1,3,1)
1420:(3,0,3,0,3,3,5)
1421:(3,1,3,1,1,3,5)
1422:(3,3,1,0,0,2,0)
1423:(0,0,1,3,1,0,2)
1424:(1,2,0,3,3,2,0)
1425:(2,2,0,3,1,1,0)
1426:(2,1,0,0,2,3,0)
1427:(3,1,0,2,2,0,0)
1428:(3,2,2,0,3,2,5)
1429:(3,3,3,3,0,3,5)
1430:(0,0,3,2,0,3,0)
1431:(0,1,3,2,2,3,0)
1432:(0,3,1,2,3,2,0)
1433:(1,0,1,2,0,0,1)
1434:(2,0,1,2,0,3,0)
1435:(2,3,0,1,3,2,0)
1436:(3,2,0,3,2,1,0)
1437:(0,0,2,1,0,2,0)
1438:(0,1,0,0,1,0,4)
1439:(0,2,2,0,2,2,0)
1440:(0,3,3,3,3,3,0)
1441:(1,0,3,3,1,3,0)
1442:(1,1,2,0,3,3,0)
1443:(2,0,3,3,0,2,0)
1444:(1,3,1,2,2,2,4)
1445:(2,2,3,1,2,2,5)
1446:(2,1,0,2,3,2,0)
1447:(3,0,1,3,1,3,0)
1448:(0,2,0,3,3,1,3)
1449:(3,3,1,2,1,1,0)
1450:(1,0,2,0,1,2,2)
1451:(1,1,0,1,0,0,1)
1452:(1,2,2,2,1,2,12)
1453:(1,3,3,3,2,3,2)
1454:(2,2,2,2,3,1,5)
1455:(2,3,3,0,1,1,0)
1456:(2,3,3,3,3,0,2)
1457:(3,0,3,0,1,2,5)
1458:(3,1,3,1,0,0,5)
1459:(3,2,3,2,1,2,5)
1460:(3,3,1,0,2,3,1)
1461:(0,0,1,0,2,3,2)
1462:(1,2,0,3,0,1,0)
1463:(2,2,0,3,3,0,0)
1464:(2,1,1,3,0,1,0)
1465:(3,1,0,2,0,1,0)
1466:(3,2,2,1,0,1,0)
1467:(3,3,3,3,2,0,5)
1468:(0,0,3,3,2,2,0)
1469:(0,1,3,2,3,0,0)
1470:(0,3,1,1,1,3,2)
1471:(1,0,1,2,3,3,0)
1472:(2,0,1,2,2,2,0)
1473:(2,1,2,0,2,1,15)
1474:(2,3,0,1,1,3,1)
1475:(3,2,0,0,0,0,0)
1476:(2,3,2,3,2,1,5)
1477:(0,1,0,1,3,1,5)
1478:(0,2,2,0,1,1,0)
1479:(0,3,3,2,1,0,0)
1480:(1,0,3,3,3,2,0)
1481:(1,1,2,0,2,0,0)
1482:(2,0,3,3,2,1,3)
1483:(1,3,1,2,0,3,8)
1484:(2,2,3,0,1,1,0)
1485:(2,3,1,2,1,0,0)
1486:(3,0,1,2,3,2,0)
1487:(3,3,0,2,0,3,0)
1488:(0,2,0,3,1,0,3)
1489:(1,0,2,0,3,1,2)
1490:(1,1,0,1,2,1,6)
1491:(1,2,2,1,2,1,0)
1492:(1,3,3,3,0,0,0)
1493:(2,1,2,2,3,0,3)
1494:(2,3,3,3,1,1,2)
1495:(3,0,3,3,3,1,3)
1496:(3,1,3,0,2,1,8)
1497:(3,2,3,2,2,1,5)
1498:(3,3,1,1,0,0,0)
1499:(0,0,1,0,0,2,2)
1500:(1,2,0,2,2,0,1)
1501:(2,3,1,0,1,3,1)
1502:(2,2,0,2,1,3,0)
1503:(3,1,1,1,2,2,0)
1504:(3,2,2,1,2,0,0)
1505:(3,3,3,0,0,1,0)
1506:(0,0,3,3,0,1,3)
1507:(0,1,3,2,1,1,2)
1508:(0,2,3,2,3,1,0)
1509:(0,3,1,1,3,0,0)
1510:(1,0,1,1,1,2,3)
1511:(2,0,0,1,0,1,0)
1512:(2,1,3,3,1,3,0)
1513:(2,3,0,0,3,0,0)
1514:(3,2,0,0,2,3,0)
1515:(0,1,0,1,1,2,5)
1516:(0,2,2,1,3,0,0)
1517:(0,3,3,2,3,1,0)
1518:(1,0,3,2,1,1,3)
1519:(1,1,3,3,0,1,1)
1520:(2,0,3,2,0,0,0)
1521:(1,3,1,1,2,0,0)
1522:(2,2,3,0,3,0,0)
1523:(2,3,2,1,3,1,0)
1524:(3,0,1,2,1,1,0)
1525:(3,3,0,2,2,0,0)
1526:(0,2,0,0,3,3,0)
1527:(1,1,0,0,0,2,0)
1528:(1,2,2,1,0,0,0)
1529:(1,3,3,2,2,1,0)
1530:(2,2,1,1,3,3,0)
1531:(2,1,0,1,2,2,3)
1532:(2,3,3,2,2,2,4)
1533:(3,0,3,3,1,0,0)
1534:(3,1,3,0,0,2,4)
1535:(3,2,3,3,0,0,3)
1536:(3,3,1,1,2,1,0)
1537:(0,0,1,1,2,1,0)
1538:(0,3,0,3,1,0,5)
1539:(1,2,0,2,0,3,1)
1540:(2,2,0,2,3,2,2)
1541:(3,1,1,1,0,3,0)
1542:(3,2,1,2,0,3,0)
1543:(3,3,3,0,3,2,4)
1544:(0,0,3,0,2,0,0)
1545:(0,1,3,3,3,2,0)
1546:(0,2,3,2,1,0,0)
1547:(0,3,1,0,1,1,0)
1548:(1,0,1,1,3,1,3)
1549:(2,0,0,1,2,0,5)
1550:(2,1,0,3,3,1,2)
1551:(2,3,1,1,2,1,0)
1552:(3,2,0,1,0,2,0)
1553:(0,1,1,2,3,3,0)
1554:(0,2,2,1,1,3,0)
1555:(0,3,3,1,0,2,4)
1556:(1,0,3,2,3,0,0)
1557:(1,1,3,3,2,2,0)
1558:(1,2,3,3,2,0,0)
1559:(2,0,3,2,1,3,0)
1560:(1,3,1,1,0,1,0)
1561:(2,2,3,3,1,3,0)
1562:(2,3,2,1,0,2,0)
1563:(3,0,0,1,3,0,5)
1564:(3,3,0,3,0,1,0)
1565:(0,2,0,0,1,2,2)
1566:(1,1,0,0,2,3,0)
1567:(1,2,2,0,2,3,0)
1568:(1,3,3,2,1,2,4)
1569:(2,2,1,0,1,2,1)
1570:(2,1,1,0,0,0,0)
1571:(3,0,3,3,0,3,0)
1572:(3,1,3,3,2,3,0)
1573:(3,2,3,3,2,3,3)
1574:(3,3,2,2,1,2,0)
1575:(0,0,1,1,0,0,5)
1576:(0,3,0,3,3,1,5)
1577:(1,2,0,1,2,2,2)
1578:(2,1,2,1,2,0,15)
1579:(2,2,0,2,2,1,4)
1580:(3,1,1,0,3,0,4)
1581:(3,2,1,2,2,2,1)
1582:(3,3,3,1,1,3,0)
1583:(0,0,3,0,3,3,0)
1584:(0,1,3,3,1,3,0)
1585:(0,2,3,3,3,3,0)
1586:(0,3,1,0,2,2,0)
1587:(1,0,1,0,1,0,5)
1588:(2,0,0,1,3,3,0)
1589:(1,3,0,3,2,1,1)
1590:(2,3,0,3,2,2,4)
1591:(2,1,1,2,2,3,0)
1592:(3,2,0,1,1,1,0)
1593:(0,1,1,2,0,0,4)
1594:(0,2,1,2,3,2,2)
1595:(0,3,3,1,2,3,0)
1596:(1,0,3,2,2,3,0)
1597:(1,1,3,2,0,3,0)
1598:(1,2,3,3,0,3,0)
1599:(2,0,3,2,3,2,0)
1600:(1,3,1,0,3,2,0)
1601:(2,1,2,2,0,3,3)
1602:(2,3,2,0,2,3,5)
1603:(3,0,0,1,2,3,0)
1604:(3,3,0,3,3,2,4)
1605:(0,2,0,0,0,1,4)
1606:(1,1,1,3,1,0,4)
1607:(1,2,2,0,0,2,1)
1608:(1,3,3,1,3,3,0)
1609:(2,2,1,0,0,1,0)
1610:(3,0,3,2,2,2,0)
1611:(3,1,3,3,1,0,0)
1612:(3,2,3,0,0,2,0)
1613:(3,3,2,2,3,3,5)
1614:(0,0,1,1,1,3,0)
1615:(0,3,0,2,0,2,4)
1616:(1,2,0,1,3,1,0)
1617:(2,1,3,0,1,2,0)
1618:(3,1,1,0,1,1,0)
1619:(3,2,1,2,3,1,4)
1620:(2,2,3,1,3,0,0)
1621:(3,3,3,1,3,0,0)
1622:(0,0,3,0,1,2,0)
1623:(0,1,3,0,2,0,0)
1624:(0,2,3,3,1,2,2)
1625:(0,3,2,3,0,3,5)
1626:(1,0,1,0,0,3,5)
1627:(2,0,0,0,1,2,0)
1628:(1,3,0,3,1,2,8)
1629:(2,3,0,3,0,3,0)
1630:(3,2,0,1,3,0,0)
1631:(0,1,1,3,2,1,0)
1632:(0,2,1,2,2,1,2)
1633:(0,3,3,0,0,0,0)
1634:(1,0,3,1,0,2,0)
1635:(1,1,3,2,3,0,0)
1636:(1,2,3,2,2,2,2)
1637:(2,0,2,1,1,1,3)
1638:(1,3,1,0,1,3,5)
1639:(2,2,3,3,2,1,4)
1640:(2,1,3,2,2,1,5)
1641:(2,3,2,0,0,0,0)
1642:(3,0,0,1,0,2,0)
1643:(3,1,2,1,3,0,8)
1644:(3,3,0,0,1,3,0)
1645:(0,2,0,1,2,0,4)
1646:(1,1,1,3,3,1,0)
1647:(1,2,2,0,1,1,4)
1648:(1,3,3,1,1,0,0)
1649:(2,2,1,0,2,0,0)
1650:(3,0,3,2,0,1,0)
1651:(3,1,3,2,3,1,14)
1652:(3,2,3,0,1,1,0)
1653:(3,3,2,3,1,0,1)
1654:(0,0,0,2,3,2,0)
1655:(0,3,0,2,2,3,4)
1656:(1,2,0,1,1,0,0)
1657:(2,1,0,0,3,0,0)
1658:(3,1,1,3,3,2,3)
1659:(3,2,1,3,1,0,0)
1660:(0,0,3,1,3,1,0)
1661:(0,1,3,0,0,1,5)
1662:(0,2,3,3,0,1,4)
1663:(0,3,2,3,2,0,0)
1664:(1,0,1,0,2,2,5)
1665:(2,0,0,0,3,1,0)
1666:(1,3,0,2,3,3,0)
1667:(2,3,2,2,1,3,8)
1668:(2,3,0,2,2,0,0)
1669:(0,1,1,3,0,2,3)
1670:(0,2,1,2,0,0,2)
1671:(0,3,3,0,2,1,0)
1672:(1,0,3,1,2,1,0)
1673:(1,1,3,1,1,1,5)
1674:(1,2,3,2,3,1,0)
1675:(2,0,2,1,3,0,10)
1676:(1,3,2,3,3,0,2)
1677:(2,2,3,2,0,0,2)
1678:(2,1,1,1,1,3,1)
1679:(3,0,0,0,2,1,0)
1680:(3,1,2,1,1,1,1)
1681:(3,3,0,0,3,0,0)
1682:(0,2,0,1,0,3,13)
1683:(1,1,1,2,1,2,3)
1684:(1,2,1,3,3,0,3)
1685:(1,3,3,0,3,1,0)
1686:(2,2,1,3,0,3,0)
1687:(3,0,2,1,2,0,1)
1688:(3,1,3,2,1,2,3)
1689:(3,2,3,0,3,0,0)
1690:(3,3,1,0,0,1,0)
1691:(3,3,2,3,3,1,1)
1692:(0,0,0,2,1,1,0)
1693:(0,1,2,2,2,1,0)
1694:(0,3,0,1,0,0,0)
1695:(1,2,0,0,3,3,0)
1696:(2,1,1,3,2,2,3)
1697:(3,1,1,3,1,3,0)
1698:(3,2,1,3,3,3,3)
1699:(0,0,3,1,1,0,2)
1700:(0,1,3,1,2,2,0)
1701:(0,2,3,0,2,0,0)
1702:(0,3,2,2,0,1,0)
1703:(1,0,0,3,0,1,0)
1704:(2,0,0,3,1,0,1)
1705:(1,3,0,2,1,0,0)
1706:(2,1,2,3,0,2,0)
1707:(2,3,0,2,0,1,0)
1708:(0,1,1,0,2,3,0)
1709:(0,2,1,3,2,3,0)
1710:(0,3,3,0,3,2,0)
1711:(1,0,3,0,0,0,1)
1712:(1,1,3,1,3,2,0)
1713:(1,2,3,2,1,0,0)
1714:(2,0,2,0,0,3,5)
1715:(1,3,2,3,1,1,2)
1716:(2,2,3,2,2,3,10)
1717:(2,3,2,3,3,2,5)
1718:(3,0,0,0,0,0,0)
1719:(3,1,2,0,3,2,3)
1720:(3,3,0,1,1,1,0)
1721:(1,1,1,2,3,3,3)
1722:(1,2,1,3,1,3,3)
1723:(1,3,3,0,2,2,0)
1724:(2,1,3,1,1,1,6)
1725:(3,0,2,1,1,3,0)
1726:(3,1,0,1,3,3,0)
1727:(3,2,3,1,1,3,4)
1728:(3,3,2,3,2,2,1)
1729:(0,0,0,3,3,0,0)
1730:(0,1,2,2,0,2,3)
1731:(0,3,0,1,2,1,0)
1732:(1,2,0,0,1,2,5)
1733:(2,2,1,3,0,0,0)
1734:(3,1,1,3,0,0,0)
1735:(3,2,1,0,1,2,0)
1736:(0,0,2,2,2,3,0)
1737:(0,1,3,1,0,3,0)
1738:(0,2,3,0,0,3,3)
1739:(0,3,2,2,1,2,0)
1740:(1,0,0,3,2,0,2)
1741:(1,1,2,3,1,2,3)
1742:(2,0,0,3,2,3,0)
1743:(1,3,0,1,3,1,0)
1744:(2,1,3,3,2,0,4)
1745:(2,3,0,2,1,2,0)
1746:(0,1,1,0,3,0,0)
1747:(0,2,1,3,0,2,5)
1748:(1,0,3,0,3,3,0)
1749:(1,1,3,0,1,3,0)
1750:(1,2,3,1,3,3,0)
1751:(2,0,2,0,2,2,5)
1752:(1,3,2,3,0,2,2)
1753:(2,2,2,1,0,2,4)
1754:(2,3,2,3,1,3,9)
1755:(3,0,0,3,3,3,0)
1756:(3,1,2,0,1,3,0)
1757:(3,3,0,1,0,2,0)
1758:(1,1,1,2,2,0,3)
1759:(1,2,1,2,3,2,5)
1760:(1,3,3,0,0,3,1)
1761:(2,2,1,2,1,1,1)
1762:(2,1,0,0,0,3,0)
1763:(3,0,2,0,3,2,1)
1764:(3,1,0,1,2,0,0)
1765:(3,2,3,1,3,2,15)
1766:(3,3,2,0,0,3,0)
1767:(0,0,0,3,0,3,0)
1768:(0,1,2,3,2,3,0)
1769:(0,3,0,1,3,2,0)
1770:(2,0,1,1,0,3,0)
1771:(3,1,1,2,2,1,1)
1772:(3,2,1,0,2,1,0)
1773:(0,0,2,2,0,2,0)
1774:(0,1,3,1,1,0,0)
1775:(0,2,3,1,2,2,0)
1776:(0,3,2,2,3,3,0)
1777:(1,0,0,2,1,3,0)
1778:(1,1,2,3,3,3,0)
1779:(2,0,0,2,0,2,0)
1780:(1,3,0,1,2,2,0)
1781:(2,1,0,2,1,2,0)
1782:(2,2,2,3,3,0,3)
1783:(0,1,1,0,1,1,2)
1784:(0,2,1,0,3,1,0)
1785:(1,0,2,3,1,2,0)
1786:(1,1,3,0,0,0,0)
1787:(1,2,3,1,1,2,5)
1788:(2,0,2,3,0,1,0)
1789:(1,3,2,2,2,3,2)
1790:(2,2,2,1,3,1,4)
1791:(2,3,2,2,3,0,4)
1792:(3,0,0,3,1,2,0)
1793:(3,1,2,0,0,0,0)
1794:(3,3,0,1,2,3,1)
1795:(1,1,1,1,0,1,9)
1796:(1,2,1,2,0,1,5)
1797:(2,2,1,2,3,0,1)
1798:(2,1,1,0,2,1,5)
1799:(3,0,2,0,1,1,1)
1800:(3,1,0,1,0,1,0)
1801:(3,2,2,2,0,1,1)
1802:(3,3,2,0,2,0,0)
1803:(0,0,0,0,2,2,5)
1804:(0,1,2,3,3,0,0)
1805:(0,3,0,0,1,3,2)
1806:(2,0,1,1,2,2,0)
1807:(2,1,2,0,0,1,4)
1808:(3,1,1,2,0,2,0)
1809:(3,2,1,1,0,0,0)
1810:(0,0,2,3,2,1,0)
1811:(0,1,0,2,3,1,3)
1812:(0,2,3,1,1,1,0)
1813:(0,3,2,1,1,0,0)
1814:(1,0,0,2,3,2,0)
1815:(1,1,2,3,2,0,0)
1816:(2,0,0,2,2,1,3)
1817:(1,3,0,1,0,3,1)
1818:(2,3,1,1,1,0,0)
1819:(2,1,1,2,3,0,0)
1820:(0,1,1,1,3,2,2)
1821:(0,2,1,0,1,0,0)
1822:(1,0,2,3,3,1,0)
1823:(1,1,3,0,2,1,2)
1824:(1,2,3,0,2,1,0)
1825:(2,0,2,3,2,0,5)
1826:(1,3,2,2,0,0,0)
1827:(2,1,2,2,1,0,3)
1828:(2,3,2,2,1,1,4)
1829:(3,0,0,2,3,1,3)
1830:(3,1,2,3,2,1,1)
1831:(3,3,1,2,0,0,0)
1832:(1,1,1,1,2,2,5)
1833:(1,2,1,1,2,0,4)
1834:(2,2,0,1,1,3,0)
1835:(3,0,2,3,3,0,5)
1836:(3,1,0,0,2,2,0)
1837:(3,2,2,2,2,0,1)
1838:(3,3,2,1,0,1,0)
1839:(0,0,0,0,0,1,14)
1840:(0,1,2,3,1,1,2)
1841:(0,3,0,0,3,0,0)
1842:(2,0,1,0,0,1,1)
1843:(2,1,3,0,3,3,0)
1844:(3,2,1,1,2,3,0)
1845:(0,0,2,3,0,0,5)
1846:(0,1,0,2,1,2,3)
1847:(0,2,2,2,3,0,0)
1848:(0,3,2,1,3,1,0)
1849:(1,0,0,1,1,1,3)
1850:(1,1,2,2,0,1,1)
1851:(2,0,3,1,0,0,0)
1852:(1,3,0,0,2,0,0)
1853:(2,3,1,0,3,1,0)
1854:(3,0,1,1,1,1,0)
1855:(0,1,1,1,1,3,2)
1856:(0,2,1,1,3,3,0)
1857:(1,0,2,2,1,0,5)
1858:(1,1,0,3,0,2,0)
1859:(1,2,3,0,0,0,0)
1860:(2,0,2,3,3,3,0)
1861:(1,3,2,1,2,1,0)
1862:(2,2,2,0,3,3,0)
1863:(2,1,0,1,0,2,0)
1864:(2,3,3,1,2,2,4)
1865:(2,3,2,1,0,1,0)
1866:(3,1,2,3,0,2,0)
1867:(3,3,1,2,2,1,0)
1868:(0,0,1,2,2,1,0)
1869:(1,1,1,0,0,3,4)
1870:(1,2,1,1,0,3,4)
1871:(2,2,0,1,3,2,2)
1872:(3,0,2,3,2,3,0)
1873:(3,1,0,0,0,3,0)
1874:(3,2,2,3,0,3,0)
1875:(3,3,2,1,3,2,4)
1876:(0,0,0,1,2,0,3)
1877:(0,1,2,0,3,2,0)
1878:(0,3,1,3,1,1,2)
1879:(2,0,1,0,2,0,9)
1880:(2,1,0,3,1,1,1)
1881:(3,2,0,2,0,2,0)
1882:(0,0,2,3,1,3,0)
1883:(0,1,0,3,3,3,0)
1884:(0,2,2,2,1,3,0)
1885:(0,3,2,0,0,2,4)
1886:(1,0,0,1,3,0,0)
1887:(1,1,2,2,2,2,0)
1888:(2,0,3,1,1,3,0)
1889:(1,3,0,0,0,1,0)
1890:(2,3,1,0,0,2,0)
1891:(3,0,1,0,3,0,5)
1892:(0,2,1,1,1,2,2)
1893:(1,0,2,2,0,3,0)
1894:(1,1,0,3,2,3,0)
1895:(1,2,2,3,2,3,0)
1896:(2,0,2,2,1,2,0)
1897:(1,3,2,1,1,2,4)
1898:(2,2,2,3,1,2,7)
1899:(2,1,1,1,2,0,8)
1900:(3,0,0,2,0,3,0)
1901:(3,1,2,2,2,3,0)
1902:(3,3,1,3,1,2,0)
1903:(0,0,1,2,0,0,5)
1904:(1,1,1,0,3,0,4)
1905:(1,2,1,0,2,2,2)
1906:(2,1,2,1,0,0,5)
1907:(2,2,0,1,2,1,4)
1908:(3,0,2,3,0,2,0)
1909:(3,1,0,3,3,0,4)
1910:(3,2,2,3,2,2,1)
1911:(3,3,3,2,1,3,4)
1912:(0,0,0,1,3,3,3)
1913:(0,1,2,0,1,3,0)
1914:(0,3,1,3,2,2,2)
1915:(1,0,1,3,1,0,5)
1916:(2,0,1,0,3,3,1)
1917:(2,3,0,3,2,3,5)
1918:(2,1,1,2,0,3,0)
1919:(3,2,0,2,1,1,0)
1920:(0,0,2,0,3,2,0)
1921:(0,1,0,3,0,0,4)
1922:(0,2,2,3,3,2,0)
1923:(0,3,2,0,2,3,0)
1924:(1,0,0,1,2,3,0)
1925:(1,1,2,1,0,3,2)
1926:(2,0,3,1,3,2,0)
1927:(1,3,1,3,3,2,5)
1928:(2,1,2,3,2,3,0)
1929:(2,3,1,3,2,3,9)
1930:(3,0,1,0,2,3,0)
1931:(0,2,1,1,0,1,4)
1932:(1,0,2,2,2,2,0)
1933:(1,1,0,2,1,0,4)
1934:(1,2,2,3,0,2,1)
1935:(2,0,2,2,3,1,0)
1936:(1,3,2,0,3,3,0)
1937:(2,2,2,3,0,1,3)
1938:(2,2,0,3,2,0,0)
1939:(2,3,3,0,2,0,0)
1940:(3,0,3,1,2,2,3)
1941:(3,1,2,2,1,0,0)
1942:(3,3,1,3,3,3,5)
1943:(0,0,1,2,1,3,0)
1944:(2,2,0,1,3,0,0)
1945:(1,2,1,0,3,1,0)
1946:(2,1,3,1,3,2,2)
1947:(3,0,2,2,2,1,0)
1948:(3,1,0,3,1,1,0)
1949:(3,2,2,3,3,1,4)
1950:(3,3,3,2,3,0,4)
1951:(0,0,0,1,1,2,3)
1952:(0,1,2,1,2,0,0)
1953:(0,3,1,2,0,3,5)
1954:(1,0,1,3,0,3,0)
1955:(2,0,1,3,1,2,0)
1956:(3,2,0,2,3,0,0)
1957:(0,0,2,0,1,1,0)
1958:(0,1,0,0,2,1,4)
1959:(0,2,2,3,2,1,0)
1960:(0,3,3,3,0,0,0)
1961:(1,0,0,0,0,2,1)
1962:(1,1,2,1,3,0,2)
1963:(2,0,3,0,1,1,2)
1964:(1,3,1,3,1,3,5)
1965:(2,1,3,2,0,1,0)
1966:(2,3,1,3,0,0,1)
1967:(3,0,1,0,0,2,0)
1968:(0,2,0,2,2,0,5)
1969:(1,0,2,1,0,1,0)
1970:(1,1,0,2,3,1,0)
1971:(1,2,2,3,1,1,4)
1972:(1,3,2,0,1,0,0)
1973:(2,2,2,3,2,0,3)
1974:(2,3,3,0,0,1,0)
1975:(3,0,3,1,0,1,3)
1976:(3,1,3,1,3,1,5)
1977:(3,3,1,0,1,0,0)
1978:(0,0,1,3,3,2,0)
1979:(1,2,1,0,1,0,0)
1980:(2,2,0,0,2,3,3)
1981:(2,1,0,0,1,0,0)
1982:(3,0,2,2,0,0,0)
1983:(3,1,0,2,3,2,3)
1984:(3,2,2,0,1,0,0)
1985:(2,2,2,1,2,2,15)
1986:(0,0,3,2,3,1,0)
1987:(0,1,2,1,0,1,5)
1988:(0,3,1,2,2,0,0)
1989:(1,0,1,3,2,2,0)
1990:(2,0,1,3,3,1,0)
1991:(2,3,0,1,2,0,0)
1992:(3,2,0,3,1,3,0)
1993:(0,0,2,1,3,0,0)
1994:(0,1,0,0,0,2,13)
1995:(0,2,2,3,0,0,0)
1996:(0,3,3,3,2,1,0)
1997:(1,0,0,0,2,1,1)
1998:(1,1,2,0,1,1,5)
1999:(2,0,3,0,3,0,2)
2000:(1,3,1,2,3,0,4)
2001:(2,2,3,1,0,0,0)
2002:(2,1,0,2,3,3,0)
2003:(3,0,1,3,2,1,0)
2004:(0,2,0,2,0,3,14)
2005:(1,0,2,1,2,0,2)
2006:(1,1,0,1,1,2,7)
2007:(1,2,2,2,3,0,2)
2008:(1,3,3,3,3,1,0)
2009:(2,2,2,2,0,3,5)
2010:(2,3,3,0,1,2,0)
2011:(3,0,3,0,2,0,9)
2012:(3,1,3,1,1,2,5)
2013:(3,3,1,0,3,1,0)
2014:(0,0,1,3,1,1,0)
2015:(1,2,0,3,3,3,0)
2016:(2,2,0,3,0,2,0)
2017:(2,1,1,3,0,2,0)
2018:(3,1,0,2,1,3,0)
2019:(3,2,2,0,3,3,3)
2020:(3,3,3,3,0,2,5)
2021:(0,0,3,2,1,0,2)
2022:(0,1,3,2,2,2,0)
2023:(0,3,1,1,0,1,0)
2024:(1,0,1,2,0,1,0)
2025:(2,0,1,2,1,0,1)
2026:(2,1,2,0,2,2,13)
2027:(2,3,0,1,0,1,0)
2028:(3,2,0,3,3,2,5)
2029:(0,0,2,1,0,3,0)
2030:(0,1,0,1,2,3,5)
2031:(0,2,2,0,2,3,0)
2032:(0,3,3,3,3,2,0)
2033:(1,0,3,3,0,0,1)
2034:(1,1,2,0,3,2,0)
2035:(2,0,3,3,0,3,0)
2036:(1,3,1,2,1,1,4)
2037:(2,2,3,1,2,3,3)
2038:(3,2,3,3,3,1,13)
2039:(2,3,1,2,3,2,0)
2040:(3,0,1,3,0,0,0)
2041:(3,3,0,2,1,1,0)
2042:(0,2,0,3,2,2,3)
2043:(1,0,2,0,1,3,2)
2044:(1,1,0,1,3,3,1)
2045:(1,2,2,2,1,3,10)
2046:(1,3,3,3,2,2,0)
2047:(2,1,2,2,3,1,10)
2048:(2,3,3,3,3,3,2)
2049:(3,0,3,0,1,3,5)
2050:(3,1,3,0,3,3,4)
2051:(3,2,3,2,1,3,5)
2052:(3,3,1,0,2,2,0)
2053:(0,0,1,0,3,0,2)
2054:(1,2,0,3,1,2,5)
2055:(2,2,0,3,3,1,0)
2056:(3,1,0,2,0,0,0)
2057:(3,2,2,1,1,2,0)
2058:(3,3,3,3,2,3,9)
2059:(0,0,3,3,2,3,0)
2060:(0,1,3,2,0,3,0)
2061:(0,3,1,1,1,2,0)
2062:(1,0,1,2,2,0,2)
2063:(2,0,1,2,2,3,0)
2064:(2,1,3,3,0,0,0)
2065:(2,3,0,1,1,2,0)
2066:(3,2,0,0,0,1,0)
2067:(0,1,0,1,3,0,5)
2068:(0,2,2,0,0,2,5)
2069:(0,3,3,2,1,3,2)
2070:(1,0,3,3,3,3,0)
2071:(1,1,3,3,1,3,0)
2072:(2,0,3,3,2,2,0)
2073:(1,3,1,2,0,2,4)
2074:(2,2,3,0,0,2,0)
2075:(2,3,1,2,1,3,1)
2076:(3,0,1,2,3,3,0)
2077:(3,3,0,2,0,2,0)
2078:(0,2,0,3,1,1,3)
2079:(1,0,2,0,3,2,2)
2080:(1,1,0,1,2,0,1)
2081:(1,2,2,1,3,2,0)
2082:(1,3,3,3,0,3,1)
2083:(2,2,1,1,1,1,0)
2084:(2,1,0,1,2,3,0)
2085:(2,3,3,3,1,0,2)
2086:(3,0,3,3,3,2,0)
2087:(3,1,3,0,2,0,4)
2088:(3,2,3,2,3,2,5)
2089:(3,3,1,1,0,3,0)
2090:(0,0,1,0,0,3,2)
2091:(1,2,0,2,2,1,1)
2092:(2,2,0,2,1,0,0)
2093:(3,1,1,1,2,1,1)
2094:(3,2,2,1,2,1,0)
2095:(3,3,3,0,0,0,0)
2096:(0,0,3,3,0,2,0)
2097:(0,1,3,2,1,0,0)
2098:(0,2,3,2,2,2,0)
2099:(0,3,1,1,3,3,0)
2100:(1,0,1,1,1,3,3)
2101:(2,0,0,1,0,2,0)
2102:(2,1,0,3,3,2,0)
2103:(3,2,0,0,2,0,0)
2104:(0,1,0,1,1,1,12)
2105:(0,2,2,1,3,1,0)
2106:(0,3,3,2,3,0,0)
2107:(1,0,3,2,1,2,0)
2108:(1,1,3,3,0,0,0)
2109:(2,0,3,2,0,1,0)
2110:(1,3,1,1,2,3,2)
2111:(2,2,3,0,3,1,0)
2112:(2,3,2,1,3,0,0)
2113:(3,0,1,2,1,2,0)
2114:(3,3,0,2,2,3,1)
2115:(0,2,0,0,3,0,0)
2116:(1,1,0,0,0,1,1)
2117:(1,2,2,1,0,1,0)
2118:(2,3,0,1,3,1,0)
2119:(1,3,3,2,2,0,0)
2120:(2,2,1,1,3,0,0)
2121:(2,1,1,0,0,1,0)
2122:(3,0,3,3,1,1,0)
2123:(3,1,3,0,0,1,4)
2124:(3,2,3,3,0,1,3)
2125:(3,3,1,1,2,0,0)
2126:(0,0,1,1,2,2,0)
2127:(0,3,0,3,1,3,12)
2128:(1,2,0,2,0,0,1)
2129:(2,1,2,1,2,1,5)
2130:(2,2,0,2,3,3,0)
2131:(3,1,1,1,0,2,0)
2132:(3,2,1,2,0,0,0)
2133:(3,3,3,0,2,1,0)
2134:(0,0,3,0,2,1,0)
2135:(0,1,3,3,3,1,0)
2136:(0,2,3,2,1,1,0)
2137:(0,3,1,0,1,0,0)
2138:(1,0,1,1,3,2,3)
2139:(2,0,0,1,2,1,3)
2140:(2,3,0,0,1,0,0)
2141:(2,1,1,2,1,0,0)
2142:(3,2,0,1,0,3,0)
2143:(2,2,1,3,2,2,5)
2144:(0,1,1,2,3,2,0)
2145:(0,2,2,1,1,0,0)
2146:(0,3,3,1,1,1,0)
2147:(1,0,3,2,3,1,0)
2148:(1,1,3,3,2,1,2)
2149:(1,2,3,3,2,1,0)
2150:(2,0,3,2,2,0,5)
2151:(1,3,1,1,0,0,0)
2152:(2,1,2,3,3,0,0)
2153:(2,3,2,1,1,1,0)
2154:(3,0,0,1,3,1,3)
2155:(3,3,0,3,0,0,0)
2156:(0,2,0,0,1,3,0)
2157:(1,1,0,0,2,2,0)
2158:(1,2,2,0,2,0,0)
2159:(1,3,3,2,0,1,0)
2160:(2,2,1,0,1,3,0)
2161:(2,3,3,2,0,2,0)
2162:(3,0,3,2,3,0,5)
2163:(3,1,3,3,2,2,0)
2164:(3,2,3,3,2,0,3)
2165:(3,3,2,2,0,1,0)
2166:(0,0,1,1,0,1,3)
2167:(0,3,0,3,3,0,5)
2168:(1,2,0,1,2,3,0)
2169:(2,1,3,0,1,3,0)
2170:(3,1,1,0,2,3,0)
2171:(3,2,1,2,2,3,0)
2172:(3,3,3,1,1,2,0)
2173:(0,0,3,0,0,0,5)
2174:(0,1,3,3,1,2,0)
2175:(0,2,3,3,3,0,0)
2176:(0,3,1,0,3,1,0)
2177:(1,0,1,0,1,1,14)
2178:(2,0,0,0,0,0,0)
2179:(1,3,0,3,2,0,1)
2180:(2,3,0,3,3,1,0)
2181:(3,2,0,1,2,2,1)
2182:(0,1,1,2,1,3,0)
2183:(0,2,1,2,3,3,2)
2184:(0,3,3,1,2,2,0)
2185:(1,0,3,1,1,0,5)
2186:(1,1,3,2,0,2,0)
2187:(1,2,3,3,0,0,0)
2188:(2,0,3,2,3,3,0)
2189:(1,3,1,0,2,1,0)
2190:(2,2,3,3,3,3,0)
2191:(2,1,3,2,2,2,3)
2192:(2,3,2,0,2,2,4)
2193:(3,0,0,1,1,0,0)
2194:(2,2,3,3,2,0,0)
2195:(0,2,0,1,3,2,4)
2196:(1,1,1,3,0,3,0)
2197:(1,2,2,0,0,3,0)
2198:(1,3,3,1,3,2,0)
2199:(2,2,1,0,3,2,2)
2200:(3,0,3,2,2,3,0)
2201:(3,1,3,3,0,3,0)
2202:(3,2,3,0,0,3,0)
2203:(3,3,2,2,3,2,4)
2204:(0,0,0,2,2,0,0)
2205:(0,3,0,2,1,1,4)
2206:(1,2,0,1,0,2,1)
2207:(2,1,0,0,3,1,2)
2208:(3,1,1,0,1,0,0)
2209:(3,2,1,3,0,2,0)
2210:(3,3,3,1,3,3,5)
2211:(0,0,3,0,1,3,0)
2212:(0,1,3,0,3,3,0)
2213:(0,2,3,3,1,3,0)
2214:(0,3,2,3,0,2,4)
2215:(1,0,1,0,3,0,5)
2216:(2,0,0,0,1,3,0)
2217:(1,3,0,3,0,1,1)
2218:(2,3,0,3,0,2,0)
2219:(3,2,0,1,3,1,4)
2220:(0,1,1,3,2,0,0)
2221:(0,2,1,2,1,2,2)
2222:(0,3,3,0,0,3,5)
2223:(1,0,3,1,0,3,0)
2224:(1,1,3,2,2,3,0)
2225:(1,2,3,2,2,3,0)
2226:(2,0,2,1,1,2,3)
2227:(1,3,1,0,1,2,4)
2228:(2,2,3,2,1,2,6)
2229:(2,1,1,1,0,0,1)
2230:(3,0,0,1,0,3,0)
2231:(3,1,2,1,2,3,1)
2232:(3,3,0,0,1,2,0)
2233:(0,2,0,1,2,1,4)
2234:(1,1,1,3,3,0,0)
2235:(1,2,1,3,2,2,10)
2236:(1,3,3,1,1,3,5)
2237:(2,2,1,0,2,1,4)
2238:(2,3,3,3,2,3,12)
2239:(3,0,3,2,0,2,0)
2240:(3,1,3,2,3,0,13)
2241:(3,2,3,0,2,2,1)
2242:(3,3,2,3,1,3,1)
2243:(0,0,0,2,3,3,0)
2244:(0,3,0,2,2,2,4)
2245:(1,2,0,1,1,1,4)
2246:(2,1,1,3,2,3,0)
2247:(3,1,1,3,3,1,5)
2248:(3,2,1,3,1,1,0)
2249:(0,0,3,1,3,2,0)
2250:(0,1,3,0,0,0,4)
2251:(0,2,3,0,3,2,0)
2252:(0,3,2,3,2,3,0)
2253:(1,0,1,0,2,3,5)
2254:(2,0,0,0,3,2,0)
2255:(1,3,0,2,3,2,0)
2256:(2,1,2,3,0,3,0)
2257:(2,3,0,2,2,3,5)
2258:(0,1,1,3,0,1,5)
2259:(0,2,1,2,0,1,11)
2260:(0,3,3,0,2,0,0)
2261:(1,0,3,1,2,2,0)
2262:(1,1,3,1,1,0,4)
2263:(1,2,3,2,0,2,1)
2264:(2,0,2,1,3,1,3)
2265:(1,3,2,3,3,3,2)
2266:(2,2,3,2,0,1,2)
2267:(2,3,2,3,2,0,5)
2268:(3,0,0,0,2,2,0)
2269:(3,1,2,1,1,0,1)
2270:(2,3,0,3,1,3,1)
2271:(0,2,0,1,0,0,4)
2272:(1,1,1,2,1,1,14)
2273:(1,2,1,3,3,1,3)
2274:(1,3,3,0,3,0,0)
2275:(2,1,3,1,1,2,2)
2276:(3,0,2,1,2,1,0)
2277:(3,1,3,2,1,1,3)
2278:(3,2,3,0,3,1,4)
2279:(3,3,2,3,3,0,1)
2280:(0,0,0,2,1,2,0)
2281:(0,1,2,2,2,0,0)
2282:(0,3,0,1,0,3,5)
2283:(1,2,0,0,3,0,0)
2284:(2,3,1,3,3,1,1)
2285:(3,1,1,3,1,2,0)
2286:(3,2,1,3,3,0,0)
2287:(0,0,3,1,1,1,0)
2288:(0,1,3,1,2,1,0)
2289:(0,2,3,0,2,1,0)
2290:(0,3,2,2,0,0,0)
2291:(1,0,0,3,0,2,0)
2292:(2,0,0,3,1,1,0)
2293:(1,3,0,2,1,3,5)
2294:(2,1,3,3,2,1,5)
2295:(2,3,0,2,0,0,0)
2296:(0,1,1,0,2,2,0)
2297:(0,2,1,3,2,0,0)
2298:(1,0,3,0,0,1,0)
2299:(1,1,3,1,3,1,0)
2300:(1,2,3,2,1,1,4)
2301:(2,0,2,0,1,0,9)
2302:(1,3,2,3,1,0,2)
2303:(2,2,3,2,2,0,2)
2304:(2,3,2,3,0,1,5)
2305:(3,0,0,0,0,1,0)
2306:(3,1,2,0,3,1,5)
2307:(3,3,0,1,1,0,0)
2308:(2,3,0,2,3,1,0)
2309:(1,1,1,2,3,2,3)
2310:(1,2,1,3,1,0,3)
2311:(1,3,3,0,1,1,0)
2312:(2,2,1,3,2,3,3)
2313:(2,1,0,1,3,0,0)
2314:(3,0,2,1,0,0,0)
2315:(3,1,0,1,3,2,3)
2316:(3,2,3,1,1,0,4)
2317:(3,3,2,0,1,1,0)
2318:(0,0,0,3,3,1,0)
2319:(0,1,2,2,0,1,5)
2320:(0,3,0,1,2,0,0)
2321:(1,2,0,0,1,3,3)
2322:(3,1,1,2,3,3,0)
2323:(3,2,1,0,1,3,0)
2324:(0,0,2,2,3,0,0)
2325:(0,1,3,1,0,2,3)
2326:(0,2,3,0,0,0,0)
2327:(0,3,2,2,2,1,0)
2328:(1,0,0,3,2,1,0)
2329:(1,1,2,3,1,1,5)
2330:(2,0,0,3,3,0,2)
2331:(1,3,0,1,3,0,0)
2332:(2,1,0,2,1,3,0)
2333:(0,1,1,0,0,3,0)
2334:(0,2,1,3,0,3,3)
2335:(1,0,3,0,2,0,2)
2336:(1,1,3,0,1,2,3)
2337:(1,2,3,1,3,0,0)
2338:(2,0,2,0,2,3,5)
2339:(1,3,2,2,3,1,0)
2340:(2,2,2,1,0,3,4)
2341:(2,3,2,3,1,2,5)
2342:(3,0,0,3,2,0,1)
2343:(3,1,2,0,1,2,0)
2344:(3,3,0,1,3,1,0)
2345:(1,1,1,1,1,3,5)
2346:(1,2,1,2,3,3,5)
2347:(1,3,3,0,0,2,0)
2348:(2,2,1,2,0,2,1)
2349:(2,1,1,0,2,2,3)
2350:(3,0,2,0,3,3,1)
2351:(3,1,0,1,1,3,0)
2352:(3,2,3,1,3,3,13)
2353:(3,3,2,0,0,2,0)
2354:(0,0,0,3,1,0,2)
2355:(0,1,2,3,2,2,0)
2356:(0,3,0,0,0,1,0)
2357:(2,0,1,1,1,0,1)
2358:(2,1,2,0,0,2,4)
2359:(3,1,1,2,2,0,0)
2360:(3,2,1,0,3,2,5)
2361:(0,0,2,2,0,3,0)
2362:(0,1,0,2,2,3,3)
2363:(0,2,3,1,2,3,0)
2364:(0,3,2,2,3,2,0)
2365:(1,0,0,2,0,0,1)
2366:(1,1,2,3,3,2,0)
2367:(2,0,0,2,0,3,0)
2368:(1,3,0,1,1,1,0)
2369:(2,3,1,1,3,2,0)
2370:(2,1,1,2,3,1,2)
2371:(0,1,1,0,1,0,0)
2372:(0,2,1,0,2,2,0)
2373:(1,0,2,3,1,3,0)
2374:(1,1,3,0,3,3,0)
2375:(1,2,3,1,1,3,3)
2376:(2,0,2,3,0,2,0)
2377:(1,3,2,2,2,2,0)
2378:(2,1,2,2,1,1,7)
2379:(2,3,2,2,3,3,11)
2380:(3,0,0,3,1,3,0)
2381:(3,1,2,3,3,3,0)
2382:(3,3,0,1,2,2,0)
2383:(1,1,1,1,0,0,5)
2384:(1,2,1,2,1,2,5)
2385:(2,3,1,0,3,0,0)
2386:(2,2,1,2,3,1,1)
2387:(3,0,2,0,1,2,1)
2388:(3,1,0,1,0,0,0)
2389:(3,2,2,2,1,2,1)
2390:(3,3,2,0,2,3,1)
2391:(0,0,0,0,2,3,5)
2392:(0,1,2,3,0,3,0)
2393:(0,3,0,0,1,2,0)
2394:(2,0,1,1,2,3,0)
2395:(2,1,3,0,2,0,4)
2396:(3,1,1,2,0,1,0)
2397:(3,2,1,1,0,1,0)
2398:(2,2,3,0,1,2,1)
2399:(0,0,2,3,2,2,0)
2400:(0,1,0,2,3,0,3)
2401:(0,2,3,1,0,2,5)
2402:(0,3,2,1,1,3,2)
2403:(1,0,0,2,3,3,0)
2404:(1,1,2,2,1,3,0)
2405:(2,0,0,2,2,2,0)
2406:(1,3,0,1,0,2,0)
2407:(2,3,1,1,1,3,1)
2408:(3,0,1,1,3,3,0)
2409:(0,1,1,1,3,1,2)
2410:(0,2,1,0,1,1,0)
2411:(1,0,2,3,3,2,0)
2412:(1,1,3,0,2,0,0)
2413:(1,2,3,0,3,2,0)
2414:(2,0,2,3,2,1,3)
2415:(1,3,2,2,0,3,1)
2416:(2,2,2,0,1,1,0)
2417:(2,1,0,1,0,3,0)
2418:(2,3,2,2,1,0,4)
2419:(3,0,0,2,3,2,0)
2420:(3,1,2,3,2,0,0)
2421:(3,3,1,2,0,3,0)
2422:(1,1,1,1,2,1,12)
2423:(1,2,1,1,2,1,4)
2424:(2,2,0,1,1,0,0)
2425:(3,0,2,3,3,1,3)
2426:(3,1,0,0,2,1,1)
2427:(3,2,2,2,2,1,1)
2428:(3,3,2,1,0,0,0)
2429:(0,0,0,0,0,2,5)
2430:(0,1,2,3,1,0,0)
2431:(0,3,0,0,3,3,0)
2432:(2,0,1,0,0,2,1)
2433:(2,1,0,3,1,2,0)
2434:(3,2,1,1,2,0,0)
2435:(0,0,2,3,0,1,3)
2436:(0,1,0,2,1,1,10)
2437:(0,2,2,2,3,1,0)
2438:(0,3,2,1,3,0,0)
2439:(1,0,0,1,1,2,0)
2440:(1,1,2,2,0,0,0)
2441:(2,0,3,1,0,1,0)
2442:(1,3,0,0,2,3,2)
2443:(2,3,3,1,3,1,0)
2444:(2,2,1,1,2,0,0)
2445:(3,0,1,1,1,2,0)
2446:(0,1,1,1,1,2,2)
2447:(0,2,1,1,3,0,0)
2448:(1,0,2,2,1,1,3)
2449:(1,1,0,3,0,1,1)
2450:(1,2,3,0,0,1,0)
2451:(2,0,2,2,0,0,0)
2452:(1,3,2,1,2,0,0)
2453:(2,2,2,0,3,0,0)
2454:(2,1,1,1,2,1,9)
2455:(3,0,0,2,1,1,0)
2456:(3,1,2,3,0,1,0)
2457:(3,3,1,2,2,0,0)
2458:(0,0,1,2,2,2,0)
2459:(1,1,1,0,0,2,4)
2460:(1,2,1,1,0,0,4)
2461:(2,1,2,1,0,1,5)
2462:(2,2,0,1,3,3,0)
2463:(3,0,2,3,1,0,0)
2464:(3,1,0,0,0,2,0)
2465:(3,2,2,3,0,0,0)
2466:(3,3,2,1,2,1,0)
2467:(0,0,0,1,2,1,3)
2468:(0,1,2,0,3,1,0)
2469:(0,3,1,3,1,0,2)
2470:(2,0,1,0,2,1,7)
2471:(2,1,1,3,3,0,0)
2472:(3,2,0,2,0,3,0)
2473:(0,0,2,0,2,0,0)
2474:(0,1,0,3,3,2,0)
2475:(0,2,2,2,1,0,0)
2476:(0,3,2,0,1,1,0)
2477:(1,0,0,1,3,1,0)
2478:(1,1,2,2,2,1,2)
2479:(2,0,3,1,2,0,5)
2480:(1,3,0,0,0,0,0)
2481:(2,1,2,3,1,0,0)
2482:(2,3,1,0,1,1,0)
2483:(3,0,1,0,3,1,3)
2484:(0,2,1,1,1,3,0)
2485:(1,0,2,2,3,0,0)
2486:(1,1,0,3,2,2,0)
2487:(1,2,2,3,2,0,0)
2488:(2,0,2,2,1,3,0)
2489:(1,3,2,1,0,1,0)
2490:(2,2,2,3,1,3,3)
2491:(2,3,3,1,0,2,0)
2492:(3,0,3,1,3,0,14)
2493:(3,1,2,2,2,2,0)
2494:(3,3,1,3,0,1,0)
2495:(0,0,1,2,0,1,3)
2496:(1,1,1,0,2,3,4)
2497:(1,2,1,0,2,3,0)
2498:(2,1,3,1,3,3,2)
2499:(3,0,2,3,0,3,0)
2500:(3,1,0,3,2,3,0)
2501:(3,2,2,3,2,3,0)
2502:(3,3,3,2,1,2,4)
2503:(0,0,0,1,0,0,14)
2504:(0,1,2,0,1,2,0)
2505:(0,3,1,3,3,1,2)
2506:(1,0,1,3,1,1,3)
2507:(2,0,1,3,0,0,0)
2508:(3,2,0,2,2,2,1)
2509:(0,0,2,0,3,3,0)
2510:(0,1,0,3,1,3,0)
2511:(0,2,2,3,3,3,0)
2512:(0,3,2,0,2,2,0)
2513:(1,0,0,0,1,0,9)
2514:(1,1,2,1,0,2,2)
2515:(2,0,3,1,3,3,0)
2516:(1,3,1,3,2,1,5)
2517:(2,1,3,2,0,2,0)
2518:(2,3,1,3,2,2,8)
2519:(3,0,1,0,1,0,0)
2520:(0,2,0,2,3,2,5)
2521:(1,0,2,2,2,3,0)
2522:(1,1,0,2,0,3,0)
2523:(1,2,2,3,0,3,0)
2524:(2,0,2,2,3,2,0)
2525:(1,3,2,0,3,2,0)
2526:(2,2,2,3,3,2,10)
2527:(2,3,3,0,2,3,5)
2528:(3,0,3,1,2,3,3)
2529:(3,1,2,2,0,3,0)
2530:(3,3,1,3,3,2,4)
2531:(0,0,1,3,2,0,0)
2532:(1,2,1,0,0,2,1)
2533:(2,2,0,0,0,1,0)
2534:(2,1,0,0,1,1,1)
2535:(3,0,2,2,2,2,0)
2536:(3,1,0,3,1,0,0)
2537:(3,2,2,0,0,2,0)
2538:(3,3,3,2,3,3,15)
2539:(0,0,0,1,1,3,3)
2540:(0,1,2,1,3,3,0)
2541:(0,3,1,2,0,2,4)
2542:(1,0,1,3,3,0,0)
2543:(2,0,1,3,1,3,0)
2544:(3,2,0,2,3,1,4)
2545:(0,0,2,0,1,2,0)
2546:(0,1,0,0,2,0,4)
2547:(0,2,2,3,1,2,2)
2548:(0,3,3,3,0,3,5)
2549:(1,0,0,0,0,3,1)
2550:(1,1,2,1,2,3,2)
2551:(2,0,3,0,1,2,2)
2552:(1,3,1,3,1,2,15)
2553:(2,2,3,1,1,2,1)
2554:(2,1,0,2,2,0,4)
2555:(3,0,1,0,0,3,0)
2556:(2,2,2,2,1,2,9)
2557:(0,2,0,2,2,1,5)
2558:(1,0,2,1,0,2,0)
2559:(1,1,0,2,3,0,0)
2560:(1,2,2,2,2,2,2)
2561:(1,3,2,0,1,3,5)
2562:(2,2,2,3,2,1,13)
2563:(2,3,3,0,0,0,0)
2564:(3,0,3,1,0,2,3)
2565:(3,1,3,1,3,0,15)
2566:(3,3,1,0,1,3,0)
2567:(0,0,1,3,3,3,0)
2568:(1,2,1,0,1,1,4)
2569:(2,2,0,0,2,0,0)
2570:(2,1,1,3,0,3,0)
2571:(3,0,2,2,0,1,0)
2572:(3,1,0,2,3,1,5)
2573:(3,2,2,0,1,1,0)
2574:(3,3,3,3,1,0,5)
2575:(0,0,3,2,3,2,0)
2576:(0,1,2,1,0,0,4)
2577:(0,3,1,2,2,3,0)
2578:(1,0,1,3,2,3,0)
2579:(2,0,1,3,3,2,0)
2580:(2,1,2,0,2,3,4)
2581:(2,3,0,1,2,3,5)
2582:(3,2,0,3,1,0,0)
2583:(0,0,2,1,3,1,0)
2584:(0,1,0,0,0,1,15)
2585:(0,2,2,3,0,1,4)
2586:(0,3,3,3,2,0,0)
2587:(1,0,0,0,2,2,1)
2588:(1,1,2,0,1,0,4)
2589:(2,0,3,0,3,1,2)
2590:(1,3,1,2,3,3,4)
2591:(2,2,3,1,0,1,0)
2592:(2,3,1,2,2,0,0)
2593:(3,0,1,3,2,2,0)
2594:(0,2,0,2,0,0,5)
2595:(3,3,2,2,3,1,0)
2596:(1,0,2,1,2,1,0)
2597:(1,1,0,1,1,1,9)
2598:(1,2,2,2,3,1,2)
2599:(2,3,2,0,0,3,0)
2600:(1,3,3,3,3,0,0)
2601:(2,1,2,2,3,2,3)
2602:(2,3,3,3,2,1,2)
2603:(3,0,3,0,2,1,5)
2604:(3,1,3,1,1,1,5)
2605:(3,3,1,0,3,0,0)
2606:(0,0,1,3,1,2,0)
2607:(1,2,0,3,3,0,0)
2608:(2,2,0,3,0,3,0)
2609:(3,1,0,2,1,2,0)
2610:(3,2,2,0,3,0,0)
2611:(3,3,3,3,3,1,5)
2612:(0,0,3,2,1,1,0)
2613:(0,1,3,2,2,1,0)
2614:(0,3,1,1,0,0,0)
2615:(1,0,1,2,0,2,0)
2616:(2,0,1,2,1,1,0)
2617:(2,1,3,3,0,1,0)
2618:(2,3,0,1,0,0,0)
2619:(3,2,0,3,3,3,3)
2620:(0,0,2,1,1,0,2)
2621:(0,1,0,1,2,2,5)
2622:(0,2,2,0,2,0,0)
2623:(0,3,3,2,0,1,0)
2624:(1,0,3,3,0,1,0)
2625:(1,1,2,0,3,1,0)
2626:(2,0,3,3,1,0,1)
2627:(1,3,1,2,1,0,4)
2628:(2,2,3,1,2,0,0)
2629:(2,3,1,2,0,1,0)
2630:(3,0,1,3,0,1,0)
2631:(3,3,0,2,1,0,0)
2632:(0,2,0,3,2,3,3)
2633:(1,0,2,0,0,0,6)
2634:(1,1,0,1,3,2,1)
2635:(1,2,2,2,1,0,2)
2636:(1,3,3,3,1,1,0)
2637:(2,2,2,2,2,3,14)
2638:(2,1,0,1,1,0,0)
2639:(2,3,3,3,3,2,2)
2640:(3,0,3,0,0,0,5)
2641:(3,1,3,0,3,2,13)
2642:(3,2,3,2,1,0,5)
2643:(3,3,1,1,1,1,0)
2644:(0,0,1,0,3,1,2)
2645:(3,2,2,3,3,3,3)
2646:(3,2,2,0,0,0,0)
2647:(1,2,0,3,1,3,3)
2648:(2,2,0,3,2,2,5)
2649:(3,1,1,1,3,3,0)
2650:(3,2,2,1,1,3,0)
2651:(3,3,3,3,2,2,5)
2652:(0,0,3,3,3,0,0)
2653:(0,1,3,2,0,2,3)
2654:(0,3,1,1,2,1,0)
2655:(1,0,1,2,2,1,0)
2656:(2,0,1,2,3,0,2)
2657:(2,1,0,3,3,3,0)
2658:(3,2,0,0,1,2,0)
2659:(0,1,0,1,0,3,5)
2660:(0,2,2,0,0,3,3)
2661:(0,3,3,2,1,2,0)
2662:(1,0,3,3,2,0,2)
2663:(1,1,3,3,1,2,3)
2664:(2,0,3,3,2,3,0)
2665:(1,3,1,1,3,1,0)
2666:(2,2,3,0,0,3,0)
2667:(2,3,1,2,1,2,0)
2668:(3,0,1,2,2,0,1)
2669:(3,3,0,2,3,1,0)
2670:(0,2,0,3,0,2,14)
2671:(1,0,2,0,3,3,2)
2672:(1,1,0,0,1,3,0)
2673:(1,2,2,1,3,3,0)
2674:(1,3,3,3,0,2,0)
2675:(2,2,1,1,0,2,0)
2676:(2,1,1,0,0,2,0)
2677:(3,0,3,3,3,3,0)
2678:(3,1,3,0,1,3,4)
2679:(3,2,3,2,3,3,14)
2680:(3,3,1,1,0,2,0)
2681:(0,0,1,0,1,0,2)
2682:(0,3,0,3,0,1,5)
2683:(1,2,0,2,3,2,1)
2684:(2,1,2,1,2,2,14)
2685:(2,2,0,2,1,1,0)
2686:(3,1,1,1,2,0,0)
2687:(3,2,2,1,3,2,5)
2688:(3,3,3,0,0,3,0)
2689:(0,0,3,3,0,3,0)
2690:(0,1,3,3,2,3,0)
2691:(0,2,3,2,2,3,0)
2692:(0,3,1,1,3,2,0)
2693:(1,0,1,1,0,0,7)
2694:(2,0,0,1,0,3,0)
2695:(2,3,0,3,0,1,0)
2696:(2,3,0,0,3,2,0)
2697:(2,1,1,2,1,1,1)
2698:(3,2,0,0,2,1,0)
2699:(0,1,0,1,1,0,5)
2700:(0,2,2,1,2,2,0)
2701:(0,3,3,2,3,3,0)
2702:(1,0,3,2,1,3,0)
2703:(1,1,3,3,3,3,0)
2704:(2,0,3,2,0,2,0)
2705:(1,3,1,1,2,2,0)
2706:(2,1,2,3,3,1,2)
2707:(2,3,2,1,3,3,2)
2708:(3,0,1,2,1,3,0)
2709:(3,3,0,2,2,2,0)
2710:(0,2,0,0,3,1,0)
2711:(1,1,0,0,0,0,0)
2712:(1,2,2,1,1,2,5)
2713:(1,3,3,2,2,3,2)
2714:(2,2,1,1,3,1,0)
2715:(2,3,3,2,3,0,0)
2716:(3,0,3,3,1,2,0)
2717:(3,1,3,0,0,0,4)
2718:(3,0,1,1,3,2,0)
2719:(3,3,1,1,2,3,1)
2720:(0,0,1,1,2,3,0)
2721:(2,2,0,0,1,2,1)
2722:(0,3,0,3,1,2,5)
2723:(1,2,0,2,0,1,1)
2724:(2,1,3,0,0,0,0)
2725:(3,1,1,1,0,1,0)
2726:(3,2,1,2,0,1,0)
2727:(3,3,3,0,2,0,0)
2728:(0,0,3,0,2,2,0)
2729:(0,1,3,3,3,0,0)
2730:(0,2,3,2,0,2,5)
2731:(0,3,1,0,1,3,2)
2732:(1,0,1,1,3,3,3)
2733:(2,0,0,1,2,2,0)
2734:(2,3,0,0,1,3,1)
2735:(3,2,0,1,0,0,0)
2736:(0,1,1,2,3,1,0)
2737:(0,2,2,1,1,1,0)
2738:(0,3,3,1,1,0,0)
2739:(1,0,3,2,3,2,0)
2740:(1,1,3,3,2,0,0)
2741:(1,2,3,3,3,2,0)
2742:(2,0,3,2,2,1,3)
2743:(1,3,1,1,0,3,1)
2744:(2,2,3,3,1,1,0)
2745:(2,1,3,2,2,3,0)
2746:(2,3,2,1,1,0,0)
2747:(3,0,0,1,3,2,0)
2748:(3,3,0,3,0,3,0)
2749:(0,2,0,0,1,0,0)
2750:(1,1,0,0,2,1,2)
2751:(1,2,2,0,2,1,0)
2752:(1,3,3,2,0,0,0)
2753:(2,2,1,0,1,0,0)
2754:(2,3,3,2,1,1,0)
2755:(3,0,3,2,3,1,3)
2756:(3,1,3,3,2,1,1)
2757:(3,2,3,3,2,1,3)
2758:(3,3,2,2,0,0,0)
2759:(0,0,1,1,0,2,0)
2760:(0,3,0,3,3,3,5)
2761:(1,2,0,1,2,0,0)
2762:(2,1,0,0,3,2,0)
2763:(3,1,1,0,2,2,0)
2764:(3,2,1,2,2,0,0)
2765:(2,2,2,0,1,0,0)
2766:(0,0,3,0,0,1,3)
2767:(0,1,3,3,1,1,2)
2768:(0,2,3,3,3,1,0)
2769:(0,3,1,0,3,0,0)
2770:(1,0,1,0,1,2,5)
2771:(2,0,0,0,0,1,0)
2772:(1,3,0,3,2,3,6)
2773:(2,3,0,3,3,0,0)
2774:(3,2,0,1,2,3,0)
2775:(0,1,1,2,1,2,0)
2776:(0,2,1,2,3,0,2)
2777:(2,2,0,2,3,0,0)
2778:(0,3,3,1,3,1,0)
2779:(1,0,3,1,1,1,3)
2780:(1,1,3,2,0,1,1)
2781:(1,2,3,3,0,1,0)
2782:(2,0,2,1,0,0,3)
2783:(1,3,1,0,2,0,0)
2784:(2,2,3,3,3,0,0)
2785:(2,1,1,1,0,1,1)
2786:(3,0,0,1,1,1,0)
2787:(3,3,0,3,2,0,0)
2788:(0,2,0,1,3,3,4)
2789:(1,1,1,3,0,2,0)
2790:(1,2,2,0,0,0,0)
2791:(1,3,3,1,2,1,0)
2792:(2,2,1,0,3,3,0)
2793:(3,0,3,2,1,0,0)
2794:(3,1,3,3,0,2,0)
2795:(3,2,3,0,0,0,0)
2796:(3,3,2,2,2,1,0)
2797:(0,0,0,2,2,1,0)
2798:(0,3,0,2,1,0,4)
2799:(1,2,0,1,0,3,0)
2800:(2,3,2,1,1,3,1)
2801:(2,1,1,3,1,0,0)
2802:(3,1,1,0,0,3,0)
2803:(3,2,1,3,0,3,0)
2804:(3,3,3,1,3,2,4)
2805:(0,0,3,1,2,0,0)
2806:(0,1,3,0,3,2,0)
2807:(0,2,3,3,1,0,0)
2808:(0,3,2,3,1,1,0)
2809:(1,0,1,0,3,1,5)
2810:(2,0,0,0,2,0,5)
2811:(1,3,0,3,0,0,1)
2812:(2,1,2,0,3,0,4)
2813:(2,3,0,3,1,1,0)
2814:(0,1,1,3,3,3,0)
2815:(0,2,1,2,1,3,2)
2816:(0,3,3,0,0,2,4)
2817:(1,0,3,1,3,0,0)
2818:(1,1,3,2,2,2,0)
2819:(1,2,3,2,2,0,0)
2820:(2,0,2,1,1,3,3)
2821:(1,3,1,0,0,1,0)
2822:(2,2,3,2,1,3,2)
2823:(2,3,2,0,0,2,0)
2824:(3,0,0,0,3,0,5)
2825:(3,1,2,1,2,2,1)
2826:(3,3,0,0,0,1,0)
2827:(0,2,0,1,1,2,11)
2828:(1,1,1,3,2,3,0)
2829:(1,2,1,3,2,3,3)
2830:(1,3,3,1,1,2,4)
2831:(2,1,3,1,1,3,2)
2832:(3,0,3,2,0,3,0)
2833:(3,1,3,2,2,3,3)
2834:(3,2,3,0,2,3,0)
2835:(3,3,2,3,1,2,1)
2836:(0,0,0,2,0,0,5)
2837:(0,3,0,2,3,1,4)
2838:(1,2,0,0,2,2,2)
2839:(3,1,1,3,3,0,4)
2840:(3,2,1,3,2,2,1)
2841:(0,0,3,1,3,3,0)
2842:(0,1,3,0,1,3,0)
2843:(0,2,3,0,3,3,0)
2844:(0,3,2,3,2,2,0)
2845:(1,0,0,3,1,0,5)
2846:(2,0,0,0,3,3,0)
2847:(1,3,0,2,2,1,0)
2848:(2,1,3,3,2,2,3)
2849:(2,3,0,2,2,2,4)
2850:(0,1,1,3,0,0,4)
2851:(0,2,1,3,3,2,0)
2852:(0,3,3,0,2,3,0)
2853:(1,0,3,1,2,3,0)
2854:(1,1,3,1,0,3,0)
2855:(1,2,3,2,0,3,0)
2856:(2,0,2,1,3,2,3)
2857:(1,3,2,3,3,2,2)
2858:(2,2,3,2,3,2,2)
2859:(2,3,2,3,2,3,5)
2860:(3,0,0,0,2,3,0)
2861:(3,1,2,1,0,3,1)
2862:(3,3,0,0,3,2,4)
2863:(0,2,0,1,0,1,4)
2864:(1,1,1,2,1,0,13)
2865:(1,2,1,3,0,2,7)
2866:(1,3,3,0,3,3,0)
2867:(2,2,1,3,0,1,0)
2868:(2,1,0,1,3,1,2)
2869:(3,0,2,1,2,2,0)
2870:(3,1,3,2,1,0,3)
2871:(3,2,3,1,0,2,4)
2872:(3,3,2,3,3,3,9)
2873:(0,0,0,2,1,3,0)
2874:(0,1,2,2,3,3,0)
2875:(0,3,0,1,0,2,4)
2876:(1,2,0,0,3,1,0)
2877:(3,1,1,3,1,1,0)
2878:(3,2,1,3,3,1,4)
2879:(0,0,3,1,1,2,0)
2880:(0,1,3,1,2,0,0)
2881:(0,2,3,0,1,2,2)
2882:(0,3,2,2,0,3,5)
2883:(1,0,0,3,0,3,0)
2884:(2,0,0,3,1,2,0)
2885:(1,3,0,2,1,2,4)
2886:(2,1,0,2,0,0,0)
2887:(0,1,1,0,2,1,0)
2888:(0,2,1,3,2,1,0)
2889:(1,0,3,0,0,2,0)
2890:(1,1,3,1,3,0,0)
2891:(1,2,3,1,2,2,2)
2892:(2,0,2,0,1,1,5)
2893:(1,3,2,3,1,3,12)
2894:(2,2,3,2,2,1,11)
2895:(2,3,2,3,0,0,5)
2896:(3,0,0,0,0,2,0)
2897:(3,1,2,0,3,0,4)
2898:(3,3,0,1,1,3,0)
2899:(1,1,1,2,3,1,3)
2900:(1,2,1,3,1,1,13)
2901:(2,3,0,1,0,3,0)
2902:(1,3,3,0,1,0,0)
2903:(2,2,1,3,2,0,0)
2904:(2,1,1,0,2,3,0)
2905:(3,0,2,1,0,1,0)
2906:(3,1,0,1,3,1,5)
2907:(3,2,3,1,1,1,4)
2908:(3,3,2,0,1,0,0)
2909:(0,0,0,3,3,2,0)
2910:(0,1,2,2,0,0,4)
2911:(0,3,0,1,2,3,0)
2912:(1,2,0,0,1,0,0)
2913:(2,1,2,0,0,3,4)
2914:(3,1,1,2,3,2,3)
2915:(3,2,1,0,1,0,0)
2916:(0,0,2,2,3,1,0)
2917:(0,1,3,1,0,1,5)
2918:(0,2,3,0,0,1,4)
2919:(0,3,2,2,2,0,0)
2920:(1,0,0,3,2,2,0)
2921:(1,1,2,3,1,0,4)
2922:(2,0,0,3,3,1,0)
2923:(1,3,0,1,3,3,0)
2924:(2,3,1,1,2,0,0)
2925:(2,1,1,2,3,2,0)
2926:(2,2,1,2,1,0,1)
2927:(0,1,1,0,0,2,3)
2928:(0,2,1,3,0,0,0)
2929:(1,0,3,0,2,1,0)
2930:(1,1,3,0,1,1,5)
2931:(1,2,3,1,3,1,0)
2932:(2,0,2,0,3,0,12)
2933:(1,3,2,2,3,0,0)
2934:(2,1,2,2,1,2,3)
2935:(2,3,2,2,2,1,4)
2936:(3,0,0,3,2,1,0)
2937:(3,1,2,0,1,1,0)
2938:(3,3,0,1,3,0,0)
2939:(1,1,1,1,1,2,14)
2940:(1,2,1,2,3,0,5)
2941:(2,2,1,2,0,3,1)
2942:(3,0,2,0,2,0,1)
2943:(3,1,0,1,1,2,0)
2944:(3,2,3,1,3,0,4)
2945:(3,3,2,0,3,1,0)
2946:(0,0,0,3,1,1,0)
2947:(0,1,2,3,2,1,0)
2948:(0,3,0,0,0,0,0)
2949:(2,0,1,1,1,1,0)
2950:(2,1,3,0,2,1,5)
2951:(3,1,1,2,1,3,0)
2952:(3,2,1,0,3,3,3)
2953:(0,0,2,2,1,0,2)
2954:(0,1,0,2,2,2,3)
2955:(0,2,3,1,2,0,0)
2956:(0,3,2,1,0,1,0)
2957:(1,0,0,2,0,1,0)
2958:(1,1,2,3,3,1,0)
2959:(2,0,0,2,1,0,1)
2960:(1,3,0,1,1,0,0)
2961:(2,3,1,1,0,1,0)
2962:(0,1,1,1,2,3,2)
2963:(0,2,1,0,2,3,0)
2964:(1,0,2,3,0,0,1)
2965:(1,1,3,0,3,2,0)
2966:(1,2,3,1,1,0,0)
2967:(2,0,2,3,0,3,0)
2968:(1,3,2,2,1,1,0)
2969:(2,2,2,1,2,3,13)
2970:(2,1,3,2,3,0,0)
2971:(2,3,2,2,3,2,4)
2972:(3,0,0,3,0,0,0)
2973:(3,1,2,3,3,2,3)
2974:(2,2,3,2,0,2,2)
2975:(1,1,1,1,3,3,5)
2976:(1,2,1,2,1,3,14)
2977:(2,2,1,2,2,2,9)
2978:(3,0,2,0,1,3,1)
2979:(3,1,0,0,3,3,0)
2980:(3,2,2,2,1,3,1)
2981:(3,3,2,0,2,2,0)
2982:(0,0,0,0,3,0,5)
2983:(0,1,2,3,0,2,3)
2984:(2,3,2,1,2,3,5)
2985:(0,3,0,0,2,1,0)
2986:(2,0,1,1,3,0,2)
2987:(2,1,0,3,1,3,0)
2988:(3,1,1,2,0,0,0)
2989:(3,2,1,1,1,2,0)
2990:(0,0,2,3,2,3,0)
2991:(0,1,0,2,0,3,3)
2992:(0,2,3,1,0,3,3)
2993:(0,3,2,1,1,2,0)
2994:(1,0,0,2,2,0,2)
2995:(1,1,2,2,1,2,3)
2996:(2,0,0,2,2,3,0)
2997:(1,3,0,0,3,1,0)
2998:(2,3,1,1,1,2,0)
2999:(3,0,1,1,2,0,1)
3000:(3,0,0,2,1,0,0)
3001:(0,1,1,1,3,0,2)
3002:(0,2,1,0,0,2,5)
3003:(1,0,2,3,3,3,0)
3004:(1,1,0,3,1,3,0)
3005:(1,2,3,0,3,3,0)
3006:(2,0,2,3,2,2,0)
3007:(1,3,2,2,0,2,0)
3008:(2,2,2,0,0,2,0)
3009:(2,1,1,1,2,2,7)
3010:(3,0,0,2,3,3,0)
3011:(3,1,2,3,1,3,0)
3012:(3,3,1,2,0,2,0)
3013:(1,1,1,1,2,0,5)
3014:(1,2,1,1,3,2,4)
3015:(2,1,2,1,0,2,5)
3016:(2,2,0,1,1,1,0)
3017:(2,3,3,3,0,1,2)
3018:(3,0,2,3,3,2,0)
3019:(3,1,0,0,2,0,0)
3020:(3,2,2,2,3,2,9)
3021:(3,3,2,1,0,3,0)
3022:(0,0,0,0,0,3,5)
3023:(0,1,2,0,2,3,0)
3024:(0,3,0,0,3,2,0)
3025:(2,0,1,0,0,3,1)
3026:(2,1,1,3,3,1,2)
3027:(3,2,1,1,2,1,0)
3028:(0,0,2,3,0,2,0)
3029:(0,1,0,2,1,0,3)
3030:(0,2,2,2,2,2,0)
3031:(0,3,2,1,3,3,0)
3032:(1,0,0,1,1,3,0)
3033:(1,1,2,2,3,3,0)
3034:(2,0,3,1,0,2,0)
3035:(1,3,0,0,2,2,0)
3036:(2,1,2,3,1,1,1)
3037:(2,3,1,0,3,3,2)
3038:(3,0,1,1,1,3,0)
3039:(0,1,1,1,1,1,2)
3040:(0,2,1,1,3,1,0)
3041:(1,0,2,2,1,2,0)
3042:(1,1,0,3,0,0,0)
3043:(1,2,3,0,1,2,5)
3044:(2,0,2,2,0,1,0)
3045:(1,3,2,1,2,3,2)
3046:(2,2,2,0,3,1,0)
3047:(2,3,3,1,3,0,0)
3048:(3,0,0,2,1,2,0)
3049:(3,1,2,3,0,0,0)
3050:(3,3,1,2,2,3,1)
3051:(0,0,1,2,2,3,0)
3052:(1,1,1,0,0,1,8)
3053:(1,2,1,1,0,1,4)
3054:(2,1,3,1,2,0,11)
3055:(3,0,2,3,1,1,0)
3056:(3,1,0,0,0,1,0)
3057:(3,2,2,3,0,1,0)
3058:(3,3,2,1,2,0,0)
3059:(0,0,0,1,2,2,3)
3060:(0,1,2,0,3,0,0)
3061:(0,3,1,3,1,3,2)
3062:(2,0,1,0,2,2,1)
3063:(2,3,1,3,0,3,1)
3064:(3,2,0,2,0,0,0)
3065:(0,0,2,0,2,1,0)
3066:(0,1,0,3,3,1,0)
3067:(0,2,2,2,1,1,0)
3068:(0,3,2,0,1,0,0)
3069:(1,0,0,1,3,2,0)
3070:(1,1,2,2,2,0,0)
3071:(2,0,3,1,2,1,3)
3072:(1,3,0,0,0,3,1)
3073:(2,1,3,2,0,3,0)
3074:(2,3,1,0,1,0,0)
3075:(3,0,1,0,3,2,0)
3076:(0,2,1,1,1,0,0)
3077:(1,0,2,2,3,1,0)
3078:(1,1,0,3,2,1,2)
3079:(1,2,2,3,2,1,0)
3080:(2,0,2,2,2,0,5)
3081:(1,3,2,1,0,0,0)
3082:(2,2,2,3,1,0,3)
3083:(2,3,3,1,1,1,0)
3084:(3,0,3,1,3,1,3)
3085:(3,1,2,2,2,1,1)
3086:(3,3,1,3,0,0,0)
3087:(0,0,1,2,0,2,0)
3088:(1,1,1,0,2,2,4)
3089:(1,2,1,0,2,0,0)
3090:(2,2,0,0,1,3,0)
3091:(2,1,0,0,1,2,0)
3092:(3,0,2,2,3,0,5)
3093:(3,1,0,3,2,2,0)
3094:(3,2,2,3,2,0,0)
3095:(3,3,3,2,0,1,4)
3096:(0,0,0,1,0,1,3)
3097:(0,1,2,0,1,1,2)
3098:(0,3,1,3,3,0,2)
3099:(1,0,1,3,1,2,0)
3100:(2,0,1,3,0,1,0)
3101:(2,2,1,1,2,3,3)
3102:(3,2,0,2,2,3,0)
3103:(0,0,2,0,0,0,5)
3104:(0,1,0,3,1,2,0)
3105:(0,2,2,3,3,0,0)
3106:(0,3,2,0,3,1,0)
3107:(1,0,0,0,1,1,7)
3108:(1,1,2,1,0,1,6)
3109:(2,0,3,0,0,0,2)
3110:(1,3,1,3,2,0,5)
3111:(2,1,0,2,2,1,5)
3112:(3,0,1,0,1,1,0)
3113:(0,2,0,2,3,3,5)
3114:(1,0,2,1,1,0,5)
3115:(1,1,0,2,0,2,0)
3116:(1,2,2,3,0,0,0)
3117:(2,0,2,2,3,3,0)
3118:(1,3,2,0,2,1,0)
3119:(2,2,2,3,3,3,3)
3120:(2,3,3,0,2,2,4)
3121:(3,0,3,1,1,0,3)
3122:(3,1,2,2,0,2,0)
3123:(3,3,1,3,2,1,0)
3124:(0,0,1,3,2,1,0)
3125:(1,2,1,0,0,3,0)
3126:(2,2,0,0,3,2,2)
3127:(2,1,1,0,3,0,0)
3128:(3,0,2,2,2,3,0)
3129:(3,1,0,3,0,3,0)
3130:(3,2,2,0,0,3,0)
3131:(3,3,3,2,3,2,4)
3132:(0,0,3,2,2,0,0)
3133:(0,1,2,1,3,2,0)
3134:(0,3,1,2,1,1,0)
3135:(1,0,1,3,3,1,0)
3136:(2,0,1,3,2,0,5)
3137:(2,1,2,0,1,0,4)
3138:(3,2,0,3,0,2,0)
3139:(0,0,2,0,1,3,0)
3140:(0,1,0,0,3,3,4)
3141:(0,2,2,3,1,3,0)
3142:(0,3,3,3,0,2,4)
3143:(1,0,0,0,3,0,1)
3144:(1,1,2,1,2,2,2)
3145:(2,0,3,0,1,3,2)
3146:(1,3,1,3,0,1,5)
3147:(2,2,3,1,1,3,0)
3148:(2,3,1,3,0,2,1)
3149:(3,0,1,3,3,0,5)
3150:(0,2,0,2,1,2,12)
3151:(1,0,2,1,0,3,0)
3152:(1,1,0,2,2,3,0)
3153:(1,2,2,2,2,3,2)
3154:(1,3,2,0,1,2,4)
3155:(2,1,2,2,3,3,3)
3156:(2,3,3,0,0,3,0)
3157:(3,0,3,1,0,3,3)
3158:(3,1,3,1,2,3,5)
3159:(2,2,0,3,1,0,0)
3160:(3,3,1,0,1,2,0)
3161:(0,0,1,3,0,0,5)
3162:(1,2,0,3,2,2,2)
3163:(2,2,0,0,2,1,4)
3164:(3,0,2,2,0,2,0)
3165:(3,1,0,2,3,0,4)
3166:(3,2,2,0,2,2,1)
3167:(3,3,3,3,1,3,5)
3168:(0,0,3,2,3,3,0)
3169:(0,1,2,1,1,3,0)
3170:(0,3,1,2,2,2,0)
3171:(1,0,1,2,1,0,5)
3172:(2,0,1,3,3,3,0)
3173:(2,1,3,3,0,2,0)
3174:(2,3,0,1,2,2,4)
3175:(3,2,0,3,1,1,0)
3176:(2,2,3,0,0,0,0)
3177:(0,0,2,1,3,2,0)
3178:(0,1,0,0,0,0,4)
3179:(0,2,2,0,3,2,0)
3180:(0,3,3,3,2,3,0)
3181:(1,0,0,0,2,3,1)
3182:(1,1,2,0,0,3,0)
3183:(2,2,1,3,1,2,1)
3184:(2,0,3,0,3,2,2)
3185:(1,3,1,2,3,2,4)
3186:(2,2,3,1,3,2,2)
3187:(2,3,1,2,2,3,5)
3188:(3,0,1,3,2,3,0)
3189:(0,2,0,2,0,1,15)
3190:(1,0,2,1,2,2,0)
3191:(1,1,0,1,1,0,8)
3192:(1,2,2,2,0,2,6)
3193:(1,3,3,3,3,3,0)
3194:(2,2,2,2,0,1,5)
3195:(2,1,0,1,1,1,1)
3196:(2,3,3,3,2,0,2)
3197:(3,0,3,0,2,2,5)
3198:(3,1,3,1,1,0,5)
3199:(3,2,3,2,0,2,5)
3200:(3,3,1,0,3,3,5)
3201:(0,0,1,3,1,3,0)
3202:(1,2,0,3,3,1,0)
3203:(2,2,0,3,0,0,0)
3204:(3,1,0,2,1,1,0)
3205:(3,2,2,0,3,1,4)
3206:(3,3,3,3,3,0,5)
3207:(0,0,3,2,1,2,0)
3208:(0,1,3,2,2,0,0)
3209:(0,3,1,1,0,3,5)
3210:(1,0,1,2,0,3,0)
3211:(2,0,1,2,1,2,0)
3212:(2,1,0,3,2,0,4)
3213:(3,2,0,3,3,0,0)
3214:(0,0,2,1,1,1,0)
3215:(0,1,0,1,2,1,5)
3216:(0,2,2,0,2,1,0)
3217:(0,3,3,2,0,0,0)
3218:(1,0,3,3,0,2,0)
3219:(1,1,2,0,3,0,0)
3220:(2,0,3,3,1,1,0)
3221:(1,3,1,2,1,3,15)
3222:(2,2,3,1,2,1,4)
3223:(2,3,3,1,0,3,0)
3224:(2,3,1,2,0,0,0)
3225:(3,0,1,3,0,2,0)
3226:(3,3,0,2,1,3,0)
3227:(0,2,0,3,2,0,3)
3228:(2,3,1,1,3,3,2)
3229:(1,0,2,0,0,1,2)
3230:(1,1,0,1,3,1,1)
3231:(1,2,2,2,1,1,11)
3232:(1,3,3,3,1,0,0)
3233:(2,2,2,2,2,0,5)
3234:(2,1,1,0,0,3,0)
3235:(3,0,3,0,0,1,5)
3236:(3,1,3,0,3,1,15)
3237:(3,2,3,2,1,1,5)
3238:(3,3,1,1,1,0,0)
3239:(0,0,1,0,3,2,2)
3240:(1,2,0,3,1,0,0)
3241:(2,1,2,1,2,3,5)
3242:(2,2,0,3,2,3,3)
3243:(3,1,1,1,3,2,3)
3244:(3,2,2,1,1,0,0)
3245:(3,3,3,0,1,1,0)
3246:(0,0,3,3,3,1,0)
3247:(0,1,3,2,0,1,5)
3248:(0,3,1,1,2,0,0)
3249:(1,0,1,2,2,2,0)
3250:(2,0,1,2,3,1,0)
3251:(2,3,0,0,2,0,0)
3252:(2,1,1,2,1,2,0)
3253:(3,2,0,0,1,3,0)
3254:(0,1,0,1,0,2,14)
3255:(0,2,2,0,0,0,0)
3256:(0,3,3,2,2,1,0)
3257:(1,0,3,3,2,1,0)
3258:(1,1,3,3,1,1,5)
3259:(2,0,3,3,3,0,2)
3260:(1,3,1,1,3,0,0)
3261:(2,1,2,3,3,2,0)
3262:(2,3,2,1,2,1,0)
3263:(3,0,1,2,2,1,0)
3264:(3,3,0,2,3,0,0)
3265:(0,2,0,3,0,3,3)
3266:(1,0,2,0,2,0,2)
3267:(1,1,0,0,1,2,3)
3268:(1,2,2,1,3,0,0)
3269:(1,3,3,2,3,1,0)
3270:(2,2,1,1,0,3,0)
3271:(2,3,3,3,1,2,2)
3272:(3,0,3,3,2,0,1)
3273:(3,1,3,0,1,2,4)
3274:(3,2,3,2,3,0,5)
3275:(3,3,1,1,3,1,0)
3276:(0,0,1,0,1,1,2)
3277:(0,3,0,3,0,0,5)
3278:(1,2,0,2,3,3,1)
3279:(2,1,3,0,0,1,0)
3280:(3,1,1,1,1,3,0)
3281:(3,2,2,1,3,3,3)
3282:(3,3,3,0,0,2,0)
3283:(0,0,3,3,1,0,2)
3284:(0,1,3,3,2,2,0)
3285:(0,2,3,2,2,0,0)
3286:(0,3,1,0,0,1,0)
3287:(1,0,1,1,0,1,3)
3288:(2,0,0,1,1,0,1)
3289:(2,3,0,0,0,1,0)
3290:(3,2,0,0,3,2,5)
3291:(0,1,1,2,2,3,0)
3292:(0,2,2,1,2,3,0)
3293:(0,3,3,2,3,2,0)
3294:(1,0,3,2,0,0,1)
3295:(1,1,3,3,3,2,0)
3296:(2,0,3,2,0,3,0)
3297:(1,3,1,1,1,1,0)
3298:(2,2,3,0,2,3,3)
3299:(2,1,3,2,1,0,0)
3300:(2,3,2,1,3,2,0)
3301:(3,0,1,2,0,0,0)
3302:(3,3,0,3,1,1,0)
3303:(0,2,0,0,2,2,0)
3304:(1,1,0,0,3,3,0)
3305:(1,2,2,1,1,3,3)
3306:(1,3,3,2,2,2,0)
3307:(2,2,1,1,2,2,5)
3308:(2,3,3,2,3,3,2)
3309:(3,0,3,3,1,3,0)
3310:(3,1,3,3,3,3,0)
3311:(3,2,3,3,1,3,3)
3312:(3,3,1,1,2,2,0)
3313:(0,0,1,1,3,0,0)
3314:(0,3,0,3,2,1,5)
3315:(1,2,0,2,1,2,9)
3316:(2,2,0,2,3,1,0)
3317:(2,1,0,0,3,3,0)
3318:(3,1,1,1,0,0,0)
3319:(3,2,1,2,1,2,0)
3320:(3,3,3,0,2,3,1)
3321:(0,0,3,0,2,3,0)
3322:(0,1,3,3,0,3,0)
3323:(0,2,3,2,0,3,3)
3324:(0,3,1,0,1,2,0)
3325:(1,0,1,1,2,0,10)
3326:(2,0,0,1,2,3,0)
3327:(1,3,0,3,3,1,1)
3328:(2,3,0,0,1,2,0)
3329:(3,2,0,1,0,1,0)
3330:(0,1,1,2,3,0,0)
3331:(0,2,2,1,0,2,5)
3332:(0,3,3,1,1,3,2)
3333:(1,0,3,2,3,3,0)
3334:(1,1,3,2,1,3,0)
3335:(1,2,3,3,3,3,0)
3336:(2,0,3,2,2,2,0)
3337:(1,3,1,1,0,2,0)
3338:(2,2,3,3,0,2,0)
3339:(2,1,1,1,0,2,1)
3340:(3,0,0,1,3,3,0)
3341:(3,3,0,3,0,2,0)
3342:(2,2,2,2,0,0,5)
3343:(0,2,0,0,1,1,0)
3344:(1,1,0,0,2,0,0)
3345:(1,2,2,0,3,2,0)
3346:(1,3,3,2,0,3,1)
3347:(2,2,1,0,1,1,0)
3348:(2,3,3,2,1,0,0)
3349:(3,0,3,2,3,2,0)
3350:(3,1,3,3,2,0,0)
3351:(3,2,3,3,3,2,14)
3352:(3,3,2,2,0,3,0)
3353:(0,0,1,1,0,3,0)
3354:(0,3,0,3,3,2,5)
3355:(1,2,0,1,2,1,0)
3356:(2,1,1,3,1,1,1)
3357:(3,1,1,0,2,1,1)
3358:(3,2,1,2,2,1,0)
3359:(3,3,3,1,0,0,0)
3360:(0,0,3,0,0,2,0)
3361:(0,1,3,3,1,0,0)
3362:(0,2,3,3,2,2,0)
3363:(0,3,1,0,3,3,0)
3364:(1,0,1,0,1,3,5)
3365:(2,0,0,0,0,2,0)
3366:(1,3,0,3,2,2,1)
3367:(2,1,2,0,3,1,11)
3368:(2,3,0,3,3,3,2)
3369:(3,2,0,1,2,0,0)
3370:(0,1,1,2,1,1,2)
3371:(0,2,1,2,3,1,2)
3372:(0,3,3,1,3,0,0)
3373:(1,0,3,1,1,2,0)
3374:(1,1,3,2,0,0,0)
3375:(1,2,3,3,1,2,5)
3376:(2,0,2,1,0,1,3)
3377:(1,3,1,0,2,3,2)
3378:(2,2,3,3,3,1,0)
3379:(2,3,2,0,3,0,0)
3380:(3,0,0,1,1,2,0)
3381:(3,3,0,3,2,3,1)
3382:(0,2,0,1,3,0,4)
3383:(1,1,1,3,0,1,1)
3384:(1,2,2,0,0,1,0)
3385:(1,3,3,1,2,0,0)
3386:(2,1,3,1,0,0,2)
3387:(3,0,3,2,1,1,0)
3388:(3,1,3,3,0,1,0)
3389:(3,2,3,0,0,1,0)
3390:(3,3,2,2,2,0,0)
3391:(0,0,0,2,2,2,0)
3392:(0,3,0,2,1,3,11)
3393:(1,2,0,1,0,0,0)
3394:(3,1,1,0,0,2,0)
3395:(3,2,1,3,0,0,0)
3396:(3,3,3,1,2,1,0)
3397:(0,0,3,1,2,1,0)
3398:(0,1,3,0,3,1,0)
3399:(0,2,3,3,1,1,0)
3400:(0,3,2,3,1,0,0)
3401:(1,0,1,0,3,2,5)
3402:(2,0,0,0,2,1,3)
3403:(1,3,0,3,0,3,1)
3404:(2,1,3,3,2,3,0)
3405:(2,3,0,3,1,0,0)
3406:(0,1,1,3,3,2,0)
3407:(0,2,1,2,1,0,2)
3408:(0,3,3,0,1,1,0)
3409:(1,0,3,1,3,1,0)
3410:(1,1,3,2,2,1,2)
3411:(1,2,3,2,2,1,0)
3412:(2,0,2,1,2,0,14)
3413:(1,3,1,0,0,0,0)
3414:(2,2,3,2,1,0,2)
3415:(2,3,2,0,1,1,0)
3416:(3,0,0,0,3,1,3)
3417:(3,1,2,1,2,1,1)
3418:(3,3,0,0,0,0,0)
3419:(0,2,0,1,1,3,4)
3420:(1,1,1,3,2,2,0)
3421:(1,2,1,3,2,0,3)
3422:(1,3,3,1,0,1,0)
3423:(2,2,1,3,1,3,0)
3424:(2,1,0,1,3,2,0)
3425:(3,0,2,1,3,0,5)
3426:(3,1,3,2,2,2,3)
3427:(3,2,3,0,2,0,0)
3428:(3,3,2,3,0,1,1)
3429:(0,0,0,2,0,1,3)
3430:(0,3,0,2,3,0,4)
3431:(1,2,0,0,2,3,0)
3432:(2,3,2,3,1,1,5)
3433:(3,1,1,3,2,3,0)
3434:(3,2,1,3,2,3,0)
3435:(0,0,3,1,0,0,5)
3436:(0,1,3,0,1,2,0)
3437:(0,2,3,0,3,0,0)
3438:(0,3,2,3,3,1,0)
3439:(1,0,0,3,1,1,3)
3440:(2,0,0,3,0,0,0)
3441:(1,3,0,2,2,0,0)
3442:(2,1,0,2,0,1,0)
3443:(0,1,1,3,1,3,0)
3444:(0,2,1,3,3,3,0)
3445:(0,3,3,0,2,2,0)
3446:(1,0,3,0,1,0,5)
3447:(1,1,3,1,0,2,0)
3448:(1,2,3,2,0,0,0)
3449:(2,0,2,1,3,3,3)
3450:(1,3,2,3,2,1,2)
3451:(2,2,3,2,3,3,2)
3452:(2,3,2,3,2,2,15)
3453:(3,0,0,0,1,0,0)
3454:(3,1,2,1,0,2,1)
3455:(3,3,0,0,2,1,0)
3456:(1,1,1,2,0,3,3)
3457:(1,2,1,3,0,3,3)
3458:(1,3,3,0,3,2,0)
3459:(2,2,1,3,3,2,2)
3460:(2,1,1,0,1,0,0)
3461:(3,0,2,1,2,3,0)
3462:(3,1,3,2,0,3,3)
3463:(3,2,3,1,0,3,4)
3464:(3,3,2,3,3,2,8)
3465:(0,0,0,3,2,0,0)
3466:(0,1,2,2,3,2,0)
3467:(0,3,0,1,1,1,0)
3468:(1,2,0,0,0,2,1)
3469:(2,1,2,1,3,0,5)
3470:(3,1,1,3,1,0,0)
3471:(3,2,1,0,0,2,0)
3472:(0,0,3,1,1,3,0)
3473:(0,1,3,1,3,3,0)
3474:(0,2,3,0,1,3,0)
3475:(0,3,2,2,0,2,4)
3476:(1,0,0,3,3,0,0)
3477:(2,0,0,3,1,3,0)
3478:(1,3,0,2,0,1,0)
3479:(2,3,0,2,0,2,0)
3480:(2,1,1,2,3,3,0)
3481:(0,1,1,0,2,0,0)
3482:(0,2,1,3,1,2,2)
3483:(1,0,3,0,0,3,0)
3484:(1,1,3,1,2,3,0)
3485:(1,2,3,1,2,3,0)
3486:(2,0,2,0,1,2,5)
3487:(1,3,2,3,1,2,11)
3488:(2,1,2,2,1,3,3)
3489:(2,3,2,3,0,3,5)
3490:(3,0,0,0,0,3,0)
3491:(3,1,2,0,2,3,0)
3492:(3,3,0,1,1,2,0)
3493:(1,1,1,2,3,0,3)
3494:(1,2,1,2,2,2,12)
3495:(1,3,3,0,1,3,5)
3496:(2,2,1,3,2,1,4)
3497:(3,0,2,1,0,2,0)
3498:(3,1,0,1,3,0,4)
3499:(3,2,3,1,2,2,8)
3500:(3,3,2,0,1,3,0)
3501:(0,0,0,3,3,3,0)
3502:(0,1,2,2,1,3,0)
3503:(0,3,0,1,2,2,0)
3504:(1,2,0,0,1,1,4)
3505:(2,1,3,0,2,2,3)
3506:(3,1,1,2,3,1,5)
3507:(3,2,1,0,1,1,0)
3508:(0,0,2,2,3,2,0)
3509:(0,1,3,1,0,0,4)
3510:(0,2,3,1,3,2,0)
3511:(0,3,2,2,2,3,0)
3512:(1,0,0,3,2,3,0)
3513:(1,1,2,3,0,3,0)
3514:(2,0,0,3,3,2,0)
3515:(1,3,0,1,3,2,0)
3516:(2,3,1,1,2,3,5)
3517:(0,1,1,0,0,1,5)
3518:(0,2,1,3,0,1,4)
3519:(1,0,3,0,2,2,0)
3520:(1,1,3,0,1,0,4)
3521:(1,2,3,1,0,2,1)
3522:(2,0,2,0,3,1,5)
3523:(1,3,2,2,3,3,0)
3524:(2,2,2,1,0,1,4)
3525:(2,1,3,2,3,1,2)
3526:(2,3,2,2,2,0,4)
3527:(3,0,0,3,2,2,0)
3528:(3,1,2,0,1,0,0)
3529:(3,3,0,1,3,3,5)
3530:(1,1,1,1,1,1,5)
3531:(1,2,1,2,3,1,5)
3532:(2,2,1,2,0,0,1)
3533:(3,0,2,0,2,1,1)
3534:(3,1,0,1,1,1,0)
3535:(3,2,3,1,3,1,4)
3536:(3,3,2,0,3,0,0)
3537:(0,0,0,3,1,2,0)
3538:(0,1,2,3,2,0,0)
3539:(0,3,0,0,0,3,5)
3540:(2,0,1,1,1,2,0)
3541:(2,1,0,3,0,0,0)
3542:(3,1,1,2,1,2,0)
3543:(3,2,1,0,3,0,0)
3544:(2,2,2,0,3,2,2)
3545:(0,0,2,2,1,1,0)
3546:(0,1,0,2,2,1,3)
3547:(0,2,3,1,2,1,0)
3548:(0,3,2,1,0,0,0)
3549:(1,0,0,2,0,2,0)
3550:(1,1,2,3,3,0,0)
3551:(2,0,0,2,1,1,0)
3552:(1,3,0,1,1,3,5)
3553:(2,3,1,1,0,0,0)
3554:(0,1,1,1,2,2,2)
3555:(0,2,1,0,2,0,0)
3556:(1,0,2,3,0,1,0)
3557:(1,1,3,0,3,1,0)
3558:(1,2,3,1,1,1,4)
3559:(2,0,2,3,1,0,1)
3560:(1,3,2,2,1,0,0)
3561:(2,2,2,1,2,0,4)
3562:(2,1,1,1,2,3,1)
3563:(3,0,0,3,0,1,0)
3564:(3,1,2,3,3,1,5)
3565:(3,3,1,2,1,0,0)
3566:(2,2,1,1,3,2,2)
3567:(1,1,1,1,3,2,5)
3568:(1,2,1,2,1,0,5)
3569:(2,1,2,1,0,3,5)
3570:(2,2,1,2,2,3,7)
3571:(3,0,2,0,0,0,1)
3572:(3,1,0,0,3,2,3)
3573:(3,2,2,2,1,0,1)
3574:(3,3,2,1,1,1,0)
3575:(0,0,0,0,3,1,5)
3576:(0,1,2,3,0,1,5)
3577:(0,3,0,0,2,0,0)
3578:(2,0,1,1,3,1,0)
3579:(2,1,1,3,3,2,0)
3580:(3,2,1,1,1,3,0)
3581:(0,0,2,3,3,0,0)
3582:(0,1,0,2,0,2,3)
3583:(0,2,3,1,0,0,0)
3584:(0,3,2,1,2,1,0)
3585:(1,0,0,2,2,1,0)
3586:(1,1,2,2,1,1,5)
3587:(2,0,0,2,3,0,2)
3588:(1,3,0,0,3,0,0)
3589:(2,1,2,3,1,2,0)
3590:(2,3,1,0,2,1,0)
3591:(3,0,1,1,2,1,0)
3592:(0,1,1,1,0,3,2)
3593:(0,2,1,0,0,3,3)
3594:(1,0,2,3,2,0,2)
3595:(1,1,0,3,1,2,3)
3596:(1,2,3,0,3,0,0)
3597:(2,0,2,3,2,3,0)
3598:(1,3,2,1,3,1,0)
3599:(2,2,2,0,0,3,0)
3600:(2,3,2,2,1,2,4)
3601:(3,0,0,2,2,0,1)
3602:(3,1,2,3,1,2,0)
3603:(3,3,1,2,3,1,0)
3604:(1,1,1,0,1,3,4)
3605:(1,2,1,1,3,3,4)
3606:(2,1,3,1,2,1,12)
3607:(3,0,2,3,3,3,0)
3608:(3,1,0,0,1,3,0)
3609:(3,2,2,2,3,3,7)
3610:(3,3,2,1,0,2,0)
3611:(0,0,0,0,1,0,12)
3612:(0,1,2,0,2,2,0)
3613:(0,3,1,3,0,1,2)
3614:(2,0,1,0,1,0,1)
3615:(3,2,1,1,3,2,5)
3616:(0,0,2,3,0,3,0)
3617:(0,1,0,3,2,3,0)
3618:(0,2,2,2,2,3,0)
3619:(0,3,2,1,3,2,0)
3620:(1,0,0,1,0,0,1)
3621:(1,1,2,2,3,2,0)
3622:(2,0,3,1,0,3,0)
3623:(1,3,0,0,1,1,0)
3624:(2,1,3,3,3,0,0)
3625:(2,3,1,0,3,2,0)
3626:(3,0,1,1,0,0,0)
3627:(0,1,1,1,1,0,2)
3628:(0,2,1,1,2,2,0)
3629:(1,0,2,2,1,3,0)
3630:(1,1,0,3,3,3,0)
3631:(1,2,3,0,1,3,3)
3632:(2,0,2,2,0,2,0)
3633:(1,3,2,1,2,2,0)
3634:(2,2,2,0,2,2,5)
3635:(2,3,3,1,3,3,2)
3636:(3,0,0,2,1,3,0)
3637:(3,1,2,2,3,3,0)
3638:(3,3,1,2,2,2,0)
3639:(0,0,1,2,3,0,0)
3640:(1,1,1,0,0,0,4)
3641:(1,2,1,1,1,2,15)
3642:(2,2,0,1,3,1,0)
3643:(2,1,0,0,1,3,0)
3644:(3,0,2,3,1,2,0)
3645:(3,1,0,0,0,0,0)
3646:(3,2,2,3,1,2,0)
3647:(3,3,2,1,2,3,1)
3648:(0,0,0,1,2,3,3)
3649:(0,1,2,0,0,3,0)
3650:(0,3,1,3,1,2,2)
3651:(2,0,1,0,2,3,1)
3652:(3,2,0,2,0,1,0)
3653:(0,0,2,0,2,2,0)
3654:(0,1,0,3,3,0,0)
3655:(0,2,2,2,0,2,5)
3656:(0,3,2,0,1,3,2)
3657:(1,0,0,1,3,3,0)
3658:(1,1,2,1,1,3,2)
3659:(2,0,3,1,2,2,0)
3660:(1,3,0,0,0,2,0)
3661:(2,1,0,2,2,2,3)
3662:(3,0,1,0,3,3,0)
3663:(0,2,1,1,1,1,0)
3664:(1,0,2,2,3,2,0)
3665:(1,1,0,3,2,0,0)
3666:(1,2,2,3,3,2,0)
3667:(2,0,2,2,2,1,3)
3668:(1,3,2,1,0,3,1)
3669:(2,2,2,3,1,1,3)
3670:(2,3,3,1,1,0,0)
3671:(3,0,3,1,3,2,3)
3672:(3,1,2,2,2,0,0)
3673:(3,3,1,3,0,3,0)
3674:(0,0,1,2,0,3,0)
3675:(1,1,1,0,2,1,11)
3676:(1,2,1,0,2,1,0)
3677:(2,3,0,0,2,1,0)
3678:(2,2,0,0,1,0,0)
3679:(2,1,1,0,3,1,2)
3680:(3,0,2,2,3,1,3)
3681:(3,1,0,3,2,1,1)
3682:(3,2,2,3,2,1,0)
3683:(3,3,3,2,0,0,4)
3684:(0,0,0,1,0,2,3)
3685:(0,1,2,0,1,0,0)
3686:(0,3,1,3,3,3,2)
3687:(1,0,1,3,1,3,0)
3688:(2,0,1,3,0,2,0)
3689:(2,1,2,0,1,1,8)
3690:(3,2,0,2,2,0,0)
3691:(0,0,2,0,0,1,3)
3692:(0,1,0,3,1,1,2)
3693:(0,2,2,3,3,1,0)
3694:(0,3,2,0,3,0,0)
3695:(1,0,0,0,1,2,1)
3696:(1,1,2,1,0,0,2)
3697:(2,0,3,0,0,1,2)
3698:(1,3,1,3,2,3,12)
3699:(2,3,1,3,3,0,1)
3700:(3,0,1,0,1,2,0)
3701:(2,2,1,2,3,2,6)
3702:(0,2,0,2,3,0,5)
3703:(1,0,2,1,1,1,3)
3704:(1,1,0,2,0,1,1)
3705:(1,2,2,3,0,1,0)
3706:(1,3,2,0,2,0,0)
3707:(2,1,2,2,2,0,13)
3708:(2,3,3,0,3,1,0)
3709:(3,0,3,1,1,1,3)
3710:(3,1,2,2,0,1,0)
3711:(3,3,1,3,2,0,0)
3712:(0,0,1,3,2,2,0)
3713:(1,2,1,0,0,0,0)
3714:(2,3,1,0,0,3,0)
3715:(2,2,0,0,3,3,0)
3716:(3,0,2,2,1,0,0)
3717:(3,1,0,3,0,2,0)
3718:(2,3,2,0,3,1,0)
3719:(3,3,3,2,2,1,4)
3720:(0,0,3,2,2,1,0)
3721:(0,1,2,1,3,1,0)
3722:(0,3,1,2,1,0,0)
3723:(1,0,1,3,3,2,0)
3724:(2,0,1,3,2,1,3)
3725:(2,1,3,3,0,3,0)
3726:(3,2,0,3,0,3,0)
3727:(0,0,2,1,2,0,0)
3728:(0,1,0,0,3,2,4)
3729:(0,2,2,3,1,0,0)
3730:(0,3,3,3,1,1,0)
3731:(1,0,0,0,3,1,1)
3732:(1,1,2,1,2,1,2)
3733:(2,0,3,0,2,0,12)
3734:(1,3,1,3,0,0,5)
3735:(2,2,3,1,1,0,0)
3736:(2,3,1,3,1,1,1)
3737:(3,0,1,3,3,1,3)
3738:(0,2,0,2,1,3,5)
3739:(1,0,2,1,3,0,0)
3740:(1,1,0,2,2,2,0)
3741:(1,2,2,2,2,0,2)
3742:(2,3,1,0,2,3,5)
3743:(1,3,2,0,0,1,0)
3744:(2,2,2,2,1,3,5)
3745:(2,1,0,1,1,2,0)
3746:(2,3,3,0,0,2,0)
3747:(3,0,3,0,3,0,5)
3748:(3,1,3,1,2,2,5)
3749:(2,2,3,2,3,0,2)
3750:(0,0,1,3,0,1,3)
3751:(1,2,0,3,2,3,0)
3752:(2,2,0,3,1,2,1)
3753:(3,0,2,2,0,3,0)
3754:(3,1,0,2,2,3,0)
3755:(3,2,2,0,2,3,0)
3756:(3,3,3,3,1,2,5)
3757:(0,0,3,2,0,0,5)
3758:(0,1,2,1,1,2,0)
3759:(0,3,1,2,3,1,0)
3760:(1,0,1,2,1,1,3)
3761:(2,0,1,2,0,0,0)
3762:(2,1,0,3,2,1,5)
3763:(3,2,0,3,2,2,1)
3764:(0,0,2,1,3,3,0)
3765:(0,1,0,0,1,3,4)
3766:(0,2,2,0,3,3,0)
3767:(0,3,3,3,2,2,0)
3768:(1,0,3,3,1,0,5)
3769:(1,1,2,0,0,2,0)
3770:(2,0,3,0,3,3,2)
3771:(1,3,1,2,2,1,4)
3772:(2,2,3,1,3,3,0)
3773:(2,3,1,2,2,2,4)
3774:(3,0,1,3,1,0,0)
3775:(0,2,0,3,3,2,3)
3776:(1,0,2,1,2,3,0)
3777:(1,1,0,1,0,3,1)
3778:(1,2,2,2,0,3,2)
3779:(1,3,3,3,3,2,0)
3780:(2,2,2,2,3,2,12)
3781:(2,1,1,1,3,0,1)
3782:(3,0,3,0,2,3,5)
3783:(3,1,3,1,0,3,5)
3784:(3,2,3,2,0,3,5)
3785:(3,3,1,0,3,2,4)
3786:(0,0,1,0,2,0,2)
3787:(1,2,0,3,0,2,1)
3788:(2,1,2,1,1,0,5)
3789:(2,2,0,3,0,1,0)
3790:(2,3,3,3,1,3,6)
3791:(3,1,0,2,1,0,0)
3792:(3,2,2,1,0,2,0)
3793:(3,3,3,3,3,3,5)
3794:(0,0,3,2,1,3,0)
3795:(0,1,3,2,3,3,0)
3796:(0,3,1,1,0,2,4)
3797:(1,0,1,2,3,0,0)
3798:(2,0,1,2,1,3,0)
3799:(2,3,0,1,0,2,0)
3800:(2,1,1,2,1,3,0)
3801:(3,2,0,3,3,1,4)
3802:(0,0,2,1,1,2,0)
3803:(0,1,0,1,2,0,5)
3804:(0,2,2,0,1,2,2)
3805:(0,3,3,2,0,3,5)
3806:(1,0,3,3,0,3,0)
3807:(1,1,2,0,2,3,0)
3808:(2,0,3,3,1,2,0)
3809:(1,3,1,2,1,2,4)
3810:(2,1,2,3,3,3,0)
3811:(2,3,1,2,0,3,0)
3812:(3,0,1,3,0,3,0)
3813:(3,3,0,2,1,2,0)
3814:(0,2,0,3,2,1,3)
3815:(1,0,2,0,0,2,2)
3816:(1,1,0,1,3,0,1)
3817:(1,2,2,1,2,2,2)
3818:(1,3,3,3,1,3,5)
3819:(2,2,2,2,2,1,15)
3820:(2,3,3,3,0,0,2)
3821:(3,0,3,0,0,2,5)
3822:(3,1,3,0,3,0,4)
3823:(3,2,3,2,2,2,9)
3824:(3,3,1,1,1,3,0)
3825:(0,0,1,0,3,3,2)
3826:(1,2,0,3,1,1,4)
3827:(2,1,3,0,0,2,0)
3828:(3,1,1,1,3,1,5)
3829:(3,2,2,1,1,1,0)
3830:(3,3,3,0,1,0,0)
3831:(0,0,3,3,3,2,0)
3832:(0,1,3,2,0,0,4)
3833:(0,2,3,2,3,2,0)
3834:(0,3,1,1,2,3,0)
3835:(1,0,1,2,2,3,0)
3836:(2,0,1,2,3,2,0)
3837:(2,3,1,2,2,1,0)
3838:(2,3,0,0,2,3,5)
3839:(3,2,0,0,1,0,0)
3840:(0,1,0,1,0,1,5)
3841:(0,2,2,0,0,1,4)
3842:(0,3,3,2,2,0,0)
3843:(1,0,3,3,2,2,0)
3844:(1,1,3,3,1,0,4)
3845:(2,0,3,3,3,1,0)
3846:(1,3,1,1,3,3,0)
3847:(2,2,3,0,0,1,0)
3848:(2,1,3,2,1,1,1)
3849:(2,3,2,1,2,0,0)
3850:(3,0,1,2,2,2,0)
3851:(3,3,0,2,3,3,5)
3852:(0,2,0,3,0,0,3)
3853:(1,0,2,0,2,1,2)
3854:(1,1,0,0,1,1,5)
3855:(1,2,2,1,3,1,0)
3856:(1,3,3,2,3,0,0)
3857:(2,2,1,1,0,0,0)
3858:(2,3,3,2,2,1,0)
3859:(3,0,3,3,2,1,0)
3860:(3,1,3,0,1,1,4)
3861:(3,2,3,2,3,1,15)
3862:(3,3,1,1,3,0,0)
3863:(0,0,1,0,1,2,2)
3864:(0,3,0,3,0,3,5)
3865:(1,2,0,2,3,0,1)
3866:(2,2,0,2,0,3,0)
3867:(2,1,0,0,2,0,4)
3868:(3,1,1,1,1,2,0)
3869:(3,2,2,1,3,0,0)
3870:(3,3,3,0,3,1,0)
3871:(0,0,3,3,1,1,0)
3872:(0,1,3,3,2,1,0)
3873:(0,2,3,2,2,1,0)
3874:(0,3,1,0,0,0,0)
3875:(1,0,1,1,0,2,3)
3876:(2,0,0,1,1,1,0)
3877:(2,3,0,0,0,0,0)
3878:(3,2,0,0,3,3,3)
3879:(0,1,1,2,2,2,0)
3880:(0,2,2,1,2,0,0)
3881:(0,3,3,1,0,1,0)
3882:(1,0,3,2,0,1,0)
3883:(1,1,3,3,3,1,0)
3884:(2,0,3,2,1,0,1)
3885:(1,3,1,1,1,0,0)
3886:(2,2,3,0,2,0,0)
3887:(2,1,1,1,0,3,1)
3888:(3,0,1,2,0,1,0)
3889:(3,3,0,3,1,0,0)
3890:(0,2,0,0,2,3,0)
3891:(1,1,0,0,3,2,0)
3892:(1,2,2,1,1,0,0)
3893:(1,3,3,2,1,1,0)
3894:(2,2,0,2,0,2,0)
3895:(2,3,3,2,3,2,0)
3896:(3,0,3,3,0,0,0)
3897:(3,1,3,3,3,2,3)
3898:(3,2,3,3,1,0,3)
3899:(3,3,2,2,1,1,0)
3900:(0,0,1,1,3,1,0)
3901:(0,3,0,3,2,0,5)
3902:(1,2,0,2,1,3,7)
3903:(2,2,0,2,2,2,5)
3904:(2,1,1,3,1,2,0)
3905:(3,1,1,0,3,3,0)
3906:(3,2,1,2,1,3,0)
3907:(3,3,3,0,2,2,0)
3908:(0,0,3,0,3,0,0)
3909:(0,1,3,3,0,2,3)
3910:(0,2,3,2,0,0,0)
3911:(0,3,1,0,2,1,0)
3912:(1,0,1,1,2,1,3)
3913:(2,0,0,1,3,0,2)
3914:(1,3,0,3,3,0,1)
3915:(2,1,2,0,3,2,4)
3916:(2,3,0,3,2,1,0)
3917:(3,2,0,1,1,2,0)
3918:(0,1,1,2,0,3,0)
3919:(0,2,2,1,0,3,3)
3920:(0,3,3,1,1,2,0)
3921:(1,0,3,2,2,0,2)
3922:(1,1,3,2,1,2,3)
3923:(1,2,3,3,3,0,0)
3924:(2,0,3,2,2,3,0)
3925:(1,3,1,0,3,1,0)
3926:(2,2,3,3,0,3,0)
3927:(2,3,2,1,1,2,0)
3928:(3,0,0,1,2,0,1)
3929:(3,3,0,3,3,1,0)
3930:(0,2,0,0,0,2,5)
3931:(1,1,1,3,1,3,0)
3932:(1,2,2,0,3,3,0)
3933:(1,3,3,2,0,2,0)
3934:(2,1,3,1,0,1,2)
3935:(2,3,3,2,1,3,1)
3936:(3,0,3,2,3,3,0)
3937:(3,1,3,3,1,3,0)
3938:(3,2,3,3,3,3,3)
3939:(3,3,2,2,0,2,0)
3940:(0,0,1,1,1,0,2)
3941:(0,3,0,2,0,1,4)
3942:(1,2,0,1,3,2,0)
3943:(3,1,1,0,2,0,0)
3944:(3,2,1,2,3,2,5)
3945:(3,3,3,1,0,3,0)
3946:(0,0,3,0,0,3,0)
3947:(0,1,3,0,2,3,0)
3948:(0,2,3,3,2,3,0)
3949:(0,3,1,0,3,2,0)
3950:(1,0,1,0,0,0,9)
3951:(2,0,0,0,0,3,0)
3952:(1,3,0,3,1,1,1)
3953:(2,1,3,3,1,0,0)
3954:(2,3,0,3,3,2,0)
3955:(3,2,0,1,2,1,0)
3956:(2,2,3,0,2,2,5)
3957:(0,1,1,2,1,0,0)
3958:(0,2,1,2,2,2,2)
3959:(0,3,3,1,3,3,0)
3960:(1,0,3,1,1,3,0)
3961:(1,1,3,2,3,3,0)
3962:(1,2,3,3,1,3,3)
3963:(2,0,2,1,0,2,3)
3964:(1,3,1,0,2,2,0)
3965:(2,2,3,3,2,2,5)
3966:(2,3,2,0,3,3,2)
3967:(3,0,0,1,1,3,0)
3968:(3,1,2,1,3,3,1)
3969:(3,3,0,3,2,2,0)
3970:(0,2,0,1,3,1,4)
3971:(1,1,1,3,0,0,0)
3972:(1,2,2,0,1,2,5)
3973:(1,3,3,1,2,3,2)
3974:(2,2,1,0,3,1,0)
3975:(2,1,0,1,3,3,0)
3976:(3,0,3,2,1,2,0)
3977:(3,1,3,3,0,0,0)
3978:(3,2,3,0,1,2,0)
3979:(3,3,2,2,2,3,1)
3980:(0,0,0,2,2,3,0)
3981:(0,3,0,2,1,2,4)
3982:(1,2,0,1,0,1,0)
3983:(3,1,1,0,0,1,0)
3984:(3,2,1,3,0,1,0)
3985:(3,3,3,1,2,0,0)
3986:(0,0,3,1,2,2,0)
3987:(0,1,3,0,3,0,0)
3988:(0,2,3,3,0,2,5)
3989:(0,3,2,3,1,3,2)
3990:(1,0,1,0,3,3,5)
3991:(2,0,0,0,2,2,0)
3992:(1,3,0,3,0,2,1)
3993:(2,1,0,2,0,2,0)
3994:(0,1,1,3,3,1,0)
3995:(0,2,1,2,1,1,2)
3996:(0,3,3,0,1,0,0)
3997:(1,0,3,1,3,2,0)
3998:(1,1,3,2,2,0,0)
3999:(1,2,3,2,3,2,0)
4000:(2,0,2,1,2,1,3)
4001:(1,3,1,0,0,3,1)
4002:(2,2,3,2,1,1,2)
4003:(2,3,3,0,2,1,0)
4004:(2,3,2,0,1,0,0)
4005:(3,0,0,0,3,2,0)
4006:(3,1,2,1,2,0,1)
4007:(3,3,0,0,0,3,0)
4008:(0,2,0,1,1,0,4)
4009:(1,1,1,3,2,1,2)
4010:(1,2,1,3,2,1,3)
4011:(1,3,3,1,0,0,0)
4012:(2,2,1,3,1,0,0)
4013:(2,1,1,0,1,1,1)
4014:(3,0,2,1,3,1,3)
4015:(3,1,3,2,2,1,7)
4016:(3,2,3,0,2,1,0)
4017:(3,3,2,3,0,0,1)
4018:(0,0,0,2,0,2,0)
4019:(0,3,0,2,3,3,4)
4020:(1,2,0,0,2,0,0)
4021:(2,1,2,1,3,1,12)
4022:(3,1,1,3,2,2,0)
4023:(3,2,1,3,2,0,0)
4024:(0,0,3,1,0,1,3)
4025:(0,1,3,0,1,1,2)
4026:(0,2,3,0,3,1,0)
4027:(0,3,2,3,3,0,0)
4028:(1,0,0,3,1,2,0)
4029:(2,0,0,3,0,1,0)
4030:(1,3,0,2,2,3,2)
4031:(3,2,3,3,1,2,3)
4032:(2,3,0,2,3,0,0)
4033:(2,1,1,2,2,0,4)
4034:(0,1,1,3,1,2,0)
4035:(0,2,1,3,3,0,0)
4036:(0,3,3,0,3,1,0)
4037:(1,0,3,0,1,1,3)
4038:(1,1,3,1,0,1,1)
4039:(1,2,3,2,0,1,0)
4040:(2,0,2,0,0,0,5)
4041:(1,3,2,3,2,0,2)
4042:(2,1,2,2,0,0,3)
4043:(2,3,2,3,3,1,5)
4044:(3,0,0,0,1,1,0)
4045:(3,1,2,1,0,1,1)
4046:(3,3,0,0,2,0,0)
4047:(1,1,1,2,0,2,3)
4048:(1,2,1,3,0,0,3)
4049:(1,3,3,0,2,1,0)
4050:(2,2,1,3,3,3,0)
4051:(3,0,2,1,1,0,0)
4052:(3,1,3,2,0,2,3)
4053:(3,2,3,1,0,0,4)
4054:(3,3,2,3,2,1,1)
4055:(0,0,0,3,2,1,0)
4056:(0,1,2,2,3,1,0)
4057:(0,3,0,1,1,0,0)
4058:(1,2,0,0,0,3,0)
4059:(2,1,3,0,2,3,0)
4060:(3,1,1,3,0,3,0)
4061:(3,2,1,0,0,3,0)
4062:(0,0,2,2,2,0,0)
4063:(0,1,3,1,3,2,0)
4064:(0,2,3,0,1,0,0)
4065:(0,3,2,2,1,1,0)
4066:(1,0,0,3,3,1,0)
4067:(2,0,0,3,2,0,5)
4068:(1,3,0,2,0,0,0)
4069:(2,3,0,2,1,1,0)
4070:(0,1,1,0,3,3,0)
4071:(0,2,1,3,1,3,0)
4072:(1,0,3,0,3,0,0)
4073:(1,1,3,1,2,2,0)
4074:(1,2,3,1,2,0,0)
4075:(2,0,2,0,1,3,5)
4076:(1,3,2,3,0,1,2)
4077:(2,2,2,1,1,3,4)
4078:(2,1,3,2,3,2,0)
4079:(2,3,2,3,0,2,5)
4080:(3,0,0,3,3,0,5)
4081:(3,1,2,0,2,2,0)
4082:(3,3,0,1,0,1,0)
4083:(1,1,1,2,2,3,3)
4084:(1,2,1,2,2,3,5)
4085:(1,3,3,0,1,2,4)
4086:(2,2,1,2,1,2,1)
4087:(3,0,2,1,0,3,0)
4088:(3,1,0,1,2,3,0)
4089:(3,2,3,1,2,3,4)
4090:(3,3,2,0,1,2,0)
4091:(0,0,0,3,0,0,5)
4092:(0,1,2,2,1,2,0)
4093:(0,3,0,1,3,1,0)
4094:(2,0,1,1,0,0,0)
4095:(2,1,0,3,0,1,0)
